#
# A fatal error has been detected by the Java Runtime Environment:
#
#  EXCEPTION_ACCESS_VIOLATION (0xc0000005) at pc=0x00007fff8bb82346, pid=3208, tid=2880
#
# JRE version: OpenJDK Runtime Environment (11.0.13) (build 11.0.13+0-b1751.21-8125866)
# Java VM: OpenJDK 64-Bit Server VM (11.0.13+0-b1751.21-8125866, mixed mode, tiered, compressed oops, g1 gc, windows-amd64)
# Problematic frame:
# V  [jvm.dll+0x192346]
#
# No core dump will be written. Minidumps are not enabled by default on client versions of Windows
#
# If you would like to submit a bug report, please visit:
#   https://bugreport.java.com/bugreport/crash.jsp
#

---------------  S U M M A R Y ------------

Command Line: --add-opens=java.base/java.util=ALL-UNNAMED --add-opens=java.base/java.lang=ALL-UNNAMED --add-opens=java.base/java.lang.invoke=ALL-UNNAMED --add-opens=java.base/java.util=ALL-UNNAMED --add-opens=java.prefs/java.util.prefs=ALL-UNNAMED --add-opens=java.prefs/java.util.prefs=ALL-UNNAMED --add-opens=java.base/java.nio.charset=ALL-UNNAMED --add-opens=java.base/java.net=ALL-UNNAMED --add-opens=java.base/java.util.concurrent.atomic=ALL-UNNAMED -Xmx2048m -Dfile.encoding=UTF-8 -Duser.country=RU -Duser.language=ru -Duser.variant org.gradle.launcher.daemon.bootstrap.GradleDaemon 7.3.3

Host: Intel(R) Core(TM) i5-2430M CPU @ 2.40GHz, 4 cores, 5G,  Windows 10 , 64 bit Build 16299 (10.0.16299.1087)
Time: Wed Oct 26 17:55:40 2022 Iiaineae?neia noaiaa?oiia a?aiy elapsed time: 5059.833273 seconds (0d 1h 24m 19s)

---------------  T H R E A D  ---------------

Current thread (0x000001c18d657800):  ConcurrentGCThread "G1 Conc#0" [stack: 0x0000008acd400000,0x0000008acd500000] [id=2880]

Stack: [0x0000008acd400000,0x0000008acd500000],  sp=0x0000008acd4ff9c8,  free space=1022k
Native frames: (J=compiled Java code, j=interpreted, Vv=VM code, C=native code)
V  [jvm.dll+0x192346]


siginfo: EXCEPTION_ACCESS_VIOLATION (0xc0000005), reading address 0x0000000000000008


Register to memory mapping:

RIP=0x00007fff8bb82346 jvm.dll
RAX=0x0010004001000001 is an unknown value
RBX=0x00000000836fea98 is pointing into object: [Ljava.lang.Object; 
{0x00000000836fea08} - klass: 'java/lang/Object'[]
 - length: 42
RCX=0x00000000836fea98 is pointing into object: [Ljava.lang.Object; 
{0x00000000836fea08} - klass: 'java/lang/Object'[]
 - length: 42
RDX=0x00000000836fea98 is pointing into object: [Ljava.lang.Object; 
{0x00000000836fea08} - klass: 'java/lang/Object'[]
 - length: 42
RSP=0x0000008acd4ff9c8 points into unknown readable memory: 0x00007fff8bcd50ba | ba 50 cd 8b ff 7f 00 00
RBP=0x000001c18d64d6a0 points into unknown readable memory: 0x000001c18d656000 | 00 60 65 8d c1 01 00 00
RSI=0x0000000000000001 is an unknown value
RDI=0x0 is NULL
R8 =0x0010004001000002 is an unknown value
R9 =0x0 is NULL
R10=0x000001c18d64d6a0 points into unknown readable memory: 0x000001c18d656000 | 00 60 65 8d c1 01 00 00
R11=0x000001c1a0d20000 points into unknown readable memory: 0x0000000000000001 | 01 00 00 00 00 00 00 00
R12=0x000000000000000c is an unknown value
R13=0xaaaaaaaaaaaaaaab is an unknown value
R14=0x0 is NULL
R15=0x0000008acd4ffbd0 points into unknown readable memory: 0x000001c18d64d6a0 | a0 d6 64 8d c1 01 00 00


Registers:
RAX=0x0010004001000001, RBX=0x00000000836fea98, RCX=0x00000000836fea98, RDX=0x00000000836fea98
RSP=0x0000008acd4ff9c8, RBP=0x000001c18d64d6a0, RSI=0x0000000000000001, RDI=0x0000000000000000
R8 =0x0010004001000002, R9 =0x0000000000000000, R10=0x000001c18d64d6a0, R11=0x000001c1a0d20000
R12=0x000000000000000c, R13=0xaaaaaaaaaaaaaaab, R14=0x0000000000000000, R15=0x0000008acd4ffbd0
RIP=0x00007fff8bb82346, EFLAGS=0x0000000000010246

Top of Stack: (sp=0x0000008acd4ff9c8)
0x0000008acd4ff9c8:   00007fff8bcd50ba 00000000836fea98
0x0000008acd4ff9d8:   0000008acd4ffbf8 00000000858259a0
0x0000008acd4ff9e8:   00007fff8bcd5011 000001c18d658101
0x0000008acd4ff9f8:   00007fff8bcd4f66 0000008acd4ffbf8
0x0000008acd4ffa08:   00000000836fea98 000001c18d65af90
0x0000008acd4ffa18:   0000008acd4ffbf8 0000000000000000
0x0000008acd4ffa28:   00007fff8bcccdcd 00000000858259d0
0x0000008acd4ffa38:   00007fff8bcce20d 00000000858259a0
0x0000008acd4ffa48:   00000000858259c4 0000008acd4ffbd0
0x0000008acd4ffa58:   000001c18d658101 0000000100013390
0x0000008acd4ffa68:   00007fff8bccc681 0000000000000006
0x0000008acd4ffa78:   00000000858259a0 0000000085825968
0x0000008acd4ffa88:   000001c18d658101 00000000858259a0
0x0000008acd4ffa98:   00007fff8bcdac0f 000001c18d65af90
0x0000008acd4ffaa8:   0000000000f80000 0000000000000000
0x0000008acd4ffab8:   0000000000000000 000001c18d65af90 

Instructions: (pc=0x00007fff8bb82346)
0x00007fff8bb82246:   48 89 5c 24 20 e8 f0 00 00 00 80 7f 30 00 48 63
0x00007fff8bb82256:   c8 48 89 4c 24 28 0f 28 44 24 20 74 17 0f 11 86
0x00007fff8bb82266:   98 03 00 00 48 8b 5c 24 40 48 8b 74 24 48 48 83
0x00007fff8bb82276:   c4 30 5f c3 48 8b 07 48 8d 54 24 20 48 8b cf 66
0x00007fff8bb82286:   0f 7f 44 24 20 ff 50 38 48 8b 5c 24 40 48 8b 74
0x00007fff8bb82296:   24 48 48 83 c4 30 5f c3 cc cc 40 53 48 83 ec 30
0x00007fff8bb822a6:   0f 10 82 98 03 00 00 48 8b da 0f 10 c8 66 0f 73
0x00007fff8bb822b6:   d9 08 66 48 0f 7e c8 48 85 c0 74 28 48 8b 01 48
0x00007fff8bb822c6:   8d 54 24 20 0f 29 44 24 20 ff 50 40 33 c0 48 89
0x00007fff8bb822d6:   44 24 20 48 89 44 24 28 0f 10 44 24 20 0f 11 83
0x00007fff8bb822e6:   98 03 00 00 48 83 c4 30 5b c3 48 8b 49 38 48 8b
0x00007fff8bb822f6:   01 48 ff 60 28 cc cc cc cc cc 80 3d d2 5e 89 00
0x00007fff8bb82306:   00 48 8b c1 74 1b 8b 51 08 8b 0d 03 cb 84 00 48
0x00007fff8bb82316:   d3 e2 48 8b c8 48 03 15 ee ca 84 00 e9 19 00 00
0x00007fff8bb82326:   00 48 8b 51 08 48 8b c8 e9 0d 00 00 00 cc cc cc
0x00007fff8bb82336:   cc cc cc cc cc cc cc cc cc cc 4c 8b ca 48 8b d1
0x00007fff8bb82346:   45 8b 41 08 45 85 c0 7e 0e 41 f6 c0 01 75 59 41
0x00007fff8bb82356:   c1 f8 03 41 8b c0 c3 79 4f 80 3d 73 5e 89 00 00
0x00007fff8bb82366:   b8 0c 00 00 00 b9 10 00 00 00 0f 45 c8 8b 05 1b
0x00007fff8bb82376:   14 83 00 ff c8 4c 63 c8 48 63 c1 41 8b c8 83 e1
0x00007fff8bb82386:   3f 48 63 14 10 41 8b c0 48 c1 f8 10 0f b6 c0 48
0x00007fff8bb82396:   d3 e2 49 8d 0c 11 49 f7 d1 48 03 c1 49 c1 e9 03
0x00007fff8bb823a6:   48 c1 e8 03 41 23 c1 c3 49 8b 01 49 8b c9 48 ff
0x00007fff8bb823b6:   a0 10 01 00 00 cc cc cc cc cc 48 8b c2 c3 cc cc
0x00007fff8bb823c6:   cc cc cc cc cc cc cc cc cc cc 48 83 ec 38 48 8b
0x00007fff8bb823d6:   41 38 80 78 08 00 74 00 0f 10 02 48 8b 49 38 48
0x00007fff8bb823e6:   8d 54 24 20 0f 29 44 24 20 e8 3c f0 ff ff 48 83
0x00007fff8bb823f6:   c4 38 c3 cc cc cc cc cc cc cc 48 83 ec 38 0f 10
0x00007fff8bb82406:   02 48 8b 01 48 8d 54 24 20 0f 29 44 24 20 ff 50
0x00007fff8bb82416:   38 48 83 c4 38 c3 cc cc cc cc 48 89 5c 24 08 55
0x00007fff8bb82426:   56 57 41 54 41 55 41 56 41 57 48 8d 6c 24 e0 48
0x00007fff8bb82436:   81 ec 20 01 00 00 48 8b 05 4d 51 86 00 48 33 c4 


Stack slot to memory mapping:
stack at sp + 0 slots: 0x00007fff8bcd50ba jvm.dll
stack at sp + 1 slots: 0x00000000836fea98 is pointing into object: [Ljava.lang.Object; 
{0x00000000836fea08} - klass: 'java/lang/Object'[]
 - length: 42
stack at sp + 2 slots: 0x0000008acd4ffbf8 points into unknown readable memory: 0x00007fff8c2395c0 | c0 95 23 8c ff 7f 00 00
stack at sp + 3 slots: 0x00000000858259a0 is an oop: [Ljava.lang.Object; 
{0x00000000858259a0} - klass: 'java/lang/Object'[]
 - length: 8
stack at sp + 4 slots: 0x00007fff8bcd5011 jvm.dll
stack at sp + 5 slots: 0x000001c18d658101 points into unknown readable memory: 00 00 00 00 00 00 00
stack at sp + 6 slots: 0x00007fff8bcd4f66 jvm.dll
stack at sp + 7 slots: 0x0000008acd4ffbf8 points into unknown readable memory: 0x00007fff8c2395c0 | c0 95 23 8c ff 7f 00 00


---------------  P R O C E S S  ---------------

Threads class SMR info:
_java_thread_list=0x000001c1aa4f7350, length=103, elements={
0x000001c18d60a800, 0x000001c1a7207800, 0x000001c1a7211000, 0x000001c1a7225000,
0x000001c1a7226800, 0x000001c1a7228800, 0x000001c1a722d000, 0x000001c1a722e800,
0x000001c1a7235000, 0x000001c1a7cf4000, 0x000001c1a8855000, 0x000001c1aa69f000,
0x000001c1ab0c3000, 0x000001c1a9fc0800, 0x000001c1a9fbc800, 0x000001c1a9fc0000,
0x000001c1a9fc1800, 0x000001c1a9fbc000, 0x000001c1a9c95000, 0x000001c1a9c92800,
0x000001c1a9c96000, 0x000001c1a9c93800, 0x000001c1a9c91000, 0x000001c1ace3d000,
0x000001c1ace43800, 0x000001c1a9c9a000, 0x000001c1b0167000, 0x000001c1b016c000,
0x000001c1b0167800, 0x000001c1b016b000, 0x000001c1b016a000, 0x000001c1b0166000,
0x000001c1b016d800, 0x000001c1b0168800, 0x000001c1b016e000, 0x000001c1b0174800,
0x000001c1b016f000, 0x000001c1b0173000, 0x000001c1b0174000, 0x000001c1b0170000,
0x000001c1b0170800, 0x000001c1b0171800, 0x000001c1b0172800, 0x000001c1aa928800,
0x000001c1aa929800, 0x000001c1aa92a000, 0x000001c1aa92b000, 0x000001c1aa925800,
0x000001c1aa927000, 0x000001c1aa926000, 0x000001c1aa92c800, 0x000001c1aa92d800,
0x000001c1aa928000, 0x000001c1aa92e800, 0x000001c1aa931000, 0x000001c1aa932800,
0x000001c1aa92f000, 0x000001c1aa933000, 0x000001c1aa931800, 0x000001c1aa934000,
0x000001c1aa930000, 0x000001c1ace38000, 0x000001c1ace39800, 0x000001c1ace3e800,
0x000001c1ace39000, 0x000001c1ace3f800, 0x000001c1ace40000, 0x000001c1ace3a800,
0x000001c1ace41000, 0x000001c1ace3b000, 0x000001c1ace42000, 0x000001c1ace3c000,
0x000001c1ace42800, 0x000001c1ace44000, 0x000001c1ace46000, 0x000001c1ace45000,
0x000001c1a9c9b000, 0x000001c1a9c97800, 0x000001c1a9c99000, 0x000001c1a9c9b800,
0x000001c1a9c9c800, 0x000001c1a9c96800, 0x000001c1a9c9d800, 0x000001c1a9c9e000,
0x000001c1a9c98800, 0x000001c1a9c9f000, 0x000001c1a9fbb000, 0x000001c1a9fbd800,
0x000001c1a9fbe800, 0x000001c1a9fbf000, 0x000001c1b40a9000, 0x000001c1b40ab000,
0x000001c1b40aa000, 0x000001c1b40ad800, 0x000001c1b40af000, 0x000001c1b40ac800,
0x000001c1b40b4800, 0x000001c1acdd3000, 0x000001c1b40a8800, 0x000001c1b40b5800,
0x000001c1b40b0000, 0x000001c1b40b0800, 0x000001c1b40b3000
}

Java Threads: ( => current thread )
  0x000001c18d60a800 JavaThread "main" [_thread_blocked, id=3780, stack(0x0000008acd100000,0x0000008acd200000)]
  0x000001c1a7207800 JavaThread "Reference Handler" daemon [_thread_blocked, id=5780, stack(0x0000008acd800000,0x0000008acd900000)]
  0x000001c1a7211000 JavaThread "Finalizer" daemon [_thread_blocked, id=1368, stack(0x0000008acd900000,0x0000008acda00000)]
  0x000001c1a7225000 JavaThread "Signal Dispatcher" daemon [_thread_blocked, id=7580, stack(0x0000008acda00000,0x0000008acdb00000)]
  0x000001c1a7226800 JavaThread "Attach Listener" daemon [_thread_blocked, id=7572, stack(0x0000008acdb00000,0x0000008acdc00000)]
  0x000001c1a7228800 JavaThread "Service Thread" daemon [_thread_blocked, id=2636, stack(0x0000008acdc00000,0x0000008acdd00000)]
  0x000001c1a722d000 JavaThread "C2 CompilerThread0" daemon [_thread_in_native, id=1624, stack(0x0000008acdd00000,0x0000008acde00000)]
  0x000001c1a722e800 JavaThread "C1 CompilerThread0" daemon [_thread_blocked, id=7472, stack(0x0000008acde00000,0x0000008acdf00000)]
  0x000001c1a7235000 JavaThread "Sweeper thread" daemon [_thread_blocked, id=5548, stack(0x0000008acdf00000,0x0000008ace000000)]
  0x000001c1a7cf4000 JavaThread "Common-Cleaner" daemon [_thread_blocked, id=4916, stack(0x0000008ace000000,0x0000008ace100000)]
  0x000001c1a8855000 JavaThread "Daemon health stats" [_thread_blocked, id=5328, stack(0x0000008ace500000,0x0000008ace600000)]
  0x000001c1aa69f000 JavaThread "Incoming local TCP Connector on port 49716" [_thread_in_native, id=2584, stack(0x0000008ace600000,0x0000008ace700000)]
  0x000001c1ab0c3000 JavaThread "Daemon periodic checks" [_thread_blocked, id=3368, stack(0x0000008ace700000,0x0000008ace800000)]
  0x000001c1a9fc0800 JavaThread "Cache worker for journal cache (C:\Users\Home\.gradle\caches\journal-1)" [_thread_blocked, id=6576, stack(0x0000008acf100000,0x0000008acf200000)]
  0x000001c1a9fbc800 JavaThread "File lock request listener" [_thread_in_native, id=7908, stack(0x0000008acf200000,0x0000008acf300000)]
  0x000001c1a9fc0000 JavaThread "Cache worker for file hash cache (C:\Users\Home\.gradle\caches\7.3.3\fileHashes)" [_thread_blocked, id=1904, stack(0x0000008acf300000,0x0000008acf400000)]
  0x000001c1a9fc1800 JavaThread "File watcher server" daemon [_thread_in_native, id=5868, stack(0x0000008acf500000,0x0000008acf600000)]
  0x000001c1a9fbc000 JavaThread "File watcher consumer" daemon [_thread_blocked, id=7160, stack(0x0000008acf600000,0x0000008acf700000)]
  0x000001c1a9c95000 JavaThread "Cache worker for execution history cache (C:\Users\Home\.gradle\caches\7.3.3\executionHistory)" [_thread_blocked, id=2588, stack(0x0000008acfa00000,0x0000008acfb00000)]
  0x000001c1a9c92800 JavaThread "jar transforms" [_thread_blocked, id=2456, stack(0x0000008acfb00000,0x0000008acfc00000)]
  0x000001c1a9c96000 JavaThread "jar transforms Thread 2" [_thread_blocked, id=1552, stack(0x0000008acfc00000,0x0000008acfd00000)]
  0x000001c1a9c93800 JavaThread "Cache worker for file content cache (C:\Users\Home\.gradle\caches\7.3.3\fileContent)" [_thread_blocked, id=1852, stack(0x0000008acfd00000,0x0000008acfe00000)]
  0x000001c1a9c91000 JavaThread "jar transforms Thread 3" [_thread_blocked, id=4212, stack(0x0000008acff00000,0x0000008ad0000000)]
  0x000001c1ace3d000 JavaThread "jar transforms Thread 4" [_thread_blocked, id=1880, stack(0x0000008ad2900000,0x0000008ad2a00000)]
  0x000001c1ace43800 JavaThread "Memory manager" [_thread_blocked, id=1172, stack(0x0000008ad2d00000,0x0000008ad2e00000)]
  0x000001c1a9c9a000 JavaThread "ForkJoinPool.commonPool-worker-7" daemon [_thread_blocked, id=1328, stack(0x0000008ae4c00000,0x0000008ae4d00000)]
  0x000001c1b0167000 JavaThread "Daemon Thread 6" [_thread_blocked, id=5744, stack(0x0000008ae9100000,0x0000008ae9200000)]
  0x000001c1b016c000 JavaThread "Handler for socket connection from /127.0.0.1:49716 to /127.0.0.1:49878" [_thread_in_native, id=1764, stack(0x0000008ae9200000,0x0000008ae9300000)]
  0x000001c1b0167800 JavaThread "Cancel handler" [_thread_blocked, id=4572, stack(0x0000008ae9300000,0x0000008ae9400000)]
  0x000001c1b016b000 JavaThread "Daemon worker Thread 6" [_thread_blocked, id=1336, stack(0x0000008ae9400000,0x0000008ae9500000)]
  0x000001c1b016a000 JavaThread "Asynchronous log dispatcher for DefaultDaemonConnection: socket connection from /127.0.0.1:49716 to /127.0.0.1:49878" [_thread_blocked, id=7784, stack(0x0000008ae9500000,0x0000008ae9600000)]
  0x000001c1b0166000 JavaThread "Stdin handler" [_thread_blocked, id=1016, stack(0x0000008ae9600000,0x0000008ae9700000)]
  0x000001c1b016d800 JavaThread "Daemon client event forwarder" [_thread_blocked, id=7996, stack(0x0000008ae9700000,0x0000008ae9800000)]
  0x000001c1b0168800 JavaThread "Cache worker for file hash cache (C:\projects\TradeStuff\.gradle\7.3.3\fileHashes)" [_thread_blocked, id=6108, stack(0x0000008ae9800000,0x0000008ae9900000)]
  0x000001c1b016e000 JavaThread "Cache worker for checksums cache (C:\projects\TradeStuff\.gradle\7.3.3\checksums)" [_thread_blocked, id=192, stack(0x0000008ae9900000,0x0000008ae9a00000)]
  0x000001c1b0174800 JavaThread "Cache worker for cache directory md-supplier (C:\Users\Home\.gradle\caches\7.3.3\md-supplier)" [_thread_blocked, id=6032, stack(0x0000008ae9a00000,0x0000008ae9b00000)]
  0x000001c1b016f000 JavaThread "Cache worker for cache directory md-rule (C:\Users\Home\.gradle\caches\7.3.3\md-rule)" [_thread_blocked, id=4684, stack(0x0000008ae9b00000,0x0000008ae9c00000)]
  0x000001c1b0173000 JavaThread "Cache worker for dependencies-accessors (C:\projects\TradeStuff\.gradle\7.3.3\dependencies-accessors)" [_thread_blocked, id=4288, stack(0x0000008ae9c00000,0x0000008ae9d00000)]
  0x000001c1b0174000 JavaThread "Cache worker for Build Output Cleanup Cache (C:\projects\TradeStuff\.gradle\buildOutputCleanup)" [_thread_blocked, id=1048, stack(0x0000008ae9d00000,0x0000008ae9e00000)]
  0x000001c1b0170000 JavaThread "Unconstrained build operations" [_thread_blocked, id=3136, stack(0x0000008ae9e00000,0x0000008ae9f00000)]
  0x000001c1b0170800 JavaThread "Unconstrained build operations Thread 2" [_thread_blocked, id=4676, stack(0x0000008ae9f00000,0x0000008aea000000)]
  0x000001c1b0171800 JavaThread "Unconstrained build operations Thread 3" [_thread_blocked, id=5240, stack(0x0000008aea000000,0x0000008aea100000)]
  0x000001c1b0172800 JavaThread "Unconstrained build operations Thread 4" [_thread_blocked, id=7728, stack(0x0000008aea200000,0x0000008aea300000)]
  0x000001c1aa928800 JavaThread "Unconstrained build operations Thread 5" [_thread_blocked, id=7336, stack(0x0000008aea300000,0x0000008aea400000)]
  0x000001c1aa929800 JavaThread "Unconstrained build operations Thread 6" [_thread_blocked, id=4376, stack(0x0000008aea400000,0x0000008aea500000)]
  0x000001c1aa92a000 JavaThread "Unconstrained build operations Thread 7" [_thread_blocked, id=1704, stack(0x0000008aea500000,0x0000008aea600000)]
  0x000001c1aa92b000 JavaThread "Unconstrained build operations Thread 8" [_thread_blocked, id=7064, stack(0x0000008aea600000,0x0000008aea700000)]
  0x000001c1aa925800 JavaThread "Unconstrained build operations Thread 9" [_thread_blocked, id=4168, stack(0x0000008aea700000,0x0000008aea800000)]
  0x000001c1aa927000 JavaThread "Unconstrained build operations Thread 10" [_thread_blocked, id=5248, stack(0x0000008aea800000,0x0000008aea900000)]
  0x000001c1aa926000 JavaThread "Unconstrained build operations Thread 11" [_thread_blocked, id=2908, stack(0x0000008aea900000,0x0000008aeaa00000)]
  0x000001c1aa92c800 JavaThread "Unconstrained build operations Thread 12" [_thread_blocked, id=7464, stack(0x0000008aeaa00000,0x0000008aeab00000)]
  0x000001c1aa92d800 JavaThread "Unconstrained build operations Thread 13" [_thread_blocked, id=7316, stack(0x0000008aeab00000,0x0000008aeac00000)]
  0x000001c1aa928000 JavaThread "Unconstrained build operations Thread 14" [_thread_blocked, id=5144, stack(0x0000008aeac00000,0x0000008aead00000)]
  0x000001c1aa92e800 JavaThread "Unconstrained build operations Thread 15" [_thread_blocked, id=7628, stack(0x0000008aead00000,0x0000008aeae00000)]
  0x000001c1aa931000 JavaThread "Unconstrained build operations Thread 16" [_thread_blocked, id=4296, stack(0x0000008aeae00000,0x0000008aeaf00000)]
  0x000001c1aa932800 JavaThread "Unconstrained build operations Thread 17" [_thread_blocked, id=1652, stack(0x0000008aeaf00000,0x0000008aeb000000)]
  0x000001c1aa92f000 JavaThread "Unconstrained build operations Thread 18" [_thread_blocked, id=7672, stack(0x0000008aeb000000,0x0000008aeb100000)]
  0x000001c1aa933000 JavaThread "Unconstrained build operations Thread 19" [_thread_blocked, id=6972, stack(0x0000008aeb100000,0x0000008aeb200000)]
  0x000001c1aa931800 JavaThread "Unconstrained build operations Thread 20" [_thread_blocked, id=832, stack(0x0000008aeb200000,0x0000008aeb300000)]
  0x000001c1aa934000 JavaThread "Unconstrained build operations Thread 21" [_thread_blocked, id=1404, stack(0x0000008aeb300000,0x0000008aeb400000)]
  0x000001c1aa930000 JavaThread "Unconstrained build operations Thread 22" [_thread_blocked, id=2240, stack(0x0000008aeb400000,0x0000008aeb500000)]
  0x000001c1ace38000 JavaThread "Unconstrained build operations Thread 23" [_thread_blocked, id=3696, stack(0x0000008aeb500000,0x0000008aeb600000)]
  0x000001c1ace39800 JavaThread "Unconstrained build operations Thread 24" [_thread_blocked, id=5440, stack(0x0000008aeb600000,0x0000008aeb700000)]
  0x000001c1ace3e800 JavaThread "Unconstrained build operations Thread 25" [_thread_blocked, id=3664, stack(0x0000008aeb700000,0x0000008aeb800000)]
  0x000001c1ace39000 JavaThread "Unconstrained build operations Thread 26" [_thread_blocked, id=204, stack(0x0000008aeb800000,0x0000008aeb900000)]
  0x000001c1ace3f800 JavaThread "Unconstrained build operations Thread 27" [_thread_blocked, id=3604, stack(0x0000008aeb900000,0x0000008aeba00000)]
  0x000001c1ace40000 JavaThread "Unconstrained build operations Thread 28" [_thread_blocked, id=4588, stack(0x0000008aeba00000,0x0000008aebb00000)]
  0x000001c1ace3a800 JavaThread "Unconstrained build operations Thread 29" [_thread_blocked, id=3188, stack(0x0000008aebb00000,0x0000008aebc00000)]
  0x000001c1ace41000 JavaThread "Unconstrained build operations Thread 30" [_thread_blocked, id=2924, stack(0x0000008aebc00000,0x0000008aebd00000)]
  0x000001c1ace3b000 JavaThread "Unconstrained build operations Thread 31" [_thread_blocked, id=556, stack(0x0000008aebd00000,0x0000008aebe00000)]
  0x000001c1ace42000 JavaThread "Unconstrained build operations Thread 32" [_thread_blocked, id=6308, stack(0x0000008aebe00000,0x0000008aebf00000)]
  0x000001c1ace3c000 JavaThread "Unconstrained build operations Thread 33" [_thread_blocked, id=6980, stack(0x0000008aebf00000,0x0000008aec000000)]
  0x000001c1ace42800 JavaThread "Unconstrained build operations Thread 34" [_thread_blocked, id=4360, stack(0x0000008aec000000,0x0000008aec100000)]
  0x000001c1ace44000 JavaThread "Unconstrained build operations Thread 35" [_thread_blocked, id=2988, stack(0x0000008aec100000,0x0000008aec200000)]
  0x000001c1ace46000 JavaThread "Unconstrained build operations Thread 36" [_thread_blocked, id=3364, stack(0x0000008aec200000,0x0000008aec300000)]
  0x000001c1ace45000 JavaThread "Unconstrained build operations Thread 37" [_thread_blocked, id=6068, stack(0x0000008aec300000,0x0000008aec400000)]
  0x000001c1a9c9b000 JavaThread "Unconstrained build operations Thread 38" [_thread_blocked, id=4124, stack(0x0000008aec400000,0x0000008aec500000)]
  0x000001c1a9c97800 JavaThread "Unconstrained build operations Thread 39" [_thread_blocked, id=2604, stack(0x0000008aec500000,0x0000008aec600000)]
  0x000001c1a9c99000 JavaThread "Unconstrained build operations Thread 40" [_thread_blocked, id=8004, stack(0x0000008aec600000,0x0000008aec700000)]
  0x000001c1a9c9b800 JavaThread "build event listener" [_thread_blocked, id=2412, stack(0x0000008aec700000,0x0000008aec800000)]
  0x000001c1a9c9c800 JavaThread "Execution worker for ':'" [_thread_blocked, id=1488, stack(0x0000008aec800000,0x0000008aec900000)]
  0x000001c1a9c96800 JavaThread "Execution worker for ':' Thread 2" [_thread_blocked, id=4900, stack(0x0000008aec900000,0x0000008aeca00000)]
  0x000001c1a9c9d800 JavaThread "Execution worker for ':' Thread 3" [_thread_blocked, id=3084, stack(0x0000008aeca00000,0x0000008aecb00000)]
  0x000001c1a9c9e000 JavaThread "Cache worker for execution history cache (C:\projects\TradeStuff\.gradle\7.3.3\executionHistory)" [_thread_blocked, id=1636, stack(0x0000008aecb00000,0x0000008aecc00000)]
  0x000001c1a9c98800 JavaThread "WorkerExecutor Queue" [_thread_blocked, id=7608, stack(0x0000008aecc00000,0x0000008aecd00000)]
  0x000001c1a9c9f000 JavaThread "WorkerExecutor Queue Thread 2" [_thread_blocked, id=4120, stack(0x0000008aecd00000,0x0000008aece00000)]
  0x000001c1a9fbb000 JavaThread "WorkerExecutor Queue Thread 3" [_thread_blocked, id=1132, stack(0x0000008aece00000,0x0000008aecf00000)]
  0x000001c1a9fbd800 JavaThread "WorkerExecutor Queue Thread 4" [_thread_blocked, id=2544, stack(0x0000008aecf00000,0x0000008aed000000)]
  0x000001c1a9fbe800 JavaThread "pool-27-thread-1" [_thread_blocked, id=6476, stack(0x0000008aed000000,0x0000008aed100000)]
  0x000001c1a9fbf000 JavaThread "stderr" [_thread_in_native, id=6252, stack(0x0000008aed100000,0x0000008aed200000)]
  0x000001c1b40a9000 JavaThread "stdout" [_thread_in_native, id=4500, stack(0x0000008aed200000,0x0000008aed300000)]
  0x000001c1b40ab000 JavaThread "RMI Scheduler(0)" daemon [_thread_blocked, id=6776, stack(0x0000008aed600000,0x0000008aed700000)]
  0x000001c1b40aa000 JavaThread "RMI GC Daemon" daemon [_thread_blocked, id=7780, stack(0x0000008aed800000,0x0000008aed900000)]
  0x000001c1b40ad800 JavaThread "RMI TCP Accept-0" daemon [_thread_in_native, id=404, stack(0x0000008aed900000,0x0000008aeda00000)]
  0x000001c1b40af000 JavaThread "RMI Reaper" [_thread_blocked, id=2560, stack(0x0000008aeda00000,0x0000008aedb00000)]
  0x000001c1b40ac800 JavaThread "RMI TCP Connection(idle)" daemon [_thread_blocked, id=7612, stack(0x0000008aedb00000,0x0000008aedc00000)]
  0x000001c1b40b4800 JavaThread "RMI TCP Connection(5)-127.0.0.1" daemon [_thread_in_native, id=7148, stack(0x0000008aedf00000,0x0000008aee000000)]
  0x000001c1acdd3000 JavaThread "C2 CompilerThread1" daemon [_thread_blocked, id=7280, stack(0x0000008aee000000,0x0000008aee100000)]
  0x000001c1b40a8800 JavaThread "Cache worker for Java compile cache (C:\Users\Home\.gradle\caches\7.3.3\javaCompile)" [_thread_blocked, id=2192, stack(0x0000008aee100000,0x0000008aee200000)]
  0x000001c1b40b5800 JavaThread "Build operations" [_thread_blocked, id=4608, stack(0x0000008aee200000,0x0000008aee300000)]
  0x000001c1b40b0000 JavaThread "Build operations Thread 2" [_thread_blocked, id=8040, stack(0x0000008aee300000,0x0000008aee400000)]
  0x000001c1b40b0800 JavaThread "Build operations Thread 3" [_thread_blocked, id=4880, stack(0x0000008aee400000,0x0000008aee500000)]
  0x000001c1b40b3000 JavaThread "Build operations Thread 4" [_thread_blocked, id=7108, stack(0x0000008aee500000,0x0000008aee600000)]

Other Threads:
  0x000001c1a71fc800 VMThread "VM Thread" [stack: 0x0000008acd700000,0x0000008acd800000] [id=1192]
  0x000001c1a7cf9000 WatcherThread [stack: 0x0000008ace100000,0x0000008ace200000] [id=5132]
  0x000001c18d622000 GCTaskThread "GC Thread#0" [stack: 0x0000008acd200000,0x0000008acd300000] [id=5252]
  0x000001c1a7ff9000 GCTaskThread "GC Thread#1" [stack: 0x0000008ace300000,0x0000008ace400000] [id=1816]
  0x000001c1a8ed2800 GCTaskThread "GC Thread#2" [stack: 0x0000008acec00000,0x0000008aced00000] [id=7776]
  0x000001c1aaa16000 GCTaskThread "GC Thread#3" [stack: 0x0000008aced00000,0x0000008acee00000] [id=5344]
  0x000001c18d656000 ConcurrentGCThread "G1 Main Marker" [stack: 0x0000008acd300000,0x0000008acd400000] [id=884]
=>0x000001c18d657800 ConcurrentGCThread "G1 Conc#0" [stack: 0x0000008acd400000,0x0000008acd500000] [id=2880]
  0x000001c18d6ca000 ConcurrentGCThread "G1 Refine#0" [stack: 0x0000008acd500000,0x0000008acd600000] [id=1232]
  0x000001c18d6cb000 ConcurrentGCThread "G1 Young RemSet Sampling" [stack: 0x0000008acd600000,0x0000008acd700000] [id=1588]

Threads with active compile tasks:
C2 CompilerThread05059975 25135   !   4       org.gradle.internal.classloader.FilteringClassLoader::loadClass (62 bytes)

VM state:not at safepoint (normal execution)

VM Mutex/Monitor currently owned by a thread: None

Heap address: 0x0000000080000000, size: 2048 MB, Compressed Oops mode: 32-bit
Narrow klass base: 0x0000000000000000, Narrow klass shift: 3
Compressed class space size: 1073741824 Address: 0x0000000100000000

Heap:
 garbage-first heap   total 249856K, used 161615K [0x0000000080000000, 0x0000000100000000)
  region size 1024K, 9 young (9216K), 6 survivors (6144K)
 Metaspace       used 130237K, capacity 133599K, committed 133712K, reserved 1167360K
  class space    used 15564K, capacity 16825K, committed 16844K, reserved 1048576K
Heap Regions: E=young(eden), S=young(survivor), O=old, HS=humongous(starts), HC=humongous(continues), CS=collection set, F=free, A=archive, TAMS=top-at-mark-start (previous, next)
|   0|0x0000000080000000, 0x0000000080100000, 0x0000000080100000|100%| O|  |TAMS 0x0000000080100000, 0x0000000080100000| Untracked 
|   1|0x0000000080100000, 0x0000000080200000, 0x0000000080200000|100%| O|  |TAMS 0x0000000080200000, 0x0000000080200000| Untracked 
|   2|0x0000000080200000, 0x0000000080300000, 0x0000000080300000|100%| O|  |TAMS 0x0000000080300000, 0x0000000080300000| Untracked 
|   3|0x0000000080300000, 0x0000000080400000, 0x0000000080400000|100%|HS|  |TAMS 0x0000000080400000, 0x0000000080400000| Complete 
|   4|0x0000000080400000, 0x0000000080500000, 0x0000000080500000|100%|HC|  |TAMS 0x0000000080500000, 0x0000000080500000| Complete 
|   5|0x0000000080500000, 0x0000000080600000, 0x0000000080600000|100%|HC|  |TAMS 0x0000000080600000, 0x0000000080600000| Complete 
|   6|0x0000000080600000, 0x0000000080700000, 0x0000000080700000|100%| O|  |TAMS 0x0000000080700000, 0x0000000080700000| Untracked 
|   7|0x0000000080700000, 0x0000000080800000, 0x0000000080800000|100%| O|  |TAMS 0x0000000080800000, 0x0000000080800000| Untracked 
|   8|0x0000000080800000, 0x0000000080900000, 0x0000000080900000|100%| O|  |TAMS 0x0000000080900000, 0x0000000080900000| Untracked 
|   9|0x0000000080900000, 0x0000000080a00000, 0x0000000080a00000|100%| O|  |TAMS 0x0000000080a00000, 0x0000000080a00000| Untracked 
|  10|0x0000000080a00000, 0x0000000080b00000, 0x0000000080b00000|100%| O|  |TAMS 0x0000000080b00000, 0x0000000080b00000| Untracked 
|  11|0x0000000080b00000, 0x0000000080c00000, 0x0000000080c00000|100%| O|  |TAMS 0x0000000080c00000, 0x0000000080c00000| Untracked 
|  12|0x0000000080c00000, 0x0000000080d00000, 0x0000000080d00000|100%| O|  |TAMS 0x0000000080d00000, 0x0000000080d00000| Untracked 
|  13|0x0000000080d00000, 0x0000000080e00000, 0x0000000080e00000|100%| O|  |TAMS 0x0000000080e00000, 0x0000000080e00000| Untracked 
|  14|0x0000000080e00000, 0x0000000080f00000, 0x0000000080f00000|100%| O|  |TAMS 0x0000000080f00000, 0x0000000080f00000| Untracked 
|  15|0x0000000080f00000, 0x0000000081000000, 0x0000000081000000|100%| O|  |TAMS 0x0000000081000000, 0x0000000081000000| Untracked 
|  16|0x0000000081000000, 0x0000000081100000, 0x0000000081100000|100%| O|  |TAMS 0x0000000081100000, 0x0000000081100000| Untracked 
|  17|0x0000000081100000, 0x0000000081200000, 0x0000000081200000|100%| O|  |TAMS 0x0000000081200000, 0x0000000081200000| Untracked 
|  18|0x0000000081200000, 0x0000000081300000, 0x0000000081300000|100%| O|  |TAMS 0x0000000081300000, 0x0000000081300000| Untracked 
|  19|0x0000000081300000, 0x0000000081400000, 0x0000000081400000|100%| O|  |TAMS 0x0000000081400000, 0x0000000081400000| Untracked 
|  20|0x0000000081400000, 0x0000000081500000, 0x0000000081500000|100%| O|  |TAMS 0x0000000081500000, 0x0000000081500000| Untracked 
|  21|0x0000000081500000, 0x0000000081600000, 0x0000000081600000|100%| O|  |TAMS 0x0000000081600000, 0x0000000081600000| Untracked 
|  22|0x0000000081600000, 0x0000000081700000, 0x0000000081700000|100%| O|  |TAMS 0x0000000081700000, 0x0000000081700000| Untracked 
|  23|0x0000000081700000, 0x0000000081800000, 0x0000000081800000|100%| O|  |TAMS 0x0000000081800000, 0x0000000081800000| Untracked 
|  24|0x0000000081800000, 0x0000000081900000, 0x0000000081900000|100%| O|  |TAMS 0x0000000081900000, 0x0000000081900000| Untracked 
|  25|0x0000000081900000, 0x0000000081a00000, 0x0000000081a00000|100%| O|  |TAMS 0x0000000081a00000, 0x0000000081a00000| Untracked 
|  26|0x0000000081a00000, 0x0000000081b00000, 0x0000000081b00000|100%|HS|  |TAMS 0x0000000081b00000, 0x0000000081b00000| Complete 
|  27|0x0000000081b00000, 0x0000000081c00000, 0x0000000081c00000|100%|HS|  |TAMS 0x0000000081c00000, 0x0000000081c00000| Complete 
|  28|0x0000000081c00000, 0x0000000081d00000, 0x0000000081d00000|100%|HS|  |TAMS 0x0000000081d00000, 0x0000000081d00000| Complete 
|  29|0x0000000081d00000, 0x0000000081e00000, 0x0000000081e00000|100%|HS|  |TAMS 0x0000000081e00000, 0x0000000081e00000| Complete 
|  30|0x0000000081e00000, 0x0000000081f00000, 0x0000000081f00000|100%|HC|  |TAMS 0x0000000081f00000, 0x0000000081f00000| Complete 
|  31|0x0000000081f00000, 0x0000000082000000, 0x0000000082000000|100%|HC|  |TAMS 0x0000000082000000, 0x0000000082000000| Complete 
|  32|0x0000000082000000, 0x0000000082100000, 0x0000000082100000|100%|HC|  |TAMS 0x0000000082100000, 0x0000000082100000| Complete 
|  33|0x0000000082100000, 0x0000000082200000, 0x0000000082200000|100%|HS|  |TAMS 0x0000000082200000, 0x0000000082200000| Complete 
|  34|0x0000000082200000, 0x0000000082300000, 0x0000000082300000|100%|HC|  |TAMS 0x0000000082300000, 0x0000000082300000| Complete 
|  35|0x0000000082300000, 0x0000000082400000, 0x0000000082400000|100%| O|  |TAMS 0x0000000082400000, 0x0000000082400000| Untracked 
|  36|0x0000000082400000, 0x0000000082500000, 0x0000000082500000|100%| O|  |TAMS 0x0000000082500000, 0x0000000082500000| Untracked 
|  37|0x0000000082500000, 0x0000000082600000, 0x0000000082600000|100%| O|  |TAMS 0x0000000082600000, 0x0000000082600000| Untracked 
|  38|0x0000000082600000, 0x0000000082700000, 0x0000000082700000|100%| O|  |TAMS 0x0000000082700000, 0x0000000082700000| Untracked 
|  39|0x0000000082700000, 0x0000000082800000, 0x0000000082800000|100%| O|  |TAMS 0x0000000082800000, 0x0000000082800000| Untracked 
|  40|0x0000000082800000, 0x0000000082800000, 0x0000000082900000|  0%| F|  |TAMS 0x0000000082800000, 0x0000000082800000| Untracked 
|  41|0x0000000082900000, 0x0000000082900000, 0x0000000082a00000|  0%| F|  |TAMS 0x0000000082900000, 0x0000000082900000| Untracked 
|  42|0x0000000082a00000, 0x0000000082b00000, 0x0000000082b00000|100%| O|  |TAMS 0x0000000082b00000, 0x0000000082b00000| Untracked 
|  43|0x0000000082b00000, 0x0000000082c00000, 0x0000000082c00000|100%| O|  |TAMS 0x0000000082c00000, 0x0000000082c00000| Untracked 
|  44|0x0000000082c00000, 0x0000000082d00000, 0x0000000082d00000|100%| O|  |TAMS 0x0000000082d00000, 0x0000000082d00000| Untracked 
|  45|0x0000000082d00000, 0x0000000082e00000, 0x0000000082e00000|100%| O|  |TAMS 0x0000000082e00000, 0x0000000082e00000| Untracked 
|  46|0x0000000082e00000, 0x0000000082f00000, 0x0000000082f00000|100%| O|  |TAMS 0x0000000082f00000, 0x0000000082f00000| Untracked 
|  47|0x0000000082f00000, 0x0000000083000000, 0x0000000083000000|100%| O|  |TAMS 0x0000000083000000, 0x0000000083000000| Untracked 
|  48|0x0000000083000000, 0x0000000083100000, 0x0000000083100000|100%| O|  |TAMS 0x0000000083100000, 0x0000000083100000| Untracked 
|  49|0x0000000083100000, 0x0000000083200000, 0x0000000083200000|100%| O|  |TAMS 0x0000000083200000, 0x0000000083200000| Untracked 
|  50|0x0000000083200000, 0x0000000083300000, 0x0000000083300000|100%| O|  |TAMS 0x0000000083300000, 0x0000000083300000| Untracked 
|  51|0x0000000083300000, 0x0000000083400000, 0x0000000083400000|100%| O|  |TAMS 0x0000000083400000, 0x0000000083400000| Untracked 
|  52|0x0000000083400000, 0x0000000083500000, 0x0000000083500000|100%| O|  |TAMS 0x0000000083500000, 0x0000000083500000| Untracked 
|  53|0x0000000083500000, 0x0000000083600000, 0x0000000083600000|100%| O|  |TAMS 0x0000000083600000, 0x0000000083600000| Untracked 
|  54|0x0000000083600000, 0x0000000083700000, 0x0000000083700000|100%| O|  |TAMS 0x0000000083700000, 0x0000000083700000| Untracked 
|  55|0x0000000083700000, 0x0000000083800000, 0x0000000083800000|100%| O|  |TAMS 0x0000000083800000, 0x0000000083800000| Untracked 
|  56|0x0000000083800000, 0x0000000083900000, 0x0000000083900000|100%| O|  |TAMS 0x0000000083900000, 0x0000000083900000| Untracked 
|  57|0x0000000083900000, 0x0000000083a00000, 0x0000000083a00000|100%| O|  |TAMS 0x0000000083a00000, 0x0000000083a00000| Untracked 
|  58|0x0000000083a00000, 0x0000000083b00000, 0x0000000083b00000|100%| O|  |TAMS 0x0000000083b00000, 0x0000000083b00000| Untracked 
|  59|0x0000000083b00000, 0x0000000083c00000, 0x0000000083c00000|100%| O|  |TAMS 0x0000000083c00000, 0x0000000083c00000| Untracked 
|  60|0x0000000083c00000, 0x0000000083d00000, 0x0000000083d00000|100%| O|  |TAMS 0x0000000083d00000, 0x0000000083d00000| Untracked 
|  61|0x0000000083d00000, 0x0000000083e00000, 0x0000000083e00000|100%| O|  |TAMS 0x0000000083e00000, 0x0000000083e00000| Untracked 
|  62|0x0000000083e00000, 0x0000000083f00000, 0x0000000083f00000|100%| O|  |TAMS 0x0000000083f00000, 0x0000000083f00000| Untracked 
|  63|0x0000000083f00000, 0x0000000083f00000, 0x0000000084000000|  0%| F|  |TAMS 0x0000000083f00000, 0x0000000083f00000| Untracked 
|  64|0x0000000084000000, 0x0000000084100000, 0x0000000084100000|100%| O|  |TAMS 0x0000000084100000, 0x0000000084100000| Untracked 
|  65|0x0000000084100000, 0x0000000084200000, 0x0000000084200000|100%| O|  |TAMS 0x0000000084200000, 0x0000000084200000| Untracked 
|  66|0x0000000084200000, 0x0000000084300000, 0x0000000084300000|100%| O|  |TAMS 0x0000000084300000, 0x0000000084300000| Untracked 
|  67|0x0000000084300000, 0x0000000084400000, 0x0000000084400000|100%| O|  |TAMS 0x0000000084400000, 0x0000000084400000| Untracked 
|  68|0x0000000084400000, 0x0000000084500000, 0x0000000084500000|100%| O|  |TAMS 0x0000000084500000, 0x0000000084500000| Untracked 
|  69|0x0000000084500000, 0x0000000084600000, 0x0000000084600000|100%| O|  |TAMS 0x0000000084600000, 0x0000000084600000| Untracked 
|  70|0x0000000084600000, 0x0000000084700000, 0x0000000084700000|100%|HS|  |TAMS 0x0000000084700000, 0x0000000084700000| Complete 
|  71|0x0000000084700000, 0x0000000084800000, 0x0000000084800000|100%|HC|  |TAMS 0x0000000084800000, 0x0000000084800000| Complete 
|  72|0x0000000084800000, 0x0000000084900000, 0x0000000084900000|100%| O|  |TAMS 0x0000000084900000, 0x0000000084900000| Untracked 
|  73|0x0000000084900000, 0x0000000084a00000, 0x0000000084a00000|100%| O|  |TAMS 0x0000000084a00000, 0x0000000084a00000| Untracked 
|  74|0x0000000084a00000, 0x0000000084b00000, 0x0000000084b00000|100%| O|  |TAMS 0x0000000084b00000, 0x0000000084b00000| Untracked 
|  75|0x0000000084b00000, 0x0000000084c00000, 0x0000000084c00000|100%| O|  |TAMS 0x0000000084c00000, 0x0000000084c00000| Untracked 
|  76|0x0000000084c00000, 0x0000000084d00000, 0x0000000084d00000|100%| O|  |TAMS 0x0000000084d00000, 0x0000000084d00000| Untracked 
|  77|0x0000000084d00000, 0x0000000084e00000, 0x0000000084e00000|100%| O|  |TAMS 0x0000000084e00000, 0x0000000084e00000| Untracked 
|  78|0x0000000084e00000, 0x0000000084f00000, 0x0000000084f00000|100%| O|  |TAMS 0x0000000084f00000, 0x0000000084f00000| Untracked 
|  79|0x0000000084f00000, 0x0000000085000000, 0x0000000085000000|100%| O|  |TAMS 0x0000000085000000, 0x0000000085000000| Untracked 
|  80|0x0000000085000000, 0x0000000085100000, 0x0000000085100000|100%| O|  |TAMS 0x0000000085100000, 0x0000000085100000| Untracked 
|  81|0x0000000085100000, 0x0000000085200000, 0x0000000085200000|100%| O|  |TAMS 0x0000000085200000, 0x0000000085200000| Untracked 
|  82|0x0000000085200000, 0x0000000085300000, 0x0000000085300000|100%| O|  |TAMS 0x0000000085300000, 0x0000000085300000| Untracked 
|  83|0x0000000085300000, 0x0000000085400000, 0x0000000085400000|100%| O|  |TAMS 0x0000000085400000, 0x0000000085400000| Untracked 
|  84|0x0000000085400000, 0x0000000085500000, 0x0000000085500000|100%| O|  |TAMS 0x0000000085500000, 0x0000000085500000| Untracked 
|  85|0x0000000085500000, 0x0000000085600000, 0x0000000085600000|100%| O|  |TAMS 0x0000000085600000, 0x0000000085600000| Untracked 
|  86|0x0000000085600000, 0x0000000085700000, 0x0000000085700000|100%| O|  |TAMS 0x0000000085700000, 0x0000000085700000| Untracked 
|  87|0x0000000085700000, 0x0000000085800000, 0x0000000085800000|100%| O|  |TAMS 0x0000000085800000, 0x0000000085800000| Untracked 
|  88|0x0000000085800000, 0x0000000085900000, 0x0000000085900000|100%| O|  |TAMS 0x0000000085800000, 0x0000000085900000| Untracked 
|  89|0x0000000085900000, 0x0000000085a00000, 0x0000000085a00000|100%| O|  |TAMS 0x0000000085a00000, 0x0000000085a00000| Untracked 
|  90|0x0000000085a00000, 0x0000000085b00000, 0x0000000085b00000|100%| O|  |TAMS 0x0000000085b00000, 0x0000000085b00000| Untracked 
|  91|0x0000000085b00000, 0x0000000085c00000, 0x0000000085c00000|100%| O|  |TAMS 0x0000000085c00000, 0x0000000085c00000| Untracked 
|  92|0x0000000085c00000, 0x0000000085c00000, 0x0000000085d00000|  0%| F|  |TAMS 0x0000000085c00000, 0x0000000085c00000| Untracked 
|  93|0x0000000085d00000, 0x0000000085e00000, 0x0000000085e00000|100%| O|  |TAMS 0x0000000085e00000, 0x0000000085e00000| Untracked 
|  94|0x0000000085e00000, 0x0000000085f00000, 0x0000000085f00000|100%| O|  |TAMS 0x0000000085f00000, 0x0000000085f00000| Untracked 
|  95|0x0000000085f00000, 0x0000000086000000, 0x0000000086000000|100%| O|  |TAMS 0x0000000086000000, 0x0000000086000000| Untracked 
|  96|0x0000000086000000, 0x0000000086100000, 0x0000000086100000|100%| O|  |TAMS 0x0000000086100000, 0x0000000086100000| Untracked 
|  97|0x0000000086100000, 0x0000000086200000, 0x0000000086200000|100%| O|  |TAMS 0x0000000086200000, 0x0000000086200000| Untracked 
|  98|0x0000000086200000, 0x0000000086300000, 0x0000000086300000|100%| O|  |TAMS 0x0000000086300000, 0x0000000086300000| Untracked 
|  99|0x0000000086300000, 0x0000000086300000, 0x0000000086400000|  0%| F|  |TAMS 0x0000000086300000, 0x0000000086300000| Untracked 
| 100|0x0000000086400000, 0x0000000086500000, 0x0000000086500000|100%| O|  |TAMS 0x0000000086500000, 0x0000000086500000| Untracked 
| 101|0x0000000086500000, 0x0000000086600000, 0x0000000086600000|100%| O|  |TAMS 0x0000000086600000, 0x0000000086600000| Untracked 
| 102|0x0000000086600000, 0x0000000086700000, 0x0000000086700000|100%| O|  |TAMS 0x0000000086700000, 0x0000000086700000| Untracked 
| 103|0x0000000086700000, 0x0000000086700000, 0x0000000086800000|  0%| F|  |TAMS 0x0000000086700000, 0x0000000086700000| Untracked 
| 104|0x0000000086800000, 0x0000000086900000, 0x0000000086900000|100%| O|  |TAMS 0x0000000086900000, 0x0000000086900000| Untracked 
| 105|0x0000000086900000, 0x0000000086a00000, 0x0000000086a00000|100%| O|  |TAMS 0x0000000086a00000, 0x0000000086a00000| Untracked 
| 106|0x0000000086a00000, 0x0000000086b00000, 0x0000000086b00000|100%| O|  |TAMS 0x0000000086b00000, 0x0000000086b00000| Untracked 
| 107|0x0000000086b00000, 0x0000000086c00000, 0x0000000086c00000|100%| O|  |TAMS 0x0000000086c00000, 0x0000000086c00000| Untracked 
| 108|0x0000000086c00000, 0x0000000086c00000, 0x0000000086d00000|  0%| F|  |TAMS 0x0000000086c00000, 0x0000000086c00000| Untracked 
| 109|0x0000000086d00000, 0x0000000086e00000, 0x0000000086e00000|100%|HS|  |TAMS 0x0000000086e00000, 0x0000000086e00000| Complete 
| 110|0x0000000086e00000, 0x0000000086f00000, 0x0000000086f00000|100%|HC|  |TAMS 0x0000000086f00000, 0x0000000086f00000| Complete 
| 111|0x0000000086f00000, 0x0000000087000000, 0x0000000087000000|100%|HC|  |TAMS 0x0000000087000000, 0x0000000087000000| Complete 
| 112|0x0000000087000000, 0x0000000087100000, 0x0000000087100000|100%|HC|  |TAMS 0x0000000087100000, 0x0000000087100000| Complete 
| 113|0x0000000087100000, 0x0000000087200000, 0x0000000087200000|100%| O|  |TAMS 0x0000000087200000, 0x0000000087200000| Untracked 
| 114|0x0000000087200000, 0x0000000087300000, 0x0000000087300000|100%|HS|  |TAMS 0x0000000087200000, 0x0000000087300000| Complete 
| 115|0x0000000087300000, 0x0000000087400000, 0x0000000087400000|100%|HC|  |TAMS 0x0000000087300000, 0x0000000087400000| Complete 
| 116|0x0000000087400000, 0x0000000087500000, 0x0000000087500000|100%| O|  |TAMS 0x0000000087400000, 0x0000000087500000| Untracked 
| 117|0x0000000087500000, 0x0000000087600000, 0x0000000087600000|100%| O|  |TAMS 0x0000000087600000, 0x0000000087600000| Untracked 
| 118|0x0000000087600000, 0x0000000087700000, 0x0000000087700000|100%| O|  |TAMS 0x0000000087600000, 0x0000000087700000| Untracked 
| 119|0x0000000087700000, 0x0000000087800000, 0x0000000087800000|100%| O|  |TAMS 0x0000000087800000, 0x0000000087800000| Untracked 
| 120|0x0000000087800000, 0x0000000087900000, 0x0000000087900000|100%| O|  |TAMS 0x0000000087900000, 0x0000000087900000| Untracked 
| 121|0x0000000087900000, 0x0000000087a00000, 0x0000000087a00000|100%| O|  |TAMS 0x0000000087a00000, 0x0000000087a00000| Untracked 
| 122|0x0000000087a00000, 0x0000000087b00000, 0x0000000087b00000|100%| O|  |TAMS 0x0000000087b00000, 0x0000000087b00000| Untracked 
| 123|0x0000000087b00000, 0x0000000087c00000, 0x0000000087c00000|100%| O|  |TAMS 0x0000000087b00000, 0x0000000087c00000| Untracked 
| 124|0x0000000087c00000, 0x0000000087d00000, 0x0000000087d00000|100%| O|  |TAMS 0x0000000087c00000, 0x0000000087d00000| Untracked 
| 125|0x0000000087d00000, 0x0000000087e00000, 0x0000000087e00000|100%| O|  |TAMS 0x0000000087e00000, 0x0000000087e00000| Untracked 
| 126|0x0000000087e00000, 0x0000000087f00000, 0x0000000087f00000|100%| O|  |TAMS 0x0000000087e00000, 0x0000000087f00000| Untracked 
| 127|0x0000000087f00000, 0x0000000088000000, 0x0000000088000000|100%| O|  |TAMS 0x0000000087f00000, 0x0000000088000000| Untracked 
| 128|0x0000000088000000, 0x0000000088100000, 0x0000000088100000|100%| O|  |TAMS 0x0000000088000000, 0x0000000088100000| Untracked 
| 129|0x0000000088100000, 0x0000000088200000, 0x0000000088200000|100%| O|  |TAMS 0x0000000088100000, 0x0000000088200000| Untracked 
| 130|0x0000000088200000, 0x0000000088300000, 0x0000000088300000|100%| O|  |TAMS 0x0000000088200000, 0x0000000088300000| Untracked 
| 131|0x0000000088300000, 0x0000000088400000, 0x0000000088400000|100%| O|  |TAMS 0x0000000088300000, 0x0000000088400000| Untracked 
| 132|0x0000000088400000, 0x0000000088500000, 0x0000000088500000|100%| O|  |TAMS 0x0000000088400000, 0x0000000088500000| Untracked 
| 133|0x0000000088500000, 0x0000000088600000, 0x0000000088600000|100%| O|  |TAMS 0x0000000088500000, 0x0000000088600000| Untracked 
| 134|0x0000000088600000, 0x0000000088700000, 0x0000000088700000|100%| O|  |TAMS 0x0000000088600000, 0x0000000088700000| Untracked 
| 135|0x0000000088700000, 0x0000000088800000, 0x0000000088800000|100%| O|  |TAMS 0x0000000088700000, 0x0000000088800000| Untracked 
| 136|0x0000000088800000, 0x0000000088900000, 0x0000000088900000|100%| O|  |TAMS 0x0000000088900000, 0x0000000088900000| Untracked 
| 137|0x0000000088900000, 0x0000000088a00000, 0x0000000088a00000|100%| O|  |TAMS 0x0000000088a00000, 0x0000000088a00000| Untracked 
| 138|0x0000000088a00000, 0x0000000088b00000, 0x0000000088b00000|100%| O|  |TAMS 0x0000000088b00000, 0x0000000088b00000| Untracked 
| 139|0x0000000088b00000, 0x0000000088c00000, 0x0000000088c00000|100%| O|  |TAMS 0x0000000088b00000, 0x0000000088c00000| Untracked 
| 140|0x0000000088c00000, 0x0000000088d00000, 0x0000000088d00000|100%| O|  |TAMS 0x0000000088c00000, 0x0000000088d00000| Untracked 
| 141|0x0000000088d00000, 0x0000000088dd6000, 0x0000000088e00000| 83%| O|  |TAMS 0x0000000088d00000, 0x0000000088dd6000| Untracked 
| 142|0x0000000088e00000, 0x0000000088f00000, 0x0000000088f00000|100%|HS|  |TAMS 0x0000000088e00000, 0x0000000088e00000| Complete 
| 143|0x0000000088f00000, 0x0000000089000000, 0x0000000089000000|100%|HC|  |TAMS 0x0000000088f00000, 0x0000000088f00000| Complete 
| 144|0x0000000089000000, 0x0000000089100000, 0x0000000089100000|100%|HC|  |TAMS 0x0000000089000000, 0x0000000089000000| Complete 
| 145|0x0000000089100000, 0x0000000089200000, 0x0000000089200000|100%|HS|  |TAMS 0x0000000089100000, 0x0000000089100000| Complete 
| 146|0x0000000089200000, 0x0000000089300000, 0x0000000089300000|100%|HC|  |TAMS 0x0000000089200000, 0x0000000089200000| Complete 
| 147|0x0000000089300000, 0x0000000089400000, 0x0000000089400000|100%|HC|  |TAMS 0x0000000089300000, 0x0000000089300000| Complete 
| 148|0x0000000089400000, 0x0000000089400000, 0x0000000089500000|  0%| F|  |TAMS 0x0000000089400000, 0x0000000089400000| Untracked 
| 149|0x0000000089500000, 0x0000000089500000, 0x0000000089600000|  0%| F|  |TAMS 0x0000000089500000, 0x0000000089500000| Untracked 
| 150|0x0000000089600000, 0x0000000089700000, 0x0000000089700000|100%| O|  |TAMS 0x0000000089700000, 0x0000000089700000| Untracked 
| 151|0x0000000089700000, 0x0000000089800000, 0x0000000089800000|100%| O|  |TAMS 0x0000000089800000, 0x0000000089800000| Untracked 
| 152|0x0000000089800000, 0x0000000089900000, 0x0000000089900000|100%| O|  |TAMS 0x0000000089900000, 0x0000000089900000| Untracked 
| 153|0x0000000089900000, 0x0000000089a00000, 0x0000000089a00000|100%| O|  |TAMS 0x0000000089a00000, 0x0000000089a00000| Untracked 
| 154|0x0000000089a00000, 0x0000000089b00000, 0x0000000089b00000|100%| O|  |TAMS 0x0000000089b00000, 0x0000000089b00000| Untracked 
| 155|0x0000000089b00000, 0x0000000089b00000, 0x0000000089c00000|  0%| F|  |TAMS 0x0000000089b00000, 0x0000000089b00000| Untracked 
| 156|0x0000000089c00000, 0x0000000089c00000, 0x0000000089d00000|  0%| F|  |TAMS 0x0000000089c00000, 0x0000000089c00000| Untracked 
| 157|0x0000000089d00000, 0x0000000089d00000, 0x0000000089e00000|  0%| F|  |TAMS 0x0000000089d00000, 0x0000000089d00000| Untracked 
| 158|0x0000000089e00000, 0x0000000089e00000, 0x0000000089f00000|  0%| F|  |TAMS 0x0000000089e00000, 0x0000000089e00000| Untracked 
| 159|0x0000000089f00000, 0x000000008a000000, 0x000000008a000000|100%| O|  |TAMS 0x000000008a000000, 0x000000008a000000| Untracked 
| 160|0x000000008a000000, 0x000000008a100000, 0x000000008a100000|100%| O|  |TAMS 0x000000008a100000, 0x000000008a100000| Untracked 
| 161|0x000000008a100000, 0x000000008a100000, 0x000000008a200000|  0%| F|  |TAMS 0x000000008a100000, 0x000000008a100000| Untracked 
| 162|0x000000008a200000, 0x000000008a200000, 0x000000008a300000|  0%| F|  |TAMS 0x000000008a200000, 0x000000008a200000| Untracked 
| 163|0x000000008a300000, 0x000000008a400000, 0x000000008a400000|100%| O|  |TAMS 0x000000008a400000, 0x000000008a400000| Untracked 
| 164|0x000000008a400000, 0x000000008a500000, 0x000000008a500000|100%| O|  |TAMS 0x000000008a500000, 0x000000008a500000| Untracked 
| 165|0x000000008a500000, 0x000000008a500000, 0x000000008a600000|  0%| F|  |TAMS 0x000000008a500000, 0x000000008a500000| Untracked 
| 166|0x000000008a600000, 0x000000008a600000, 0x000000008a700000|  0%| F|  |TAMS 0x000000008a600000, 0x000000008a600000| Untracked 
| 167|0x000000008a700000, 0x000000008a700000, 0x000000008a800000|  0%| F|  |TAMS 0x000000008a700000, 0x000000008a700000| Untracked 
| 168|0x000000008a800000, 0x000000008a800000, 0x000000008a900000|  0%| F|  |TAMS 0x000000008a800000, 0x000000008a800000| Untracked 
| 169|0x000000008a900000, 0x000000008a900000, 0x000000008aa00000|  0%| F|  |TAMS 0x000000008a900000, 0x000000008a900000| Untracked 
| 170|0x000000008aa00000, 0x000000008aa00000, 0x000000008ab00000|  0%| F|  |TAMS 0x000000008aa00000, 0x000000008aa00000| Untracked 
| 171|0x000000008ab00000, 0x000000008ab00000, 0x000000008ac00000|  0%| F|  |TAMS 0x000000008ab00000, 0x000000008ab00000| Untracked 
| 172|0x000000008ac00000, 0x000000008ac00000, 0x000000008ad00000|  0%| F|  |TAMS 0x000000008ac00000, 0x000000008ac00000| Untracked 
| 173|0x000000008ad00000, 0x000000008ad00000, 0x000000008ae00000|  0%| F|  |TAMS 0x000000008ad00000, 0x000000008ad00000| Untracked 
| 174|0x000000008ae00000, 0x000000008ae00000, 0x000000008af00000|  0%| F|  |TAMS 0x000000008ae00000, 0x000000008ae00000| Untracked 
| 175|0x000000008af00000, 0x000000008af00000, 0x000000008b000000|  0%| F|  |TAMS 0x000000008af00000, 0x000000008af00000| Untracked 
| 176|0x000000008b000000, 0x000000008b000000, 0x000000008b100000|  0%| F|  |TAMS 0x000000008b000000, 0x000000008b000000| Untracked 
| 177|0x000000008b100000, 0x000000008b100000, 0x000000008b200000|  0%| F|  |TAMS 0x000000008b100000, 0x000000008b100000| Untracked 
| 178|0x000000008b200000, 0x000000008b200000, 0x000000008b300000|  0%| F|  |TAMS 0x000000008b200000, 0x000000008b200000| Untracked 
| 179|0x000000008b300000, 0x000000008b300000, 0x000000008b400000|  0%| F|  |TAMS 0x000000008b300000, 0x000000008b300000| Untracked 
| 180|0x000000008b400000, 0x000000008b400000, 0x000000008b500000|  0%| F|  |TAMS 0x000000008b400000, 0x000000008b400000| Untracked 
| 181|0x000000008b500000, 0x000000008b500000, 0x000000008b600000|  0%| F|  |TAMS 0x000000008b500000, 0x000000008b500000| Untracked 
| 182|0x000000008b600000, 0x000000008b600000, 0x000000008b700000|  0%| F|  |TAMS 0x000000008b600000, 0x000000008b600000| Untracked 
| 183|0x000000008b700000, 0x000000008b700000, 0x000000008b800000|  0%| F|  |TAMS 0x000000008b700000, 0x000000008b700000| Untracked 
| 184|0x000000008b800000, 0x000000008b800000, 0x000000008b900000|  0%| F|  |TAMS 0x000000008b800000, 0x000000008b800000| Untracked 
| 185|0x000000008b900000, 0x000000008b900000, 0x000000008ba00000|  0%| F|  |TAMS 0x000000008b900000, 0x000000008b900000| Untracked 
| 186|0x000000008ba00000, 0x000000008ba00000, 0x000000008bb00000|  0%| F|  |TAMS 0x000000008ba00000, 0x000000008ba00000| Untracked 
| 187|0x000000008bb00000, 0x000000008bb00000, 0x000000008bc00000|  0%| F|  |TAMS 0x000000008bb00000, 0x000000008bb00000| Untracked 
| 188|0x000000008bc00000, 0x000000008bc00000, 0x000000008bd00000|  0%| F|  |TAMS 0x000000008bc00000, 0x000000008bc00000| Untracked 
| 189|0x000000008bd00000, 0x000000008bd00000, 0x000000008be00000|  0%| F|  |TAMS 0x000000008bd00000, 0x000000008bd00000| Untracked 
| 190|0x000000008be00000, 0x000000008be00000, 0x000000008bf00000|  0%| F|  |TAMS 0x000000008be00000, 0x000000008be00000| Untracked 
| 191|0x000000008bf00000, 0x000000008bffdcd8, 0x000000008c000000| 99%| S|CS|TAMS 0x000000008bf00000, 0x000000008bf00000| Complete 
| 192|0x000000008c000000, 0x000000008c100000, 0x000000008c100000|100%| S|CS|TAMS 0x000000008c000000, 0x000000008c000000| Complete 
| 193|0x000000008c100000, 0x000000008c200000, 0x000000008c200000|100%| S|CS|TAMS 0x000000008c100000, 0x000000008c100000| Complete 
| 194|0x000000008c200000, 0x000000008c300000, 0x000000008c300000|100%| S|CS|TAMS 0x000000008c200000, 0x000000008c200000| Complete 
| 195|0x000000008c300000, 0x000000008c400000, 0x000000008c400000|100%| S|CS|TAMS 0x000000008c300000, 0x000000008c300000| Complete 
| 196|0x000000008c400000, 0x000000008c500000, 0x000000008c500000|100%| S|CS|TAMS 0x000000008c400000, 0x000000008c400000| Complete 
| 197|0x000000008c500000, 0x000000008c500000, 0x000000008c600000|  0%| F|  |TAMS 0x000000008c500000, 0x000000008c500000| Untracked 
| 198|0x000000008c600000, 0x000000008c600000, 0x000000008c700000|  0%| F|  |TAMS 0x000000008c600000, 0x000000008c600000| Untracked 
| 199|0x000000008c700000, 0x000000008c700000, 0x000000008c800000|  0%| F|  |TAMS 0x000000008c700000, 0x000000008c700000| Untracked 
| 200|0x000000008c800000, 0x000000008c800000, 0x000000008c900000|  0%| F|  |TAMS 0x000000008c800000, 0x000000008c800000| Untracked 
| 201|0x000000008c900000, 0x000000008c900000, 0x000000008ca00000|  0%| F|  |TAMS 0x000000008c900000, 0x000000008c900000| Untracked 
| 202|0x000000008ca00000, 0x000000008ca00000, 0x000000008cb00000|  0%| F|  |TAMS 0x000000008ca00000, 0x000000008ca00000| Untracked 
| 203|0x000000008cb00000, 0x000000008cb00000, 0x000000008cc00000|  0%| F|  |TAMS 0x000000008cb00000, 0x000000008cb00000| Untracked 
| 204|0x000000008cc00000, 0x000000008cc00000, 0x000000008cd00000|  0%| F|  |TAMS 0x000000008cc00000, 0x000000008cc00000| Untracked 
| 205|0x000000008cd00000, 0x000000008cd00000, 0x000000008ce00000|  0%| F|  |TAMS 0x000000008cd00000, 0x000000008cd00000| Untracked 
| 206|0x000000008ce00000, 0x000000008ce00000, 0x000000008cf00000|  0%| F|  |TAMS 0x000000008ce00000, 0x000000008ce00000| Untracked 
| 207|0x000000008cf00000, 0x000000008cf00000, 0x000000008d000000|  0%| F|  |TAMS 0x000000008cf00000, 0x000000008cf00000| Untracked 
| 208|0x000000008d000000, 0x000000008d000000, 0x000000008d100000|  0%| F|  |TAMS 0x000000008d000000, 0x000000008d000000| Untracked 
| 209|0x000000008d100000, 0x000000008d100000, 0x000000008d200000|  0%| F|  |TAMS 0x000000008d100000, 0x000000008d100000| Untracked 
| 210|0x000000008d200000, 0x000000008d200000, 0x000000008d300000|  0%| F|  |TAMS 0x000000008d200000, 0x000000008d200000| Untracked 
| 211|0x000000008d300000, 0x000000008d300000, 0x000000008d400000|  0%| F|  |TAMS 0x000000008d300000, 0x000000008d300000| Untracked 
| 212|0x000000008d400000, 0x000000008d400000, 0x000000008d500000|  0%| F|  |TAMS 0x000000008d400000, 0x000000008d400000| Untracked 
| 213|0x000000008d500000, 0x000000008d500000, 0x000000008d600000|  0%| F|  |TAMS 0x000000008d500000, 0x000000008d500000| Untracked 
| 214|0x000000008d600000, 0x000000008d600000, 0x000000008d700000|  0%| F|  |TAMS 0x000000008d600000, 0x000000008d600000| Untracked 
| 215|0x000000008d700000, 0x000000008d700000, 0x000000008d800000|  0%| F|  |TAMS 0x000000008d700000, 0x000000008d700000| Untracked 
| 216|0x000000008d800000, 0x000000008d800000, 0x000000008d900000|  0%| F|  |TAMS 0x000000008d800000, 0x000000008d800000| Untracked 
| 217|0x000000008d900000, 0x000000008d900000, 0x000000008da00000|  0%| F|  |TAMS 0x000000008d900000, 0x000000008d900000| Untracked 
| 218|0x000000008da00000, 0x000000008da00000, 0x000000008db00000|  0%| F|  |TAMS 0x000000008da00000, 0x000000008da00000| Untracked 
| 219|0x000000008db00000, 0x000000008db00000, 0x000000008dc00000|  0%| F|  |TAMS 0x000000008db00000, 0x000000008db00000| Untracked 
| 220|0x000000008dc00000, 0x000000008dc00000, 0x000000008dd00000|  0%| F|  |TAMS 0x000000008dc00000, 0x000000008dc00000| Untracked 
| 221|0x000000008dd00000, 0x000000008dd00000, 0x000000008de00000|  0%| F|  |TAMS 0x000000008dd00000, 0x000000008dd00000| Untracked 
| 222|0x000000008de00000, 0x000000008de00000, 0x000000008df00000|  0%| F|  |TAMS 0x000000008de00000, 0x000000008de00000| Untracked 
| 223|0x000000008df00000, 0x000000008df00000, 0x000000008e000000|  0%| F|  |TAMS 0x000000008df00000, 0x000000008df00000| Untracked 
| 224|0x000000008e000000, 0x000000008e000000, 0x000000008e100000|  0%| F|  |TAMS 0x000000008e000000, 0x000000008e000000| Untracked 
| 225|0x000000008e100000, 0x000000008e100000, 0x000000008e200000|  0%| F|  |TAMS 0x000000008e100000, 0x000000008e100000| Untracked 
| 226|0x000000008e200000, 0x000000008e200000, 0x000000008e300000|  0%| F|  |TAMS 0x000000008e200000, 0x000000008e200000| Untracked 
| 227|0x000000008e300000, 0x000000008e300000, 0x000000008e400000|  0%| F|  |TAMS 0x000000008e300000, 0x000000008e300000| Untracked 
| 228|0x000000008e400000, 0x000000008e400000, 0x000000008e500000|  0%| F|  |TAMS 0x000000008e400000, 0x000000008e400000| Untracked 
| 229|0x000000008e500000, 0x000000008e500000, 0x000000008e600000|  0%| F|  |TAMS 0x000000008e500000, 0x000000008e500000| Untracked 
| 230|0x000000008e600000, 0x000000008e600000, 0x000000008e700000|  0%| F|  |TAMS 0x000000008e600000, 0x000000008e600000| Untracked 
| 231|0x000000008e700000, 0x000000008e700000, 0x000000008e800000|  0%| F|  |TAMS 0x000000008e700000, 0x000000008e700000| Untracked 
| 232|0x000000008e800000, 0x000000008e800000, 0x000000008e900000|  0%| F|  |TAMS 0x000000008e800000, 0x000000008e800000| Untracked 
| 233|0x000000008e900000, 0x000000008e900000, 0x000000008ea00000|  0%| F|  |TAMS 0x000000008e900000, 0x000000008e900000| Untracked 
| 234|0x000000008ea00000, 0x000000008ea00000, 0x000000008eb00000|  0%| F|  |TAMS 0x000000008ea00000, 0x000000008ea00000| Untracked 
| 235|0x000000008eb00000, 0x000000008eb00000, 0x000000008ec00000|  0%| F|  |TAMS 0x000000008eb00000, 0x000000008eb00000| Untracked 
| 236|0x000000008ec00000, 0x000000008ec00000, 0x000000008ed00000|  0%| F|  |TAMS 0x000000008ec00000, 0x000000008ec00000| Untracked 
| 237|0x000000008ed00000, 0x000000008ed00000, 0x000000008ee00000|  0%| F|  |TAMS 0x000000008ed00000, 0x000000008ed00000| Untracked 
| 238|0x000000008ee00000, 0x000000008ee00000, 0x000000008ef00000|  0%| F|  |TAMS 0x000000008ee00000, 0x000000008ee00000| Untracked 
| 239|0x000000008ef00000, 0x000000008ef00000, 0x000000008f000000|  0%| F|  |TAMS 0x000000008ef00000, 0x000000008ef00000| Untracked 
| 240|0x000000008f000000, 0x000000008f000000, 0x000000008f100000|  0%| F|  |TAMS 0x000000008f000000, 0x000000008f000000| Untracked 
| 241|0x000000008f100000, 0x000000008f200000, 0x000000008f200000|100%| E|  |TAMS 0x000000008f100000, 0x000000008f100000| Complete 
| 242|0x000000008f200000, 0x000000008f300000, 0x000000008f300000|100%| E|CS|TAMS 0x000000008f200000, 0x000000008f200000| Complete 
| 243|0x000000008f300000, 0x000000008f400000, 0x000000008f400000|100%| E|CS|TAMS 0x000000008f300000, 0x000000008f300000| Complete 

Card table byte_map: [0x000001c1a0520000,0x000001c1a0920000] _byte_map_base: 0x000001c1a0120000

Marking Bits (Prev, Next): (CMBitMap*) 0x000001c18d64d6f0, (CMBitMap*) 0x000001c18d64d6b8
 Prev Bits: [0x000001c1a2d20000, 0x000001c1a4d20000)
 Next Bits: [0x000001c1a0d20000, 0x000001c1a2d20000)

Polling page: 0x000001c18b4a0000

Metaspace:

Usage:
  Non-class:    114.04 MB capacity,   111.98 MB ( 98%) used,     1.66 MB (  1%) free+waste,   401.25 KB ( <1%) overhead. 
      Class:     16.43 MB capacity,    15.20 MB ( 93%) used,     1.06 MB (  6%) free+waste,   172.56 KB (  1%) overhead. 
       Both:    130.47 MB capacity,   127.18 MB ( 97%) used,     2.72 MB (  2%) free+waste,   573.81 KB ( <1%) overhead. 

Virtual space:
  Non-class space:      116.00 MB reserved,     114.13 MB ( 98%) committed 
      Class space:        1.00 GB reserved,      16.45 MB (  2%) committed 
             Both:        1.11 GB reserved,     130.58 MB ( 11%) committed 

Chunk freelists:
   Non-Class:  30.00 KB
       Class:  7.00 KB
        Both:  37.00 KB

MaxMetaspaceSize: 17179869184.00 GB
CompressedClassSpaceSize: 1.00 GB
Initial GC threshold: 20.80 MB
Current GC threshold: 217.01 MB
CDS: off

CodeHeap 'non-profiled nmethods': size=120064Kb used=17749Kb max_used=17749Kb free=102314Kb
 bounds [0x000001c198be0000, 0x000001c199d40000, 0x000001c1a0120000]
CodeHeap 'profiled nmethods': size=120000Kb used=47089Kb max_used=47521Kb free=72910Kb
 bounds [0x000001c1916b0000, 0x000001c194540000, 0x000001c198be0000]
CodeHeap 'non-nmethods': size=5696Kb used=2474Kb max_used=2532Kb free=3221Kb
 bounds [0x000001c191120000, 0x000001c1913a0000, 0x000001c1916b0000]
 total_blobs=22426 nmethods=21409 adapters=928
 compilation: enabled
              stopped_count=0, restarted_count=0
 full_count=0

Compilation events (20 events):
Event: 5059.289 Thread 0x000001c1a722d000 25123       4       com.google.common.collect.HashBiMap::inverse (28 bytes)
Event: 5059.290 Thread 0x000001c1a722d000 nmethod 25123 0x000001c1992eda10 code [0x000001c1992edba0, 0x000001c1992edc18]
Event: 5059.290 Thread 0x000001c1a722d000 25101       4       com.google.common.collect.AbstractMapBasedMultimap$WrappedCollection$WrappedIterator::next (14 bytes)
Event: 5059.296 Thread 0x000001c1a722d000 nmethod 25101 0x000001c1992ed290 code [0x000001c1992ed460, 0x000001c1992ed6f8]
Event: 5059.296 Thread 0x000001c1a722d000 25117       4       com.google.common.base.CharMatcher$AnyOf::matches (17 bytes)
Event: 5059.297 Thread 0x000001c1a722e800 25124       3       jdk.internal.reflect.ReflectionFactory::superHasAccessibleConstructor (165 bytes)
Event: 5059.298 Thread 0x000001c1a722e800 nmethod 25124 0x000001c191ecc310 code [0x000001c191ecc5c0, 0x000001c191eccef8]
Event: 5059.299 Thread 0x000001c1a722d000 nmethod 25117 0x000001c1992ecf10 code [0x000001c1992ed0a0, 0x000001c1992ed198]
Event: 5059.299 Thread 0x000001c1a722d000 25125       4       org.gradle.internal.snapshot.impl.DefaultValueSnapshotter::processValue (675 bytes)
Event: 5059.330 Thread 0x000001c1a722e800 25129       1       org.gradle.api.internal.tasks.properties.annotations.LocalStatePropertyAnnotationHandler::shouldVisit (2 bytes)
Event: 5059.331 Thread 0x000001c1a722e800 nmethod 25129 0x000001c1992ecc10 code [0x000001c1992ecdc0, 0x000001c1992ece78]
Event: 5059.334 Thread 0x000001c1a722e800 25130       3       com.android.build.gradle.internal.api.BaseVariantImpl::getName (8 bytes)
Event: 5059.335 Thread 0x000001c1a722e800 nmethod 25130 0x000001c193509f90 code [0x000001c19350a140, 0x000001c19350a308]
Event: 5059.336 Thread 0x000001c1a722e800 25131       3       org.gradle.internal.snapshot.FileSystemLocationSnapshot$FileSystemLocationSnapshotVisitor::visitDirectory (1 bytes)
Event: 5059.337 Thread 0x000001c1a722e800 nmethod 25131 0x000001c1920a2190 code [0x000001c1920a2340, 0x000001c1920a2438]
Event: 5059.340 Thread 0x000001c1a722e800 25132       3       org.gradle.internal.file.FileHierarchySet$PrefixFileSet::plus (19 bytes)
Event: 5059.340 Thread 0x000001c1a722e800 nmethod 25132 0x000001c193509890 code [0x000001c193509a80, 0x000001c193509dd8]
Event: 5059.670 Thread 0x000001c1a722d000 nmethod 25125 0x000001c1992e5d10 code [0x000001c1992e6340, 0x000001c1992ea628]
Event: 5059.671 Thread 0x000001c1a722d000 25128       4       org.gradle.internal.snapshot.AbstractListChildMap::store (72 bytes)
Event: 5059.804 Thread 0x000001c1a722d000 nmethod 25128 0x000001c1994c3d10 code [0x000001c1994c4040, 0x000001c1994c6490]

GC Heap History (20 events):
Event: 5031.159 GC heap before
{Heap before GC invocations=127 (full 0):
 garbage-first heap   total 249856K, used 135157K [0x0000000080000000, 0x0000000100000000)
  region size 1024K, 16 young (16384K), 1 survivors (1024K)
 Metaspace       used 117293K, capacity 120145K, committed 120400K, reserved 1155072K
  class space    used 14202K, capacity 15272K, committed 15308K, reserved 1048576K
}
Event: 5031.176 GC heap after
{Heap after GC invocations=128 (full 0):
 garbage-first heap   total 249856K, used 120973K [0x0000000080000000, 0x0000000100000000)
  region size 1024K, 1 young (1024K), 1 survivors (1024K)
 Metaspace       used 117293K, capacity 120145K, committed 120400K, reserved 1155072K
  class space    used 14202K, capacity 15272K, committed 15308K, reserved 1048576K
}
Event: 5033.979 GC heap before
{Heap before GC invocations=129 (full 0):
 garbage-first heap   total 249856K, used 203917K [0x0000000080000000, 0x0000000100000000)
  region size 1024K, 72 young (73728K), 1 survivors (1024K)
 Metaspace       used 124419K, capacity 127557K, committed 127696K, reserved 1161216K
  class space    used 14972K, capacity 16086K, committed 16204K, reserved 1048576K
}
Event: 5033.986 GC heap after
{Heap after GC invocations=130 (full 0):
 garbage-first heap   total 249856K, used 127794K [0x0000000080000000, 0x0000000100000000)
  region size 1024K, 4 young (4096K), 4 survivors (4096K)
 Metaspace       used 124419K, capacity 127557K, committed 127696K, reserved 1161216K
  class space    used 14972K, capacity 16086K, committed 16204K, reserved 1048576K
}
Event: 5034.265 GC heap before
{Heap before GC invocations=130 (full 0):
 garbage-first heap   total 249856K, used 134962K [0x0000000080000000, 0x0000000100000000)
  region size 1024K, 12 young (12288K), 4 survivors (4096K)
 Metaspace       used 125329K, capacity 128415K, committed 128592K, reserved 1161216K
  class space    used 15066K, capacity 16201K, committed 16332K, reserved 1048576K
}
Event: 5034.278 GC heap after
{Heap after GC invocations=131 (full 0):
 garbage-first heap   total 249856K, used 128447K [0x0000000080000000, 0x0000000100000000)
  region size 1024K, 2 young (2048K), 2 survivors (2048K)
 Metaspace       used 125329K, capacity 128415K, committed 128592K, reserved 1161216K
  class space    used 15066K, capacity 16201K, committed 16332K, reserved 1048576K
}
Event: 5035.353 GC heap before
{Heap before GC invocations=131 (full 0):
 garbage-first heap   total 249856K, used 145855K [0x0000000080000000, 0x0000000100000000)
  region size 1024K, 20 young (20480K), 2 survivors (2048K)
 Metaspace       used 125392K, capacity 128543K, committed 128848K, reserved 1161216K
  class space    used 15067K, capacity 16201K, committed 16332K, reserved 1048576K
}
Event: 5035.363 GC heap after
{Heap after GC invocations=132 (full 0):
 garbage-first heap   total 249856K, used 133353K [0x0000000080000000, 0x0000000100000000)
  region size 1024K, 7 young (7168K), 7 survivors (7168K)
 Metaspace       used 125392K, capacity 128543K, committed 128848K, reserved 1161216K
  class space    used 15067K, capacity 16201K, committed 16332K, reserved 1048576K
}
Event: 5054.629 GC heap before
{Heap before GC invocations=133 (full 0):
 garbage-first heap   total 249856K, used 187625K [0x0000000080000000, 0x0000000100000000)
  region size 1024K, 57 young (58368K), 7 survivors (7168K)
 Metaspace       used 128595K, capacity 131810K, committed 131920K, reserved 1165312K
  class space    used 15301K, capacity 16494K, committed 16588K, reserved 1048576K
}
Event: 5054.642 GC heap after
{Heap after GC invocations=134 (full 0):
 garbage-first heap   total 249856K, used 136262K [0x0000000080000000, 0x0000000100000000)
  region size 1024K, 5 young (5120K), 5 survivors (5120K)
 Metaspace       used 128595K, capacity 131810K, committed 131920K, reserved 1165312K
  class space    used 15301K, capacity 16494K, committed 16588K, reserved 1048576K
}
Event: 5054.918 GC heap before
{Heap before GC invocations=134 (full 0):
 garbage-first heap   total 249856K, used 142406K [0x0000000080000000, 0x0000000100000000)
  region size 1024K, 12 young (12288K), 5 survivors (5120K)
 Metaspace       used 128728K, capacity 131974K, committed 132176K, reserved 1165312K
  class space    used 15315K, capacity 16527K, committed 16588K, reserved 1048576K
}
Event: 5054.935 GC heap after
{Heap after GC invocations=135 (full 0):
 garbage-first heap   total 249856K, used 135892K [0x0000000080000000, 0x0000000100000000)
  region size 1024K, 1 young (1024K), 1 survivors (1024K)
 Metaspace       used 128728K, capacity 131974K, committed 132176K, reserved 1165312K
  class space    used 15315K, capacity 16527K, committed 16588K, reserved 1048576K
}
Event: 5055.700 GC heap before
{Heap before GC invocations=135 (full 0):
 garbage-first heap   total 249856K, used 188116K [0x0000000080000000, 0x0000000100000000)
  region size 1024K, 53 young (54272K), 1 survivors (1024K)
 Metaspace       used 129566K, capacity 132868K, committed 133072K, reserved 1165312K
  class space    used 15399K, capacity 16612K, committed 16716K, reserved 1048576K
}
Event: 5055.720 GC heap after
{Heap after GC invocations=136 (full 0):
 garbage-first heap   total 249856K, used 138690K [0x0000000080000000, 0x0000000100000000)
  region size 1024K, 4 young (4096K), 4 survivors (4096K)
 Metaspace       used 129566K, capacity 132868K, committed 133072K, reserved 1165312K
  class space    used 15399K, capacity 16612K, committed 16716K, reserved 1048576K
}
Event: 5057.287 GC heap before
{Heap before GC invocations=137 (full 0):
 garbage-first heap   total 249856K, used 193986K [0x0000000080000000, 0x0000000100000000)
  region size 1024K, 57 young (58368K), 4 survivors (4096K)
 Metaspace       used 128468K, capacity 131902K, committed 133328K, reserved 1165312K
  class space    used 15369K, capacity 16630K, committed 16716K, reserved 1048576K
}
Event: 5057.317 GC heap after
{Heap after GC invocations=138 (full 0):
 garbage-first heap   total 249856K, used 151304K [0x0000000080000000, 0x0000000100000000)
  region size 1024K, 8 young (8192K), 8 survivors (8192K)
 Metaspace       used 128468K, capacity 131902K, committed 133328K, reserved 1165312K
  class space    used 15369K, capacity 16630K, committed 16716K, reserved 1048576K
}
Event: 5057.506 GC heap before
{Heap before GC invocations=138 (full 0):
 garbage-first heap   total 249856K, used 155400K [0x0000000080000000, 0x0000000100000000)
  region size 1024K, 12 young (12288K), 8 survivors (8192K)
 Metaspace       used 128468K, capacity 131902K, committed 133328K, reserved 1165312K
  class space    used 15369K, capacity 16630K, committed 16716K, reserved 1048576K
}
Event: 5057.537 GC heap after
{Heap after GC invocations=139 (full 0):
 garbage-first heap   total 249856K, used 149096K [0x0000000080000000, 0x0000000100000000)
  region size 1024K, 2 young (2048K), 2 survivors (2048K)
 Metaspace       used 128468K, capacity 131902K, committed 133328K, reserved 1165312K
  class space    used 15369K, capacity 16630K, committed 16716K, reserved 1048576K
}
Event: 5059.398 GC heap before
{Heap before GC invocations=139 (full 0):
 garbage-first heap   total 249856K, used 194152K [0x0000000080000000, 0x0000000100000000)
  region size 1024K, 47 young (48128K), 2 survivors (2048K)
 Metaspace       used 129929K, capacity 133331K, committed 133456K, reserved 1165312K
  class space    used 15513K, capacity 16784K, committed 16844K, reserved 1048576K
}
Event: 5059.418 GC heap after
{Heap after GC invocations=140 (full 0):
 garbage-first heap   total 249856K, used 153423K [0x0000000080000000, 0x0000000100000000)
  region size 1024K, 6 young (6144K), 6 survivors (6144K)
 Metaspace       used 129929K, capacity 133331K, committed 133456K, reserved 1165312K
  class space    used 15513K, capacity 16784K, committed 16844K, reserved 1048576K
}

Deoptimization events (20 events):
Event: 5057.812 Thread 0x000001c1a9c9c800 DEOPT PACKING pc=0x000001c1996be470 sp=0x0000008aec8f9440
Event: 5057.812 Thread 0x000001c1a9c9c800 DEOPT UNPACKING pc=0x000001c19116a1af sp=0x0000008aec8f9318 mode 2
Event: 5058.177 Thread 0x000001c1a9c9c800 Uncommon trap: trap_request=0xffffff4d fr.pc=0x000001c199c9c8d4 relative=0x0000000000001734
Event: 5058.177 Thread 0x000001c1a9c9c800 Uncommon trap: reason=unstable_if action=reinterpret pc=0x000001c199c9c8d4 method=java.time.LocalDate.create(III)Ljava/time/LocalDate; @ 3 c2
Event: 5058.177 Thread 0x000001c1a9c9c800 DEOPT PACKING pc=0x000001c199c9c8d4 sp=0x0000008aec8f92d0
Event: 5058.177 Thread 0x000001c1a9c9c800 DEOPT UNPACKING pc=0x000001c19116a1af sp=0x0000008aec8f9090 mode 2
Event: 5058.652 Thread 0x000001c1a9c9c800 Uncommon trap: trap_request=0xffffff4d fr.pc=0x000001c199666218 relative=0x0000000000000078
Event: 5058.652 Thread 0x000001c1a9c9c800 Uncommon trap: reason=unstable_if action=reinterpret pc=0x000001c199666218 method=java.lang.Long.equals(Ljava/lang/Object;)Z @ 19 c2
Event: 5058.652 Thread 0x000001c1a9c9c800 DEOPT PACKING pc=0x000001c199666218 sp=0x0000008aec8f92a0
Event: 5058.652 Thread 0x000001c1a9c9c800 DEOPT UNPACKING pc=0x000001c19116a1af sp=0x0000008aec8f9230 mode 2
Event: 5059.206 Thread 0x000001c1a9c9c800 Uncommon trap: trap_request=0xffffff4d fr.pc=0x000001c1994f9d6c relative=0x000000000000182c
Event: 5059.206 Thread 0x000001c1a9c9c800 Uncommon trap: reason=unstable_if action=reinterpret pc=0x000001c1994f9d6c method=org.objectweb.asm.ClassReader.readField(Lorg/objectweb/asm/ClassVisitor;Lorg/objectweb/asm/Context;I)I @ 115 c2
Event: 5059.206 Thread 0x000001c1a9c9c800 DEOPT PACKING pc=0x000001c1994f9d6c sp=0x0000008aec8f9af0
Event: 5059.206 Thread 0x000001c1a9c9c800 DEOPT UNPACKING pc=0x000001c19116a1af sp=0x0000008aec8f9a88 mode 2
Event: 5059.290 Thread 0x000001c1a9c9c800 Uncommon trap: trap_request=0xffffff4d fr.pc=0x000001c1993d7e5c relative=0x00000000000001fc
Event: 5059.290 Thread 0x000001c1a9c9c800 Uncommon trap: reason=unstable_if action=reinterpret pc=0x000001c1993d7e5c method=org.gradle.api.internal.tasks.compile.tooling.JavaCompileTaskSuccessResultPostProcessor.finished(Lorg/gradle/internal/operations/BuildOperationDescriptor;Lorg/gradle/interna
Event: 5059.290 Thread 0x000001c1a9c9c800 DEOPT PACKING pc=0x000001c1993d7e5c sp=0x0000008aec8fadd0
Event: 5059.290 Thread 0x000001c1a9c9c800 DEOPT UNPACKING pc=0x000001c19116a1af sp=0x0000008aec8facf8 mode 2
Event: 5059.321 Thread 0x000001c1a9c9c800 DEOPT PACKING pc=0x000001c193cec38d sp=0x0000008aec8fc660
Event: 5059.321 Thread 0x000001c1a9c9c800 DEOPT UNPACKING pc=0x000001c19116a95e sp=0x0000008aec8fbb00 mode 0

Classes redefined (0 events):
No events

Internal exceptions (20 events):
Event: 5058.776 Thread 0x000001c1a9c9c800 Exception <a 'sun/nio/fs/WindowsException'{0x000000008d2788f8}> (0x000000008d2788f8) thrown at [./src/hotspot/share/prims/jni.cpp, line 616]
Event: 5058.776 Thread 0x000001c1a9c9c800 Exception <a 'sun/nio/fs/WindowsException'{0x000000008d278a40}> (0x000000008d278a40) thrown at [./src/hotspot/share/prims/jni.cpp, line 616]
Event: 5058.776 Thread 0x000001c1a9c9c800 Exception <a 'sun/nio/fs/WindowsException'{0x000000008d27b9d8}> (0x000000008d27b9d8) thrown at [./src/hotspot/share/prims/jni.cpp, line 616]
Event: 5058.776 Thread 0x000001c1a9c9c800 Exception <a 'sun/nio/fs/WindowsException'{0x000000008d27bb30}> (0x000000008d27bb30) thrown at [./src/hotspot/share/prims/jni.cpp, line 616]
Event: 5058.798 Thread 0x000001c1a9c9c800 Exception <a 'sun/nio/fs/WindowsException'{0x000000008d2e95e8}> (0x000000008d2e95e8) thrown at [./src/hotspot/share/prims/jni.cpp, line 616]
Event: 5058.822 Thread 0x000001c1a9c9c800 Exception <a 'sun/nio/fs/WindowsException'{0x000000008d1250b8}> (0x000000008d1250b8) thrown at [./src/hotspot/share/prims/jni.cpp, line 616]
Event: 5058.842 Thread 0x000001c1a9c9c800 Exception <a 'sun/nio/fs/WindowsException'{0x000000008d1a6160}> (0x000000008d1a6160) thrown at [./src/hotspot/share/prims/jni.cpp, line 616]
Event: 5058.842 Thread 0x000001c1a9c9c800 Exception <a 'sun/nio/fs/WindowsException'{0x000000008d1a6280}> (0x000000008d1a6280) thrown at [./src/hotspot/share/prims/jni.cpp, line 616]
Event: 5058.843 Thread 0x000001c1a9c9c800 Exception <a 'sun/nio/fs/WindowsException'{0x000000008d1a9140}> (0x000000008d1a9140) thrown at [./src/hotspot/share/prims/jni.cpp, line 616]
Event: 5058.843 Thread 0x000001c1a9c9c800 Exception <a 'sun/nio/fs/WindowsException'{0x000000008d1a9260}> (0x000000008d1a9260) thrown at [./src/hotspot/share/prims/jni.cpp, line 616]
Event: 5058.843 Thread 0x000001c1a9c9c800 Exception <a 'sun/nio/fs/WindowsException'{0x000000008d1ac158}> (0x000000008d1ac158) thrown at [./src/hotspot/share/prims/jni.cpp, line 616]
Event: 5058.843 Thread 0x000001c1a9c9c800 Exception <a 'sun/nio/fs/WindowsException'{0x000000008d1ac288}> (0x000000008d1ac288) thrown at [./src/hotspot/share/prims/jni.cpp, line 616]
Event: 5058.857 Thread 0x000001c1a9c9c800 Exception <a 'sun/nio/fs/WindowsException'{0x000000008d1dc340}> (0x000000008d1dc340) thrown at [./src/hotspot/share/prims/jni.cpp, line 616]
Event: 5058.895 Thread 0x000001c1a9c9c800 Exception <a 'sun/nio/fs/WindowsException'{0x000000008d033358}> (0x000000008d033358) thrown at [./src/hotspot/share/prims/jni.cpp, line 616]
Event: 5058.921 Thread 0x000001c1a9c9c800 Exception <a 'sun/nio/fs/WindowsException'{0x000000008d06c580}> (0x000000008d06c580) thrown at [./src/hotspot/share/prims/jni.cpp, line 616]
Event: 5058.951 Thread 0x000001c1a9c9c800 Exception <a 'sun/nio/fs/WindowsException'{0x000000008d0c42d0}> (0x000000008d0c42d0) thrown at [./src/hotspot/share/prims/jni.cpp, line 616]
Event: 5058.978 Thread 0x000001c1a9c9c800 Exception <a 'sun/nio/fs/WindowsException'{0x000000008cf0a498}> (0x000000008cf0a498) thrown at [./src/hotspot/share/prims/jni.cpp, line 616]
Event: 5058.999 Thread 0x000001c1a9c9c800 Exception <a 'sun/nio/fs/WindowsException'{0x000000008cf39450}> (0x000000008cf39450) thrown at [./src/hotspot/share/prims/jni.cpp, line 616]
Event: 5059.021 Thread 0x000001c1a9c9c800 Exception <a 'sun/nio/fs/WindowsException'{0x000000008cf67598}> (0x000000008cf67598) thrown at [./src/hotspot/share/prims/jni.cpp, line 616]
Event: 5059.300 Thread 0x000001c1b016d800 Exception <a 'java/lang/NoSuchMethodError'{0x000000008c88dfa0}: <clinit>> (0x000000008c88dfa0) thrown at [./src/hotspot/share/prims/jni.cpp, line 1366]

Events (20 events):
Event: 5059.344 Executing VM operation: RevokeBias done
Event: 5059.344 loading class com/android/build/gradle/internal/tasks/DexArchiveBuilderTaskKt
Event: 5059.344 loading class com/android/build/gradle/internal/tasks/DexArchiveBuilderTaskKt done
Event: 5059.362 loading class com/android/build/gradle/internal/tasks/DexArchiveBuilderTaskDelegate
Event: 5059.362 loading class com/android/build/gradle/internal/tasks/DexArchiveBuilderTaskDelegate done
Event: 5059.366 loading class com/android/build/gradle/internal/tasks/DexArchiveBuilderTaskDelegate$Companion
Event: 5059.366 loading class com/android/build/gradle/internal/tasks/DexArchiveBuilderTaskDelegate$Companion done
Event: 5059.367 loading class com/android/ide/common/internal/WaitableExecutor
Event: 5059.367 loading class com/android/ide/common/internal/WaitableExecutor done
Event: 5059.389 loading class com/android/build/gradle/internal/tasks/DexArchiveBuilderTaskDelegate$OutputMapping
Event: 5059.389 loading class com/android/build/gradle/internal/tasks/DexArchiveBuilderTaskDelegate$OutputMapping done
Event: 5059.394 loading class kotlin/sequences/SequencesKt__SequencesKt$flatten$2
Event: 5059.394 loading class kotlin/sequences/SequencesKt__SequencesKt$flatten$2 done
Event: 5059.395 loading class com/android/build/gradle/internal/tasks/DexArchiveBuilderTaskDelegate$OutputMapping$getAllFilesToProcess$1
Event: 5059.395 loading class com/android/build/gradle/internal/tasks/DexArchiveBuilderTaskDelegate$OutputMapping$getAllFilesToProcess$1 done
Event: 5059.396 loading class com/android/build/gradle/internal/tasks/DexArchiveBuilderTaskDelegate$OutputMapping$2
Event: 5059.396 loading class com/android/build/gradle/internal/tasks/DexArchiveBuilderTaskDelegate$OutputMapping$2 done
Event: 5059.397 Executing VM operation: G1CollectForAllocation
Event: 5059.418 Executing VM operation: G1CollectForAllocation done
Event: 5059.812 Executing VM operation: RevokeBias


Dynamic libraries:
0x00007ff632fc0000 - 0x00007ff632fca000 	C:\Program Files\Android\Android Studio\jre\bin\java.exe
0x00007fffaf620000 - 0x00007fffaf800000 	C:\Windows\SYSTEM32\ntdll.dll
0x00007fffaf1f0000 - 0x00007fffaf29e000 	C:\Windows\System32\KERNEL32.DLL
0x00007fffac690000 - 0x00007fffac8f6000 	C:\Windows\System32\KERNELBASE.dll
0x00007fffac900000 - 0x00007fffac9f4000 	C:\Windows\System32\ucrtbase.dll
0x00007fffa60f0000 - 0x00007fffa6107000 	C:\Program Files\Android\Android Studio\jre\bin\VCRUNTIME140.dll
0x00007fff99af0000 - 0x00007fff99b09000 	C:\Program Files\Android\Android Studio\jre\bin\jli.dll
0x00007fffaeb40000 - 0x00007fffaeccf000 	C:\Windows\System32\USER32.dll
0x00007fffac5f0000 - 0x00007fffac610000 	C:\Windows\System32\win32u.dll
0x00007fff9d5b0000 - 0x00007fff9d819000 	C:\Windows\WinSxS\amd64_microsoft.windows.common-controls_6595b64144ccf1df_6.0.16299.1087_none_0f9074b65a6589b7\COMCTL32.dll
0x00007fffaf5b0000 - 0x00007fffaf5d8000 	C:\Windows\System32\GDI32.dll
0x00007fffae8f0000 - 0x00007fffae98d000 	C:\Windows\System32\msvcrt.dll
0x00007fffaba80000 - 0x00007fffabc13000 	C:\Windows\System32\gdi32full.dll
0x00007fffaf2a0000 - 0x00007fffaf5a6000 	C:\Windows\System32\combase.dll
0x00007fffaca50000 - 0x00007fffacaeb000 	C:\Windows\System32\msvcp_win.dll
0x00007fffae3d0000 - 0x00007fffae4ef000 	C:\Windows\System32\RPCRT4.dll
0x00007fffac610000 - 0x00007fffac682000 	C:\Windows\System32\bcryptPrimitives.dll
0x00007fffaeb10000 - 0x00007fffaeb3d000 	C:\Windows\System32\IMM32.DLL
0x00007fff9c820000 - 0x00007fff9c8bd000 	C:\Program Files\Android\Android Studio\jre\bin\msvcp140.dll
0x00007fff8b9f0000 - 0x00007fff8c4f2000 	C:\Program Files\Android\Android Studio\jre\bin\server\jvm.dll
0x00007fffae7c0000 - 0x00007fffae861000 	C:\Windows\System32\ADVAPI32.dll
0x00007fffae990000 - 0x00007fffae9eb000 	C:\Windows\System32\sechost.dll
0x00007fffacf20000 - 0x00007fffacf28000 	C:\Windows\System32\PSAPI.DLL
0x00007fffa79d0000 - 0x00007fffa79d9000 	C:\Windows\SYSTEM32\WSOCK32.dll
0x00007fffae9f0000 - 0x00007fffaea5c000 	C:\Windows\System32\WS2_32.dll
0x00007fffa9d90000 - 0x00007fffa9db3000 	C:\Windows\SYSTEM32\WINMM.dll
0x00007fffa37f0000 - 0x00007fffa37fa000 	C:\Windows\SYSTEM32\VERSION.dll
0x00007fffa9d60000 - 0x00007fffa9d8a000 	C:\Windows\SYSTEM32\winmmbase.dll
0x00007fffaca00000 - 0x00007fffaca4a000 	C:\Windows\System32\cfgmgr32.dll
0x00007fffab9e0000 - 0x00007fffab9f1000 	C:\Windows\System32\kernel.appcore.dll
0x00007fffa5df0000 - 0x00007fffa5e01000 	C:\Program Files\Android\Android Studio\jre\bin\verify.dll
0x00007fff9f530000 - 0x00007fff9f6f8000 	C:\Windows\SYSTEM32\DBGHELP.DLL
0x00007fff9f500000 - 0x00007fff9f529000 	C:\Windows\SYSTEM32\dbgcore.DLL
0x00007fffa5d60000 - 0x00007fffa5d89000 	C:\Program Files\Android\Android Studio\jre\bin\java.dll
0x00007fffa61b0000 - 0x00007fffa61bb000 	C:\Program Files\Android\Android Studio\jre\bin\jimage.dll
0x00007fffa5d40000 - 0x00007fffa5d58000 	C:\Program Files\Android\Android Studio\jre\bin\zip.dll
0x00007fffacf90000 - 0x00007fffae3c8000 	C:\Windows\System32\SHELL32.dll
0x00007fffaea60000 - 0x00007fffaeb06000 	C:\Windows\System32\shcore.dll
0x00007fffabea0000 - 0x00007fffac5e7000 	C:\Windows\System32\windows.storage.dll
0x00007fffacf30000 - 0x00007fffacf81000 	C:\Windows\System32\shlwapi.dll
0x00007fffab990000 - 0x00007fffab9dc000 	C:\Windows\System32\powrprof.dll
0x00007fffab970000 - 0x00007fffab98b000 	C:\Windows\System32\profapi.dll
0x00007fffa5d20000 - 0x00007fffa5d3a000 	C:\Program Files\Android\Android Studio\jre\bin\net.dll
0x00007fffa5630000 - 0x00007fffa570e000 	C:\Windows\SYSTEM32\WINHTTP.dll
0x00007fffab200000 - 0x00007fffab266000 	C:\Windows\system32\mswsock.dll
0x00007fffa5d00000 - 0x00007fffa5d14000 	C:\Program Files\Android\Android Studio\jre\bin\nio.dll
0x00007fff8c8b0000 - 0x00007fff8c8d7000 	C:\Users\Home\.gradle\native\e1d6ef7f7dcc3fd88c89a11ec53ec762bb8ba0a96d01ffa2cd45eb1d1d8dd5c5\windows-amd64\native-platform.dll
0x00007fff894a0000 - 0x00007fff895e4000 	C:\Users\Home\.gradle\native\5664cfc778a61ccfe75a443a1ab52a65af34e5dc3c78e0209fed803814484fcb\windows-amd64\native-platform-file-events.dll
0x00007fffa5de0000 - 0x00007fffa5dea000 	C:\Program Files\Android\Android Studio\jre\bin\management.dll
0x00007fffa5cf0000 - 0x00007fffa5cfd000 	C:\Program Files\Android\Android Studio\jre\bin\management_ext.dll
0x00007fffab3c0000 - 0x00007fffab3d7000 	C:\Windows\SYSTEM32\CRYPTSP.dll
0x00007fffaada0000 - 0x00007fffaadd3000 	C:\Windows\system32\rsaenh.dll
0x00007fffab4d0000 - 0x00007fffab4f5000 	C:\Windows\SYSTEM32\bcrypt.dll
0x00007fffab8a0000 - 0x00007fffab8c9000 	C:\Windows\SYSTEM32\USERENV.dll
0x00007fffab3e0000 - 0x00007fffab3eb000 	C:\Windows\SYSTEM32\CRYPTBASE.dll
0x00007fffaaf90000 - 0x00007fffaafc9000 	C:\Windows\SYSTEM32\IPHLPAPI.DLL
0x00007fffaf5e0000 - 0x00007fffaf5e8000 	C:\Windows\System32\NSI.dll
0x00007fffa4ec0000 - 0x00007fffa4ed6000 	C:\Windows\SYSTEM32\dhcpcsvc6.DLL
0x00007fffa53f0000 - 0x00007fffa540a000 	C:\Windows\SYSTEM32\dhcpcsvc.DLL
0x00007fff9b800000 - 0x00007fff9b827000 	C:\Program Files\Android\Android Studio\jre\bin\sunec.dll
0x00007fff9db00000 - 0x00007fff9db1e000 	C:\Users\Home\AppData\Local\Temp\native-platform9754923556815216930dir\native-platform.dll
0x00007fff9dcb0000 - 0x00007fff9dcb8000 	C:\Program Files\Android\Android Studio\jre\bin\rmi.dll

dbghelp: loaded successfully - version: 4.0.5 - missing functions: none
symbol engine: initialized successfully - sym options: 0x614 - pdb path: .;C:\Program Files\Android\Android Studio\jre\bin;C:\Windows\SYSTEM32;C:\Windows\WinSxS\amd64_microsoft.windows.common-controls_6595b64144ccf1df_6.0.16299.1087_none_0f9074b65a6589b7;C:\Program Files\Android\Android Studio\jre\bin\server;C:\Users\Home\.gradle\native\e1d6ef7f7dcc3fd88c89a11ec53ec762bb8ba0a96d01ffa2cd45eb1d1d8dd5c5\windows-amd64;C:\Users\Home\.gradle\native\5664cfc778a61ccfe75a443a1ab52a65af34e5dc3c78e0209fed803814484fcb\windows-amd64;C:\Users\Home\AppData\Local\Temp\native-platform9754923556815216930dir

VM Arguments:
jvm_args: --add-opens=java.base/java.util=ALL-UNNAMED --add-opens=java.base/java.lang=ALL-UNNAMED --add-opens=java.base/java.lang.invoke=ALL-UNNAMED --add-opens=java.base/java.util=ALL-UNNAMED --add-opens=java.prefs/java.util.prefs=ALL-UNNAMED --add-opens=java.prefs/java.util.prefs=ALL-UNNAMED --add-opens=java.base/java.nio.charset=ALL-UNNAMED --add-opens=java.base/java.net=ALL-UNNAMED --add-opens=java.base/java.util.concurrent.atomic=ALL-UNNAMED -Xmx2048m -Dfile.encoding=UTF-8 -Duser.country=RU -Duser.language=ru -Duser.variant 
java_command: org.gradle.launcher.daemon.bootstrap.GradleDaemon 7.3.3
java_class_path (initial): C:\Users\Home\.gradle\wrapper\dists\gradle-7.3.3-bin\6a41zxkdtcxs8rphpq6y0069z\gradle-7.3.3\lib\gradle-launcher-7.3.3.jar
Launcher Type: SUN_STANDARD

[Global flags]
     intx CICompilerCount                          = 3                                         {product} {ergonomic}
     uint ConcGCThreads                            = 1                                         {product} {ergonomic}
     uint G1ConcRefinementThreads                  = 4                                         {product} {ergonomic}
   size_t G1HeapRegionSize                         = 1048576                                   {product} {ergonomic}
    uintx GCDrainStackTargetSize                   = 64                                        {product} {ergonomic}
   size_t InitialHeapSize                          = 100663296                                 {product} {ergonomic}
   size_t MarkStackSize                            = 4194304                                   {product} {ergonomic}
   size_t MaxHeapSize                              = 2147483648                                {product} {command line}
   size_t MaxNewSize                               = 1287651328                                {product} {ergonomic}
   size_t MinHeapDeltaBytes                        = 1048576                                   {product} {ergonomic}
    uintx NonNMethodCodeHeapSize                   = 5830732                                {pd product} {ergonomic}
    uintx NonProfiledCodeHeapSize                  = 122913754                              {pd product} {ergonomic}
    uintx ProfiledCodeHeapSize                     = 122913754                              {pd product} {ergonomic}
    uintx ReservedCodeCacheSize                    = 251658240                              {pd product} {ergonomic}
     bool SegmentedCodeCache                       = true                                      {product} {ergonomic}
     bool UseCompressedClassPointers               = true                                 {lp64_product} {ergonomic}
     bool UseCompressedOops                        = true                                 {lp64_product} {ergonomic}
     bool UseG1GC                                  = true                                      {product} {ergonomic}
     bool UseLargePagesIndividualAllocation        = false                                  {pd product} {ergonomic}

Logging:
Log output configuration:
 #0: stdout all=warning uptime,level,tags
 #1: stderr all=off uptime,level,tags

Environment Variables:
PATH=C:\Windows\system32;C:\Windows;C:\Windows\System32\Wbem;C:\Windows\System32\WindowsPowerShell\v1.0\;C:\Program Files\Git\cmd;C:\Users\Home\AppData\Local\Microsoft\WindowsApps;
USERNAME=Home
OS=Windows_NT
PROCESSOR_IDENTIFIER=Intel64 Family 6 Model 42 Stepping 7, GenuineIntel



---------------  S Y S T E M  ---------------

OS: Windows 10 , 64 bit Build 16299 (10.0.16299.1087)
OS uptime: 0 days 1:53 hours

CPU:total 4 (initial active 4) (2 cores per cpu, 2 threads per core) family 6 model 42 stepping 7 microcode 0x2e, cmov, cx8, fxsr, mmx, sse, sse2, sse3, ssse3, sse4.1, sse4.2, popcnt, avx, aes, clmul, ht, tsc, tscinvbit

Memory: 4k page, system-wide physical 6056M (1652M free)
TotalPageFile size 7016M (AvailPageFile size 2667M)
current process WorkingSet (physical memory assigned to process): 606M, peak: 616M
current process commit charge ("private bytes"): 636M, peak: 647M

vm_info: OpenJDK 64-Bit Server VM (11.0.13+0-b1751.21-8125866) for windows-amd64 JRE (11.0.13+0-b1751.21-8125866), built on Feb  2 2022 03:00:22 by "builder" with MS VC++ 14.0 (VS2015)

END.
