#
# A fatal error has been detected by the Java Runtime Environment:
#
#  EXCEPTION_ACCESS_VIOLATION (0xc0000005) at pc=0x00007ffc20a92346, pid=7324, tid=5084
#
# JRE version: OpenJDK Runtime Environment (11.0.13) (build 11.0.13+0-b1751.21-8125866)
# Java VM: OpenJDK 64-Bit Server VM (11.0.13+0-b1751.21-8125866, mixed mode, tiered, compressed oops, g1 gc, windows-amd64)
# Problematic frame:
# V  [jvm.dll+0x192346]
#
# No core dump will be written. Minidumps are not enabled by default on client versions of Windows
#
# If you would like to submit a bug report, please visit:
#   https://bugreport.java.com/bugreport/crash.jsp
#

---------------  S U M M A R Y ------------

Command Line: --add-opens=java.base/java.util=ALL-UNNAMED --add-opens=java.base/java.lang=ALL-UNNAMED --add-opens=java.base/java.lang.invoke=ALL-UNNAMED --add-opens=java.base/java.util=ALL-UNNAMED --add-opens=java.prefs/java.util.prefs=ALL-UNNAMED --add-opens=java.prefs/java.util.prefs=ALL-UNNAMED --add-opens=java.base/java.nio.charset=ALL-UNNAMED --add-opens=java.base/java.net=ALL-UNNAMED --add-opens=java.base/java.util.concurrent.atomic=ALL-UNNAMED -Xmx2048m -Dfile.encoding=UTF-8 -Duser.country=RU -Duser.language=ru -Duser.variant org.gradle.launcher.daemon.bootstrap.GradleDaemon 7.3.3

Host: Intel(R) Core(TM) i5-2430M CPU @ 2.40GHz, 4 cores, 5G,  Windows 10 , 64 bit Build 16299 (10.0.16299.1087)
Time: Wed Oct 26 13:35:18 2022 Iiaineae?neia noaiaa?oiia a?aiy elapsed time: 31.319386 seconds (0d 0h 0m 31s)

---------------  T H R E A D  ---------------

Current thread (0x0000014298b46000):  ConcurrentGCThread "G1 Conc#0" [stack: 0x0000000933900000,0x0000000933a00000] [id=5084]

Stack: [0x0000000933900000,0x0000000933a00000],  sp=0x00000009339ffa18,  free space=1022k
Native frames: (J=compiled Java code, j=interpreted, Vv=VM code, C=native code)
V  [jvm.dll+0x192346]


siginfo: EXCEPTION_ACCESS_VIOLATION (0xc0000005), reading address 0x0000000000000008


Register to memory mapping:

RIP=0x00007ffc20a92346 jvm.dll
RAX=0x0000000000000001 is an unknown value
RBX=0x0000000081c97fe0 points into unknown readable memory: 0x0000000000000000 | 00 00 00 00 00 00 00 00
RCX=0x0000000081c97fe0 points into unknown readable memory: 0x0000000000000000 | 00 00 00 00 00 00 00 00
RDX=0x0000000081c97fe0 points into unknown readable memory: 0x0000000000000000 | 00 00 00 00 00 00 00 00
RSP=0x00000009339ffa18 points into unknown readable memory: 0x00007ffc20be50ba | ba 50 be 20 fc 7f 00 00
RBP=0x0000014298b3bf70 points into unknown readable memory: 0x0000014298b45000 | 00 50 b4 98 42 01 00 00
RSI=0x0000000000000001 is an unknown value
RDI=0x0 is NULL
R8 =0x0 is NULL
R9 =0x0 is NULL
R10=0x0000014298b3bf70 points into unknown readable memory: 0x0000014298b45000 | 00 50 b4 98 42 01 00 00
R11=0x00000009339ffac0 points into unknown readable memory: 0x00007ffc211495f8 | f8 95 14 21 fc 7f 00 00
R12=0x0 is NULL
R13=0x0 is NULL
R14=0x0 is NULL
R15=0x000000008c5e2fe0 is an oop: java.lang.String 
{0x000000008c5e2fe0} - klass: 'java/lang/String'


Registers:
RAX=0x0000000000000001, RBX=0x0000000081c97fe0, RCX=0x0000000081c97fe0, RDX=0x0000000081c97fe0
RSP=0x00000009339ffa18, RBP=0x0000014298b3bf70, RSI=0x0000000000000001, RDI=0x0000000000000000
R8 =0x0000000000000000, R9 =0x0000000000000000, R10=0x0000014298b3bf70, R11=0x00000009339ffac0
R12=0x0000000000000000, R13=0x0000000000000000, R14=0x0000000000000000, R15=0x000000008c5e2fe0
RIP=0x00007ffc20a92346, EFLAGS=0x0000000000010246

Top of Stack: (sp=0x00000009339ffa18)
0x00000009339ffa18:   00007ffc20be50ba 0000000081c97fe0
0x00000009339ffa28:   0000000100001a68 0000000080820aa8
0x00000009339ffa38:   00000009339ffac0 0000000100001a70
0x00000009339ffa48:   00007ffc20bea02b 0000000100001a68
0x00000009339ffa58:   000000008c5e2ff0 000000008c5e2fec
0x00000009339ffa68:   00000009339ffac0 0000000000000000
0x00000009339ffa78:   0000000000000000 000000000000000c
0x00000009339ffa88:   00007ffc212c3320 0000000000000003
0x00000009339ffa98:   00007ffc20bf0671 0000000000000000
0x00000009339ffaa8:   0000000100001808 000000008c600000
0x00000009339ffab8:   000000008c5e2fe0 00007ffc211495f8
0x00000009339ffac8:   0000000000000000 0000014298b07b50
0x00000009339ffad8:   0000014298b3bf70 0000000000000000
0x00000009339ffae8:   0000000000000000 0000000000000000
0x00000009339ffaf8:   00000009338ff130 0000000000000000
0x00000009339ffb08:   00007ffc20bf1caf 0000014298b3c018 

Instructions: (pc=0x00007ffc20a92346)
0x00007ffc20a92246:   48 89 5c 24 20 e8 f0 00 00 00 80 7f 30 00 48 63
0x00007ffc20a92256:   c8 48 89 4c 24 28 0f 28 44 24 20 74 17 0f 11 86
0x00007ffc20a92266:   98 03 00 00 48 8b 5c 24 40 48 8b 74 24 48 48 83
0x00007ffc20a92276:   c4 30 5f c3 48 8b 07 48 8d 54 24 20 48 8b cf 66
0x00007ffc20a92286:   0f 7f 44 24 20 ff 50 38 48 8b 5c 24 40 48 8b 74
0x00007ffc20a92296:   24 48 48 83 c4 30 5f c3 cc cc 40 53 48 83 ec 30
0x00007ffc20a922a6:   0f 10 82 98 03 00 00 48 8b da 0f 10 c8 66 0f 73
0x00007ffc20a922b6:   d9 08 66 48 0f 7e c8 48 85 c0 74 28 48 8b 01 48
0x00007ffc20a922c6:   8d 54 24 20 0f 29 44 24 20 ff 50 40 33 c0 48 89
0x00007ffc20a922d6:   44 24 20 48 89 44 24 28 0f 10 44 24 20 0f 11 83
0x00007ffc20a922e6:   98 03 00 00 48 83 c4 30 5b c3 48 8b 49 38 48 8b
0x00007ffc20a922f6:   01 48 ff 60 28 cc cc cc cc cc 80 3d d2 5e 89 00
0x00007ffc20a92306:   00 48 8b c1 74 1b 8b 51 08 8b 0d 03 cb 84 00 48
0x00007ffc20a92316:   d3 e2 48 8b c8 48 03 15 ee ca 84 00 e9 19 00 00
0x00007ffc20a92326:   00 48 8b 51 08 48 8b c8 e9 0d 00 00 00 cc cc cc
0x00007ffc20a92336:   cc cc cc cc cc cc cc cc cc cc 4c 8b ca 48 8b d1
0x00007ffc20a92346:   45 8b 41 08 45 85 c0 7e 0e 41 f6 c0 01 75 59 41
0x00007ffc20a92356:   c1 f8 03 41 8b c0 c3 79 4f 80 3d 73 5e 89 00 00
0x00007ffc20a92366:   b8 0c 00 00 00 b9 10 00 00 00 0f 45 c8 8b 05 1b
0x00007ffc20a92376:   14 83 00 ff c8 4c 63 c8 48 63 c1 41 8b c8 83 e1
0x00007ffc20a92386:   3f 48 63 14 10 41 8b c0 48 c1 f8 10 0f b6 c0 48
0x00007ffc20a92396:   d3 e2 49 8d 0c 11 49 f7 d1 48 03 c1 49 c1 e9 03
0x00007ffc20a923a6:   48 c1 e8 03 41 23 c1 c3 49 8b 01 49 8b c9 48 ff
0x00007ffc20a923b6:   a0 10 01 00 00 cc cc cc cc cc 48 8b c2 c3 cc cc
0x00007ffc20a923c6:   cc cc cc cc cc cc cc cc cc cc 48 83 ec 38 48 8b
0x00007ffc20a923d6:   41 38 80 78 08 00 74 00 0f 10 02 48 8b 49 38 48
0x00007ffc20a923e6:   8d 54 24 20 0f 29 44 24 20 e8 3c f0 ff ff 48 83
0x00007ffc20a923f6:   c4 38 c3 cc cc cc cc cc cc cc 48 83 ec 38 0f 10
0x00007ffc20a92406:   02 48 8b 01 48 8d 54 24 20 0f 29 44 24 20 ff 50
0x00007ffc20a92416:   38 48 83 c4 38 c3 cc cc cc cc 48 89 5c 24 08 55
0x00007ffc20a92426:   56 57 41 54 41 55 41 56 41 57 48 8d 6c 24 e0 48
0x00007ffc20a92436:   81 ec 20 01 00 00 48 8b 05 4d 51 86 00 48 33 c4 


Stack slot to memory mapping:
stack at sp + 0 slots: 0x00007ffc20be50ba jvm.dll
stack at sp + 1 slots: 0x0000000081c97fe0 points into unknown readable memory: 0x0000000000000000 | 00 00 00 00 00 00 00 00
stack at sp + 2 slots: 0x0000000100001a68 is pointing into metadata
stack at sp + 3 slots: 0x0000000080820aa8 is an oop: java.lang.Class 
{0x0000000080820aa8} - klass: 'java/lang/Class'
stack at sp + 4 slots: 0x00000009339ffac0 points into unknown readable memory: 0x00007ffc211495f8 | f8 95 14 21 fc 7f 00 00
stack at sp + 5 slots: 0x0000000100001a70 is a pointer to class: 
java.lang.reflect.AnnotatedElement {0x0000000100001a78}
stack at sp + 6 slots: 0x00007ffc20bea02b jvm.dll
stack at sp + 7 slots: 0x0000000100001a68 is pointing into metadata


---------------  P R O C E S S  ---------------

Threads class SMR info:
_java_thread_list=0x00000142b3411800, length=79, elements={
0x0000014298af8800, 0x00000142b26e8800, 0x00000142b26f2800, 0x00000142b2704800,
0x00000142b2707800, 0x00000142b2709800, 0x00000142b270d000, 0x00000142b270e800,
0x00000142b271a000, 0x00000142b31ff800, 0x00000142b5338000, 0x00000142b44eb000,
0x00000142b5060000, 0x00000142b5283800, 0x00000142b524a000, 0x00000142b5db3800,
0x00000142b3fd4000, 0x00000142b50bc800, 0x00000142b5304800, 0x00000142b5222800,
0x00000142b531f800, 0x00000142b531e800, 0x00000142b531d800, 0x00000142b5321000,
0x00000142b5322000, 0x00000142b5320000, 0x00000142b5322800, 0x00000142b5324800,
0x00000142b5323800, 0x00000142b5789800, 0x00000142b578d000, 0x00000142b578b000,
0x00000142b578a800, 0x00000142b578c000, 0x00000142b578e800, 0x00000142b423e800,
0x00000142b4241000, 0x00000142b4241800, 0x00000142b423f000, 0x00000142b4240000,
0x00000142b423c800, 0x00000142b4242800, 0x00000142b4243800, 0x00000142b423d800,
0x00000142b4249000, 0x00000142b4247800, 0x00000142b4244000, 0x00000142b4245000,
0x00000142b424b800, 0x00000142b4245800, 0x00000142b4248000, 0x00000142b424a000,
0x00000142b424a800, 0x00000142b4246800, 0x00000142b3321000, 0x00000142b3321800,
0x00000142b3320000, 0x00000142b331d000, 0x00000142b3323800, 0x00000142b331f800,
0x00000142b3322800, 0x00000142b331d800, 0x00000142b3324000, 0x00000142b331e800,
0x00000142b3327800, 0x00000142b3328000, 0x00000142b3329000, 0x00000142b332a000,
0x00000142b3326800, 0x00000142b3325000, 0x00000142b332a800, 0x00000142b332b800,
0x00000142b3326000, 0x00000142b55cd800, 0x00000142b55cd000, 0x00000142b55c8000,
0x00000142b55ce800, 0x00000142b55c8800, 0x00000142b5a4b800
}

Java Threads: ( => current thread )
  0x0000014298af8800 JavaThread "main" [_thread_blocked, id=7136, stack(0x0000000933600000,0x0000000933700000)]
  0x00000142b26e8800 JavaThread "Reference Handler" daemon [_thread_blocked, id=508, stack(0x0000000933d00000,0x0000000933e00000)]
  0x00000142b26f2800 JavaThread "Finalizer" daemon [_thread_blocked, id=4700, stack(0x0000000933e00000,0x0000000933f00000)]
  0x00000142b2704800 JavaThread "Signal Dispatcher" daemon [_thread_blocked, id=7108, stack(0x0000000933f00000,0x0000000934000000)]
  0x00000142b2707800 JavaThread "Attach Listener" daemon [_thread_blocked, id=3536, stack(0x0000000934000000,0x0000000934100000)]
  0x00000142b2709800 JavaThread "Service Thread" daemon [_thread_blocked, id=7300, stack(0x0000000934100000,0x0000000934200000)]
  0x00000142b270d000 JavaThread "C2 CompilerThread0" daemon [_thread_in_native, id=3500, stack(0x0000000934200000,0x0000000934300000)]
  0x00000142b270e800 JavaThread "C1 CompilerThread0" daemon [_thread_blocked, id=7132, stack(0x0000000934300000,0x0000000934400000)]
  0x00000142b271a000 JavaThread "Sweeper thread" daemon [_thread_blocked, id=224, stack(0x0000000934400000,0x0000000934500000)]
  0x00000142b31ff800 JavaThread "Common-Cleaner" daemon [_thread_blocked, id=4820, stack(0x0000000934500000,0x0000000934600000)]
  0x00000142b5338000 JavaThread "Daemon health stats" [_thread_blocked, id=7540, stack(0x0000000934a00000,0x0000000934b00000)]
  0x00000142b44eb000 JavaThread "Incoming local TCP Connector on port 50500" [_thread_in_native, id=3080, stack(0x0000000934b00000,0x0000000934c00000)]
  0x00000142b5060000 JavaThread "Daemon periodic checks" [_thread_blocked, id=5352, stack(0x0000000934c00000,0x0000000934d00000)]
  0x00000142b5283800 JavaThread "Daemon" [_thread_blocked, id=4104, stack(0x0000000934d00000,0x0000000934e00000)]
  0x00000142b524a000 JavaThread "Handler for socket connection from /127.0.0.1:50500 to /127.0.0.1:50501" [_thread_in_native, id=3864, stack(0x0000000934e00000,0x0000000934f00000)]
  0x00000142b5db3800 JavaThread "Cancel handler" [_thread_blocked, id=7120, stack(0x0000000934f00000,0x0000000935000000)]
  0x00000142b3fd4000 JavaThread "Daemon worker" [_thread_in_native, id=7672, stack(0x0000000935000000,0x0000000935100000)]
  0x00000142b50bc800 JavaThread "Asynchronous log dispatcher for DefaultDaemonConnection: socket connection from /127.0.0.1:50500 to /127.0.0.1:50501" [_thread_blocked, id=6472, stack(0x0000000935100000,0x0000000935200000)]
  0x00000142b5304800 JavaThread "Stdin handler" [_thread_blocked, id=6744, stack(0x0000000935200000,0x0000000935300000)]
  0x00000142b5222800 JavaThread "Daemon client event forwarder" [_thread_blocked, id=1428, stack(0x0000000935300000,0x0000000935400000)]
  0x00000142b531f800 JavaThread "Cache worker for journal cache (C:\Users\Home\.gradle\caches\journal-1)" [_thread_blocked, id=5964, stack(0x0000000935600000,0x0000000935700000)]
  0x00000142b531e800 JavaThread "File lock request listener" [_thread_in_native, id=5584, stack(0x0000000935700000,0x0000000935800000)]
  0x00000142b531d800 JavaThread "Cache worker for file hash cache (C:\Users\Home\.gradle\caches\7.3.3\fileHashes)" [_thread_blocked, id=7744, stack(0x0000000935800000,0x0000000935900000)]
  0x00000142b5321000 JavaThread "Cache worker for file hash cache (C:\projects\TradeStuff\.gradle\7.3.3\fileHashes)" [_thread_blocked, id=5240, stack(0x0000000935900000,0x0000000935a00000)]
  0x00000142b5322000 JavaThread "File watcher server" daemon [_thread_in_native, id=7304, stack(0x0000000935a00000,0x0000000935b00000)]
  0x00000142b5320000 JavaThread "File watcher consumer" daemon [_thread_blocked, id=7524, stack(0x0000000935b00000,0x0000000935c00000)]
  0x00000142b5322800 JavaThread "jar transforms" [_thread_blocked, id=1812, stack(0x0000000935c00000,0x0000000935d00000)]
  0x00000142b5324800 JavaThread "jar transforms Thread 2" [_thread_blocked, id=7096, stack(0x0000000935d00000,0x0000000935e00000)]
  0x00000142b5323800 JavaThread "jar transforms Thread 3" [_thread_blocked, id=6580, stack(0x0000000935e00000,0x0000000935f00000)]
  0x00000142b5789800 JavaThread "jar transforms Thread 4" [_thread_blocked, id=472, stack(0x0000000935f00000,0x0000000936000000)]
  0x00000142b578d000 JavaThread "Cache worker for checksums cache (C:\projects\TradeStuff\.gradle\7.3.3\checksums)" [_thread_blocked, id=1544, stack(0x0000000936000000,0x0000000936100000)]
  0x00000142b578b000 JavaThread "Cache worker for cache directory md-supplier (C:\Users\Home\.gradle\caches\7.3.3\md-supplier)" [_thread_blocked, id=716, stack(0x0000000936100000,0x0000000936200000)]
  0x00000142b578a800 JavaThread "Cache worker for cache directory md-rule (C:\Users\Home\.gradle\caches\7.3.3\md-rule)" [_thread_blocked, id=1804, stack(0x0000000936200000,0x0000000936300000)]
  0x00000142b578c000 JavaThread "Cache worker for execution history cache (C:\Users\Home\.gradle\caches\7.3.3\executionHistory)" [_thread_blocked, id=68, stack(0x0000000936300000,0x0000000936400000)]
  0x00000142b578e800 JavaThread "Cache worker for file content cache (C:\Users\Home\.gradle\caches\7.3.3\fileContent)" [_thread_blocked, id=2648, stack(0x0000000936600000,0x0000000936700000)]
  0x00000142b423e800 JavaThread "Cache worker for dependencies-accessors (C:\projects\TradeStuff\.gradle\7.3.3\dependencies-accessors)" [_thread_blocked, id=7268, stack(0x0000000936800000,0x0000000936900000)]
  0x00000142b4241000 JavaThread "Cache worker for Build Output Cleanup Cache (C:\projects\TradeStuff\.gradle\buildOutputCleanup)" [_thread_blocked, id=6272, stack(0x0000000936900000,0x0000000936a00000)]
  0x00000142b4241800 JavaThread "Unconstrained build operations" [_thread_blocked, id=4180, stack(0x0000000936b00000,0x0000000936c00000)]
  0x00000142b423f000 JavaThread "Unconstrained build operations Thread 2" [_thread_blocked, id=5868, stack(0x0000000936c00000,0x0000000936d00000)]
  0x00000142b4240000 JavaThread "Unconstrained build operations Thread 3" [_thread_blocked, id=1200, stack(0x0000000936d00000,0x0000000936e00000)]
  0x00000142b423c800 JavaThread "Unconstrained build operations Thread 4" [_thread_blocked, id=7828, stack(0x0000000936e00000,0x0000000936f00000)]
  0x00000142b4242800 JavaThread "Unconstrained build operations Thread 5" [_thread_blocked, id=7600, stack(0x0000000936f00000,0x0000000937000000)]
  0x00000142b4243800 JavaThread "Unconstrained build operations Thread 6" [_thread_blocked, id=4144, stack(0x0000000937000000,0x0000000937100000)]
  0x00000142b423d800 JavaThread "Unconstrained build operations Thread 7" [_thread_blocked, id=4924, stack(0x0000000937100000,0x0000000937200000)]
  0x00000142b4249000 JavaThread "Unconstrained build operations Thread 8" [_thread_blocked, id=5904, stack(0x0000000937200000,0x0000000937300000)]
  0x00000142b4247800 JavaThread "Unconstrained build operations Thread 9" [_thread_blocked, id=4256, stack(0x0000000937300000,0x0000000937400000)]
  0x00000142b4244000 JavaThread "Unconstrained build operations Thread 10" [_thread_blocked, id=1100, stack(0x0000000937400000,0x0000000937500000)]
  0x00000142b4245000 JavaThread "Unconstrained build operations Thread 11" [_thread_blocked, id=4020, stack(0x0000000937500000,0x0000000937600000)]
  0x00000142b424b800 JavaThread "Unconstrained build operations Thread 12" [_thread_blocked, id=3524, stack(0x0000000937600000,0x0000000937700000)]
  0x00000142b4245800 JavaThread "Unconstrained build operations Thread 13" [_thread_blocked, id=7504, stack(0x0000000937700000,0x0000000937800000)]
  0x00000142b4248000 JavaThread "Unconstrained build operations Thread 14" [_thread_blocked, id=168, stack(0x0000000937800000,0x0000000937900000)]
  0x00000142b424a000 JavaThread "Unconstrained build operations Thread 15" [_thread_blocked, id=5960, stack(0x0000000937900000,0x0000000937a00000)]
  0x00000142b424a800 JavaThread "Unconstrained build operations Thread 16" [_thread_blocked, id=3084, stack(0x0000000937a00000,0x0000000937b00000)]
  0x00000142b4246800 JavaThread "Unconstrained build operations Thread 17" [_thread_blocked, id=4696, stack(0x0000000937b00000,0x0000000937c00000)]
  0x00000142b3321000 JavaThread "Unconstrained build operations Thread 18" [_thread_blocked, id=6504, stack(0x0000000937c00000,0x0000000937d00000)]
  0x00000142b3321800 JavaThread "Unconstrained build operations Thread 19" [_thread_blocked, id=7552, stack(0x0000000937d00000,0x0000000937e00000)]
  0x00000142b3320000 JavaThread "Unconstrained build operations Thread 20" [_thread_blocked, id=3364, stack(0x0000000937e00000,0x0000000937f00000)]
  0x00000142b331d000 JavaThread "Unconstrained build operations Thread 21" [_thread_blocked, id=6940, stack(0x0000000937f00000,0x0000000938000000)]
  0x00000142b3323800 JavaThread "Unconstrained build operations Thread 22" [_thread_blocked, id=6584, stack(0x0000000938000000,0x0000000938100000)]
  0x00000142b331f800 JavaThread "Unconstrained build operations Thread 23" [_thread_blocked, id=6856, stack(0x0000000938100000,0x0000000938200000)]
  0x00000142b3322800 JavaThread "Unconstrained build operations Thread 24" [_thread_blocked, id=2088, stack(0x0000000938200000,0x0000000938300000)]
  0x00000142b331d800 JavaThread "Unconstrained build operations Thread 25" [_thread_blocked, id=8168, stack(0x0000000938300000,0x0000000938400000)]
  0x00000142b3324000 JavaThread "Unconstrained build operations Thread 26" [_thread_blocked, id=5540, stack(0x0000000938400000,0x0000000938500000)]
  0x00000142b331e800 JavaThread "Unconstrained build operations Thread 27" [_thread_blocked, id=5892, stack(0x0000000938500000,0x0000000938600000)]
  0x00000142b3327800 JavaThread "Unconstrained build operations Thread 28" [_thread_blocked, id=6064, stack(0x0000000938600000,0x0000000938700000)]
  0x00000142b3328000 JavaThread "Unconstrained build operations Thread 29" [_thread_blocked, id=6252, stack(0x0000000938700000,0x0000000938800000)]
  0x00000142b3329000 JavaThread "Unconstrained build operations Thread 30" [_thread_blocked, id=4064, stack(0x0000000938800000,0x0000000938900000)]
  0x00000142b332a000 JavaThread "Unconstrained build operations Thread 31" [_thread_blocked, id=1432, stack(0x0000000938900000,0x0000000938a00000)]
  0x00000142b3326800 JavaThread "Unconstrained build operations Thread 32" [_thread_blocked, id=1376, stack(0x0000000938a00000,0x0000000938b00000)]
  0x00000142b3325000 JavaThread "Unconstrained build operations Thread 33" [_thread_blocked, id=3184, stack(0x0000000938b00000,0x0000000938c00000)]
  0x00000142b332a800 JavaThread "Unconstrained build operations Thread 34" [_thread_blocked, id=5532, stack(0x0000000938c00000,0x0000000938d00000)]
  0x00000142b332b800 JavaThread "Unconstrained build operations Thread 35" [_thread_blocked, id=4404, stack(0x0000000938d00000,0x0000000938e00000)]
  0x00000142b3326000 JavaThread "Unconstrained build operations Thread 36" [_thread_blocked, id=4384, stack(0x0000000938e00000,0x0000000938f00000)]
  0x00000142b55cd800 JavaThread "Unconstrained build operations Thread 37" [_thread_blocked, id=1384, stack(0x0000000938f00000,0x0000000939000000)]
  0x00000142b55cd000 JavaThread "Unconstrained build operations Thread 38" [_thread_blocked, id=6240, stack(0x0000000939000000,0x0000000939100000)]
  0x00000142b55c8000 JavaThread "Unconstrained build operations Thread 39" [_thread_blocked, id=4716, stack(0x0000000939100000,0x0000000939200000)]
  0x00000142b55ce800 JavaThread "Unconstrained build operations Thread 40" [_thread_blocked, id=3644, stack(0x0000000939200000,0x0000000939300000)]
  0x00000142b55c8800 JavaThread "Memory manager" [_thread_blocked, id=3004, stack(0x0000000939500000,0x0000000939600000)]
  0x00000142b5a4b800 JavaThread "C2 CompilerThread1" daemon [_thread_in_native, id=4524, stack(0x0000000939600000,0x0000000939700000)]

Other Threads:
  0x00000142b26e2800 VMThread "VM Thread" [stack: 0x0000000933c00000,0x0000000933d00000] [id=7740]
  0x00000142b3203000 WatcherThread [stack: 0x0000000934600000,0x0000000934700000] [id=6436]
  0x0000014298b13000 GCTaskThread "GC Thread#0" [stack: 0x0000000933700000,0x0000000933800000] [id=5436]
  0x00000142b3482800 GCTaskThread "GC Thread#1" [stack: 0x0000000934800000,0x0000000934900000] [id=8136]
  0x00000142b5a6d800 GCTaskThread "GC Thread#2" [stack: 0x0000000935400000,0x0000000935500000] [id=3316]
  0x00000142b3eb7800 GCTaskThread "GC Thread#3" [stack: 0x0000000935500000,0x0000000935600000] [id=4804]
  0x0000014298b45000 ConcurrentGCThread "G1 Main Marker" [stack: 0x0000000933800000,0x0000000933900000] [id=1776]
=>0x0000014298b46000 ConcurrentGCThread "G1 Conc#0" [stack: 0x0000000933900000,0x0000000933a00000] [id=5084]
  0x0000014298bc0000 ConcurrentGCThread "G1 Refine#0" [stack: 0x0000000933a00000,0x0000000933b00000] [id=6244]
  0x0000014298bc1000 ConcurrentGCThread "G1 Young RemSet Sampling" [stack: 0x0000000933b00000,0x0000000933c00000] [id=5024]

Threads with active compile tasks:
C2 CompilerThread0  31430 7728       4       java.lang.Class::privateGetPublicMethods (224 bytes)
C2 CompilerThread1  31430 7722   !   4       com.sun.beans.TypeResolver::resolve (261 bytes)

VM state:not at safepoint (normal execution)

VM Mutex/Monitor currently owned by a thread: None

Heap address: 0x0000000080000000, size: 2048 MB, Compressed Oops mode: 32-bit
Narrow klass base: 0x0000000000000000, Narrow klass shift: 3
Compressed class space size: 1073741824 Address: 0x0000000100000000

Heap:
 garbage-first heap   total 248832K, used 120974K [0x0000000080000000, 0x0000000100000000)
  region size 1024K, 5 young (5120K), 4 survivors (4096K)
 Metaspace       used 79350K, capacity 81301K, committed 81564K, reserved 1120256K
  class space    used 10248K, capacity 10932K, committed 11008K, reserved 1048576K
Heap Regions: E=young(eden), S=young(survivor), O=old, HS=humongous(starts), HC=humongous(continues), CS=collection set, F=free, A=archive, TAMS=top-at-mark-start (previous, next)
|   0|0x0000000080000000, 0x0000000080100000, 0x0000000080100000|100%| O|  |TAMS 0x0000000080100000, 0x0000000080100000| Untracked 
|   1|0x0000000080100000, 0x0000000080200000, 0x0000000080200000|100%| O|  |TAMS 0x0000000080200000, 0x0000000080200000| Untracked 
|   2|0x0000000080200000, 0x0000000080300000, 0x0000000080300000|100%| O|  |TAMS 0x0000000080300000, 0x0000000080300000| Untracked 
|   3|0x0000000080300000, 0x0000000080400000, 0x0000000080400000|100%|HS|  |TAMS 0x0000000080400000, 0x0000000080400000| Complete 
|   4|0x0000000080400000, 0x0000000080500000, 0x0000000080500000|100%|HC|  |TAMS 0x0000000080500000, 0x0000000080500000| Complete 
|   5|0x0000000080500000, 0x0000000080600000, 0x0000000080600000|100%|HC|  |TAMS 0x0000000080600000, 0x0000000080600000| Complete 
|   6|0x0000000080600000, 0x0000000080700000, 0x0000000080700000|100%| O|  |TAMS 0x0000000080700000, 0x0000000080700000| Untracked 
|   7|0x0000000080700000, 0x0000000080800000, 0x0000000080800000|100%| O|  |TAMS 0x0000000080800000, 0x0000000080800000| Untracked 
|   8|0x0000000080800000, 0x0000000080900000, 0x0000000080900000|100%| O|  |TAMS 0x0000000080900000, 0x0000000080900000| Untracked 
|   9|0x0000000080900000, 0x0000000080a00000, 0x0000000080a00000|100%| O|  |TAMS 0x0000000080a00000, 0x0000000080a00000| Untracked 
|  10|0x0000000080a00000, 0x0000000080b00000, 0x0000000080b00000|100%| O|  |TAMS 0x0000000080b00000, 0x0000000080b00000| Untracked 
|  11|0x0000000080b00000, 0x0000000080c00000, 0x0000000080c00000|100%| O|  |TAMS 0x0000000080c00000, 0x0000000080c00000| Untracked 
|  12|0x0000000080c00000, 0x0000000080d00000, 0x0000000080d00000|100%| O|  |TAMS 0x0000000080d00000, 0x0000000080d00000| Untracked 
|  13|0x0000000080d00000, 0x0000000080e00000, 0x0000000080e00000|100%| O|  |TAMS 0x0000000080e00000, 0x0000000080e00000| Untracked 
|  14|0x0000000080e00000, 0x0000000080f00000, 0x0000000080f00000|100%| O|  |TAMS 0x0000000080f00000, 0x0000000080f00000| Untracked 
|  15|0x0000000080f00000, 0x0000000081000000, 0x0000000081000000|100%| O|  |TAMS 0x0000000081000000, 0x0000000081000000| Untracked 
|  16|0x0000000081000000, 0x0000000081100000, 0x0000000081100000|100%| O|  |TAMS 0x0000000081100000, 0x0000000081100000| Untracked 
|  17|0x0000000081100000, 0x0000000081200000, 0x0000000081200000|100%|HS|  |TAMS 0x0000000081200000, 0x0000000081200000| Complete 
|  18|0x0000000081200000, 0x0000000081300000, 0x0000000081300000|100%|HC|  |TAMS 0x0000000081300000, 0x0000000081300000| Complete 
|  19|0x0000000081300000, 0x0000000081400000, 0x0000000081400000|100%|HS|  |TAMS 0x0000000081400000, 0x0000000081400000| Complete 
|  20|0x0000000081400000, 0x0000000081500000, 0x0000000081500000|100%|HC|  |TAMS 0x0000000081500000, 0x0000000081500000| Complete 
|  21|0x0000000081500000, 0x0000000081600000, 0x0000000081600000|100%|HC|  |TAMS 0x0000000081600000, 0x0000000081600000| Complete 
|  22|0x0000000081600000, 0x0000000081700000, 0x0000000081700000|100%|HS|  |TAMS 0x0000000081700000, 0x0000000081700000| Complete 
|  23|0x0000000081700000, 0x0000000081800000, 0x0000000081800000|100%|HC|  |TAMS 0x0000000081800000, 0x0000000081800000| Complete 
|  24|0x0000000081800000, 0x0000000081900000, 0x0000000081900000|100%|HC|  |TAMS 0x0000000081900000, 0x0000000081900000| Complete 
|  25|0x0000000081900000, 0x0000000081a00000, 0x0000000081a00000|100%|HS|  |TAMS 0x0000000081a00000, 0x0000000081a00000| Complete 
|  26|0x0000000081a00000, 0x0000000081b00000, 0x0000000081b00000|100%|HC|  |TAMS 0x0000000081b00000, 0x0000000081b00000| Complete 
|  27|0x0000000081b00000, 0x0000000081c00000, 0x0000000081c00000|100%|HC|  |TAMS 0x0000000081c00000, 0x0000000081c00000| Complete 
|  28|0x0000000081c00000, 0x0000000081d00000, 0x0000000081d00000|100%|HC|  |TAMS 0x0000000081d00000, 0x0000000081d00000| Complete 
|  29|0x0000000081d00000, 0x0000000081e00000, 0x0000000081e00000|100%|HS|  |TAMS 0x0000000081e00000, 0x0000000081e00000| Complete 
|  30|0x0000000081e00000, 0x0000000081f00000, 0x0000000081f00000|100%|HC|  |TAMS 0x0000000081f00000, 0x0000000081f00000| Complete 
|  31|0x0000000081f00000, 0x0000000082000000, 0x0000000082000000|100%|HC|  |TAMS 0x0000000082000000, 0x0000000082000000| Complete 
|  32|0x0000000082000000, 0x0000000082100000, 0x0000000082100000|100%|HC|  |TAMS 0x0000000082100000, 0x0000000082100000| Complete 
|  33|0x0000000082100000, 0x0000000082200000, 0x0000000082200000|100%|HC|  |TAMS 0x0000000082200000, 0x0000000082200000| Complete 
|  34|0x0000000082200000, 0x0000000082300000, 0x0000000082300000|100%| O|  |TAMS 0x0000000082300000, 0x0000000082300000| Untracked 
|  35|0x0000000082300000, 0x0000000082400000, 0x0000000082400000|100%| O|  |TAMS 0x0000000082400000, 0x0000000082400000| Untracked 
|  36|0x0000000082400000, 0x0000000082500000, 0x0000000082500000|100%| O|  |TAMS 0x0000000082500000, 0x0000000082500000| Untracked 
|  37|0x0000000082500000, 0x0000000082600000, 0x0000000082600000|100%| O|  |TAMS 0x0000000082600000, 0x0000000082600000| Untracked 
|  38|0x0000000082600000, 0x0000000082700000, 0x0000000082700000|100%| O|  |TAMS 0x0000000082700000, 0x0000000082700000| Untracked 
|  39|0x0000000082700000, 0x0000000082800000, 0x0000000082800000|100%| O|  |TAMS 0x0000000082800000, 0x0000000082800000| Untracked 
|  40|0x0000000082800000, 0x0000000082900000, 0x0000000082900000|100%| O|  |TAMS 0x0000000082900000, 0x0000000082900000| Untracked 
|  41|0x0000000082900000, 0x0000000082a00000, 0x0000000082a00000|100%| O|  |TAMS 0x0000000082a00000, 0x0000000082a00000| Untracked 
|  42|0x0000000082a00000, 0x0000000082b00000, 0x0000000082b00000|100%|HS|  |TAMS 0x0000000082b00000, 0x0000000082b00000| Complete 
|  43|0x0000000082b00000, 0x0000000082c00000, 0x0000000082c00000|100%|HC|  |TAMS 0x0000000082c00000, 0x0000000082c00000| Complete 
|  44|0x0000000082c00000, 0x0000000082d00000, 0x0000000082d00000|100%|HC|  |TAMS 0x0000000082d00000, 0x0000000082d00000| Complete 
|  45|0x0000000082d00000, 0x0000000082e00000, 0x0000000082e00000|100%| O|  |TAMS 0x0000000082e00000, 0x0000000082e00000| Untracked 
|  46|0x0000000082e00000, 0x0000000082f00000, 0x0000000082f00000|100%| O|  |TAMS 0x0000000082f00000, 0x0000000082f00000| Untracked 
|  47|0x0000000082f00000, 0x0000000083000000, 0x0000000083000000|100%| O|  |TAMS 0x0000000083000000, 0x0000000083000000| Untracked 
|  48|0x0000000083000000, 0x0000000083100000, 0x0000000083100000|100%| O|  |TAMS 0x0000000083100000, 0x0000000083100000| Untracked 
|  49|0x0000000083100000, 0x0000000083200000, 0x0000000083200000|100%| O|  |TAMS 0x0000000083200000, 0x0000000083200000| Untracked 
|  50|0x0000000083200000, 0x0000000083300000, 0x0000000083300000|100%|HS|  |TAMS 0x0000000083300000, 0x0000000083300000| Complete 
|  51|0x0000000083300000, 0x0000000083400000, 0x0000000083400000|100%|HC|  |TAMS 0x0000000083400000, 0x0000000083400000| Complete 
|  52|0x0000000083400000, 0x0000000083500000, 0x0000000083500000|100%|HC|  |TAMS 0x0000000083500000, 0x0000000083500000| Complete 
|  53|0x0000000083500000, 0x0000000083600000, 0x0000000083600000|100%|HC|  |TAMS 0x0000000083600000, 0x0000000083600000| Complete 
|  54|0x0000000083600000, 0x0000000083700000, 0x0000000083700000|100%|HS|  |TAMS 0x0000000083700000, 0x0000000083700000| Complete 
|  55|0x0000000083700000, 0x0000000083800000, 0x0000000083800000|100%|HC|  |TAMS 0x0000000083800000, 0x0000000083800000| Complete 
|  56|0x0000000083800000, 0x0000000083900000, 0x0000000083900000|100%|HS|  |TAMS 0x0000000083900000, 0x0000000083900000| Complete 
|  57|0x0000000083900000, 0x0000000083a00000, 0x0000000083a00000|100%|HC|  |TAMS 0x0000000083a00000, 0x0000000083a00000| Complete 
|  58|0x0000000083a00000, 0x0000000083b00000, 0x0000000083b00000|100%|HC|  |TAMS 0x0000000083b00000, 0x0000000083b00000| Complete 
|  59|0x0000000083b00000, 0x0000000083c00000, 0x0000000083c00000|100%| O|  |TAMS 0x0000000083c00000, 0x0000000083c00000| Untracked 
|  60|0x0000000083c00000, 0x0000000083d00000, 0x0000000083d00000|100%| O|  |TAMS 0x0000000083d00000, 0x0000000083d00000| Untracked 
|  61|0x0000000083d00000, 0x0000000083e00000, 0x0000000083e00000|100%| O|  |TAMS 0x0000000083e00000, 0x0000000083e00000| Untracked 
|  62|0x0000000083e00000, 0x0000000083f00000, 0x0000000083f00000|100%| O|  |TAMS 0x0000000083f00000, 0x0000000083f00000| Untracked 
|  63|0x0000000083f00000, 0x0000000084000000, 0x0000000084000000|100%| O|  |TAMS 0x0000000084000000, 0x0000000084000000| Untracked 
|  64|0x0000000084000000, 0x0000000084100000, 0x0000000084100000|100%| O|  |TAMS 0x0000000084100000, 0x0000000084100000| Untracked 
|  65|0x0000000084100000, 0x0000000084200000, 0x0000000084200000|100%| O|  |TAMS 0x0000000084200000, 0x0000000084200000| Untracked 
|  66|0x0000000084200000, 0x0000000084300000, 0x0000000084300000|100%| O|  |TAMS 0x0000000084300000, 0x0000000084300000| Untracked 
|  67|0x0000000084300000, 0x0000000084400000, 0x0000000084400000|100%|HS|  |TAMS 0x0000000084400000, 0x0000000084400000| Complete 
|  68|0x0000000084400000, 0x0000000084500000, 0x0000000084500000|100%|HC|  |TAMS 0x0000000084500000, 0x0000000084500000| Complete 
|  69|0x0000000084500000, 0x0000000084600000, 0x0000000084600000|100%|HC|  |TAMS 0x0000000084600000, 0x0000000084600000| Complete 
|  70|0x0000000084600000, 0x0000000084700000, 0x0000000084700000|100%|HC|  |TAMS 0x0000000084700000, 0x0000000084700000| Complete 
|  71|0x0000000084700000, 0x0000000084800000, 0x0000000084800000|100%|HC|  |TAMS 0x0000000084800000, 0x0000000084800000| Complete 
|  72|0x0000000084800000, 0x0000000084900000, 0x0000000084900000|100%| O|  |TAMS 0x0000000084900000, 0x0000000084900000| Untracked 
|  73|0x0000000084900000, 0x0000000084a00000, 0x0000000084a00000|100%| O|  |TAMS 0x0000000084a00000, 0x0000000084a00000| Untracked 
|  74|0x0000000084a00000, 0x0000000084b00000, 0x0000000084b00000|100%| O|  |TAMS 0x0000000084b00000, 0x0000000084b00000| Untracked 
|  75|0x0000000084b00000, 0x0000000084c00000, 0x0000000084c00000|100%|HS|  |TAMS 0x0000000084c00000, 0x0000000084c00000| Complete 
|  76|0x0000000084c00000, 0x0000000084d00000, 0x0000000084d00000|100%|HS|  |TAMS 0x0000000084d00000, 0x0000000084d00000| Complete 
|  77|0x0000000084d00000, 0x0000000084e00000, 0x0000000084e00000|100%|HS|  |TAMS 0x0000000084e00000, 0x0000000084e00000| Complete 
|  78|0x0000000084e00000, 0x0000000084f00000, 0x0000000084f00000|100%|HS|  |TAMS 0x0000000084f00000, 0x0000000084f00000| Complete 
|  79|0x0000000084f00000, 0x0000000085000000, 0x0000000085000000|100%|HC|  |TAMS 0x0000000085000000, 0x0000000085000000| Complete 
|  80|0x0000000085000000, 0x0000000085100000, 0x0000000085100000|100%|HC|  |TAMS 0x0000000085100000, 0x0000000085100000| Complete 
|  81|0x0000000085100000, 0x0000000085200000, 0x0000000085200000|100%|HC|  |TAMS 0x0000000085200000, 0x0000000085200000| Complete 
|  82|0x0000000085200000, 0x0000000085300000, 0x0000000085300000|100%| O|  |TAMS 0x0000000085300000, 0x0000000085300000| Untracked 
|  83|0x0000000085300000, 0x0000000085400000, 0x0000000085400000|100%| O|  |TAMS 0x0000000085400000, 0x0000000085400000| Untracked 
|  84|0x0000000085400000, 0x0000000085500000, 0x0000000085500000|100%| O|  |TAMS 0x0000000085500000, 0x0000000085500000| Untracked 
|  85|0x0000000085500000, 0x0000000085600000, 0x0000000085600000|100%| O|  |TAMS 0x0000000085600000, 0x0000000085600000| Untracked 
|  86|0x0000000085600000, 0x0000000085700000, 0x0000000085700000|100%|HS|  |TAMS 0x0000000085700000, 0x0000000085700000| Complete 
|  87|0x0000000085700000, 0x0000000085800000, 0x0000000085800000|100%|HC|  |TAMS 0x0000000085800000, 0x0000000085800000| Complete 
|  88|0x0000000085800000, 0x0000000085900000, 0x0000000085900000|100%| O|  |TAMS 0x0000000085900000, 0x0000000085900000| Untracked 
|  89|0x0000000085900000, 0x0000000085a00000, 0x0000000085a00000|100%| O|  |TAMS 0x0000000085a00000, 0x0000000085a00000| Untracked 
|  90|0x0000000085a00000, 0x0000000085b00000, 0x0000000085b00000|100%| O|  |TAMS 0x0000000085b00000, 0x0000000085b00000| Untracked 
|  91|0x0000000085b00000, 0x0000000085c00000, 0x0000000085c00000|100%| O|  |TAMS 0x0000000085c00000, 0x0000000085c00000| Untracked 
|  92|0x0000000085c00000, 0x0000000085d00000, 0x0000000085d00000|100%| O|  |TAMS 0x0000000085d00000, 0x0000000085d00000| Untracked 
|  93|0x0000000085d00000, 0x0000000085e00000, 0x0000000085e00000|100%| O|  |TAMS 0x0000000085e00000, 0x0000000085e00000| Untracked 
|  94|0x0000000085e00000, 0x0000000085f00000, 0x0000000085f00000|100%| O|  |TAMS 0x0000000085f00000, 0x0000000085f00000| Untracked 
|  95|0x0000000085f00000, 0x0000000086000000, 0x0000000086000000|100%| O|  |TAMS 0x0000000086000000, 0x0000000086000000| Untracked 
|  96|0x0000000086000000, 0x0000000086100000, 0x0000000086100000|100%| O|  |TAMS 0x0000000086100000, 0x0000000086100000| Untracked 
|  97|0x0000000086100000, 0x0000000086200000, 0x0000000086200000|100%| O|  |TAMS 0x0000000086200000, 0x0000000086200000| Untracked 
|  98|0x0000000086200000, 0x0000000086300000, 0x0000000086300000|100%| O|  |TAMS 0x0000000086300000, 0x0000000086300000| Untracked 
|  99|0x0000000086300000, 0x0000000086400000, 0x0000000086400000|100%| O|  |TAMS 0x0000000086400000, 0x0000000086400000| Untracked 
| 100|0x0000000086400000, 0x0000000086500000, 0x0000000086500000|100%| O|  |TAMS 0x0000000086500000, 0x0000000086500000| Untracked 
| 101|0x0000000086500000, 0x0000000086600000, 0x0000000086600000|100%| O|  |TAMS 0x0000000086600000, 0x0000000086600000| Untracked 
| 102|0x0000000086600000, 0x0000000086700000, 0x0000000086700000|100%| O|  |TAMS 0x0000000086700000, 0x0000000086700000| Untracked 
| 103|0x0000000086700000, 0x0000000086800000, 0x0000000086800000|100%| O|  |TAMS 0x0000000086800000, 0x0000000086800000| Untracked 
| 104|0x0000000086800000, 0x0000000086900000, 0x0000000086900000|100%| O|  |TAMS 0x0000000086900000, 0x0000000086900000| Untracked 
| 105|0x0000000086900000, 0x0000000086a00000, 0x0000000086a00000|100%| O|  |TAMS 0x0000000086a00000, 0x0000000086a00000| Untracked 
| 106|0x0000000086a00000, 0x0000000086b00000, 0x0000000086b00000|100%| O|  |TAMS 0x0000000086ad9400, 0x0000000086b00000| Untracked 
| 107|0x0000000086b00000, 0x0000000086c00000, 0x0000000086c00000|100%| O|  |TAMS 0x0000000086b00000, 0x0000000086c00000| Untracked 
| 108|0x0000000086c00000, 0x0000000086d00000, 0x0000000086d00000|100%| O|  |TAMS 0x0000000086c00000, 0x0000000086d00000| Untracked 
| 109|0x0000000086d00000, 0x0000000086e00000, 0x0000000086e00000|100%| O|  |TAMS 0x0000000086d00000, 0x0000000086e00000| Untracked 
| 110|0x0000000086e00000, 0x0000000086f00000, 0x0000000086f00000|100%| O|  |TAMS 0x0000000086e00000, 0x0000000086f00000| Untracked 
| 111|0x0000000086f00000, 0x0000000087000000, 0x0000000087000000|100%| O|  |TAMS 0x0000000086f00000, 0x0000000087000000| Untracked 
| 112|0x0000000087000000, 0x0000000087100000, 0x0000000087100000|100%| O|  |TAMS 0x0000000087000000, 0x0000000087100000| Untracked 
| 113|0x0000000087100000, 0x0000000087123a00, 0x0000000087200000| 13%| O|  |TAMS 0x0000000087100000, 0x0000000087123a00| Untracked 
| 114|0x0000000087200000, 0x0000000087300000, 0x0000000087300000|100%|HS|  |TAMS 0x0000000087200000, 0x0000000087200000| Complete 
| 115|0x0000000087300000, 0x0000000087300000, 0x0000000087400000|  0%| F|  |TAMS 0x0000000087300000, 0x0000000087300000| Untracked 
| 116|0x0000000087400000, 0x0000000087400000, 0x0000000087500000|  0%| F|  |TAMS 0x0000000087400000, 0x0000000087400000| Untracked 
| 117|0x0000000087500000, 0x0000000087500000, 0x0000000087600000|  0%| F|  |TAMS 0x0000000087500000, 0x0000000087500000| Untracked 
| 118|0x0000000087600000, 0x0000000087600000, 0x0000000087700000|  0%| F|  |TAMS 0x0000000087600000, 0x0000000087600000| Untracked 
| 119|0x0000000087700000, 0x0000000087700000, 0x0000000087800000|  0%| F|  |TAMS 0x0000000087700000, 0x0000000087700000| Untracked 
| 120|0x0000000087800000, 0x0000000087800000, 0x0000000087900000|  0%| F|  |TAMS 0x0000000087800000, 0x0000000087800000| Untracked 
| 121|0x0000000087900000, 0x0000000087900000, 0x0000000087a00000|  0%| F|  |TAMS 0x0000000087900000, 0x0000000087900000| Untracked 
| 122|0x0000000087a00000, 0x0000000087a00000, 0x0000000087b00000|  0%| F|  |TAMS 0x0000000087a00000, 0x0000000087a00000| Untracked 
| 123|0x0000000087b00000, 0x0000000087b00000, 0x0000000087c00000|  0%| F|  |TAMS 0x0000000087b00000, 0x0000000087b00000| Untracked 
| 124|0x0000000087c00000, 0x0000000087c00000, 0x0000000087d00000|  0%| F|  |TAMS 0x0000000087c00000, 0x0000000087c00000| Untracked 
| 125|0x0000000087d00000, 0x0000000087d00000, 0x0000000087e00000|  0%| F|  |TAMS 0x0000000087d00000, 0x0000000087d00000| Untracked 
| 126|0x0000000087e00000, 0x0000000087e00000, 0x0000000087f00000|  0%| F|  |TAMS 0x0000000087e00000, 0x0000000087e00000| Untracked 
| 127|0x0000000087f00000, 0x0000000087f00000, 0x0000000088000000|  0%| F|  |TAMS 0x0000000087f00000, 0x0000000087f00000| Untracked 
| 128|0x0000000088000000, 0x0000000088000000, 0x0000000088100000|  0%| F|  |TAMS 0x0000000088000000, 0x0000000088000000| Untracked 
| 129|0x0000000088100000, 0x0000000088100000, 0x0000000088200000|  0%| F|  |TAMS 0x0000000088100000, 0x0000000088100000| Untracked 
| 130|0x0000000088200000, 0x0000000088200000, 0x0000000088300000|  0%| F|  |TAMS 0x0000000088200000, 0x0000000088200000| Untracked 
| 131|0x0000000088300000, 0x0000000088300000, 0x0000000088400000|  0%| F|  |TAMS 0x0000000088300000, 0x0000000088300000| Untracked 
| 132|0x0000000088400000, 0x0000000088400000, 0x0000000088500000|  0%| F|  |TAMS 0x0000000088400000, 0x0000000088400000| Untracked 
| 133|0x0000000088500000, 0x0000000088500000, 0x0000000088600000|  0%| F|  |TAMS 0x0000000088500000, 0x0000000088500000| Untracked 
| 134|0x0000000088600000, 0x0000000088600000, 0x0000000088700000|  0%| F|  |TAMS 0x0000000088600000, 0x0000000088600000| Untracked 
| 135|0x0000000088700000, 0x0000000088700000, 0x0000000088800000|  0%| F|  |TAMS 0x0000000088700000, 0x0000000088700000| Untracked 
| 136|0x0000000088800000, 0x0000000088800000, 0x0000000088900000|  0%| F|  |TAMS 0x0000000088800000, 0x0000000088800000| Untracked 
| 137|0x0000000088900000, 0x0000000088900000, 0x0000000088a00000|  0%| F|  |TAMS 0x0000000088900000, 0x0000000088900000| Untracked 
| 138|0x0000000088a00000, 0x0000000088a00000, 0x0000000088b00000|  0%| F|  |TAMS 0x0000000088a00000, 0x0000000088a00000| Untracked 
| 139|0x0000000088b00000, 0x0000000088b00000, 0x0000000088c00000|  0%| F|  |TAMS 0x0000000088b00000, 0x0000000088b00000| Untracked 
| 140|0x0000000088c00000, 0x0000000088c00000, 0x0000000088d00000|  0%| F|  |TAMS 0x0000000088c00000, 0x0000000088c00000| Untracked 
| 141|0x0000000088d00000, 0x0000000088d00000, 0x0000000088e00000|  0%| F|  |TAMS 0x0000000088d00000, 0x0000000088d00000| Untracked 
| 142|0x0000000088e00000, 0x0000000088e00000, 0x0000000088f00000|  0%| F|  |TAMS 0x0000000088e00000, 0x0000000088e00000| Untracked 
| 143|0x0000000088f00000, 0x0000000088f00000, 0x0000000089000000|  0%| F|  |TAMS 0x0000000088f00000, 0x0000000088f00000| Untracked 
| 144|0x0000000089000000, 0x0000000089000000, 0x0000000089100000|  0%| F|  |TAMS 0x0000000089000000, 0x0000000089000000| Untracked 
| 145|0x0000000089100000, 0x0000000089100000, 0x0000000089200000|  0%| F|  |TAMS 0x0000000089100000, 0x0000000089100000| Untracked 
| 146|0x0000000089200000, 0x0000000089200000, 0x0000000089300000|  0%| F|  |TAMS 0x0000000089200000, 0x0000000089200000| Untracked 
| 147|0x0000000089300000, 0x0000000089300000, 0x0000000089400000|  0%| F|  |TAMS 0x0000000089300000, 0x0000000089300000| Untracked 
| 148|0x0000000089400000, 0x0000000089400000, 0x0000000089500000|  0%| F|  |TAMS 0x0000000089400000, 0x0000000089400000| Untracked 
| 149|0x0000000089500000, 0x0000000089500000, 0x0000000089600000|  0%| F|  |TAMS 0x0000000089500000, 0x0000000089500000| Untracked 
| 150|0x0000000089600000, 0x0000000089600000, 0x0000000089700000|  0%| F|  |TAMS 0x0000000089600000, 0x0000000089600000| Untracked 
| 151|0x0000000089700000, 0x0000000089700000, 0x0000000089800000|  0%| F|  |TAMS 0x0000000089700000, 0x0000000089700000| Untracked 
| 152|0x0000000089800000, 0x0000000089800000, 0x0000000089900000|  0%| F|  |TAMS 0x0000000089800000, 0x0000000089800000| Untracked 
| 153|0x0000000089900000, 0x0000000089900000, 0x0000000089a00000|  0%| F|  |TAMS 0x0000000089900000, 0x0000000089900000| Untracked 
| 154|0x0000000089a00000, 0x0000000089a00000, 0x0000000089b00000|  0%| F|  |TAMS 0x0000000089a00000, 0x0000000089a00000| Untracked 
| 155|0x0000000089b00000, 0x0000000089b00000, 0x0000000089c00000|  0%| F|  |TAMS 0x0000000089b00000, 0x0000000089b00000| Untracked 
| 156|0x0000000089c00000, 0x0000000089c00000, 0x0000000089d00000|  0%| F|  |TAMS 0x0000000089c00000, 0x0000000089c00000| Untracked 
| 157|0x0000000089d00000, 0x0000000089d00000, 0x0000000089e00000|  0%| F|  |TAMS 0x0000000089d00000, 0x0000000089d00000| Untracked 
| 158|0x0000000089e00000, 0x0000000089e00000, 0x0000000089f00000|  0%| F|  |TAMS 0x0000000089e00000, 0x0000000089e00000| Untracked 
| 159|0x0000000089f00000, 0x0000000089f00000, 0x000000008a000000|  0%| F|  |TAMS 0x0000000089f00000, 0x0000000089f00000| Untracked 
| 160|0x000000008a000000, 0x000000008a000000, 0x000000008a100000|  0%| F|  |TAMS 0x000000008a000000, 0x000000008a000000| Untracked 
| 161|0x000000008a100000, 0x000000008a100000, 0x000000008a200000|  0%| F|  |TAMS 0x000000008a100000, 0x000000008a100000| Untracked 
| 162|0x000000008a200000, 0x000000008a200000, 0x000000008a300000|  0%| F|  |TAMS 0x000000008a200000, 0x000000008a200000| Untracked 
| 163|0x000000008a300000, 0x000000008a300000, 0x000000008a400000|  0%| F|  |TAMS 0x000000008a300000, 0x000000008a300000| Untracked 
| 164|0x000000008a400000, 0x000000008a400000, 0x000000008a500000|  0%| F|  |TAMS 0x000000008a400000, 0x000000008a400000| Untracked 
| 165|0x000000008a500000, 0x000000008a500000, 0x000000008a600000|  0%| F|  |TAMS 0x000000008a500000, 0x000000008a500000| Untracked 
| 166|0x000000008a600000, 0x000000008a600000, 0x000000008a700000|  0%| F|  |TAMS 0x000000008a600000, 0x000000008a600000| Untracked 
| 167|0x000000008a700000, 0x000000008a700000, 0x000000008a800000|  0%| F|  |TAMS 0x000000008a700000, 0x000000008a700000| Untracked 
| 168|0x000000008a800000, 0x000000008a800000, 0x000000008a900000|  0%| F|  |TAMS 0x000000008a800000, 0x000000008a800000| Untracked 
| 169|0x000000008a900000, 0x000000008a900000, 0x000000008aa00000|  0%| F|  |TAMS 0x000000008a900000, 0x000000008a900000| Untracked 
| 170|0x000000008aa00000, 0x000000008aa00000, 0x000000008ab00000|  0%| F|  |TAMS 0x000000008aa00000, 0x000000008aa00000| Untracked 
| 171|0x000000008ab00000, 0x000000008ab00000, 0x000000008ac00000|  0%| F|  |TAMS 0x000000008ab00000, 0x000000008ab00000| Untracked 
| 172|0x000000008ac00000, 0x000000008ac00000, 0x000000008ad00000|  0%| F|  |TAMS 0x000000008ac00000, 0x000000008ac00000| Untracked 
| 173|0x000000008ad00000, 0x000000008ad00000, 0x000000008ae00000|  0%| F|  |TAMS 0x000000008ad00000, 0x000000008ad00000| Untracked 
| 174|0x000000008ae00000, 0x000000008ae00000, 0x000000008af00000|  0%| F|  |TAMS 0x000000008ae00000, 0x000000008ae00000| Untracked 
| 175|0x000000008af00000, 0x000000008af00000, 0x000000008b000000|  0%| F|  |TAMS 0x000000008af00000, 0x000000008af00000| Untracked 
| 176|0x000000008b000000, 0x000000008b000000, 0x000000008b100000|  0%| F|  |TAMS 0x000000008b000000, 0x000000008b000000| Untracked 
| 177|0x000000008b100000, 0x000000008b100000, 0x000000008b200000|  0%| F|  |TAMS 0x000000008b100000, 0x000000008b100000| Untracked 
| 178|0x000000008b200000, 0x000000008b200000, 0x000000008b300000|  0%| F|  |TAMS 0x000000008b200000, 0x000000008b200000| Untracked 
| 179|0x000000008b300000, 0x000000008b300000, 0x000000008b400000|  0%| F|  |TAMS 0x000000008b300000, 0x000000008b300000| Untracked 
| 180|0x000000008b400000, 0x000000008b400000, 0x000000008b500000|  0%| F|  |TAMS 0x000000008b400000, 0x000000008b400000| Untracked 
| 181|0x000000008b500000, 0x000000008b500000, 0x000000008b600000|  0%| F|  |TAMS 0x000000008b500000, 0x000000008b500000| Untracked 
| 182|0x000000008b600000, 0x000000008b600000, 0x000000008b700000|  0%| F|  |TAMS 0x000000008b600000, 0x000000008b600000| Untracked 
| 183|0x000000008b700000, 0x000000008b700000, 0x000000008b800000|  0%| F|  |TAMS 0x000000008b700000, 0x000000008b700000| Untracked 
| 184|0x000000008b800000, 0x000000008b800000, 0x000000008b900000|  0%| F|  |TAMS 0x000000008b800000, 0x000000008b800000| Untracked 
| 185|0x000000008b900000, 0x000000008b900000, 0x000000008ba00000|  0%| F|  |TAMS 0x000000008b900000, 0x000000008b900000| Untracked 
| 186|0x000000008ba00000, 0x000000008ba00000, 0x000000008bb00000|  0%| F|  |TAMS 0x000000008ba00000, 0x000000008ba00000| Untracked 
| 187|0x000000008bb00000, 0x000000008bb00000, 0x000000008bc00000|  0%| F|  |TAMS 0x000000008bb00000, 0x000000008bb00000| Untracked 
| 188|0x000000008bc00000, 0x000000008bc00000, 0x000000008bd00000|  0%| F|  |TAMS 0x000000008bc00000, 0x000000008bc00000| Untracked 
| 189|0x000000008bd00000, 0x000000008bd00000, 0x000000008be00000|  0%| F|  |TAMS 0x000000008bd00000, 0x000000008bd00000| Untracked 
| 190|0x000000008be00000, 0x000000008be00000, 0x000000008bf00000|  0%| F|  |TAMS 0x000000008be00000, 0x000000008be00000| Untracked 
| 191|0x000000008bf00000, 0x000000008bf00000, 0x000000008c000000|  0%| F|  |TAMS 0x000000008bf00000, 0x000000008bf00000| Untracked 
| 192|0x000000008c000000, 0x000000008c000000, 0x000000008c100000|  0%| F|  |TAMS 0x000000008c000000, 0x000000008c000000| Untracked 
| 193|0x000000008c100000, 0x000000008c100000, 0x000000008c200000|  0%| F|  |TAMS 0x000000008c100000, 0x000000008c100000| Untracked 
| 194|0x000000008c200000, 0x000000008c300000, 0x000000008c300000|100%| S|CS|TAMS 0x000000008c200000, 0x000000008c200000| Complete 
| 195|0x000000008c300000, 0x000000008c400000, 0x000000008c400000|100%| S|CS|TAMS 0x000000008c300000, 0x000000008c300000| Complete 
| 196|0x000000008c400000, 0x000000008c500000, 0x000000008c500000|100%| S|CS|TAMS 0x000000008c400000, 0x000000008c400000| Complete 
| 197|0x000000008c500000, 0x000000008c600000, 0x000000008c600000|100%| S|CS|TAMS 0x000000008c500000, 0x000000008c500000| Complete 
| 198|0x000000008c600000, 0x000000008c600000, 0x000000008c700000|  0%| F|  |TAMS 0x000000008c600000, 0x000000008c600000| Untracked 
| 199|0x000000008c700000, 0x000000008c700000, 0x000000008c800000|  0%| F|  |TAMS 0x000000008c700000, 0x000000008c700000| Untracked 
| 200|0x000000008c800000, 0x000000008c800000, 0x000000008c900000|  0%| F|  |TAMS 0x000000008c800000, 0x000000008c800000| Untracked 
| 201|0x000000008c900000, 0x000000008c900000, 0x000000008ca00000|  0%| F|  |TAMS 0x000000008c900000, 0x000000008c900000| Untracked 
| 202|0x000000008ca00000, 0x000000008ca00000, 0x000000008cb00000|  0%| F|  |TAMS 0x000000008ca00000, 0x000000008ca00000| Untracked 
| 203|0x000000008cb00000, 0x000000008cb00000, 0x000000008cc00000|  0%| F|  |TAMS 0x000000008cb00000, 0x000000008cb00000| Untracked 
| 204|0x000000008cc00000, 0x000000008cc00000, 0x000000008cd00000|  0%| F|  |TAMS 0x000000008cc00000, 0x000000008cc00000| Untracked 
| 205|0x000000008cd00000, 0x000000008cd00000, 0x000000008ce00000|  0%| F|  |TAMS 0x000000008cd00000, 0x000000008cd00000| Untracked 
| 206|0x000000008ce00000, 0x000000008ce00000, 0x000000008cf00000|  0%| F|  |TAMS 0x000000008ce00000, 0x000000008ce00000| Untracked 
| 207|0x000000008cf00000, 0x000000008cf00000, 0x000000008d000000|  0%| F|  |TAMS 0x000000008cf00000, 0x000000008cf00000| Untracked 
| 208|0x000000008d000000, 0x000000008d000000, 0x000000008d100000|  0%| F|  |TAMS 0x000000008d000000, 0x000000008d000000| Untracked 
| 209|0x000000008d100000, 0x000000008d100000, 0x000000008d200000|  0%| F|  |TAMS 0x000000008d100000, 0x000000008d100000| Untracked 
| 210|0x000000008d200000, 0x000000008d200000, 0x000000008d300000|  0%| F|  |TAMS 0x000000008d200000, 0x000000008d200000| Untracked 
| 211|0x000000008d300000, 0x000000008d300000, 0x000000008d400000|  0%| F|  |TAMS 0x000000008d300000, 0x000000008d300000| Untracked 
| 212|0x000000008d400000, 0x000000008d400000, 0x000000008d500000|  0%| F|  |TAMS 0x000000008d400000, 0x000000008d400000| Untracked 
| 213|0x000000008d500000, 0x000000008d500000, 0x000000008d600000|  0%| F|  |TAMS 0x000000008d500000, 0x000000008d500000| Untracked 
| 214|0x000000008d600000, 0x000000008d600000, 0x000000008d700000|  0%| F|  |TAMS 0x000000008d600000, 0x000000008d600000| Untracked 
| 215|0x000000008d700000, 0x000000008d700000, 0x000000008d800000|  0%| F|  |TAMS 0x000000008d700000, 0x000000008d700000| Untracked 
| 216|0x000000008d800000, 0x000000008d800000, 0x000000008d900000|  0%| F|  |TAMS 0x000000008d800000, 0x000000008d800000| Untracked 
| 217|0x000000008d900000, 0x000000008d900000, 0x000000008da00000|  0%| F|  |TAMS 0x000000008d900000, 0x000000008d900000| Untracked 
| 218|0x000000008da00000, 0x000000008da00000, 0x000000008db00000|  0%| F|  |TAMS 0x000000008da00000, 0x000000008da00000| Untracked 
| 219|0x000000008db00000, 0x000000008db00000, 0x000000008dc00000|  0%| F|  |TAMS 0x000000008db00000, 0x000000008db00000| Untracked 
| 220|0x000000008dc00000, 0x000000008dc00000, 0x000000008dd00000|  0%| F|  |TAMS 0x000000008dc00000, 0x000000008dc00000| Untracked 
| 221|0x000000008dd00000, 0x000000008dd00000, 0x000000008de00000|  0%| F|  |TAMS 0x000000008dd00000, 0x000000008dd00000| Untracked 
| 222|0x000000008de00000, 0x000000008de00000, 0x000000008df00000|  0%| F|  |TAMS 0x000000008de00000, 0x000000008de00000| Untracked 
| 223|0x000000008df00000, 0x000000008df00000, 0x000000008e000000|  0%| F|  |TAMS 0x000000008df00000, 0x000000008df00000| Untracked 
| 224|0x000000008e000000, 0x000000008e000000, 0x000000008e100000|  0%| F|  |TAMS 0x000000008e000000, 0x000000008e000000| Untracked 
| 225|0x000000008e100000, 0x000000008e100000, 0x000000008e200000|  0%| F|  |TAMS 0x000000008e100000, 0x000000008e100000| Untracked 
| 226|0x000000008e200000, 0x000000008e200000, 0x000000008e300000|  0%| F|  |TAMS 0x000000008e200000, 0x000000008e200000| Untracked 
| 227|0x000000008e300000, 0x000000008e300000, 0x000000008e400000|  0%| F|  |TAMS 0x000000008e300000, 0x000000008e300000| Untracked 
| 228|0x000000008e400000, 0x000000008e400000, 0x000000008e500000|  0%| F|  |TAMS 0x000000008e400000, 0x000000008e400000| Untracked 
| 229|0x000000008e500000, 0x000000008e500000, 0x000000008e600000|  0%| F|  |TAMS 0x000000008e500000, 0x000000008e500000| Untracked 
| 230|0x000000008e600000, 0x000000008e600000, 0x000000008e700000|  0%| F|  |TAMS 0x000000008e600000, 0x000000008e600000| Untracked 
| 231|0x000000008e700000, 0x000000008e700000, 0x000000008e800000|  0%| F|  |TAMS 0x000000008e700000, 0x000000008e700000| Untracked 
| 232|0x000000008e800000, 0x000000008e800000, 0x000000008e900000|  0%| F|  |TAMS 0x000000008e800000, 0x000000008e800000| Untracked 
| 233|0x000000008e900000, 0x000000008e900000, 0x000000008ea00000|  0%| F|  |TAMS 0x000000008e900000, 0x000000008e900000| Untracked 
| 234|0x000000008ea00000, 0x000000008ea00000, 0x000000008eb00000|  0%| F|  |TAMS 0x000000008ea00000, 0x000000008ea00000| Untracked 
| 235|0x000000008eb00000, 0x000000008eb00000, 0x000000008ec00000|  0%| F|  |TAMS 0x000000008eb00000, 0x000000008eb00000| Untracked 
| 236|0x000000008ec00000, 0x000000008ec00000, 0x000000008ed00000|  0%| F|  |TAMS 0x000000008ec00000, 0x000000008ec00000| Untracked 
| 237|0x000000008ed00000, 0x000000008ed00000, 0x000000008ee00000|  0%| F|  |TAMS 0x000000008ed00000, 0x000000008ed00000| Untracked 
| 238|0x000000008ee00000, 0x000000008ee00000, 0x000000008ef00000|  0%| F|  |TAMS 0x000000008ee00000, 0x000000008ee00000| Untracked 
| 239|0x000000008ef00000, 0x000000008ef00000, 0x000000008f000000|  0%| F|  |TAMS 0x000000008ef00000, 0x000000008ef00000| Untracked 
| 240|0x000000008f000000, 0x000000008f000000, 0x000000008f100000|  0%| F|  |TAMS 0x000000008f000000, 0x000000008f000000| Untracked 
| 241|0x000000008f100000, 0x000000008f100000, 0x000000008f200000|  0%| F|  |TAMS 0x000000008f100000, 0x000000008f100000| Untracked 
| 242|0x000000008f200000, 0x000000008f293838, 0x000000008f300000| 57%| E|  |TAMS 0x000000008f200000, 0x000000008f200000| Complete 

Card table byte_map: [0x00000142aba10000,0x00000142abe10000] _byte_map_base: 0x00000142ab610000

Marking Bits (Prev, Next): (CMBitMap*) 0x0000014298b3bf88, (CMBitMap*) 0x0000014298b3bfc0
 Prev Bits: [0x00000142ac210000, 0x00000142ae210000)
 Next Bits: [0x00000142ae210000, 0x00000142b0210000)

Polling page: 0x0000014296a00000

Metaspace:

Usage:
  Non-class:     68.72 MB capacity,    67.48 MB ( 98%) used,     1.05 MB (  2%) free+waste,   195.63 KB ( <1%) overhead. 
      Class:     10.68 MB capacity,    10.01 MB ( 94%) used,   592.14 KB (  5%) free+waste,    91.50 KB ( <1%) overhead. 
       Both:     79.40 MB capacity,    77.49 MB ( 98%) used,     1.62 MB (  2%) free+waste,   287.13 KB ( <1%) overhead. 

Virtual space:
  Non-class space:       70.00 MB reserved,      68.90 MB ( 98%) committed 
      Class space:        1.00 GB reserved,      10.75 MB (  1%) committed 
             Both:        1.07 GB reserved,      79.65 MB (  7%) committed 

Chunk freelists:
   Non-Class:  59.00 KB
       Class:  12.00 KB
        Both:  71.00 KB

MaxMetaspaceSize: 17179869184.00 GB
CompressedClassSpaceSize: 1.00 GB
Initial GC threshold: 20.80 MB
Current GC threshold: 127.55 MB
CDS: off

CodeHeap 'non-profiled nmethods': size=120064Kb used=5103Kb max_used=5103Kb free=114960Kb
 bounds [0x00000142a40d0000, 0x00000142a45d0000, 0x00000142ab610000]
CodeHeap 'profiled nmethods': size=120000Kb used=16942Kb max_used=16942Kb free=103057Kb
 bounds [0x000001429cba0000, 0x000001429dc30000, 0x00000142a40d0000]
CodeHeap 'non-nmethods': size=5696Kb used=2357Kb max_used=2437Kb free=3338Kb
 bounds [0x000001429c610000, 0x000001429c880000, 0x000001429cba0000]
 total_blobs=8709 nmethods=7835 adapters=785
 compilation: enabled
              stopped_count=0, restarted_count=0
 full_count=0

Compilation events (20 events):
Event: 30.972 Thread 0x00000142b270d000 nmethod 7623% 0x00000142a45b4110 code [0x00000142a45b45e0, 0x00000142a45baaf0]
Event: 30.973 Thread 0x00000142b270d000 7728       4       java.lang.Class::privateGetPublicMethods (224 bytes)
Event: 30.989 Thread 0x00000142b5a4b800 nmethod 7717 0x00000142a45be490 code [0x00000142a45beb40, 0x00000142a45c6418]
Event: 30.993 Thread 0x00000142b5a4b800 7732       4       java.util.zip.ZipFile$ZipEntryIterator::hasMoreElements (5 bytes)
Event: 30.994 Thread 0x00000142b5a4b800 nmethod 7732 0x00000142a45c9d10 code [0x00000142a45c9ea0, 0x00000142a45c9f18]
Event: 30.994 Thread 0x00000142b5a4b800 7733       4       java.util.zip.ZipFile$ZipEntryIterator::nextElement (5 bytes)
Event: 31.001 Thread 0x00000142b5a4b800 nmethod 7733 0x00000142a45ca010 code [0x00000142a45ca1c0, 0x00000142a45ca708]
Event: 31.001 Thread 0x00000142b5a4b800 7734   !   4       java.util.zip.ZipFile$ZipEntryIterator::next (76 bytes)
Event: 31.008 Thread 0x00000142b5a4b800 nmethod 7734 0x00000142a45caa10 code [0x00000142a45cabc0, 0x00000142a45cb108]
Event: 31.008 Thread 0x00000142b5a4b800 7730       4       java.lang.ref.Reference::<init> (7 bytes)
Event: 31.011 Thread 0x00000142b5a4b800 nmethod 7730 0x00000142a45cb390 code [0x00000142a45cb520, 0x00000142a45cb718]
Event: 31.011 Thread 0x00000142b5a4b800 7721       4       java.lang.reflect.Method::hasGenericInformation (13 bytes)
Event: 31.012 Thread 0x00000142b5a4b800 nmethod 7721 0x00000142a45cb790 code [0x00000142a45cb920, 0x00000142a45cb998]
Event: 31.013 Thread 0x00000142b5a4b800 7718       4       groovy.lang.MetaMethod::isStatic (16 bytes)
Event: 31.014 Thread 0x00000142b5a4b800 nmethod 7718 0x00000142a45cba90 code [0x00000142a45cbc20, 0x00000142a45cbcd8]
Event: 31.014 Thread 0x00000142b5a4b800 7722   !   4       com.sun.beans.TypeResolver::resolve (261 bytes)
Event: 31.117 Thread 0x00000142b270e800 7863   !   3       jdk.internal.loader.URLClassPath::checkURL (16 bytes)
Event: 31.117 Thread 0x00000142b270e800 nmethod 7863 0x000001429dc29b90 code [0x000001429dc29d40, 0x000001429dc29ee8]
Event: 31.262 Thread 0x00000142b270e800 7864   !   3       jdk.internal.loader.URLClassPath$JarLoader$1::run (175 bytes)
Event: 31.264 Thread 0x00000142b270e800 nmethod 7864 0x000001429dc29f90 code [0x000001429dc2a280, 0x000001429dc2b338]

GC Heap History (20 events):
Event: 21.248 GC heap before
{Heap before GC invocations=26 (full 0):
 garbage-first heap   total 143360K, used 116484K [0x0000000080000000, 0x0000000100000000)
  region size 1024K, 21 young (21504K), 2 survivors (2048K)
 Metaspace       used 60616K, capacity 62419K, committed 62620K, reserved 1103872K
  class space    used 7694K, capacity 8335K, committed 8448K, reserved 1048576K
}
Event: 21.256 GC heap after
{Heap after GC invocations=27 (full 0):
 garbage-first heap   total 143360K, used 97913K [0x0000000080000000, 0x0000000100000000)
  region size 1024K, 3 young (3072K), 3 survivors (3072K)
 Metaspace       used 60616K, capacity 62419K, committed 62620K, reserved 1103872K
  class space    used 7694K, capacity 8335K, committed 8448K, reserved 1048576K
}
Event: 21.883 GC heap before
{Heap before GC invocations=28 (full 0):
 garbage-first heap   total 143360K, used 116345K [0x0000000080000000, 0x0000000100000000)
  region size 1024K, 22 young (22528K), 3 survivors (3072K)
 Metaspace       used 62549K, capacity 64373K, committed 64668K, reserved 1105920K
  class space    used 7917K, capacity 8581K, committed 8704K, reserved 1048576K
}
Event: 21.910 GC heap after
{Heap after GC invocations=29 (full 0):
 garbage-first heap   total 172032K, used 102819K [0x0000000080000000, 0x0000000100000000)
  region size 1024K, 3 young (3072K), 3 survivors (3072K)
 Metaspace       used 62549K, capacity 64373K, committed 64668K, reserved 1105920K
  class space    used 7917K, capacity 8581K, committed 8704K, reserved 1048576K
}
Event: 22.683 GC heap before
{Heap before GC invocations=29 (full 0):
 garbage-first heap   total 172032K, used 132515K [0x0000000080000000, 0x0000000100000000)
  region size 1024K, 32 young (32768K), 3 survivors (3072K)
 Metaspace       used 65136K, capacity 66941K, committed 67228K, reserved 1107968K
  class space    used 8224K, capacity 8877K, committed 8960K, reserved 1048576K
}
Event: 22.695 GC heap after
{Heap after GC invocations=30 (full 0):
 garbage-first heap   total 172032K, used 104841K [0x0000000080000000, 0x0000000100000000)
  region size 1024K, 4 young (4096K), 4 survivors (4096K)
 Metaspace       used 65136K, capacity 66941K, committed 67228K, reserved 1107968K
  class space    used 8224K, capacity 8877K, committed 8960K, reserved 1048576K
}
Event: 23.022 GC heap before
{Heap before GC invocations=31 (full 0):
 garbage-first heap   total 172032K, used 118153K [0x0000000080000000, 0x0000000100000000)
  region size 1024K, 18 young (18432K), 4 survivors (4096K)
 Metaspace       used 66348K, capacity 68200K, committed 68380K, reserved 1107968K
  class space    used 8392K, capacity 9082K, committed 9088K, reserved 1048576K
}
Event: 23.041 GC heap after
{Heap after GC invocations=32 (full 0):
 garbage-first heap   total 172032K, used 105938K [0x0000000080000000, 0x0000000100000000)
  region size 1024K, 3 young (3072K), 3 survivors (3072K)
 Metaspace       used 66348K, capacity 68200K, committed 68380K, reserved 1107968K
  class space    used 8392K, capacity 9082K, committed 9088K, reserved 1048576K
}
Event: 24.329 GC heap before
{Heap before GC invocations=33 (full 0):
 garbage-first heap   total 172032K, used 137682K [0x0000000080000000, 0x0000000100000000)
  region size 1024K, 33 young (33792K), 3 survivors (3072K)
 Metaspace       used 69312K, capacity 71124K, committed 71324K, reserved 1112064K
  class space    used 8759K, capacity 9433K, committed 9472K, reserved 1048576K
}
Event: 24.341 GC heap after
{Heap after GC invocations=34 (full 0):
 garbage-first heap   total 172032K, used 106915K [0x0000000080000000, 0x0000000100000000)
  region size 1024K, 3 young (3072K), 3 survivors (3072K)
 Metaspace       used 69312K, capacity 71124K, committed 71324K, reserved 1112064K
  class space    used 8759K, capacity 9433K, committed 9472K, reserved 1048576K
}
Event: 25.033 GC heap before
{Heap before GC invocations=34 (full 0):
 garbage-first heap   total 172032K, used 137635K [0x0000000080000000, 0x0000000100000000)
  region size 1024K, 33 young (33792K), 3 survivors (3072K)
 Metaspace       used 69711K, capacity 71599K, committed 71964K, reserved 1112064K
  class space    used 8822K, capacity 9481K, committed 9600K, reserved 1048576K
}
Event: 25.054 GC heap after
{Heap after GC invocations=35 (full 0):
 garbage-first heap   total 206848K, used 109372K [0x0000000080000000, 0x0000000100000000)
  region size 1024K, 5 young (5120K), 5 survivors (5120K)
 Metaspace       used 69711K, capacity 71599K, committed 71964K, reserved 1112064K
  class space    used 8822K, capacity 9481K, committed 9600K, reserved 1048576K
}
Event: 26.580 GC heap before
{Heap before GC invocations=36 (full 0):
 garbage-first heap   total 206848K, used 154428K [0x0000000080000000, 0x0000000100000000)
  region size 1024K, 49 young (50176K), 5 survivors (5120K)
 Metaspace       used 72884K, capacity 74770K, committed 75036K, reserved 1114112K
  class space    used 9303K, capacity 10007K, committed 10112K, reserved 1048576K
}
Event: 26.601 GC heap after
{Heap after GC invocations=37 (full 0):
 garbage-first heap   total 206848K, used 112861K [0x0000000080000000, 0x0000000100000000)
  region size 1024K, 6 young (6144K), 6 survivors (6144K)
 Metaspace       used 72884K, capacity 74770K, committed 75036K, reserved 1114112K
  class space    used 9303K, capacity 10007K, committed 10112K, reserved 1048576K
}
Event: 27.951 GC heap before
{Heap before GC invocations=37 (full 0):
 garbage-first heap   total 206848K, used 157917K [0x0000000080000000, 0x0000000100000000)
  region size 1024K, 50 young (51200K), 6 survivors (6144K)
 Metaspace       used 76142K, capacity 78057K, committed 78364K, reserved 1118208K
  class space    used 9819K, capacity 10515K, committed 10624K, reserved 1048576K
}
Event: 27.986 GC heap after
{Heap after GC invocations=38 (full 0):
 garbage-first heap   total 206848K, used 115813K [0x0000000080000000, 0x0000000100000000)
  region size 1024K, 7 young (7168K), 7 survivors (7168K)
 Metaspace       used 76142K, capacity 78057K, committed 78364K, reserved 1118208K
  class space    used 9819K, capacity 10515K, committed 10624K, reserved 1048576K
}
Event: 30.950 GC heap before
{Heap before GC invocations=39 (full 0):
 garbage-first heap   total 206848K, used 161893K [0x0000000080000000, 0x0000000100000000)
  region size 1024K, 52 young (53248K), 7 survivors (7168K)
 Metaspace       used 78849K, capacity 80821K, committed 81052K, reserved 1120256K
  class space    used 10186K, capacity 10900K, committed 11008K, reserved 1048576K
}
Event: 30.971 GC heap after
{Heap after GC invocations=40 (full 0):
 garbage-first heap   total 206848K, used 119182K [0x0000000080000000, 0x0000000100000000)
  region size 1024K, 7 young (7168K), 7 survivors (7168K)
 Metaspace       used 78849K, capacity 80821K, committed 81052K, reserved 1120256K
  class space    used 10186K, capacity 10900K, committed 11008K, reserved 1048576K
}
Event: 31.279 GC heap before
{Heap before GC invocations=40 (full 0):
 garbage-first heap   total 206848K, used 122254K [0x0000000080000000, 0x0000000100000000)
  region size 1024K, 11 young (11264K), 7 survivors (7168K)
 Metaspace       used 79350K, capacity 81301K, committed 81564K, reserved 1120256K
  class space    used 10248K, capacity 10932K, committed 11008K, reserved 1048576K
}
Event: 31.300 GC heap after
{Heap after GC invocations=41 (full 0):
 garbage-first heap   total 248832K, used 119950K [0x0000000080000000, 0x0000000100000000)
  region size 1024K, 4 young (4096K), 4 survivors (4096K)
 Metaspace       used 79350K, capacity 81301K, committed 81564K, reserved 1120256K
  class space    used 10248K, capacity 10932K, committed 11008K, reserved 1048576K
}

Deoptimization events (20 events):
Event: 30.227 Thread 0x00000142b3fd4000 Uncommon trap: trap_request=0xfffffff4 fr.pc=0x00000142a4540c7c relative=0x00000000000000dc
Event: 30.227 Thread 0x00000142b3fd4000 Uncommon trap: reason=null_check action=make_not_entrant pc=0x00000142a4540c7c method=org.gradle.tooling.internal.provider.runner.ClientBuildEventGenerator$Disabled.accept(Lorg/gradle/internal/operations/BuildOperationDescriptor;)Lorg/gradle/tooling/inter
Event: 30.227 Thread 0x00000142b3fd4000 DEOPT PACKING pc=0x00000142a4540c7c sp=0x00000009350f9760
Event: 30.227 Thread 0x00000142b3fd4000 DEOPT UNPACKING pc=0x000001429c65a1af sp=0x00000009350f96e8 mode 2
Event: 30.256 Thread 0x00000142b3fd4000 Uncommon trap: trap_request=0xffffff4d fr.pc=0x00000142a438245c relative=0x000000000000019c
Event: 30.256 Thread 0x00000142b3fd4000 Uncommon trap: reason=unstable_if action=reinterpret pc=0x00000142a438245c method=com.esotericsoftware.kryo.io.Input.require(I)I @ 65 c2
Event: 30.256 Thread 0x00000142b3fd4000 DEOPT PACKING pc=0x00000142a438245c sp=0x00000009350f83f0
Event: 30.256 Thread 0x00000142b3fd4000 DEOPT UNPACKING pc=0x000001429c65a1af sp=0x00000009350f83a0 mode 2
Event: 30.630 Thread 0x00000142b3fd4000 Uncommon trap: trap_request=0xfffffff4 fr.pc=0x00000142a4399bd8 relative=0x00000000000006d8
Event: 30.630 Thread 0x00000142b3fd4000 Uncommon trap: reason=null_check action=make_not_entrant pc=0x00000142a4399bd8 method=org.gradle.util.internal.SimpleMapInterner.intern(Ljava/lang/Object;)Ljava/lang/Object; @ 2 c2
Event: 30.630 Thread 0x00000142b3fd4000 DEOPT PACKING pc=0x00000142a4399bd8 sp=0x00000009350f8690
Event: 30.630 Thread 0x00000142b3fd4000 DEOPT UNPACKING pc=0x000001429c65a1af sp=0x00000009350f8658 mode 2
Event: 30.846 Thread 0x00000142b3fd4000 Uncommon trap: trap_request=0xffffff4d fr.pc=0x00000142a44c9ed8 relative=0x0000000000002638
Event: 30.846 Thread 0x00000142b3fd4000 Uncommon trap: reason=unstable_if action=reinterpret pc=0x00000142a44c9ed8 method=java.util.TreeMap.put(Ljava/lang/Object;Ljava/lang/Object;)Ljava/lang/Object; @ 163 c2
Event: 30.846 Thread 0x00000142b3fd4000 DEOPT PACKING pc=0x00000142a44c9ed8 sp=0x00000009350fb1c0
Event: 30.846 Thread 0x00000142b3fd4000 DEOPT UNPACKING pc=0x000001429c65a1af sp=0x00000009350fb198 mode 2
Event: 30.871 Thread 0x00000142b3fd4000 Uncommon trap: trap_request=0xffffff4d fr.pc=0x00000142a41b6a7c relative=0x000000000000071c
Event: 30.871 Thread 0x00000142b3fd4000 Uncommon trap: reason=unstable_if action=reinterpret pc=0x00000142a41b6a7c method=java.lang.Integer.stringSize(I)I @ 3 c2
Event: 30.871 Thread 0x00000142b3fd4000 DEOPT PACKING pc=0x00000142a41b6a7c sp=0x00000009350fc030
Event: 30.871 Thread 0x00000142b3fd4000 DEOPT UNPACKING pc=0x000001429c65a1af sp=0x00000009350fbf90 mode 2

Classes redefined (0 events):
No events

Internal exceptions (20 events):
Event: 29.907 Thread 0x00000142b3fd4000 Exception <a 'java/lang/ClassNotFoundException'{0x000000008ae80f78}: org/gradle/api/internal/artifacts/configurations/DefaultConfigurationContainer_DecoratedBeanInfo> (0x000000008ae80f78) thrown at [./src/hotspot/share/classfile/systemDictionary.cpp, line 231]
Event: 29.908 Thread 0x00000142b3fd4000 Exception <a 'java/lang/ClassNotFoundException'{0x000000008aeace08}: org/gradle/api/internal/artifacts/configurations/DefaultConfigurationContainerBeanInfo> (0x000000008aeace08) thrown at [./src/hotspot/share/classfile/systemDictionary.cpp, line 231]
Event: 29.909 Thread 0x00000142b3fd4000 Exception <a 'java/lang/ClassNotFoundException'{0x000000008aec8980}: org/gradle/api/internal/AbstractValidatingNamedDomainObjectContainerBeanInfo> (0x000000008aec8980) thrown at [./src/hotspot/share/classfile/systemDictionary.cpp, line 231]
Event: 29.911 Thread 0x00000142b3fd4000 Exception <a 'java/lang/ClassNotFoundException'{0x000000008aee4698}: org/gradle/api/internal/AbstractValidatingNamedDomainObjectContainerCustomizer> (0x000000008aee4698) thrown at [./src/hotspot/share/classfile/systemDictionary.cpp, line 231]
Event: 29.914 Thread 0x00000142b3fd4000 Exception <a 'java/lang/ClassNotFoundException'{0x000000008ad1b7e8}: org/gradle/api/internal/artifacts/configurations/DefaultConfigurationContainerCustomizer> (0x000000008ad1b7e8) thrown at [./src/hotspot/share/classfile/systemDictionary.cpp, line 231]
Event: 29.917 Thread 0x00000142b3fd4000 Exception <a 'java/lang/ClassNotFoundException'{0x000000008ad5d8d8}: org/gradle/api/internal/artifacts/configurations/DefaultConfigurationContainer_DecoratedCustomizer> (0x000000008ad5d8d8) thrown at [./src/hotspot/share/classfile/systemDictionary.cpp, line 231]
Event: 29.957 Thread 0x00000142b3fd4000 Exception <a 'java/lang/ClassNotFoundException'{0x000000008abdad18}: org/gradle/api/internal/artifacts/configurations/DefaultConfiguration_DecoratedBeanInfo> (0x000000008abdad18) thrown at [./src/hotspot/share/classfile/systemDictionary.cpp, line 231]
Event: 29.958 Thread 0x00000142b3fd4000 Exception <a 'java/lang/ClassNotFoundException'{0x000000008aa062d0}: org/gradle/api/internal/artifacts/configurations/DefaultConfigurationBeanInfo> (0x000000008aa062d0) thrown at [./src/hotspot/share/classfile/systemDictionary.cpp, line 231]
Event: 29.959 Thread 0x00000142b3fd4000 Exception <a 'java/lang/ClassNotFoundException'{0x000000008aa20cc8}: org/gradle/api/internal/file/AbstractFileCollectionBeanInfo> (0x000000008aa20cc8) thrown at [./src/hotspot/share/classfile/systemDictionary.cpp, line 231]
Event: 29.961 Thread 0x00000142b3fd4000 Exception <a 'java/lang/ClassNotFoundException'{0x000000008aa3b710}: org/gradle/api/internal/file/AbstractFileCollectionCustomizer> (0x000000008aa3b710) thrown at [./src/hotspot/share/classfile/systemDictionary.cpp, line 231]
Event: 29.964 Thread 0x00000142b3fd4000 Exception <a 'java/lang/ClassNotFoundException'{0x000000008aa78880}: org/gradle/api/internal/artifacts/configurations/DefaultConfigurationCustomizer> (0x000000008aa78880) thrown at [./src/hotspot/share/classfile/systemDictionary.cpp, line 231]
Event: 29.970 Thread 0x00000142b3fd4000 Exception <a 'java/lang/ClassNotFoundException'{0x000000008a9054f8}: org/gradle/api/internal/artifacts/configurations/DefaultConfiguration_DecoratedCustomizer> (0x000000008a9054f8) thrown at [./src/hotspot/share/classfile/systemDictionary.cpp, line 231]
Event: 29.987 Thread 0x00000142b3fd4000 Exception <a 'java/lang/ClassNotFoundException'{0x000000008a788d70}: org/codehaus/groovy/runtime/MethodClosureBeanInfo> (0x000000008a788d70) thrown at [./src/hotspot/share/classfile/systemDictionary.cpp, line 231]
Event: 29.997 Thread 0x00000142b3fd4000 Exception <a 'java/lang/ClassNotFoundException'{0x000000008a5635a8}: org/codehaus/groovy/runtime/MethodClosureCustomizer> (0x000000008a5635a8) thrown at [./src/hotspot/share/classfile/systemDictionary.cpp, line 231]
Event: 30.003 Thread 0x00000142b3fd4000 Exception <a 'java/lang/ClassNotFoundException'{0x000000008a5ce320}: org/gradle/api/internal/artifacts/configurations/DefaultConfiguration$ConfigurationResolvableDependencies_DecoratedBeanInfo> (0x000000008a5ce320) thrown at [./src/hotspot/share/classfile/systemDictionary.cpp, line 231]
Event: 30.004 Thread 0x00000142b3fd4000 Exception <a 'java/lang/ClassNotFoundException'{0x000000008a401cd8}: org/gradle/api/internal/artifacts/configurations/DefaultConfiguration$ConfigurationResolvableDependenciesBeanInfo> (0x000000008a401cd8) thrown at [./src/hotspot/share/classfile/systemDictionary.cpp, line 231]
Event: 30.006 Thread 0x00000142b3fd4000 Exception <a 'java/lang/ClassNotFoundException'{0x000000008a436b20}: org/gradle/api/internal/artifacts/configurations/DefaultConfiguration$ConfigurationResolvableDependenciesCustomizer> (0x000000008a436b20) thrown at [./src/hotspot/share/classfile/systemDictionary.cpp, line 231]
Event: 30.008 Thread 0x00000142b3fd4000 Exception <a 'java/lang/ClassNotFoundException'{0x000000008a47cf18}: org/gradle/api/internal/artifacts/configurations/DefaultConfiguration$ConfigurationResolvableDependencies_DecoratedCustomizer> (0x000000008a47cf18) thrown at [./src/hotspot/share/classfile/systemDictionary.cpp, line 231]
Event: 30.227 Thread 0x00000142b3fd4000 Implicit null exception at 0x00000142a4540bdb to 0x00000142a4540c70
Event: 30.630 Thread 0x00000142b3fd4000 Implicit null exception at 0x00000142a4399531 to 0x00000142a4399bc9

Events (20 events):
Event: 31.212 loading class org/jetbrains/plugins/gradle/tooling/serialization/ExternalTestsSerializationService$WriteContext
Event: 31.212 loading class org/jetbrains/plugins/gradle/tooling/serialization/ExternalTestsSerializationService$WriteContext done
Event: 31.212 loading class org/jetbrains/plugins/gradle/tooling/serialization/ExternalTestsSerializationService$ReadContext
Event: 31.212 loading class org/jetbrains/plugins/gradle/tooling/serialization/ExternalTestsSerializationService$ReadContext done
Event: 31.213 loading class org/jetbrains/plugins/gradle/tooling/serialization/AnnotationProcessingModelSerializationService
Event: 31.213 loading class org/jetbrains/plugins/gradle/tooling/serialization/AnnotationProcessingModelSerializationService done
Event: 31.215 loading class org/jetbrains/plugins/gradle/tooling/serialization/AnnotationProcessingModelSerializationService$WriteContext
Event: 31.215 loading class org/jetbrains/plugins/gradle/tooling/serialization/AnnotationProcessingModelSerializationService$WriteContext done
Event: 31.216 loading class org/jetbrains/plugins/gradle/tooling/serialization/AnnotationProcessingModelSerializationService$ReadContext
Event: 31.216 loading class org/jetbrains/plugins/gradle/tooling/serialization/AnnotationProcessingModelSerializationService$ReadContext done
Event: 31.216 loading class org/jetbrains/plugins/gradle/tooling/serialization/ProjectDependenciesSerializationService
Event: 31.216 loading class org/jetbrains/plugins/gradle/tooling/serialization/ProjectDependenciesSerializationService done
Event: 31.218 loading class org/jetbrains/plugins/gradle/tooling/serialization/ProjectDependenciesSerializationService$WriteContext
Event: 31.218 loading class org/jetbrains/plugins/gradle/tooling/serialization/ProjectDependenciesSerializationService$WriteContext done
Event: 31.218 loading class org/jetbrains/plugins/gradle/tooling/serialization/ProjectDependenciesSerializationService$ReadContext
Event: 31.218 loading class org/jetbrains/plugins/gradle/tooling/serialization/ProjectDependenciesSerializationService$ReadContext done
Event: 31.219 loading class org/jetbrains/plugins/gradle/tooling/serialization/KotlinDslScriptsModelSerializationService
Event: 31.219 loading class org/jetbrains/plugins/gradle/tooling/serialization/KotlinDslScriptsModelSerializationService done
Event: 31.279 Executing VM operation: G1CollectForAllocation
Event: 31.300 Executing VM operation: G1CollectForAllocation done


Dynamic libraries:
0x00007ff7cb710000 - 0x00007ff7cb71a000 	C:\Program Files\Android\Android Studio\jre\bin\java.exe
0x00007ffc445b0000 - 0x00007ffc44790000 	C:\Windows\SYSTEM32\ntdll.dll
0x00007ffc41d40000 - 0x00007ffc41dee000 	C:\Windows\System32\KERNEL32.DLL
0x00007ffc41470000 - 0x00007ffc416d6000 	C:\Windows\System32\KERNELBASE.dll
0x00007ffc411b0000 - 0x00007ffc412a4000 	C:\Windows\System32\ucrtbase.dll
0x00007ffc37d10000 - 0x00007ffc37d27000 	C:\Program Files\Android\Android Studio\jre\bin\VCRUNTIME140.dll
0x00007ffc30570000 - 0x00007ffc30589000 	C:\Program Files\Android\Android Studio\jre\bin\jli.dll
0x00007ffc421c0000 - 0x00007ffc4234f000 	C:\Windows\System32\USER32.dll
0x00007ffc32130000 - 0x00007ffc32399000 	C:\Windows\WinSxS\amd64_microsoft.windows.common-controls_6595b64144ccf1df_6.0.16299.1087_none_0f9074b65a6589b7\COMCTL32.dll
0x00007ffc412b0000 - 0x00007ffc412d0000 	C:\Windows\System32\win32u.dll
0x00007ffc41bf0000 - 0x00007ffc41c8d000 	C:\Windows\System32\msvcrt.dll
0x00007ffc41e00000 - 0x00007ffc41e28000 	C:\Windows\System32\GDI32.dll
0x00007ffc412d0000 - 0x00007ffc41463000 	C:\Windows\System32\gdi32full.dll
0x00007ffc43790000 - 0x00007ffc43a96000 	C:\Windows\System32\combase.dll
0x00007ffc41930000 - 0x00007ffc419cb000 	C:\Windows\System32\msvcp_win.dll
0x00007ffc43c10000 - 0x00007ffc43d2f000 	C:\Windows\System32\RPCRT4.dll
0x00007ffc418b0000 - 0x00007ffc41922000 	C:\Windows\System32\bcryptPrimitives.dll
0x00007ffc41c90000 - 0x00007ffc41cbd000 	C:\Windows\System32\IMM32.DLL
0x00007ffc206b0000 - 0x00007ffc2074d000 	C:\Program Files\Android\Android Studio\jre\bin\msvcp140.dll
0x00007ffc20900000 - 0x00007ffc21402000 	C:\Program Files\Android\Android Studio\jre\bin\server\jvm.dll
0x00007ffc42100000 - 0x00007ffc421a1000 	C:\Windows\System32\ADVAPI32.dll
0x00007ffc41e30000 - 0x00007ffc41e8b000 	C:\Windows\System32\sechost.dll
0x00007ffc41df0000 - 0x00007ffc41df8000 	C:\Windows\System32\PSAPI.DLL
0x00007ffc37d00000 - 0x00007ffc37d09000 	C:\Windows\SYSTEM32\WSOCK32.dll
0x00007ffc44510000 - 0x00007ffc4457c000 	C:\Windows\System32\WS2_32.dll
0x00007ffc3ed50000 - 0x00007ffc3ed73000 	C:\Windows\SYSTEM32\WINMM.dll
0x00007ffc379f0000 - 0x00007ffc379fa000 	C:\Windows\SYSTEM32\VERSION.dll
0x00007ffc3ecf0000 - 0x00007ffc3ed1a000 	C:\Windows\SYSTEM32\WINMMBASE.dll
0x00007ffc40a10000 - 0x00007ffc40a5a000 	C:\Windows\System32\cfgmgr32.dll
0x00007ffc40970000 - 0x00007ffc40981000 	C:\Windows\System32\kernel.appcore.dll
0x00007ffc37ce0000 - 0x00007ffc37cf1000 	C:\Program Files\Android\Android Studio\jre\bin\verify.dll
0x00007ffc34940000 - 0x00007ffc34b08000 	C:\Windows\SYSTEM32\DBGHELP.DLL
0x00007ffc34700000 - 0x00007ffc34729000 	C:\Windows\SYSTEM32\dbgcore.DLL
0x00007ffc30a80000 - 0x00007ffc30aa9000 	C:\Program Files\Android\Android Studio\jre\bin\java.dll
0x00007ffc32720000 - 0x00007ffc3272b000 	C:\Program Files\Android\Android Studio\jre\bin\jimage.dll
0x00007ffc30a60000 - 0x00007ffc30a78000 	C:\Program Files\Android\Android Studio\jre\bin\zip.dll
0x00007ffc42350000 - 0x00007ffc43788000 	C:\Windows\System32\SHELL32.dll
0x00007ffc44250000 - 0x00007ffc442f6000 	C:\Windows\System32\shcore.dll
0x00007ffc40a60000 - 0x00007ffc411a7000 	C:\Windows\System32\windows.storage.dll
0x00007ffc43d30000 - 0x00007ffc43d81000 	C:\Windows\System32\shlwapi.dll
0x00007ffc40920000 - 0x00007ffc4096c000 	C:\Windows\System32\powrprof.dll
0x00007ffc40990000 - 0x00007ffc409ab000 	C:\Windows\System32\profapi.dll
0x00007ffc30a40000 - 0x00007ffc30a5a000 	C:\Program Files\Android\Android Studio\jre\bin\net.dll
0x00007ffc39670000 - 0x00007ffc3974e000 	C:\Windows\SYSTEM32\WINHTTP.dll
0x00007ffc40190000 - 0x00007ffc401f6000 	C:\Windows\system32\mswsock.dll
0x00007ffc30a20000 - 0x00007ffc30a34000 	C:\Program Files\Android\Android Studio\jre\bin\nio.dll
0x00007ffc24db0000 - 0x00007ffc24dd7000 	C:\Users\Home\.gradle\native\e1d6ef7f7dcc3fd88c89a11ec53ec762bb8ba0a96d01ffa2cd45eb1d1d8dd5c5\windows-amd64\native-platform.dll
0x00007ffc1ade0000 - 0x00007ffc1af24000 	C:\Users\Home\.gradle\native\5664cfc778a61ccfe75a443a1ab52a65af34e5dc3c78e0209fed803814484fcb\windows-amd64\native-platform-file-events.dll
0x00007ffc326a0000 - 0x00007ffc326aa000 	C:\Program Files\Android\Android Studio\jre\bin\management.dll
0x00007ffc315d0000 - 0x00007ffc315dd000 	C:\Program Files\Android\Android Studio\jre\bin\management_ext.dll
0x00007ffc40360000 - 0x00007ffc40377000 	C:\Windows\SYSTEM32\CRYPTSP.dll
0x00007ffc3fd30000 - 0x00007ffc3fd63000 	C:\Windows\system32\rsaenh.dll
0x00007ffc40460000 - 0x00007ffc40485000 	C:\Windows\SYSTEM32\bcrypt.dll
0x00007ffc40830000 - 0x00007ffc40859000 	C:\Windows\SYSTEM32\USERENV.dll
0x00007ffc40350000 - 0x00007ffc4035b000 	C:\Windows\SYSTEM32\CRYPTBASE.dll
0x00007ffc3ff20000 - 0x00007ffc3ff59000 	C:\Windows\SYSTEM32\IPHLPAPI.DLL
0x00007ffc421b0000 - 0x00007ffc421b8000 	C:\Windows\System32\NSI.dll
0x00007ffc39340000 - 0x00007ffc39356000 	C:\Windows\SYSTEM32\dhcpcsvc6.DLL
0x00007ffc39570000 - 0x00007ffc3958a000 	C:\Windows\SYSTEM32\dhcpcsvc.DLL

dbghelp: loaded successfully - version: 4.0.5 - missing functions: none
symbol engine: initialized successfully - sym options: 0x614 - pdb path: .;C:\Program Files\Android\Android Studio\jre\bin;C:\Windows\SYSTEM32;C:\Windows\WinSxS\amd64_microsoft.windows.common-controls_6595b64144ccf1df_6.0.16299.1087_none_0f9074b65a6589b7;C:\Program Files\Android\Android Studio\jre\bin\server;C:\Users\Home\.gradle\native\e1d6ef7f7dcc3fd88c89a11ec53ec762bb8ba0a96d01ffa2cd45eb1d1d8dd5c5\windows-amd64;C:\Users\Home\.gradle\native\5664cfc778a61ccfe75a443a1ab52a65af34e5dc3c78e0209fed803814484fcb\windows-amd64

VM Arguments:
jvm_args: --add-opens=java.base/java.util=ALL-UNNAMED --add-opens=java.base/java.lang=ALL-UNNAMED --add-opens=java.base/java.lang.invoke=ALL-UNNAMED --add-opens=java.base/java.util=ALL-UNNAMED --add-opens=java.prefs/java.util.prefs=ALL-UNNAMED --add-opens=java.prefs/java.util.prefs=ALL-UNNAMED --add-opens=java.base/java.nio.charset=ALL-UNNAMED --add-opens=java.base/java.net=ALL-UNNAMED --add-opens=java.base/java.util.concurrent.atomic=ALL-UNNAMED -Xmx2048m -Dfile.encoding=UTF-8 -Duser.country=RU -Duser.language=ru -Duser.variant 
java_command: org.gradle.launcher.daemon.bootstrap.GradleDaemon 7.3.3
java_class_path (initial): C:\Users\Home\.gradle\wrapper\dists\gradle-7.3.3-bin\6a41zxkdtcxs8rphpq6y0069z\gradle-7.3.3\lib\gradle-launcher-7.3.3.jar
Launcher Type: SUN_STANDARD

[Global flags]
     intx CICompilerCount                          = 3                                         {product} {ergonomic}
     uint ConcGCThreads                            = 1                                         {product} {ergonomic}
     uint G1ConcRefinementThreads                  = 4                                         {product} {ergonomic}
   size_t G1HeapRegionSize                         = 1048576                                   {product} {ergonomic}
    uintx GCDrainStackTargetSize                   = 64                                        {product} {ergonomic}
   size_t InitialHeapSize                          = 100663296                                 {product} {ergonomic}
   size_t MarkStackSize                            = 4194304                                   {product} {ergonomic}
   size_t MaxHeapSize                              = 2147483648                                {product} {command line}
   size_t MaxNewSize                               = 1287651328                                {product} {ergonomic}
   size_t MinHeapDeltaBytes                        = 1048576                                   {product} {ergonomic}
    uintx NonNMethodCodeHeapSize                   = 5830732                                {pd product} {ergonomic}
    uintx NonProfiledCodeHeapSize                  = 122913754                              {pd product} {ergonomic}
    uintx ProfiledCodeHeapSize                     = 122913754                              {pd product} {ergonomic}
    uintx ReservedCodeCacheSize                    = 251658240                              {pd product} {ergonomic}
     bool SegmentedCodeCache                       = true                                      {product} {ergonomic}
     bool UseCompressedClassPointers               = true                                 {lp64_product} {ergonomic}
     bool UseCompressedOops                        = true                                 {lp64_product} {ergonomic}
     bool UseG1GC                                  = true                                      {product} {ergonomic}
     bool UseLargePagesIndividualAllocation        = false                                  {pd product} {ergonomic}

Logging:
Log output configuration:
 #0: stdout all=warning uptime,level,tags
 #1: stderr all=off uptime,level,tags

Environment Variables:
PATH=C:\Windows\system32;C:\Windows;C:\Windows\System32\Wbem;C:\Windows\System32\WindowsPowerShell\v1.0\;C:\Program Files\Git\cmd;C:\Users\Home\AppData\Local\Microsoft\WindowsApps;
USERNAME=Home
OS=Windows_NT
PROCESSOR_IDENTIFIER=Intel64 Family 6 Model 42 Stepping 7, GenuineIntel



---------------  S Y S T E M  ---------------

OS: Windows 10 , 64 bit Build 16299 (10.0.16299.1087)
OS uptime: 0 days 23:41 hours

CPU:total 4 (initial active 4) (2 cores per cpu, 2 threads per core) family 6 model 42 stepping 7 microcode 0x2e, cmov, cx8, fxsr, mmx, sse, sse2, sse3, ssse3, sse4.1, sse4.2, popcnt, avx, aes, clmul, ht, tsc, tscinvbit

Memory: 4k page, system-wide physical 6056M (1839M free)
TotalPageFile size 7016M (AvailPageFile size 2294M)
current process WorkingSet (physical memory assigned to process): 449M, peak: 450M
current process commit charge ("private bytes"): 519M, peak: 519M

vm_info: OpenJDK 64-Bit Server VM (11.0.13+0-b1751.21-8125866) for windows-amd64 JRE (11.0.13+0-b1751.21-8125866), built on Feb  2 2022 03:00:22 by "builder" with MS VC++ 14.0 (VS2015)

END.
