#
# A fatal error has been detected by the Java Runtime Environment:
#
#  EXCEPTION_ACCESS_VIOLATION (0xc0000005) at pc=0x00007ffeb5452346, pid=564, tid=1460
#
# JRE version: OpenJDK Runtime Environment (11.0.13) (build 11.0.13+0-b1751.21-8125866)
# Java VM: OpenJDK 64-Bit Server VM (11.0.13+0-b1751.21-8125866, mixed mode, tiered, compressed oops, g1 gc, windows-amd64)
# Problematic frame:
# V  [jvm.dll+0x192346]
#
# No core dump will be written. Minidumps are not enabled by default on client versions of Windows
#
# If you would like to submit a bug report, please visit:
#   https://bugreport.java.com/bugreport/crash.jsp
#

---------------  S U M M A R Y ------------

Command Line: --add-opens=java.base/java.util=ALL-UNNAMED --add-opens=java.base/java.lang=ALL-UNNAMED --add-opens=java.base/java.lang.invoke=ALL-UNNAMED --add-opens=java.base/java.util=ALL-UNNAMED --add-opens=java.prefs/java.util.prefs=ALL-UNNAMED --add-opens=java.prefs/java.util.prefs=ALL-UNNAMED --add-opens=java.base/java.nio.charset=ALL-UNNAMED --add-opens=java.base/java.net=ALL-UNNAMED --add-opens=java.base/java.util.concurrent.atomic=ALL-UNNAMED -Xmx2048m -Dfile.encoding=UTF-8 -Duser.country=RU -Duser.language=ru -Duser.variant org.gradle.launcher.daemon.bootstrap.GradleDaemon 7.3.3

Host: Intel(R) Core(TM) i5-2430M CPU @ 2.40GHz, 4 cores, 5G,  Windows 10 , 64 bit Build 16299 (10.0.16299.1087)
Time: Fri Oct 14 17:51:57 2022 Iiaineae?neia noaiaa?oiia a?aiy elapsed time: 22790.717528 seconds (0d 6h 19m 50s)

---------------  T H R E A D  ---------------

Current thread (0x000002bbe5af7000):  ConcurrentGCThread "G1 Conc#0" [stack: 0x000000bd1b500000,0x000000bd1b600000] [id=1460]

Stack: [0x000000bd1b500000,0x000000bd1b600000],  sp=0x000000bd1b5ff238,  free space=1020k
Native frames: (J=compiled Java code, j=interpreted, Vv=VM code, C=native code)
V  [jvm.dll+0x192346]


siginfo: EXCEPTION_ACCESS_VIOLATION (0xc0000005), reading address 0x0000000000000070


Register to memory mapping:

RIP=0x00007ffeb5452346 jvm.dll
RAX=0x02284a051048a901 is an unknown value
RBX=0x0000000083e2f000 is pointing into object: org.gradle.api.internal.artifacts.ivyservice.resolveengine.artifact.DefaultArtifactSet$SingleVariantArtifactSet 
{0x0000000083e2efe8} - klass: 'org/gradle/api/internal/artifacts/ivyservice/resolveengine/artifact/DefaultArtifactSet$SingleVariantArtifactSet'
RCX=0x0000000083e2f000 is pointing into object: org.gradle.api.internal.artifacts.ivyservice.resolveengine.artifact.DefaultArtifactSet$SingleVariantArtifactSet 
{0x0000000083e2efe8} - klass: 'org/gradle/api/internal/artifacts/ivyservice/resolveengine/artifact/DefaultArtifactSet$SingleVariantArtifactSet'
RDX=0x0000000083e2f000 is pointing into object: org.gradle.api.internal.artifacts.ivyservice.resolveengine.artifact.DefaultArtifactSet$SingleVariantArtifactSet 
{0x0000000083e2efe8} - klass: 'org/gradle/api/internal/artifacts/ivyservice/resolveengine/artifact/DefaultArtifactSet$SingleVariantArtifactSet'
RSP=0x000000bd1b5ff238 points into unknown readable memory: 0x00007ffeb55a50ba | ba 50 5a b5 fe 7f 00 00
RBP=0x000002bbe5aecb50 points into unknown readable memory: 0x000002bbe5af5800 | 00 58 af e5 bb 02 00 00
RSI=0x0000000000000001 is an unknown value
RDI=0x0 is NULL
R8 =0x02284a051048a922 is an unknown value
R9 =0x0000000000000068 is an unknown value
R10=0x000002bbe5aecb50 points into unknown readable memory: 0x000002bbe5af5800 | 00 58 af e5 bb 02 00 00
R11=0x000002bbf91c0000 points into unknown readable memory: 0x0000000000000001 | 01 00 00 00 00 00 00 00
R12=0x000000000000000c is an unknown value
R13=0xaaaaaaaaaaaaaaab is an unknown value
R14=0x0 is NULL
R15=0x0000000088419be0 is an oop: java.util.HashMap$Node 
{0x0000000088419be0} - klass: 'java/util/HashMap$Node'


Registers:
RAX=0x02284a051048a901, RBX=0x0000000083e2f000, RCX=0x0000000083e2f000, RDX=0x0000000083e2f000
RSP=0x000000bd1b5ff238, RBP=0x000002bbe5aecb50, RSI=0x0000000000000001, RDI=0x0000000000000000
R8 =0x02284a051048a922, R9 =0x0000000000000068, R10=0x000002bbe5aecb50, R11=0x000002bbf91c0000
R12=0x000000000000000c, R13=0xaaaaaaaaaaaaaaab, R14=0x0000000000000000, R15=0x0000000088419be0
RIP=0x00007ffeb5452346, EFLAGS=0x0000000000010202

Top of Stack: (sp=0x000000bd1b5ff238)
0x000000bd1b5ff238:   00007ffeb55a50ba 0000000083e2f000
0x000000bd1b5ff248:   0000000100022af8 0000000000000084
0x000000bd1b5ff258:   0000000000000001 0000000100022b00
0x000000bd1b5ff268:   00007ffeb55a4f66 0000000100022af8
0x000000bd1b5ff278:   0000000083e2f000 000002bbe5ad5de0
0x000000bd1b5ff288:   000000bd1b5ff448 0000000000000000
0x000000bd1b5ff298:   000000bd1b5ff448 0000000088419bfc
0x000000bd1b5ff2a8:   00007ffeb559cdcd 0000000000000004
0x000000bd1b5ff2b8:   0000000088419bf4 0000000088419b40
0x000000bd1b5ff2c8:   0000000088419b5c 000000bd1b5ff420
0x000000bd1b5ff2d8:   000002bbe5af7501 00000001000228b8
0x000000bd1b5ff2e8:   00007ffeb559c681 0000000000000004
0x000000bd1b5ff2f8:   000000bd1b5ff448 0000000088419be0
0x000000bd1b5ff308:   0000000000000000 0000000088419be0
0x000000bd1b5ff318:   00007ffeb55aac0f 000002bbe5ad5de0
0x000000bd1b5ff328:   00000000010a0000 000000bd1b5ff420 

Instructions: (pc=0x00007ffeb5452346)
0x00007ffeb5452246:   48 89 5c 24 20 e8 f0 00 00 00 80 7f 30 00 48 63
0x00007ffeb5452256:   c8 48 89 4c 24 28 0f 28 44 24 20 74 17 0f 11 86
0x00007ffeb5452266:   98 03 00 00 48 8b 5c 24 40 48 8b 74 24 48 48 83
0x00007ffeb5452276:   c4 30 5f c3 48 8b 07 48 8d 54 24 20 48 8b cf 66
0x00007ffeb5452286:   0f 7f 44 24 20 ff 50 38 48 8b 5c 24 40 48 8b 74
0x00007ffeb5452296:   24 48 48 83 c4 30 5f c3 cc cc 40 53 48 83 ec 30
0x00007ffeb54522a6:   0f 10 82 98 03 00 00 48 8b da 0f 10 c8 66 0f 73
0x00007ffeb54522b6:   d9 08 66 48 0f 7e c8 48 85 c0 74 28 48 8b 01 48
0x00007ffeb54522c6:   8d 54 24 20 0f 29 44 24 20 ff 50 40 33 c0 48 89
0x00007ffeb54522d6:   44 24 20 48 89 44 24 28 0f 10 44 24 20 0f 11 83
0x00007ffeb54522e6:   98 03 00 00 48 83 c4 30 5b c3 48 8b 49 38 48 8b
0x00007ffeb54522f6:   01 48 ff 60 28 cc cc cc cc cc 80 3d d2 5e 89 00
0x00007ffeb5452306:   00 48 8b c1 74 1b 8b 51 08 8b 0d 03 cb 84 00 48
0x00007ffeb5452316:   d3 e2 48 8b c8 48 03 15 ee ca 84 00 e9 19 00 00
0x00007ffeb5452326:   00 48 8b 51 08 48 8b c8 e9 0d 00 00 00 cc cc cc
0x00007ffeb5452336:   cc cc cc cc cc cc cc cc cc cc 4c 8b ca 48 8b d1
0x00007ffeb5452346:   45 8b 41 08 45 85 c0 7e 0e 41 f6 c0 01 75 59 41
0x00007ffeb5452356:   c1 f8 03 41 8b c0 c3 79 4f 80 3d 73 5e 89 00 00
0x00007ffeb5452366:   b8 0c 00 00 00 b9 10 00 00 00 0f 45 c8 8b 05 1b
0x00007ffeb5452376:   14 83 00 ff c8 4c 63 c8 48 63 c1 41 8b c8 83 e1
0x00007ffeb5452386:   3f 48 63 14 10 41 8b c0 48 c1 f8 10 0f b6 c0 48
0x00007ffeb5452396:   d3 e2 49 8d 0c 11 49 f7 d1 48 03 c1 49 c1 e9 03
0x00007ffeb54523a6:   48 c1 e8 03 41 23 c1 c3 49 8b 01 49 8b c9 48 ff
0x00007ffeb54523b6:   a0 10 01 00 00 cc cc cc cc cc 48 8b c2 c3 cc cc
0x00007ffeb54523c6:   cc cc cc cc cc cc cc cc cc cc 48 83 ec 38 48 8b
0x00007ffeb54523d6:   41 38 80 78 08 00 74 00 0f 10 02 48 8b 49 38 48
0x00007ffeb54523e6:   8d 54 24 20 0f 29 44 24 20 e8 3c f0 ff ff 48 83
0x00007ffeb54523f6:   c4 38 c3 cc cc cc cc cc cc cc 48 83 ec 38 0f 10
0x00007ffeb5452406:   02 48 8b 01 48 8d 54 24 20 0f 29 44 24 20 ff 50
0x00007ffeb5452416:   38 48 83 c4 38 c3 cc cc cc cc 48 89 5c 24 08 55
0x00007ffeb5452426:   56 57 41 54 41 55 41 56 41 57 48 8d 6c 24 e0 48
0x00007ffeb5452436:   81 ec 20 01 00 00 48 8b 05 4d 51 86 00 48 33 c4 


Stack slot to memory mapping:
stack at sp + 0 slots: 0x00007ffeb55a50ba jvm.dll
stack at sp + 1 slots: 0x0000000083e2f000 is pointing into object: org.gradle.api.internal.artifacts.ivyservice.resolveengine.artifact.DefaultArtifactSet$SingleVariantArtifactSet 
{0x0000000083e2efe8} - klass: 'org/gradle/api/internal/artifacts/ivyservice/resolveengine/artifact/DefaultArtifactSet$SingleVariantArtifactSet'
stack at sp + 2 slots: 0x0000000100022af8 is pointing into metadata
stack at sp + 3 slots: 0x0000000000000084 is an unknown value
stack at sp + 4 slots: 0x0000000000000001 is an unknown value
stack at sp + 5 slots: 0x0000000100022b00 is a pointer to class: 
stack at sp + 6 slots: 0x00007ffeb55a4f66 jvm.dll
stack at sp + 7 slots: 0x0000000100022af8 is pointing into metadata


---------------  P R O C E S S  ---------------

Threads class SMR info:
_java_thread_list=0x000002bb81409f70, length=91, elements={
0x000002bbe5aaa000, 0x000002bbff693000, 0x000002bbff694800, 0x000002bbff6b3000,
0x000002bbff6b4800, 0x000002bbff6b6800, 0x000002bbff6ba800, 0x000002bbff6bc800,
0x000002bbff6c1800, 0x000002bb801d5800, 0x000002bb81506000, 0x000002bb821b4800,
0x000002bb81bbb800, 0x000002bb829e5000, 0x000002bb829e6000, 0x000002bb829e7000,
0x000002bb829e8800, 0x000002bb829ea000, 0x000002bb83afb800, 0x000002bb83af9000,
0x000002bb83af8000, 0x000002bb83af9800, 0x000002bb83b00000, 0x000002bb852bd800,
0x000002bb852b8000, 0x000002bb8325c800, 0x000002bb8325e000, 0x000002bb860c5000,
0x000002bb83b01000, 0x000002bb852b9800, 0x000002bb852bb800, 0x000002bb83aff800,
0x000002bb83afa800, 0x000002bb83b02000, 0x000002bb83afc000, 0x000002bb83b02800,
0x000002bb83b05000, 0x000002bb83b03800, 0x000002bb83b06000, 0x000002bb8b628000,
0x000002bb8b62a800, 0x000002bb8b62c000, 0x000002bb8b629800, 0x000002bb8b630000,
0x000002bb8b62d000, 0x000002bb8b62b800, 0x000002bb8b632000, 0x000002bb8b633800,
0x000002bb8b631000, 0x000002bb8b632800, 0x000002bb8b62f800, 0x000002bb8b62e000,
0x000002bb8b634800, 0x000002bb8b62e800, 0x000002bb8b636000, 0x000002bb8b635000,
0x000002bb8b636800, 0x000002bb860c4000, 0x000002bb860c6000, 0x000002bb860c3800,
0x000002bb860cb800, 0x000002bb860ca000, 0x000002bb860c7800, 0x000002bb860ca800,
0x000002bb860c6800, 0x000002bb860ce000, 0x000002bb860d2000, 0x000002bb860cd000,
0x000002bb860cf800, 0x000002bb860d0800, 0x000002bb860cf000, 0x000002bb860d1000,
0x000002bb860cc800, 0x000002bb8325a800, 0x000002bb83258800, 0x000002bb8325f800,
0x000002bb8325a000, 0x000002bb8325b800, 0x000002bb83263800, 0x000002bb83265800,
0x000002bb83263000, 0x000002bb83264800, 0x000002bb83266000, 0x000002bb83262000,
0x000002bb83260800, 0x000002bb8b223000, 0x000002bb83267000, 0x000002bb83261000,
0x000002bb852b3000, 0x000002bb852b0800, 0x000002bb852b5800
}

Java Threads: ( => current thread )
  0x000002bbe5aaa000 JavaThread "main" [_thread_blocked, id=5580, stack(0x000000bd1b200000,0x000000bd1b300000)]
  0x000002bbff693000 JavaThread "Reference Handler" daemon [_thread_blocked, id=836, stack(0x000000bd1b900000,0x000000bd1ba00000)]
  0x000002bbff694800 JavaThread "Finalizer" daemon [_thread_blocked, id=4012, stack(0x000000bd1ba00000,0x000000bd1bb00000)]
  0x000002bbff6b3000 JavaThread "Signal Dispatcher" daemon [_thread_blocked, id=816, stack(0x000000bd1bb00000,0x000000bd1bc00000)]
  0x000002bbff6b4800 JavaThread "Attach Listener" daemon [_thread_blocked, id=5908, stack(0x000000bd1bc00000,0x000000bd1bd00000)]
  0x000002bbff6b6800 JavaThread "Service Thread" daemon [_thread_blocked, id=4916, stack(0x000000bd1bd00000,0x000000bd1be00000)]
  0x000002bbff6ba800 JavaThread "C2 CompilerThread0" daemon [_thread_blocked, id=4992, stack(0x000000bd1be00000,0x000000bd1bf00000)]
  0x000002bbff6bc800 JavaThread "C1 CompilerThread0" daemon [_thread_blocked, id=7540, stack(0x000000bd1bf00000,0x000000bd1c000000)]
  0x000002bbff6c1800 JavaThread "Sweeper thread" daemon [_thread_blocked, id=1072, stack(0x000000bd1c000000,0x000000bd1c100000)]
  0x000002bb801d5800 JavaThread "Common-Cleaner" daemon [_thread_blocked, id=756, stack(0x000000bd1c100000,0x000000bd1c200000)]
  0x000002bb81506000 JavaThread "Daemon health stats" [_thread_blocked, id=1372, stack(0x000000bd1c600000,0x000000bd1c700000)]
  0x000002bb821b4800 JavaThread "Incoming local TCP Connector on port 49714" [_thread_in_native, id=1464, stack(0x000000bd1c700000,0x000000bd1c800000)]
  0x000002bb81bbb800 JavaThread "Daemon periodic checks" [_thread_blocked, id=708, stack(0x000000bd1c800000,0x000000bd1c900000)]
  0x000002bb829e5000 JavaThread "Cache worker for journal cache (C:\Users\Home\.gradle\caches\journal-1)" [_thread_blocked, id=2012, stack(0x000000bd1d200000,0x000000bd1d300000)]
  0x000002bb829e6000 JavaThread "File lock request listener" [_thread_in_native, id=1960, stack(0x000000bd1d300000,0x000000bd1d400000)]
  0x000002bb829e7000 JavaThread "Cache worker for file hash cache (C:\Users\Home\.gradle\caches\7.3.3\fileHashes)" [_thread_blocked, id=2040, stack(0x000000bd1d400000,0x000000bd1d500000)]
  0x000002bb829e8800 JavaThread "File watcher server" daemon [_thread_in_native, id=2672, stack(0x000000bd1d700000,0x000000bd1d800000)]
  0x000002bb829ea000 JavaThread "File watcher consumer" daemon [_thread_blocked, id=4856, stack(0x000000bd1d800000,0x000000bd1d900000)]
  0x000002bb83afb800 JavaThread "Cache worker for execution history cache (C:\Users\Home\.gradle\caches\7.3.3\executionHistory)" [_thread_blocked, id=2344, stack(0x000000bd1dc00000,0x000000bd1dd00000)]
  0x000002bb83af9000 JavaThread "jar transforms" [_thread_blocked, id=2388, stack(0x000000bd1dd00000,0x000000bd1de00000)]
  0x000002bb83af8000 JavaThread "jar transforms Thread 2" [_thread_blocked, id=2444, stack(0x000000bd1de00000,0x000000bd1df00000)]
  0x000002bb83af9800 JavaThread "Cache worker for file content cache (C:\Users\Home\.gradle\caches\7.3.3\fileContent)" [_thread_blocked, id=2520, stack(0x000000bd1df00000,0x000000bd1e000000)]
  0x000002bb83b00000 JavaThread "jar transforms Thread 3" [_thread_blocked, id=6660, stack(0x000000bd1e200000,0x000000bd1e300000)]
  0x000002bb852bd800 JavaThread "jar transforms Thread 4" [_thread_blocked, id=1080, stack(0x000000bd20d00000,0x000000bd20e00000)]
  0x000002bb852b8000 JavaThread "Memory manager" [_thread_blocked, id=8096, stack(0x000000bd21200000,0x000000bd21300000)]
  0x000002bb8325c800 JavaThread "RMI Scheduler(0)" daemon [_thread_blocked, id=1292, stack(0x000000bd22100000,0x000000bd22200000)]
  0x000002bb8325e000 JavaThread "RMI TCP Accept-0" daemon [_thread_in_native, id=472, stack(0x000000bd22500000,0x000000bd22600000)]
  0x000002bb860c5000 JavaThread "Cache worker for Java compile cache (C:\Users\Home\.gradle\caches\7.3.3\javaCompile)" [_thread_blocked, id=1556, stack(0x000000bd3d300000,0x000000bd3d400000)]
  0x000002bb83b01000 JavaThread "ForkJoinPool.commonPool-worker-1" daemon [_thread_blocked, id=4468, stack(0x000000bd61100000,0x000000bd61200000)]
  0x000002bb852b9800 JavaThread "RMI GC Daemon" daemon [_thread_blocked, id=1712, stack(0x000000bd66600000,0x000000bd66700000)]
  0x000002bb852bb800 JavaThread "RMI Reaper" [_thread_blocked, id=5788, stack(0x000000bd66700000,0x000000bd66800000)]
  0x000002bb83aff800 JavaThread "RMI TCP Connection(idle)" daemon [_thread_blocked, id=5448, stack(0x000000bd70700000,0x000000bd70800000)]
  0x000002bb83afa800 JavaThread "Daemon Thread 12" [_thread_blocked, id=5064, stack(0x000000bd70a00000,0x000000bd70b00000)]
  0x000002bb83b02000 JavaThread "Handler for socket connection from /127.0.0.1:49714 to /127.0.0.1:50491" [_thread_in_native, id=2664, stack(0x000000bd70b00000,0x000000bd70c00000)]
  0x000002bb83afc000 JavaThread "Cancel handler" [_thread_blocked, id=3724, stack(0x000000bd70c00000,0x000000bd70d00000)]
  0x000002bb83b02800 JavaThread "Daemon worker Thread 12" [_thread_blocked, id=7876, stack(0x000000bd70d00000,0x000000bd70e00000)]
  0x000002bb83b05000 JavaThread "Asynchronous log dispatcher for DefaultDaemonConnection: socket connection from /127.0.0.1:49714 to /127.0.0.1:50491" [_thread_blocked, id=2080, stack(0x000000bd70e00000,0x000000bd70f00000)]
  0x000002bb83b03800 JavaThread "Stdin handler" [_thread_blocked, id=6048, stack(0x000000bd70f00000,0x000000bd71000000)]
  0x000002bb83b06000 JavaThread "Daemon client event forwarder" [_thread_blocked, id=1648, stack(0x000000bd71000000,0x000000bd71100000)]
  0x000002bb8b628000 JavaThread "Cache worker for file hash cache (C:\projects\TradeStuff\.gradle\7.3.3\fileHashes)" [_thread_blocked, id=7428, stack(0x000000bd71100000,0x000000bd71200000)]
  0x000002bb8b62a800 JavaThread "Cache worker for checksums cache (C:\projects\TradeStuff\.gradle\7.3.3\checksums)" [_thread_blocked, id=892, stack(0x000000bd71200000,0x000000bd71300000)]
  0x000002bb8b62c000 JavaThread "Cache worker for cache directory md-supplier (C:\Users\Home\.gradle\caches\7.3.3\md-supplier)" [_thread_blocked, id=1696, stack(0x000000bd71300000,0x000000bd71400000)]
  0x000002bb8b629800 JavaThread "Cache worker for cache directory md-rule (C:\Users\Home\.gradle\caches\7.3.3\md-rule)" [_thread_blocked, id=1272, stack(0x000000bd71400000,0x000000bd71500000)]
  0x000002bb8b630000 JavaThread "Cache worker for dependencies-accessors (C:\projects\TradeStuff\.gradle\7.3.3\dependencies-accessors)" [_thread_blocked, id=1288, stack(0x000000bd71500000,0x000000bd71600000)]
  0x000002bb8b62d000 JavaThread "Cache worker for Build Output Cleanup Cache (C:\projects\TradeStuff\.gradle\buildOutputCleanup)" [_thread_blocked, id=3248, stack(0x000000bd71600000,0x000000bd71700000)]
  0x000002bb8b62b800 JavaThread "Unconstrained build operations" [_thread_blocked, id=1848, stack(0x000000bd71700000,0x000000bd71800000)]
  0x000002bb8b632000 JavaThread "Unconstrained build operations Thread 2" [_thread_blocked, id=1792, stack(0x000000bd71800000,0x000000bd71900000)]
  0x000002bb8b633800 JavaThread "Unconstrained build operations Thread 3" [_thread_blocked, id=5220, stack(0x000000bd71900000,0x000000bd71a00000)]
  0x000002bb8b631000 JavaThread "Unconstrained build operations Thread 4" [_thread_blocked, id=1616, stack(0x000000bd71a00000,0x000000bd71b00000)]
  0x000002bb8b632800 JavaThread "Unconstrained build operations Thread 5" [_thread_blocked, id=2188, stack(0x000000bd71b00000,0x000000bd71c00000)]
  0x000002bb8b62f800 JavaThread "Unconstrained build operations Thread 6" [_thread_blocked, id=1352, stack(0x000000bd71c00000,0x000000bd71d00000)]
  0x000002bb8b62e000 JavaThread "Unconstrained build operations Thread 7" [_thread_blocked, id=5924, stack(0x000000bd71d00000,0x000000bd71e00000)]
  0x000002bb8b634800 JavaThread "Unconstrained build operations Thread 8" [_thread_blocked, id=3528, stack(0x000000bd71e00000,0x000000bd71f00000)]
  0x000002bb8b62e800 JavaThread "Unconstrained build operations Thread 9" [_thread_blocked, id=5256, stack(0x000000bd71f00000,0x000000bd72000000)]
  0x000002bb8b636000 JavaThread "Unconstrained build operations Thread 10" [_thread_blocked, id=2472, stack(0x000000bd72000000,0x000000bd72100000)]
  0x000002bb8b635000 JavaThread "Unconstrained build operations Thread 11" [_thread_blocked, id=5452, stack(0x000000bd72100000,0x000000bd72200000)]
  0x000002bb8b636800 JavaThread "Unconstrained build operations Thread 12" [_thread_blocked, id=8052, stack(0x000000bd72200000,0x000000bd72300000)]
  0x000002bb860c4000 JavaThread "Unconstrained build operations Thread 13" [_thread_blocked, id=5180, stack(0x000000bd72300000,0x000000bd72400000)]
  0x000002bb860c6000 JavaThread "Unconstrained build operations Thread 14" [_thread_blocked, id=8084, stack(0x000000bd72400000,0x000000bd72500000)]
  0x000002bb860c3800 JavaThread "Unconstrained build operations Thread 15" [_thread_blocked, id=3208, stack(0x000000bd72500000,0x000000bd72600000)]
  0x000002bb860cb800 JavaThread "Unconstrained build operations Thread 16" [_thread_blocked, id=484, stack(0x000000bd72600000,0x000000bd72700000)]
  0x000002bb860ca000 JavaThread "Unconstrained build operations Thread 17" [_thread_blocked, id=1976, stack(0x000000bd72700000,0x000000bd72800000)]
  0x000002bb860c7800 JavaThread "Unconstrained build operations Thread 18" [_thread_blocked, id=5988, stack(0x000000bd72800000,0x000000bd72900000)]
  0x000002bb860ca800 JavaThread "Unconstrained build operations Thread 19" [_thread_blocked, id=4740, stack(0x000000bd72900000,0x000000bd72a00000)]
  0x000002bb860c6800 JavaThread "Unconstrained build operations Thread 20" [_thread_blocked, id=1320, stack(0x000000bd72a00000,0x000000bd72b00000)]
  0x000002bb860ce000 JavaThread "Unconstrained build operations Thread 21" [_thread_blocked, id=2216, stack(0x000000bd72b00000,0x000000bd72c00000)]
  0x000002bb860d2000 JavaThread "Unconstrained build operations Thread 22" [_thread_blocked, id=4784, stack(0x000000bd72c00000,0x000000bd72d00000)]
  0x000002bb860cd000 JavaThread "Unconstrained build operations Thread 23" [_thread_blocked, id=7488, stack(0x000000bd72d00000,0x000000bd72e00000)]
  0x000002bb860cf800 JavaThread "Unconstrained build operations Thread 24" [_thread_blocked, id=6836, stack(0x000000bd72e00000,0x000000bd72f00000)]
  0x000002bb860d0800 JavaThread "Unconstrained build operations Thread 25" [_thread_blocked, id=4480, stack(0x000000bd72f00000,0x000000bd73000000)]
  0x000002bb860cf000 JavaThread "Unconstrained build operations Thread 26" [_thread_blocked, id=1128, stack(0x000000bd73000000,0x000000bd73100000)]
  0x000002bb860d1000 JavaThread "Unconstrained build operations Thread 27" [_thread_blocked, id=2720, stack(0x000000bd73100000,0x000000bd73200000)]
  0x000002bb860cc800 JavaThread "Unconstrained build operations Thread 28" [_thread_blocked, id=7264, stack(0x000000bd73200000,0x000000bd73300000)]
  0x000002bb8325a800 JavaThread "Unconstrained build operations Thread 29" [_thread_blocked, id=6696, stack(0x000000bd73300000,0x000000bd73400000)]
  0x000002bb83258800 JavaThread "Unconstrained build operations Thread 30" [_thread_blocked, id=1608, stack(0x000000bd73400000,0x000000bd73500000)]
  0x000002bb8325f800 JavaThread "Unconstrained build operations Thread 31" [_thread_blocked, id=7320, stack(0x000000bd73500000,0x000000bd73600000)]
  0x000002bb8325a000 JavaThread "Unconstrained build operations Thread 32" [_thread_blocked, id=4712, stack(0x000000bd73600000,0x000000bd73700000)]
  0x000002bb8325b800 JavaThread "Unconstrained build operations Thread 33" [_thread_blocked, id=7444, stack(0x000000bd73700000,0x000000bd73800000)]
  0x000002bb83263800 JavaThread "Unconstrained build operations Thread 34" [_thread_blocked, id=6088, stack(0x000000bd73800000,0x000000bd73900000)]
  0x000002bb83265800 JavaThread "Unconstrained build operations Thread 35" [_thread_blocked, id=2484, stack(0x000000bd73900000,0x000000bd73a00000)]
  0x000002bb83263000 JavaThread "Unconstrained build operations Thread 36" [_thread_blocked, id=7020, stack(0x000000bd73a00000,0x000000bd73b00000)]
  0x000002bb83264800 JavaThread "Unconstrained build operations Thread 37" [_thread_blocked, id=4360, stack(0x000000bd73b00000,0x000000bd73c00000)]
  0x000002bb83266000 JavaThread "Unconstrained build operations Thread 38" [_thread_blocked, id=7436, stack(0x000000bd73c00000,0x000000bd73d00000)]
  0x000002bb83262000 JavaThread "Unconstrained build operations Thread 39" [_thread_blocked, id=3116, stack(0x000000bd73d00000,0x000000bd73e00000)]
  0x000002bb83260800 JavaThread "Unconstrained build operations Thread 40" [_thread_blocked, id=5312, stack(0x000000bd73e00000,0x000000bd73f00000)]
  0x000002bb8b223000 JavaThread "C2 CompilerThread1" daemon [_thread_in_native, id=7968, stack(0x000000bd73f00000,0x000000bd74000000)]
  0x000002bb83267000 JavaThread "build event listener" [_thread_blocked, id=6548, stack(0x000000bd74000000,0x000000bd74100000)]
  0x000002bb83261000 JavaThread "Execution worker for ':'" [_thread_blocked, id=2204, stack(0x000000bd74100000,0x000000bd74200000)]
  0x000002bb852b3000 JavaThread "Execution worker for ':' Thread 2" [_thread_blocked, id=3108, stack(0x000000bd74200000,0x000000bd74300000)]
  0x000002bb852b0800 JavaThread "Execution worker for ':' Thread 3" [_thread_blocked, id=3492, stack(0x000000bd74300000,0x000000bd74400000)]
  0x000002bb852b5800 JavaThread "Cache worker for execution history cache (C:\projects\TradeStuff\.gradle\7.3.3\executionHistory)" [_thread_blocked, id=1652, stack(0x000000bd74400000,0x000000bd74500000)]

Other Threads:
  0x000002bbff68e800 VMThread "VM Thread" [stack: 0x000000bd1b800000,0x000000bd1b900000] [id=3808]
  0x000002bb801db000 WatcherThread [stack: 0x000000bd1c200000,0x000000bd1c300000] [id=4036]
  0x000002bbe5ac2800 GCTaskThread "GC Thread#0" [stack: 0x000000bd1b300000,0x000000bd1b400000] [id=3192]
  0x000002bb808b0000 GCTaskThread "GC Thread#1" [stack: 0x000000bd1c400000,0x000000bd1c500000] [id=1600]
  0x000002bb81ffe800 GCTaskThread "GC Thread#2" [stack: 0x000000bd1d000000,0x000000bd1d100000] [id=1832]
  0x000002bb80c84800 GCTaskThread "GC Thread#3" [stack: 0x000000bd1d100000,0x000000bd1d200000] [id=1844]
  0x000002bbe5af5800 ConcurrentGCThread "G1 Main Marker" [stack: 0x000000bd1b400000,0x000000bd1b500000] [id=5828]
=>0x000002bbe5af7000 ConcurrentGCThread "G1 Conc#0" [stack: 0x000000bd1b500000,0x000000bd1b600000] [id=1460]
  0x000002bbe5b6c000 ConcurrentGCThread "G1 Refine#0" [stack: 0x000000bd1b600000,0x000000bd1b700000] [id=348]
  0x000002bbe5b6d000 ConcurrentGCThread "G1 Young RemSet Sampling" [stack: 0x000000bd1b700000,0x000000bd1b800000] [id=1176]

Threads with active compile tasks:
C2 CompilerThread122790846 31825       4       org.gradle.api.internal.artifacts.ivyservice.resolveengine.graph.builder.DependencyGraphBuilder::assembleResult (505 bytes)

VM state:not at safepoint (normal execution)

VM Mutex/Monitor currently owned by a thread: None

Heap address: 0x0000000080000000, size: 2048 MB, Compressed Oops mode: 32-bit
Narrow klass base: 0x0000000000000000, Narrow klass shift: 3
Compressed class space size: 1073741824 Address: 0x0000000100000000

Heap:
 garbage-first heap   total 285696K, used 191488K [0x0000000080000000, 0x0000000100000000)
  region size 1024K, 41 young (41984K), 9 survivors (9216K)
 Metaspace       used 145846K, capacity 151063K, committed 151856K, reserved 1181696K
  class space    used 17703K, capacity 19599K, committed 19788K, reserved 1048576K
Heap Regions: E=young(eden), S=young(survivor), O=old, HS=humongous(starts), HC=humongous(continues), CS=collection set, F=free, A=archive, TAMS=top-at-mark-start (previous, next)
|   0|0x0000000080000000, 0x0000000080100000, 0x0000000080100000|100%| O|  |TAMS 0x0000000080100000, 0x0000000080100000| Untracked 
|   1|0x0000000080100000, 0x0000000080200000, 0x0000000080200000|100%| O|  |TAMS 0x0000000080200000, 0x0000000080200000| Untracked 
|   2|0x0000000080200000, 0x0000000080300000, 0x0000000080300000|100%| O|  |TAMS 0x0000000080300000, 0x0000000080300000| Untracked 
|   3|0x0000000080300000, 0x0000000080400000, 0x0000000080400000|100%|HS|  |TAMS 0x0000000080400000, 0x0000000080400000| Complete 
|   4|0x0000000080400000, 0x0000000080500000, 0x0000000080500000|100%|HC|  |TAMS 0x0000000080500000, 0x0000000080500000| Complete 
|   5|0x0000000080500000, 0x0000000080600000, 0x0000000080600000|100%|HC|  |TAMS 0x0000000080600000, 0x0000000080600000| Complete 
|   6|0x0000000080600000, 0x0000000080700000, 0x0000000080700000|100%| O|  |TAMS 0x0000000080700000, 0x0000000080700000| Untracked 
|   7|0x0000000080700000, 0x0000000080800000, 0x0000000080800000|100%| O|  |TAMS 0x0000000080800000, 0x0000000080800000| Untracked 
|   8|0x0000000080800000, 0x0000000080900000, 0x0000000080900000|100%| O|  |TAMS 0x0000000080900000, 0x0000000080900000| Untracked 
|   9|0x0000000080900000, 0x0000000080a00000, 0x0000000080a00000|100%| O|  |TAMS 0x0000000080a00000, 0x0000000080a00000| Untracked 
|  10|0x0000000080a00000, 0x0000000080b00000, 0x0000000080b00000|100%| O|  |TAMS 0x0000000080b00000, 0x0000000080b00000| Untracked 
|  11|0x0000000080b00000, 0x0000000080c00000, 0x0000000080c00000|100%| O|  |TAMS 0x0000000080c00000, 0x0000000080c00000| Untracked 
|  12|0x0000000080c00000, 0x0000000080d00000, 0x0000000080d00000|100%| O|  |TAMS 0x0000000080d00000, 0x0000000080d00000| Untracked 
|  13|0x0000000080d00000, 0x0000000080e00000, 0x0000000080e00000|100%| O|  |TAMS 0x0000000080e00000, 0x0000000080e00000| Untracked 
|  14|0x0000000080e00000, 0x0000000080f00000, 0x0000000080f00000|100%| O|  |TAMS 0x0000000080f00000, 0x0000000080f00000| Untracked 
|  15|0x0000000080f00000, 0x0000000081000000, 0x0000000081000000|100%| O|  |TAMS 0x0000000081000000, 0x0000000081000000| Untracked 
|  16|0x0000000081000000, 0x0000000081100000, 0x0000000081100000|100%| O|  |TAMS 0x0000000081100000, 0x0000000081100000| Untracked 
|  17|0x0000000081100000, 0x0000000081200000, 0x0000000081200000|100%| O|  |TAMS 0x0000000081200000, 0x0000000081200000| Untracked 
|  18|0x0000000081200000, 0x0000000081300000, 0x0000000081300000|100%| O|  |TAMS 0x0000000081300000, 0x0000000081300000| Untracked 
|  19|0x0000000081300000, 0x0000000081400000, 0x0000000081400000|100%| O|  |TAMS 0x0000000081400000, 0x0000000081400000| Untracked 
|  20|0x0000000081400000, 0x0000000081500000, 0x0000000081500000|100%| O|  |TAMS 0x0000000081500000, 0x0000000081500000| Untracked 
|  21|0x0000000081500000, 0x0000000081600000, 0x0000000081600000|100%| O|  |TAMS 0x0000000081600000, 0x0000000081600000| Untracked 
|  22|0x0000000081600000, 0x0000000081700000, 0x0000000081700000|100%| O|  |TAMS 0x0000000081700000, 0x0000000081700000| Untracked 
|  23|0x0000000081700000, 0x0000000081800000, 0x0000000081800000|100%| O|  |TAMS 0x0000000081800000, 0x0000000081800000| Untracked 
|  24|0x0000000081800000, 0x0000000081900000, 0x0000000081900000|100%| O|  |TAMS 0x0000000081900000, 0x0000000081900000| Untracked 
|  25|0x0000000081900000, 0x0000000081a00000, 0x0000000081a00000|100%|HS|  |TAMS 0x0000000081a00000, 0x0000000081a00000| Complete 
|  26|0x0000000081a00000, 0x0000000081b00000, 0x0000000081b00000|100%|HS|  |TAMS 0x0000000081b00000, 0x0000000081b00000| Complete 
|  27|0x0000000081b00000, 0x0000000081c00000, 0x0000000081c00000|100%|HS|  |TAMS 0x0000000081c00000, 0x0000000081c00000| Complete 
|  28|0x0000000081c00000, 0x0000000081d00000, 0x0000000081d00000|100%|HS|  |TAMS 0x0000000081d00000, 0x0000000081d00000| Complete 
|  29|0x0000000081d00000, 0x0000000081e00000, 0x0000000081e00000|100%|HC|  |TAMS 0x0000000081e00000, 0x0000000081e00000| Complete 
|  30|0x0000000081e00000, 0x0000000081f00000, 0x0000000081f00000|100%|HC|  |TAMS 0x0000000081f00000, 0x0000000081f00000| Complete 
|  31|0x0000000081f00000, 0x0000000082000000, 0x0000000082000000|100%|HS|  |TAMS 0x0000000082000000, 0x0000000082000000| Complete 
|  32|0x0000000082000000, 0x0000000082100000, 0x0000000082100000|100%|HC|  |TAMS 0x0000000082100000, 0x0000000082100000| Complete 
|  33|0x0000000082100000, 0x0000000082200000, 0x0000000082200000|100%| O|  |TAMS 0x0000000082100000, 0x0000000082200000| Untracked 
|  34|0x0000000082200000, 0x0000000082300000, 0x0000000082300000|100%| O|  |TAMS 0x0000000082300000, 0x0000000082300000| Untracked 
|  35|0x0000000082300000, 0x0000000082400000, 0x0000000082400000|100%| O|  |TAMS 0x0000000082400000, 0x0000000082400000| Untracked 
|  36|0x0000000082400000, 0x0000000082500000, 0x0000000082500000|100%| O|  |TAMS 0x0000000082500000, 0x0000000082500000| Untracked 
|  37|0x0000000082500000, 0x0000000082600000, 0x0000000082600000|100%| O|  |TAMS 0x0000000082500000, 0x0000000082600000| Untracked 
|  38|0x0000000082600000, 0x0000000082700000, 0x0000000082700000|100%| O|  |TAMS 0x0000000082700000, 0x0000000082700000| Untracked 
|  39|0x0000000082700000, 0x0000000082800000, 0x0000000082800000|100%| O|  |TAMS 0x0000000082800000, 0x0000000082800000| Untracked 
|  40|0x0000000082800000, 0x0000000082900000, 0x0000000082900000|100%| O|  |TAMS 0x0000000082900000, 0x0000000082900000| Untracked 
|  41|0x0000000082900000, 0x0000000082a00000, 0x0000000082a00000|100%| O|  |TAMS 0x0000000082900000, 0x0000000082a00000| Untracked 
|  42|0x0000000082a00000, 0x0000000082b00000, 0x0000000082b00000|100%| O|  |TAMS 0x0000000082b00000, 0x0000000082b00000| Untracked 
|  43|0x0000000082b00000, 0x0000000082c00000, 0x0000000082c00000|100%| O|  |TAMS 0x0000000082c00000, 0x0000000082c00000| Untracked 
|  44|0x0000000082c00000, 0x0000000082d00000, 0x0000000082d00000|100%| O|  |TAMS 0x0000000082d00000, 0x0000000082d00000| Untracked 
|  45|0x0000000082d00000, 0x0000000082e00000, 0x0000000082e00000|100%| O|  |TAMS 0x0000000082e00000, 0x0000000082e00000| Untracked 
|  46|0x0000000082e00000, 0x0000000082f00000, 0x0000000082f00000|100%| O|  |TAMS 0x0000000082e00000, 0x0000000082f00000| Untracked 
|  47|0x0000000082f00000, 0x0000000083000000, 0x0000000083000000|100%| O|  |TAMS 0x0000000083000000, 0x0000000083000000| Untracked 
|  48|0x0000000083000000, 0x0000000083100000, 0x0000000083100000|100%| O|  |TAMS 0x0000000083100000, 0x0000000083100000| Untracked 
|  49|0x0000000083100000, 0x0000000083200000, 0x0000000083200000|100%| O|  |TAMS 0x0000000083200000, 0x0000000083200000| Untracked 
|  50|0x0000000083200000, 0x0000000083300000, 0x0000000083300000|100%| O|  |TAMS 0x0000000083300000, 0x0000000083300000| Untracked 
|  51|0x0000000083300000, 0x0000000083400000, 0x0000000083400000|100%| O|  |TAMS 0x0000000083400000, 0x0000000083400000| Untracked 
|  52|0x0000000083400000, 0x0000000083500000, 0x0000000083500000|100%| O|  |TAMS 0x0000000083500000, 0x0000000083500000| Untracked 
|  53|0x0000000083500000, 0x0000000083600000, 0x0000000083600000|100%| O|  |TAMS 0x0000000083600000, 0x0000000083600000| Untracked 
|  54|0x0000000083600000, 0x0000000083700000, 0x0000000083700000|100%| O|  |TAMS 0x0000000083700000, 0x0000000083700000| Untracked 
|  55|0x0000000083700000, 0x0000000083800000, 0x0000000083800000|100%| O|  |TAMS 0x0000000083800000, 0x0000000083800000| Untracked 
|  56|0x0000000083800000, 0x0000000083900000, 0x0000000083900000|100%| O|  |TAMS 0x0000000083800000, 0x0000000083900000| Untracked 
|  57|0x0000000083900000, 0x0000000083a00000, 0x0000000083a00000|100%| O|  |TAMS 0x0000000083a00000, 0x0000000083a00000| Untracked 
|  58|0x0000000083a00000, 0x0000000083b00000, 0x0000000083b00000|100%| O|  |TAMS 0x0000000083a00000, 0x0000000083b00000| Untracked 
|  59|0x0000000083b00000, 0x0000000083c00000, 0x0000000083c00000|100%| O|  |TAMS 0x0000000083c00000, 0x0000000083c00000| Untracked 
|  60|0x0000000083c00000, 0x0000000083d00000, 0x0000000083d00000|100%| O|  |TAMS 0x0000000083d00000, 0x0000000083d00000| Untracked 
|  61|0x0000000083d00000, 0x0000000083e00000, 0x0000000083e00000|100%| O|  |TAMS 0x0000000083e00000, 0x0000000083e00000| Untracked 
|  62|0x0000000083e00000, 0x0000000083f00000, 0x0000000083f00000|100%| O|  |TAMS 0x0000000083e00000, 0x0000000083f00000| Untracked 
|  63|0x0000000083f00000, 0x0000000084000000, 0x0000000084000000|100%| O|  |TAMS 0x0000000083f00000, 0x0000000084000000| Untracked 
|  64|0x0000000084000000, 0x0000000084100000, 0x0000000084100000|100%|HS|  |TAMS 0x0000000084100000, 0x0000000084100000| Complete 
|  65|0x0000000084100000, 0x0000000084200000, 0x0000000084200000|100%|HC|  |TAMS 0x0000000084200000, 0x0000000084200000| Complete 
|  66|0x0000000084200000, 0x0000000084300000, 0x0000000084300000|100%|HC|  |TAMS 0x0000000084300000, 0x0000000084300000| Complete 
|  67|0x0000000084300000, 0x0000000084400000, 0x0000000084400000|100%| O|  |TAMS 0x0000000084400000, 0x0000000084400000| Untracked 
|  68|0x0000000084400000, 0x0000000084500000, 0x0000000084500000|100%| O|  |TAMS 0x0000000084400000, 0x0000000084500000| Untracked 
|  69|0x0000000084500000, 0x0000000084600000, 0x0000000084600000|100%| O|  |TAMS 0x0000000084600000, 0x0000000084600000| Untracked 
|  70|0x0000000084600000, 0x0000000084700000, 0x0000000084700000|100%| O|  |TAMS 0x0000000084600000, 0x0000000084700000| Untracked 
|  71|0x0000000084700000, 0x0000000084800000, 0x0000000084800000|100%| O|  |TAMS 0x0000000084700000, 0x0000000084800000| Untracked 
|  72|0x0000000084800000, 0x0000000084900000, 0x0000000084900000|100%| O|  |TAMS 0x0000000084900000, 0x0000000084900000| Untracked 
|  73|0x0000000084900000, 0x0000000084a00000, 0x0000000084a00000|100%| O|  |TAMS 0x0000000084a00000, 0x0000000084a00000| Untracked 
|  74|0x0000000084a00000, 0x0000000084b00000, 0x0000000084b00000|100%| O|  |TAMS 0x0000000084b00000, 0x0000000084b00000| Untracked 
|  75|0x0000000084b00000, 0x0000000084c00000, 0x0000000084c00000|100%| O|  |TAMS 0x0000000084b00000, 0x0000000084c00000| Untracked 
|  76|0x0000000084c00000, 0x0000000084d00000, 0x0000000084d00000|100%| O|  |TAMS 0x0000000084c00000, 0x0000000084d00000| Untracked 
|  77|0x0000000084d00000, 0x0000000084e00000, 0x0000000084e00000|100%| O|  |TAMS 0x0000000084e00000, 0x0000000084e00000| Untracked 
|  78|0x0000000084e00000, 0x0000000084f00000, 0x0000000084f00000|100%| O|  |TAMS 0x0000000084f00000, 0x0000000084f00000| Untracked 
|  79|0x0000000084f00000, 0x0000000085000000, 0x0000000085000000|100%| O|  |TAMS 0x0000000085000000, 0x0000000085000000| Untracked 
|  80|0x0000000085000000, 0x0000000085100000, 0x0000000085100000|100%| O|  |TAMS 0x0000000085000000, 0x0000000085100000| Untracked 
|  81|0x0000000085100000, 0x0000000085200000, 0x0000000085200000|100%| O|  |TAMS 0x0000000085200000, 0x0000000085200000| Untracked 
|  82|0x0000000085200000, 0x0000000085300000, 0x0000000085300000|100%| O|  |TAMS 0x0000000085300000, 0x0000000085300000| Untracked 
|  83|0x0000000085300000, 0x0000000085400000, 0x0000000085400000|100%| O|  |TAMS 0x0000000085400000, 0x0000000085400000| Untracked 
|  84|0x0000000085400000, 0x0000000085500000, 0x0000000085500000|100%| O|  |TAMS 0x0000000085500000, 0x0000000085500000| Untracked 
|  85|0x0000000085500000, 0x0000000085600000, 0x0000000085600000|100%| O|  |TAMS 0x0000000085500000, 0x0000000085600000| Untracked 
|  86|0x0000000085600000, 0x0000000085700000, 0x0000000085700000|100%| O|  |TAMS 0x0000000085600000, 0x0000000085700000| Untracked 
|  87|0x0000000085700000, 0x0000000085800000, 0x0000000085800000|100%| O|  |TAMS 0x0000000085800000, 0x0000000085800000| Untracked 
|  88|0x0000000085800000, 0x0000000085900000, 0x0000000085900000|100%| O|  |TAMS 0x0000000085900000, 0x0000000085900000| Untracked 
|  89|0x0000000085900000, 0x0000000085a00000, 0x0000000085a00000|100%| O|  |TAMS 0x0000000085900000, 0x0000000085a00000| Untracked 
|  90|0x0000000085a00000, 0x0000000085b00000, 0x0000000085b00000|100%| O|  |TAMS 0x0000000085b00000, 0x0000000085b00000| Untracked 
|  91|0x0000000085b00000, 0x0000000085c00000, 0x0000000085c00000|100%| O|  |TAMS 0x0000000085c00000, 0x0000000085c00000| Untracked 
|  92|0x0000000085c00000, 0x0000000085d00000, 0x0000000085d00000|100%| O|  |TAMS 0x0000000085d00000, 0x0000000085d00000| Untracked 
|  93|0x0000000085d00000, 0x0000000085e00000, 0x0000000085e00000|100%| O|  |TAMS 0x0000000085d00000, 0x0000000085e00000| Untracked 
|  94|0x0000000085e00000, 0x0000000085f00000, 0x0000000085f00000|100%| O|  |TAMS 0x0000000085f00000, 0x0000000085f00000| Untracked 
|  95|0x0000000085f00000, 0x0000000086000000, 0x0000000086000000|100%| O|  |TAMS 0x0000000085f00000, 0x0000000086000000| Untracked 
|  96|0x0000000086000000, 0x0000000086100000, 0x0000000086100000|100%| O|  |TAMS 0x0000000086100000, 0x0000000086100000| Untracked 
|  97|0x0000000086100000, 0x0000000086200000, 0x0000000086200000|100%| O|  |TAMS 0x0000000086100000, 0x0000000086200000| Untracked 
|  98|0x0000000086200000, 0x0000000086300000, 0x0000000086300000|100%| O|  |TAMS 0x0000000086300000, 0x0000000086300000| Untracked 
|  99|0x0000000086300000, 0x0000000086400000, 0x0000000086400000|100%| O|  |TAMS 0x0000000086400000, 0x0000000086400000| Untracked 
| 100|0x0000000086400000, 0x0000000086500000, 0x0000000086500000|100%| O|  |TAMS 0x0000000086500000, 0x0000000086500000| Untracked 
| 101|0x0000000086500000, 0x0000000086600000, 0x0000000086600000|100%| O|  |TAMS 0x0000000086600000, 0x0000000086600000| Untracked 
| 102|0x0000000086600000, 0x0000000086700000, 0x0000000086700000|100%| O|  |TAMS 0x0000000086700000, 0x0000000086700000| Untracked 
| 103|0x0000000086700000, 0x0000000086800000, 0x0000000086800000|100%| O|  |TAMS 0x0000000086800000, 0x0000000086800000| Untracked 
| 104|0x0000000086800000, 0x0000000086900000, 0x0000000086900000|100%| O|  |TAMS 0x0000000086900000, 0x0000000086900000| Untracked 
| 105|0x0000000086900000, 0x0000000086a00000, 0x0000000086a00000|100%| O|  |TAMS 0x0000000086a00000, 0x0000000086a00000| Untracked 
| 106|0x0000000086a00000, 0x0000000086b00000, 0x0000000086b00000|100%| O|  |TAMS 0x0000000086b00000, 0x0000000086b00000| Untracked 
| 107|0x0000000086b00000, 0x0000000086c00000, 0x0000000086c00000|100%| O|  |TAMS 0x0000000086c00000, 0x0000000086c00000| Untracked 
| 108|0x0000000086c00000, 0x0000000086d00000, 0x0000000086d00000|100%| O|  |TAMS 0x0000000086d00000, 0x0000000086d00000| Untracked 
| 109|0x0000000086d00000, 0x0000000086e00000, 0x0000000086e00000|100%| O|  |TAMS 0x0000000086e00000, 0x0000000086e00000| Untracked 
| 110|0x0000000086e00000, 0x0000000086f00000, 0x0000000086f00000|100%| O|  |TAMS 0x0000000086f00000, 0x0000000086f00000| Untracked 
| 111|0x0000000086f00000, 0x0000000087000000, 0x0000000087000000|100%| O|  |TAMS 0x0000000087000000, 0x0000000087000000| Untracked 
| 112|0x0000000087000000, 0x0000000087100000, 0x0000000087100000|100%| O|  |TAMS 0x0000000087100000, 0x0000000087100000| Untracked 
| 113|0x0000000087100000, 0x0000000087200000, 0x0000000087200000|100%| O|  |TAMS 0x0000000087200000, 0x0000000087200000| Untracked 
| 114|0x0000000087200000, 0x0000000087300000, 0x0000000087300000|100%| O|  |TAMS 0x0000000087200000, 0x0000000087300000| Untracked 
| 115|0x0000000087300000, 0x0000000087400000, 0x0000000087400000|100%| O|  |TAMS 0x0000000087400000, 0x0000000087400000| Untracked 
| 116|0x0000000087400000, 0x0000000087500000, 0x0000000087500000|100%| O|  |TAMS 0x0000000087500000, 0x0000000087500000| Untracked 
| 117|0x0000000087500000, 0x0000000087600000, 0x0000000087600000|100%| O|  |TAMS 0x0000000087600000, 0x0000000087600000| Untracked 
| 118|0x0000000087600000, 0x0000000087700000, 0x0000000087700000|100%| O|  |TAMS 0x0000000087700000, 0x0000000087700000| Untracked 
| 119|0x0000000087700000, 0x0000000087800000, 0x0000000087800000|100%| O|  |TAMS 0x0000000087800000, 0x0000000087800000| Untracked 
| 120|0x0000000087800000, 0x0000000087900000, 0x0000000087900000|100%| O|  |TAMS 0x0000000087900000, 0x0000000087900000| Untracked 
| 121|0x0000000087900000, 0x0000000087a00000, 0x0000000087a00000|100%| O|  |TAMS 0x0000000087a00000, 0x0000000087a00000| Untracked 
| 122|0x0000000087a00000, 0x0000000087b00000, 0x0000000087b00000|100%| O|  |TAMS 0x0000000087af4c00, 0x0000000087b00000| Untracked 
| 123|0x0000000087b00000, 0x0000000087c00000, 0x0000000087c00000|100%| O|  |TAMS 0x0000000087c00000, 0x0000000087c00000| Untracked 
| 124|0x0000000087c00000, 0x0000000087d00000, 0x0000000087d00000|100%| O|  |TAMS 0x0000000087d00000, 0x0000000087d00000| Untracked 
| 125|0x0000000087d00000, 0x0000000087e00000, 0x0000000087e00000|100%| O|  |TAMS 0x0000000087e00000, 0x0000000087e00000| Untracked 
| 126|0x0000000087e00000, 0x0000000087f00000, 0x0000000087f00000|100%| O|  |TAMS 0x0000000087f00000, 0x0000000087f00000| Untracked 
| 127|0x0000000087f00000, 0x0000000088000000, 0x0000000088000000|100%| O|  |TAMS 0x0000000088000000, 0x0000000088000000| Untracked 
| 128|0x0000000088000000, 0x0000000088100000, 0x0000000088100000|100%| O|  |TAMS 0x0000000088100000, 0x0000000088100000| Untracked 
| 129|0x0000000088100000, 0x0000000088200000, 0x0000000088200000|100%| O|  |TAMS 0x0000000088200000, 0x0000000088200000| Untracked 
| 130|0x0000000088200000, 0x0000000088300000, 0x0000000088300000|100%| O|  |TAMS 0x0000000088300000, 0x0000000088300000| Untracked 
| 131|0x0000000088300000, 0x0000000088400000, 0x0000000088400000|100%| O|  |TAMS 0x0000000088300000, 0x0000000088400000| Untracked 
| 132|0x0000000088400000, 0x0000000088500000, 0x0000000088500000|100%| O|  |TAMS 0x0000000088400000, 0x0000000088500000| Untracked 
| 133|0x0000000088500000, 0x0000000088600000, 0x0000000088600000|100%| O|  |TAMS 0x0000000088600000, 0x0000000088600000| Untracked 
| 134|0x0000000088600000, 0x0000000088700000, 0x0000000088700000|100%| O|  |TAMS 0x0000000088600000, 0x0000000088700000| Untracked 
| 135|0x0000000088700000, 0x0000000088800000, 0x0000000088800000|100%| O|  |TAMS 0x0000000088700000, 0x0000000088800000| Untracked 
| 136|0x0000000088800000, 0x0000000088900000, 0x0000000088900000|100%| O|  |TAMS 0x0000000088800000, 0x0000000088900000| Untracked 
| 137|0x0000000088900000, 0x0000000088900000, 0x0000000088a00000|  0%| F|  |TAMS 0x0000000088900000, 0x0000000088900000| Untracked 
| 138|0x0000000088a00000, 0x0000000088a00000, 0x0000000088b00000|  0%| F|  |TAMS 0x0000000088a00000, 0x0000000088a00000| Untracked 
| 139|0x0000000088b00000, 0x0000000088c00000, 0x0000000088c00000|100%| O|  |TAMS 0x0000000088c00000, 0x0000000088c00000| Untracked 
| 140|0x0000000088c00000, 0x0000000088c00000, 0x0000000088d00000|  0%| F|  |TAMS 0x0000000088c00000, 0x0000000088c00000| Untracked 
| 141|0x0000000088d00000, 0x0000000088d00000, 0x0000000088e00000|  0%| F|  |TAMS 0x0000000088d00000, 0x0000000088d00000| Untracked 
| 142|0x0000000088e00000, 0x0000000088e00000, 0x0000000088f00000|  0%| F|  |TAMS 0x0000000088e00000, 0x0000000088e00000| Untracked 
| 143|0x0000000088f00000, 0x0000000088f00000, 0x0000000089000000|  0%| F|  |TAMS 0x0000000088f00000, 0x0000000088f00000| Untracked 
| 144|0x0000000089000000, 0x0000000089000000, 0x0000000089100000|  0%| F|  |TAMS 0x0000000089000000, 0x0000000089000000| Untracked 
| 145|0x0000000089100000, 0x0000000089100000, 0x0000000089200000|  0%| F|  |TAMS 0x0000000089100000, 0x0000000089100000| Untracked 
| 146|0x0000000089200000, 0x0000000089200000, 0x0000000089300000|  0%| F|  |TAMS 0x0000000089200000, 0x0000000089200000| Untracked 
| 147|0x0000000089300000, 0x0000000089400000, 0x0000000089400000|100%| O|  |TAMS 0x0000000089400000, 0x0000000089400000| Untracked 
| 148|0x0000000089400000, 0x0000000089500000, 0x0000000089500000|100%| O|  |TAMS 0x0000000089500000, 0x0000000089500000| Untracked 
| 149|0x0000000089500000, 0x0000000089500000, 0x0000000089600000|  0%| F|  |TAMS 0x0000000089500000, 0x0000000089500000| Untracked 
| 150|0x0000000089600000, 0x0000000089600000, 0x0000000089700000|  0%| F|  |TAMS 0x0000000089600000, 0x0000000089600000| Untracked 
| 151|0x0000000089700000, 0x0000000089800000, 0x0000000089800000|100%| O|  |TAMS 0x0000000089800000, 0x0000000089800000| Untracked 
| 152|0x0000000089800000, 0x0000000089900000, 0x0000000089900000|100%| O|  |TAMS 0x0000000089900000, 0x0000000089900000| Untracked 
| 153|0x0000000089900000, 0x0000000089900000, 0x0000000089a00000|  0%| F|  |TAMS 0x0000000089900000, 0x0000000089900000| Untracked 
| 154|0x0000000089a00000, 0x0000000089a00000, 0x0000000089b00000|  0%| F|  |TAMS 0x0000000089a00000, 0x0000000089a00000| Untracked 
| 155|0x0000000089b00000, 0x0000000089b00000, 0x0000000089c00000|  0%| F|  |TAMS 0x0000000089b00000, 0x0000000089b00000| Untracked 
| 156|0x0000000089c00000, 0x0000000089c00000, 0x0000000089d00000|  0%| F|  |TAMS 0x0000000089c00000, 0x0000000089c00000| Untracked 
| 157|0x0000000089d00000, 0x0000000089d00000, 0x0000000089e00000|  0%| F|  |TAMS 0x0000000089d00000, 0x0000000089d00000| Untracked 
| 158|0x0000000089e00000, 0x0000000089e00000, 0x0000000089f00000|  0%| F|  |TAMS 0x0000000089e00000, 0x0000000089e00000| Untracked 
| 159|0x0000000089f00000, 0x0000000089f00000, 0x000000008a000000|  0%| F|  |TAMS 0x0000000089f00000, 0x0000000089f00000| Untracked 
| 160|0x000000008a000000, 0x000000008a000000, 0x000000008a100000|  0%| F|  |TAMS 0x000000008a000000, 0x000000008a000000| Untracked 
| 161|0x000000008a100000, 0x000000008a100000, 0x000000008a200000|  0%| F|  |TAMS 0x000000008a100000, 0x000000008a100000| Untracked 
| 162|0x000000008a200000, 0x000000008a300000, 0x000000008a300000|100%| O|  |TAMS 0x000000008a300000, 0x000000008a300000| Untracked 
| 163|0x000000008a300000, 0x000000008a400000, 0x000000008a400000|100%| O|  |TAMS 0x000000008a400000, 0x000000008a400000| Untracked 
| 164|0x000000008a400000, 0x000000008a400000, 0x000000008a500000|  0%| F|  |TAMS 0x000000008a400000, 0x000000008a400000| Untracked 
| 165|0x000000008a500000, 0x000000008a600000, 0x000000008a600000|100%| O|  |TAMS 0x000000008a600000, 0x000000008a600000| Untracked 
| 166|0x000000008a600000, 0x000000008a700000, 0x000000008a700000|100%| O|  |TAMS 0x000000008a700000, 0x000000008a700000| Untracked 
| 167|0x000000008a700000, 0x000000008a800000, 0x000000008a800000|100%| O|  |TAMS 0x000000008a800000, 0x000000008a800000| Untracked 
| 168|0x000000008a800000, 0x000000008a900000, 0x000000008a900000|100%| O|  |TAMS 0x000000008a900000, 0x000000008a900000| Untracked 
| 169|0x000000008a900000, 0x000000008a900000, 0x000000008aa00000|  0%| F|  |TAMS 0x000000008a900000, 0x000000008a900000| Untracked 
| 170|0x000000008aa00000, 0x000000008aa00000, 0x000000008ab00000|  0%| F|  |TAMS 0x000000008aa00000, 0x000000008aa00000| Untracked 
| 171|0x000000008ab00000, 0x000000008ab00000, 0x000000008ac00000|  0%| F|  |TAMS 0x000000008ab00000, 0x000000008ab00000| Untracked 
| 172|0x000000008ac00000, 0x000000008ac00000, 0x000000008ad00000|  0%| F|  |TAMS 0x000000008ac00000, 0x000000008ac00000| Untracked 
| 173|0x000000008ad00000, 0x000000008ad00000, 0x000000008ae00000|  0%| F|  |TAMS 0x000000008ad00000, 0x000000008ad00000| Untracked 
| 174|0x000000008ae00000, 0x000000008ae00000, 0x000000008af00000|  0%| F|  |TAMS 0x000000008ae00000, 0x000000008ae00000| Untracked 
| 175|0x000000008af00000, 0x000000008af00000, 0x000000008b000000|  0%| F|  |TAMS 0x000000008af00000, 0x000000008af00000| Untracked 
| 176|0x000000008b000000, 0x000000008b000000, 0x000000008b100000|  0%| F|  |TAMS 0x000000008b000000, 0x000000008b000000| Untracked 
| 177|0x000000008b100000, 0x000000008b100000, 0x000000008b200000|  0%| F|  |TAMS 0x000000008b100000, 0x000000008b100000| Untracked 
| 178|0x000000008b200000, 0x000000008b200000, 0x000000008b300000|  0%| F|  |TAMS 0x000000008b200000, 0x000000008b200000| Untracked 
| 179|0x000000008b300000, 0x000000008b300000, 0x000000008b400000|  0%| F|  |TAMS 0x000000008b300000, 0x000000008b300000| Untracked 
| 180|0x000000008b400000, 0x000000008b400000, 0x000000008b500000|  0%| F|  |TAMS 0x000000008b400000, 0x000000008b400000| Untracked 
| 181|0x000000008b500000, 0x000000008b500000, 0x000000008b600000|  0%| F|  |TAMS 0x000000008b500000, 0x000000008b500000| Untracked 
| 182|0x000000008b600000, 0x000000008b600000, 0x000000008b700000|  0%| F|  |TAMS 0x000000008b600000, 0x000000008b600000| Untracked 
| 183|0x000000008b700000, 0x000000008b700000, 0x000000008b800000|  0%| F|  |TAMS 0x000000008b700000, 0x000000008b700000| Untracked 
| 184|0x000000008b800000, 0x000000008b800000, 0x000000008b900000|  0%| F|  |TAMS 0x000000008b800000, 0x000000008b800000| Untracked 
| 185|0x000000008b900000, 0x000000008b900000, 0x000000008ba00000|  0%| F|  |TAMS 0x000000008b900000, 0x000000008b900000| Untracked 
| 186|0x000000008ba00000, 0x000000008ba00000, 0x000000008bb00000|  0%| F|  |TAMS 0x000000008ba00000, 0x000000008ba00000| Untracked 
| 187|0x000000008bb00000, 0x000000008bb00000, 0x000000008bc00000|  0%| F|  |TAMS 0x000000008bb00000, 0x000000008bb00000| Untracked 
| 188|0x000000008bc00000, 0x000000008bc00000, 0x000000008bd00000|  0%| F|  |TAMS 0x000000008bc00000, 0x000000008bc00000| Untracked 
| 189|0x000000008bd00000, 0x000000008bd00000, 0x000000008be00000|  0%| F|  |TAMS 0x000000008bd00000, 0x000000008bd00000| Untracked 
| 190|0x000000008be00000, 0x000000008be00000, 0x000000008bf00000|  0%| F|  |TAMS 0x000000008be00000, 0x000000008be00000| Untracked 
| 191|0x000000008bf00000, 0x000000008bf00000, 0x000000008c000000|  0%| F|  |TAMS 0x000000008bf00000, 0x000000008bf00000| Untracked 
| 192|0x000000008c000000, 0x000000008c000000, 0x000000008c100000|  0%| F|  |TAMS 0x000000008c000000, 0x000000008c000000| Untracked 
| 193|0x000000008c100000, 0x000000008c100000, 0x000000008c200000|  0%| F|  |TAMS 0x000000008c100000, 0x000000008c100000| Untracked 
| 194|0x000000008c200000, 0x000000008c200000, 0x000000008c300000|  0%| F|  |TAMS 0x000000008c200000, 0x000000008c200000| Untracked 
| 195|0x000000008c300000, 0x000000008c300000, 0x000000008c400000|  0%| F|  |TAMS 0x000000008c300000, 0x000000008c300000| Untracked 
| 196|0x000000008c400000, 0x000000008c400000, 0x000000008c500000|  0%| F|  |TAMS 0x000000008c400000, 0x000000008c400000| Untracked 
| 197|0x000000008c500000, 0x000000008c500000, 0x000000008c600000|  0%| F|  |TAMS 0x000000008c500000, 0x000000008c500000| Untracked 
| 198|0x000000008c600000, 0x000000008c600000, 0x000000008c700000|  0%| F|  |TAMS 0x000000008c600000, 0x000000008c600000| Untracked 
| 199|0x000000008c700000, 0x000000008c700000, 0x000000008c800000|  0%| F|  |TAMS 0x000000008c700000, 0x000000008c700000| Untracked 
| 200|0x000000008c800000, 0x000000008c900000, 0x000000008c900000|100%| S|CS|TAMS 0x000000008c800000, 0x000000008c800000| Complete 
| 201|0x000000008c900000, 0x000000008ca00000, 0x000000008ca00000|100%| S|CS|TAMS 0x000000008c900000, 0x000000008c900000| Complete 
| 202|0x000000008ca00000, 0x000000008cb00000, 0x000000008cb00000|100%| S|CS|TAMS 0x000000008ca00000, 0x000000008ca00000| Complete 
| 203|0x000000008cb00000, 0x000000008cc00000, 0x000000008cc00000|100%| S|CS|TAMS 0x000000008cb00000, 0x000000008cb00000| Complete 
| 204|0x000000008cc00000, 0x000000008cd00000, 0x000000008cd00000|100%| S|CS|TAMS 0x000000008cc00000, 0x000000008cc00000| Complete 
| 205|0x000000008cd00000, 0x000000008ce00000, 0x000000008ce00000|100%| S|CS|TAMS 0x000000008cd00000, 0x000000008cd00000| Complete 
| 206|0x000000008ce00000, 0x000000008cf00000, 0x000000008cf00000|100%| S|CS|TAMS 0x000000008ce00000, 0x000000008ce00000| Complete 
| 207|0x000000008cf00000, 0x000000008d000000, 0x000000008d000000|100%| S|CS|TAMS 0x000000008cf00000, 0x000000008cf00000| Complete 
| 208|0x000000008d000000, 0x000000008d100000, 0x000000008d100000|100%| S|CS|TAMS 0x000000008d000000, 0x000000008d000000| Complete 
| 209|0x000000008d100000, 0x000000008d100000, 0x000000008d200000|  0%| F|  |TAMS 0x000000008d100000, 0x000000008d100000| Untracked 
| 210|0x000000008d200000, 0x000000008d200000, 0x000000008d300000|  0%| F|  |TAMS 0x000000008d200000, 0x000000008d200000| Untracked 
| 211|0x000000008d300000, 0x000000008d300000, 0x000000008d400000|  0%| F|  |TAMS 0x000000008d300000, 0x000000008d300000| Untracked 
| 212|0x000000008d400000, 0x000000008d400000, 0x000000008d500000|  0%| F|  |TAMS 0x000000008d400000, 0x000000008d400000| Untracked 
| 213|0x000000008d500000, 0x000000008d500000, 0x000000008d600000|  0%| F|  |TAMS 0x000000008d500000, 0x000000008d500000| Untracked 
| 214|0x000000008d600000, 0x000000008d600000, 0x000000008d700000|  0%| F|  |TAMS 0x000000008d600000, 0x000000008d600000| Untracked 
| 215|0x000000008d700000, 0x000000008d700000, 0x000000008d800000|  0%| F|  |TAMS 0x000000008d700000, 0x000000008d700000| Untracked 
| 216|0x000000008d800000, 0x000000008d800000, 0x000000008d900000|  0%| F|  |TAMS 0x000000008d800000, 0x000000008d800000| Untracked 
| 217|0x000000008d900000, 0x000000008d900000, 0x000000008da00000|  0%| F|  |TAMS 0x000000008d900000, 0x000000008d900000| Untracked 
| 218|0x000000008da00000, 0x000000008da00000, 0x000000008db00000|  0%| F|  |TAMS 0x000000008da00000, 0x000000008da00000| Untracked 
| 219|0x000000008db00000, 0x000000008db00000, 0x000000008dc00000|  0%| F|  |TAMS 0x000000008db00000, 0x000000008db00000| Untracked 
| 220|0x000000008dc00000, 0x000000008dc00000, 0x000000008dd00000|  0%| F|  |TAMS 0x000000008dc00000, 0x000000008dc00000| Untracked 
| 221|0x000000008dd00000, 0x000000008dd00000, 0x000000008de00000|  0%| F|  |TAMS 0x000000008dd00000, 0x000000008dd00000| Untracked 
| 222|0x000000008de00000, 0x000000008de00000, 0x000000008df00000|  0%| F|  |TAMS 0x000000008de00000, 0x000000008de00000| Untracked 
| 223|0x000000008df00000, 0x000000008df00000, 0x000000008e000000|  0%| F|  |TAMS 0x000000008df00000, 0x000000008df00000| Untracked 
| 224|0x000000008e000000, 0x000000008e000000, 0x000000008e100000|  0%| F|  |TAMS 0x000000008e000000, 0x000000008e000000| Untracked 
| 225|0x000000008e100000, 0x000000008e100000, 0x000000008e200000|  0%| F|  |TAMS 0x000000008e100000, 0x000000008e100000| Untracked 
| 226|0x000000008e200000, 0x000000008e200000, 0x000000008e300000|  0%| F|  |TAMS 0x000000008e200000, 0x000000008e200000| Untracked 
| 227|0x000000008e300000, 0x000000008e300000, 0x000000008e400000|  0%| F|  |TAMS 0x000000008e300000, 0x000000008e300000| Untracked 
| 228|0x000000008e400000, 0x000000008e400000, 0x000000008e500000|  0%| F|  |TAMS 0x000000008e400000, 0x000000008e400000| Untracked 
| 229|0x000000008e500000, 0x000000008e500000, 0x000000008e600000|  0%| F|  |TAMS 0x000000008e500000, 0x000000008e500000| Untracked 
| 230|0x000000008e600000, 0x000000008e600000, 0x000000008e700000|  0%| F|  |TAMS 0x000000008e600000, 0x000000008e600000| Untracked 
| 231|0x000000008e700000, 0x000000008e700000, 0x000000008e800000|  0%| F|  |TAMS 0x000000008e700000, 0x000000008e700000| Untracked 
| 232|0x000000008e800000, 0x000000008e800000, 0x000000008e900000|  0%| F|  |TAMS 0x000000008e800000, 0x000000008e800000| Untracked 
| 233|0x000000008e900000, 0x000000008e900000, 0x000000008ea00000|  0%| F|  |TAMS 0x000000008e900000, 0x000000008e900000| Untracked 
| 234|0x000000008ea00000, 0x000000008ea00000, 0x000000008eb00000|  0%| F|  |TAMS 0x000000008ea00000, 0x000000008ea00000| Untracked 
| 235|0x000000008eb00000, 0x000000008eb00000, 0x000000008ec00000|  0%| F|  |TAMS 0x000000008eb00000, 0x000000008eb00000| Untracked 
| 236|0x000000008ec00000, 0x000000008ec00000, 0x000000008ed00000|  0%| F|  |TAMS 0x000000008ec00000, 0x000000008ec00000| Untracked 
| 237|0x000000008ed00000, 0x000000008ed00000, 0x000000008ee00000|  0%| F|  |TAMS 0x000000008ed00000, 0x000000008ed00000| Untracked 
| 238|0x000000008ee00000, 0x000000008ee00000, 0x000000008ef00000|  0%| F|  |TAMS 0x000000008ee00000, 0x000000008ee00000| Untracked 
| 239|0x000000008ef00000, 0x000000008ef00000, 0x000000008f000000|  0%| F|  |TAMS 0x000000008ef00000, 0x000000008ef00000| Untracked 
| 240|0x000000008f000000, 0x000000008f000000, 0x000000008f100000|  0%| F|  |TAMS 0x000000008f000000, 0x000000008f000000| Untracked 
| 241|0x000000008f100000, 0x000000008f100000, 0x000000008f200000|  0%| F|  |TAMS 0x000000008f100000, 0x000000008f100000| Untracked 
| 242|0x000000008f200000, 0x000000008f200000, 0x000000008f300000|  0%| F|  |TAMS 0x000000008f200000, 0x000000008f200000| Untracked 
| 243|0x000000008f300000, 0x000000008f300000, 0x000000008f400000|  0%| F|  |TAMS 0x000000008f300000, 0x000000008f300000| Untracked 
| 244|0x000000008f400000, 0x000000008f400000, 0x000000008f500000|  0%| F|  |TAMS 0x000000008f400000, 0x000000008f400000| Untracked 
| 245|0x000000008f500000, 0x000000008f500000, 0x000000008f600000|  0%| F|  |TAMS 0x000000008f500000, 0x000000008f500000| Untracked 
| 246|0x000000008f600000, 0x000000008f600000, 0x000000008f700000|  0%| F|  |TAMS 0x000000008f600000, 0x000000008f600000| Untracked 
| 247|0x000000008f700000, 0x000000008f7a7f78, 0x000000008f800000| 65%| E|  |TAMS 0x000000008f700000, 0x000000008f700000| Complete 
| 248|0x000000008f800000, 0x000000008f900000, 0x000000008f900000|100%| E|CS|TAMS 0x000000008f800000, 0x000000008f800000| Complete 
| 249|0x000000008f900000, 0x000000008fa00000, 0x000000008fa00000|100%| E|CS|TAMS 0x000000008f900000, 0x000000008f900000| Complete 
| 250|0x000000008fa00000, 0x000000008fb00000, 0x000000008fb00000|100%| E|CS|TAMS 0x000000008fa00000, 0x000000008fa00000| Complete 
| 251|0x000000008fb00000, 0x000000008fc00000, 0x000000008fc00000|100%| E|CS|TAMS 0x000000008fb00000, 0x000000008fb00000| Complete 
| 252|0x000000008fc00000, 0x000000008fd00000, 0x000000008fd00000|100%| E|CS|TAMS 0x000000008fc00000, 0x000000008fc00000| Complete 
| 253|0x000000008fd00000, 0x000000008fe00000, 0x000000008fe00000|100%| E|CS|TAMS 0x000000008fd00000, 0x000000008fd00000| Complete 
| 254|0x000000008fe00000, 0x000000008ff00000, 0x000000008ff00000|100%| E|CS|TAMS 0x000000008fe00000, 0x000000008fe00000| Complete 
| 255|0x000000008ff00000, 0x0000000090000000, 0x0000000090000000|100%| E|CS|TAMS 0x000000008ff00000, 0x000000008ff00000| Complete 
| 256|0x0000000090000000, 0x0000000090100000, 0x0000000090100000|100%| E|CS|TAMS 0x0000000090000000, 0x0000000090000000| Complete 
| 257|0x0000000090100000, 0x0000000090200000, 0x0000000090200000|100%| E|CS|TAMS 0x0000000090100000, 0x0000000090100000| Complete 
| 258|0x0000000090200000, 0x0000000090300000, 0x0000000090300000|100%| E|CS|TAMS 0x0000000090200000, 0x0000000090200000| Complete 
| 259|0x0000000090300000, 0x0000000090400000, 0x0000000090400000|100%| E|CS|TAMS 0x0000000090300000, 0x0000000090300000| Complete 
| 260|0x0000000090400000, 0x0000000090500000, 0x0000000090500000|100%| E|CS|TAMS 0x0000000090400000, 0x0000000090400000| Complete 
| 261|0x0000000090500000, 0x0000000090600000, 0x0000000090600000|100%| E|CS|TAMS 0x0000000090500000, 0x0000000090500000| Complete 
| 262|0x0000000090600000, 0x0000000090700000, 0x0000000090700000|100%| E|CS|TAMS 0x0000000090600000, 0x0000000090600000| Complete 
| 263|0x0000000090700000, 0x0000000090800000, 0x0000000090800000|100%| E|CS|TAMS 0x0000000090700000, 0x0000000090700000| Complete 
| 264|0x0000000090800000, 0x0000000090900000, 0x0000000090900000|100%| E|CS|TAMS 0x0000000090800000, 0x0000000090800000| Complete 
| 265|0x0000000090900000, 0x0000000090a00000, 0x0000000090a00000|100%| E|CS|TAMS 0x0000000090900000, 0x0000000090900000| Complete 
| 266|0x0000000090a00000, 0x0000000090b00000, 0x0000000090b00000|100%| E|CS|TAMS 0x0000000090a00000, 0x0000000090a00000| Complete 
| 267|0x0000000090b00000, 0x0000000090c00000, 0x0000000090c00000|100%| E|CS|TAMS 0x0000000090b00000, 0x0000000090b00000| Complete 
| 268|0x0000000090c00000, 0x0000000090d00000, 0x0000000090d00000|100%| E|CS|TAMS 0x0000000090c00000, 0x0000000090c00000| Complete 
| 269|0x0000000090d00000, 0x0000000090e00000, 0x0000000090e00000|100%| E|CS|TAMS 0x0000000090d00000, 0x0000000090d00000| Complete 
| 270|0x0000000090e00000, 0x0000000090f00000, 0x0000000090f00000|100%| E|CS|TAMS 0x0000000090e00000, 0x0000000090e00000| Complete 
| 271|0x0000000090f00000, 0x0000000091000000, 0x0000000091000000|100%| E|CS|TAMS 0x0000000090f00000, 0x0000000090f00000| Complete 
| 272|0x0000000091000000, 0x0000000091100000, 0x0000000091100000|100%| E|CS|TAMS 0x0000000091000000, 0x0000000091000000| Complete 
| 273|0x0000000091100000, 0x0000000091200000, 0x0000000091200000|100%| E|CS|TAMS 0x0000000091100000, 0x0000000091100000| Complete 
| 274|0x0000000091200000, 0x0000000091300000, 0x0000000091300000|100%| E|CS|TAMS 0x0000000091200000, 0x0000000091200000| Complete 
| 275|0x0000000091300000, 0x0000000091400000, 0x0000000091400000|100%| E|CS|TAMS 0x0000000091300000, 0x0000000091300000| Complete 
| 276|0x0000000091400000, 0x0000000091500000, 0x0000000091500000|100%| E|CS|TAMS 0x0000000091400000, 0x0000000091400000| Complete 
| 277|0x0000000091500000, 0x0000000091600000, 0x0000000091600000|100%| E|CS|TAMS 0x0000000091500000, 0x0000000091500000| Complete 
| 278|0x0000000091600000, 0x0000000091700000, 0x0000000091700000|100%| E|  |TAMS 0x0000000091600000, 0x0000000091600000| Complete 

Card table byte_map: [0x000002bbf89c0000,0x000002bbf8dc0000] _byte_map_base: 0x000002bbf85c0000

Marking Bits (Prev, Next): (CMBitMap*) 0x000002bbe5aecba0, (CMBitMap*) 0x000002bbe5aecb68
 Prev Bits: [0x000002bbfb1c0000, 0x000002bbfd1c0000)
 Next Bits: [0x000002bbf91c0000, 0x000002bbfb1c0000)

Polling page: 0x000002bbe3950000

Metaspace:

Usage:
  Non-class:    128.38 MB capacity,   125.14 MB ( 97%) used,     2.64 MB (  2%) free+waste,   613.19 KB ( <1%) overhead. 
      Class:     19.14 MB capacity,    17.29 MB ( 90%) used,     1.59 MB (  8%) free+waste,   268.56 KB (  1%) overhead. 
       Both:    147.52 MB capacity,   142.43 MB ( 97%) used,     4.23 MB (  3%) free+waste,   881.75 KB ( <1%) overhead. 

Virtual space:
  Non-class space:      130.00 MB reserved,     128.97 MB (>99%) committed 
      Class space:        1.00 GB reserved,      19.32 MB (  2%) committed 
             Both:        1.13 GB reserved,     148.30 MB ( 13%) committed 

Chunk freelists:
   Non-Class:  476.00 KB
       Class:  145.00 KB
        Both:  621.00 KB

MaxMetaspaceSize: 17179869184.00 GB
CompressedClassSpaceSize: 1.00 GB
Initial GC threshold: 20.80 MB
Current GC threshold: 247.16 MB
CDS: off

CodeHeap 'non-profiled nmethods': size=120064Kb used=24685Kb max_used=24685Kb free=95378Kb
 bounds [0x000002bbf1080000, 0x000002bbf28a0000, 0x000002bbf85c0000]
CodeHeap 'profiled nmethods': size=120000Kb used=60654Kb max_used=60654Kb free=59345Kb
 bounds [0x000002bbe9b50000, 0x000002bbed6a0000, 0x000002bbf1080000]
CodeHeap 'non-nmethods': size=5696Kb used=2499Kb max_used=2629Kb free=3196Kb
 bounds [0x000002bbe95c0000, 0x000002bbe9860000, 0x000002bbe9b50000]
 total_blobs=28326 nmethods=27285 adapters=952
 compilation: enabled
              stopped_count=0, restarted_count=0
 full_count=0

Compilation events (20 events):
Event: 22790.328 Thread 0x000002bbff6bc800 nmethod 31833 0x000002bbed68ee90 code [0x000002bbed68f0a0, 0x000002bbed68f5d8]
Event: 22790.340 Thread 0x000002bbff6ba800 nmethod 31832 0x000002bbf2891d90 code [0x000002bbf2891f60, 0x000002bbf2892658]
Event: 22790.340 Thread 0x000002bbff6ba800 31834       4       org.gradle.internal.resources.AbstractResourceLockRegistry$1::call (5 bytes)
Event: 22790.363 Thread 0x000002bbff6ba800 nmethod 31834 0x000002bbf2892910 code [0x000002bbf2892ae0, 0x000002bbf2893358]
Event: 22790.389 Thread 0x000002bbff6ba800 31835   !   4       java.nio.DirectByteBuffer::put (151 bytes)
Event: 22790.395 Thread 0x000002bbff6ba800 nmethod 31835 0x000002bbf2893610 code [0x000002bbf28937c0, 0x000002bbf2893ac8]
Event: 22790.404 Thread 0x000002bbff6bc800 31836       3       org.gradle.tooling.internal.provider.runner.ClientBuildEventGenerator::progress (36 bytes)
Event: 22790.404 Thread 0x000002bbff6bc800 nmethod 31836 0x000002bbed68f790 code [0x000002bbed68f980, 0x000002bbed68fe28]
Event: 22790.413 Thread 0x000002bbff6bc800 31837       3       org.gradle.tooling.internal.provider.runner.OperationDependenciesResolver$$Lambda$835/0x0000000100b46840::apply (12 bytes)
Event: 22790.413 Thread 0x000002bbff6bc800 nmethod 31837 0x000002bbed68ff90 code [0x000002bbed690160, 0x000002bbed690388]
Event: 22790.414 Thread 0x000002bbff6bc800 31838       3       org.gradle.tooling.internal.provider.runner.OperationDependenciesResolver::lookupExistingOperationDescriptor (43 bytes)
Event: 22790.414 Thread 0x000002bbff6bc800 nmethod 31838 0x000002bbed690490 code [0x000002bbed690700, 0x000002bbed691298]
Event: 22790.422 Thread 0x000002bbff6bc800 31839       3       org.gradle.api.internal.artifacts.configurations.DefaultConfiguration$1::description (158 bytes)
Event: 22790.425 Thread 0x000002bbff6bc800 nmethod 31839 0x000002bbed691610 code [0x000002bbed691a00, 0x000002bbed6934b8]
Event: 22790.425 Thread 0x000002bbff6bc800 31840       3       org.gradle.api.internal.artifacts.ivyservice.ErrorHandlingConfigurationResolver::getRepositories (10 bytes)
Event: 22790.425 Thread 0x000002bbff6bc800 nmethod 31840 0x000002bbed693e90 code [0x000002bbed694040, 0x000002bbed694208]
Event: 22790.425 Thread 0x000002bbff6bc800 31841       3       org.gradle.api.internal.artifacts.ivyservice.ShortCircuitEmptyConfigurationResolver::getRepositories (10 bytes)
Event: 22790.425 Thread 0x000002bbff6bc800 nmethod 31841 0x000002bbed694310 code [0x000002bbed6944c0, 0x000002bbed694688]
Event: 22790.594 Thread 0x000002bbff6ba800 31842       4       java.util.TreeMap::containsKey (14 bytes)
Event: 22790.606 Thread 0x000002bbff6ba800 nmethod 31842 0x000002bbf2893f10 code [0x000002bbf28940c0, 0x000002bbf2894598]

GC Heap History (20 events):
Event: 18736.617 GC heap before
{Heap before GC invocations=221 (full 0):
 garbage-first heap   total 285696K, used 205760K [0x0000000080000000, 0x0000000100000000)
  region size 1024K, 56 young (57344K), 2 survivors (2048K)
 Metaspace       used 145694K, capacity 151041K, committed 151856K, reserved 1181696K
  class space    used 17714K, capacity 19669K, committed 19788K, reserved 1048576K
}
Event: 18736.658 GC heap after
{Heap after GC invocations=222 (full 0):
 garbage-first heap   total 285696K, used 157863K [0x0000000080000000, 0x0000000100000000)
  region size 1024K, 7 young (7168K), 7 survivors (7168K)
 Metaspace       used 145694K, capacity 151041K, committed 151856K, reserved 1181696K
  class space    used 17714K, capacity 19669K, committed 19788K, reserved 1048576K
}
Event: 18741.006 GC heap before
{Heap before GC invocations=223 (full 0):
 garbage-first heap   total 285696K, used 199847K [0x0000000080000000, 0x0000000100000000)
  region size 1024K, 61 young (62464K), 7 survivors (7168K)
 Metaspace       used 145707K, capacity 151054K, committed 151856K, reserved 1181696K
  class space    used 17715K, capacity 19671K, committed 19788K, reserved 1048576K
}
Event: 18741.027 GC heap after
{Heap after GC invocations=224 (full 0):
 garbage-first heap   total 285696K, used 147723K [0x0000000080000000, 0x0000000100000000)
  region size 1024K, 3 young (3072K), 3 survivors (3072K)
 Metaspace       used 145707K, capacity 151054K, committed 151856K, reserved 1181696K
  class space    used 17715K, capacity 19671K, committed 19788K, reserved 1048576K
}
Event: 18741.101 GC heap before
{Heap before GC invocations=224 (full 0):
 garbage-first heap   total 285696K, used 157963K [0x0000000080000000, 0x0000000100000000)
  region size 1024K, 13 young (13312K), 3 survivors (3072K)
 Metaspace       used 145717K, capacity 151060K, committed 151856K, reserved 1181696K
  class space    used 17716K, capacity 19672K, committed 19788K, reserved 1048576K
}
Event: 18741.132 GC heap after
{Heap after GC invocations=225 (full 0):
 garbage-first heap   total 285696K, used 132275K [0x0000000080000000, 0x0000000100000000)
  region size 1024K, 1 young (1024K), 1 survivors (1024K)
 Metaspace       used 145717K, capacity 151060K, committed 151856K, reserved 1181696K
  class space    used 17716K, capacity 19672K, committed 19788K, reserved 1048576K
}
Event: 18741.386 GC heap before
{Heap before GC invocations=225 (full 0):
 garbage-first heap   total 285696K, used 143539K [0x0000000080000000, 0x0000000100000000)
  region size 1024K, 14 young (14336K), 1 survivors (1024K)
 Metaspace       used 145734K, capacity 151070K, committed 151856K, reserved 1181696K
  class space    used 17717K, capacity 19675K, committed 19788K, reserved 1048576K
}
Event: 18741.398 GC heap after
{Heap after GC invocations=226 (full 0):
 garbage-first heap   total 285696K, used 132423K [0x0000000080000000, 0x0000000100000000)
  region size 1024K, 2 young (2048K), 2 survivors (2048K)
 Metaspace       used 145734K, capacity 151070K, committed 151856K, reserved 1181696K
  class space    used 17717K, capacity 19675K, committed 19788K, reserved 1048576K
}
Event: 21533.134 GC heap before
{Heap before GC invocations=227 (full 0):
 garbage-first heap   total 285696K, used 223559K [0x0000000080000000, 0x0000000100000000)
  region size 1024K, 67 young (68608K), 2 survivors (2048K)
 Metaspace       used 145746K, capacity 151076K, committed 151856K, reserved 1181696K
  class space    used 17719K, capacity 19676K, committed 19788K, reserved 1048576K
}
Event: 21533.154 GC heap after
{Heap after GC invocations=228 (full 0):
 garbage-first heap   total 285696K, used 131887K [0x0000000080000000, 0x0000000100000000)
  region size 1024K, 1 young (1024K), 1 survivors (1024K)
 Metaspace       used 145746K, capacity 151076K, committed 151856K, reserved 1181696K
  class space    used 17719K, capacity 19676K, committed 19788K, reserved 1048576K
}
Event: 22203.130 GC heap before
{Heap before GC invocations=228 (full 0):
 garbage-first heap   total 285696K, used 144175K [0x0000000080000000, 0x0000000100000000)
  region size 1024K, 13 young (13312K), 1 survivors (1024K)
 Metaspace       used 145746K, capacity 151076K, committed 151856K, reserved 1181696K
  class space    used 17719K, capacity 19676K, committed 19788K, reserved 1048576K
}
Event: 22203.145 GC heap after
{Heap after GC invocations=229 (full 0):
 garbage-first heap   total 285696K, used 131546K [0x0000000080000000, 0x0000000100000000)
  region size 1024K, 1 young (1024K), 1 survivors (1024K)
 Metaspace       used 145746K, capacity 151076K, committed 151856K, reserved 1181696K
  class space    used 17719K, capacity 19676K, committed 19788K, reserved 1048576K
}
Event: 22723.952 GC heap before
{Heap before GC invocations=229 (full 0):
 garbage-first heap   total 285696K, used 204250K [0x0000000080000000, 0x0000000100000000)
  region size 1024K, 73 young (74752K), 1 survivors (1024K)
 Metaspace       used 145808K, capacity 151140K, committed 151856K, reserved 1181696K
  class space    used 17719K, capacity 19676K, committed 19788K, reserved 1048576K
}
Event: 22723.994 GC heap after
{Heap after GC invocations=230 (full 0):
 garbage-first heap   total 285696K, used 139270K [0x0000000080000000, 0x0000000100000000)
  region size 1024K, 9 young (9216K), 9 survivors (9216K)
 Metaspace       used 145808K, capacity 151140K, committed 151856K, reserved 1181696K
  class space    used 17719K, capacity 19676K, committed 19788K, reserved 1048576K
}
Event: 22727.660 GC heap before
{Heap before GC invocations=231 (full 0):
 garbage-first heap   total 285696K, used 214022K [0x0000000080000000, 0x0000000100000000)
  region size 1024K, 81 young (82944K), 9 survivors (9216K)
 Metaspace       used 145498K, capacity 150638K, committed 151856K, reserved 1181696K
  class space    used 17656K, capacity 19558K, committed 19788K, reserved 1048576K
}
Event: 22727.766 GC heap after
{Heap after GC invocations=232 (full 0):
 garbage-first heap   total 285696K, used 147982K [0x0000000080000000, 0x0000000100000000)
  region size 1024K, 9 young (9216K), 9 survivors (9216K)
 Metaspace       used 145498K, capacity 150638K, committed 151856K, reserved 1181696K
  class space    used 17656K, capacity 19558K, committed 19788K, reserved 1048576K
}
Event: 22727.780 GC heap before
{Heap before GC invocations=232 (full 0):
 garbage-first heap   total 285696K, used 152078K [0x0000000080000000, 0x0000000100000000)
  region size 1024K, 13 young (13312K), 9 survivors (9216K)
 Metaspace       used 145498K, capacity 150638K, committed 151856K, reserved 1181696K
  class space    used 17656K, capacity 19558K, committed 19788K, reserved 1048576K
}
Event: 22727.866 GC heap after
{Heap after GC invocations=233 (full 0):
 garbage-first heap   total 285696K, used 148313K [0x0000000080000000, 0x0000000100000000)
  region size 1024K, 2 young (2048K), 2 survivors (2048K)
 Metaspace       used 145498K, capacity 150638K, committed 151856K, reserved 1181696K
  class space    used 17656K, capacity 19558K, committed 19788K, reserved 1048576K
}
Event: 22790.038 GC heap before
{Heap before GC invocations=233 (full 0):
 garbage-first heap   total 285696K, used 216921K [0x0000000080000000, 0x0000000100000000)
  region size 1024K, 70 young (71680K), 2 survivors (2048K)
 Metaspace       used 145839K, capacity 151057K, committed 151856K, reserved 1181696K
  class space    used 17703K, capacity 19598K, committed 19788K, reserved 1048576K
}
Event: 22790.092 GC heap after
{Heap after GC invocations=234 (full 0):
 garbage-first heap   total 285696K, used 160768K [0x0000000080000000, 0x0000000100000000)
  region size 1024K, 9 young (9216K), 9 survivors (9216K)
 Metaspace       used 145839K, capacity 151057K, committed 151856K, reserved 1181696K
  class space    used 17703K, capacity 19598K, committed 19788K, reserved 1048576K
}

Deoptimization events (20 events):
Event: 22728.270 Thread 0x000002bb8b62e000 DEOPT PACKING pc=0x000002bbf1ec5284 sp=0x000000bd6cdfcc50
Event: 22728.270 Thread 0x000002bb8b62e000 DEOPT UNPACKING pc=0x000002bbe960a1af sp=0x000000bd6cdfcbf0 mode 2
Event: 22728.270 Thread 0x000002bb8b62e000 Uncommon trap: trap_request=0xffffffc6 fr.pc=0x000002bbf1ec5284 relative=0x0000000000000624
Event: 22728.270 Thread 0x000002bb8b62e000 Uncommon trap: reason=bimorphic_or_optimized_type_check action=maybe_recompile pc=0x000002bbf1ec5284 method=java.util.concurrent.CopyOnWriteArrayList.indexOfRange(Ljava/lang/Object;[Ljava/lang/Object;II)I @ 46 c2
Event: 22728.270 Thread 0x000002bb8b62e000 DEOPT PACKING pc=0x000002bbf1ec5284 sp=0x000000bd6cdfcc50
Event: 22728.270 Thread 0x000002bb8b62e000 DEOPT UNPACKING pc=0x000002bbe960a1af sp=0x000000bd6cdfcbf0 mode 2
Event: 22728.270 Thread 0x000002bb8b62e000 Uncommon trap: trap_request=0xffffffc6 fr.pc=0x000002bbf1ec5284 relative=0x0000000000000624
Event: 22728.270 Thread 0x000002bb8b62e000 Uncommon trap: reason=bimorphic_or_optimized_type_check action=maybe_recompile pc=0x000002bbf1ec5284 method=java.util.concurrent.CopyOnWriteArrayList.indexOfRange(Ljava/lang/Object;[Ljava/lang/Object;II)I @ 46 c2
Event: 22728.270 Thread 0x000002bb8b62e000 DEOPT PACKING pc=0x000002bbf1ec5284 sp=0x000000bd6cdfca60
Event: 22728.270 Thread 0x000002bb8b62e000 DEOPT UNPACKING pc=0x000002bbe960a1af sp=0x000000bd6cdfca00 mode 2
Event: 22728.270 Thread 0x000002bb8b62e000 Uncommon trap: trap_request=0xffffffc6 fr.pc=0x000002bbf1ec5284 relative=0x0000000000000624
Event: 22728.270 Thread 0x000002bb8b62e000 Uncommon trap: reason=bimorphic_or_optimized_type_check action=maybe_recompile pc=0x000002bbf1ec5284 method=java.util.concurrent.CopyOnWriteArrayList.indexOfRange(Ljava/lang/Object;[Ljava/lang/Object;II)I @ 46 c2
Event: 22728.270 Thread 0x000002bb8b62e000 DEOPT PACKING pc=0x000002bbf1ec5284 sp=0x000000bd6cdfc6a0
Event: 22728.270 Thread 0x000002bb8b62e000 DEOPT UNPACKING pc=0x000002bbe960a1af sp=0x000000bd6cdfc640 mode 2
Event: 22728.368 Thread 0x000002bb8b62e000 Uncommon trap: trap_request=0xffffff4d fr.pc=0x000002bbf1f8a3f0 relative=0x0000000000000830
Event: 22728.368 Thread 0x000002bb8b62e000 Uncommon trap: reason=unstable_if action=reinterpret pc=0x000002bbf1f8a3f0 method=java.io.ObjectOutputStream$BlockDataOutputStream.write([BIIZ)V @ 49 c2
Event: 22728.368 Thread 0x000002bb8b62e000 DEOPT PACKING pc=0x000002bbf1f8a3f0 sp=0x000000bd6cdfcae0
Event: 22728.368 Thread 0x000002bb8b62e000 DEOPT UNPACKING pc=0x000002bbe960a1af sp=0x000000bd6cdfcab8 mode 2
Event: 22790.270 Thread 0x000002bb83261000 DEOPT PACKING pc=0x000002bbec1b9adb sp=0x000000bd741fab10
Event: 22790.270 Thread 0x000002bb83261000 DEOPT UNPACKING pc=0x000002bbe960a95e sp=0x000000bd741fa098 mode 0

Classes redefined (0 events):
No events

Internal exceptions (20 events):
Event: 22724.638 Thread 0x000002bb852ba800 Exception <a 'java/lang/InterruptedException'{0x000000008e7f65a0}> (0x000000008e7f65a0) thrown at [./src/hotspot/share/runtime/objectMonitor.cpp, line 1635]
Event: 22727.448 Thread 0x000002bb8b632800 Exception <a 'java/lang/NoSuchMethodError'{0x000000008de16d58}: <clinit>> (0x000000008de16d58) thrown at [./src/hotspot/share/prims/jni.cpp, line 1366]
Event: 22727.636 Thread 0x000002bb852b9000 Exception <a 'java/lang/NoSuchMethodError'{0x000000008d6715a8}: <clinit>> (0x000000008d6715a8) thrown at [./src/hotspot/share/prims/jni.cpp, line 1366]
Event: 22727.887 Thread 0x000002bb852b9000 Exception <a 'java/lang/reflect/InvocationTargetException'{0x0000000090d815a8}> (0x0000000090d815a8) thrown at [./src/hotspot/share/runtime/reflection.cpp, line 1247]
Event: 22727.928 Thread 0x000002bb8b632800 Exception <a 'java/lang/NoSuchMethodError'{0x0000000090b06058}: <clinit>> (0x0000000090b06058) thrown at [./src/hotspot/share/prims/jni.cpp, line 1366]
Event: 22727.931 Thread 0x000002bb8b632800 Exception <a 'java/lang/NoSuchMethodError'{0x0000000090b1cd28}: <clinit>> (0x0000000090b1cd28) thrown at [./src/hotspot/share/prims/jni.cpp, line 1366]
Event: 22727.998 Thread 0x000002bb8b62e000 Exception <a 'sun/nio/fs/WindowsException'{0x0000000090aff880}> (0x0000000090aff880) thrown at [./src/hotspot/share/prims/jni.cpp, line 616]
Event: 22727.998 Thread 0x000002bb8b62e000 Exception <a 'sun/nio/fs/WindowsException'{0x0000000090aff900}> (0x0000000090aff900) thrown at [./src/hotspot/share/prims/jni.cpp, line 616]
Event: 22727.998 Thread 0x000002bb8b62e000 Exception <a 'sun/nio/fs/WindowsException'{0x00000000909026d8}> (0x00000000909026d8) thrown at [./src/hotspot/share/prims/jni.cpp, line 616]
Event: 22728.437 Thread 0x000002bb8b629800 Exception <a 'java/lang/NoSuchMethodError'{0x0000000090111a98}: <clinit>> (0x0000000090111a98) thrown at [./src/hotspot/share/prims/jni.cpp, line 1366]
Event: 22728.438 Thread 0x000002bb8b629800 Exception <a 'java/lang/NoSuchMethodError'{0x0000000090122ed8}: <clinit>> (0x0000000090122ed8) thrown at [./src/hotspot/share/prims/jni.cpp, line 1366]
Event: 22728.439 Thread 0x000002bb8b629800 Exception <a 'java/lang/NoSuchMethodError'{0x00000000901245c0}: <clinit>> (0x00000000901245c0) thrown at [./src/hotspot/share/prims/jni.cpp, line 1366]
Event: 22728.441 Thread 0x000002bb8b629800 Exception <a 'java/lang/NoSuchMethodError'{0x0000000090136b88}: <clinit>> (0x0000000090136b88) thrown at [./src/hotspot/share/prims/jni.cpp, line 1366]
Event: 22728.442 Thread 0x000002bb8b629800 Exception <a 'java/lang/NoSuchMethodError'{0x0000000090142f28}: <clinit>> (0x0000000090142f28) thrown at [./src/hotspot/share/prims/jni.cpp, line 1366]
Event: 22789.342 Thread 0x000002bb83b02800 Exception <a 'sun/nio/fs/WindowsException'{0x000000008e73dab8}> (0x000000008e73dab8) thrown at [./src/hotspot/share/prims/jni.cpp, line 616]
Event: 22789.701 Thread 0x000002bb83b02800 Exception <a 'sun/nio/fs/WindowsException'{0x000000008d95d118}> (0x000000008d95d118) thrown at [./src/hotspot/share/prims/jni.cpp, line 616]
Event: 22789.717 Thread 0x000002bb83b02800 Exception <a 'sun/nio/fs/WindowsException'{0x000000008d8001a8}> (0x000000008d8001a8) thrown at [./src/hotspot/share/prims/jni.cpp, line 616]
Event: 22789.718 Thread 0x000002bb83b02800 Exception <a 'sun/nio/fs/WindowsException'{0x000000008d801630}> (0x000000008d801630) thrown at [./src/hotspot/share/prims/jni.cpp, line 616]
Event: 22789.718 Thread 0x000002bb83b02800 Exception <a 'sun/nio/fs/WindowsException'{0x000000008d8028c0}> (0x000000008d8028c0) thrown at [./src/hotspot/share/prims/jni.cpp, line 616]
Event: 22789.718 Thread 0x000002bb83b02800 Exception <a 'sun/nio/fs/WindowsException'{0x000000008d803b50}> (0x000000008d803b50) thrown at [./src/hotspot/share/prims/jni.cpp, line 616]

Events (20 events):
Event: 22790.385 Executing VM operation: RevokeBias done
Event: 22790.386 Executing VM operation: RevokeBias
Event: 22790.386 Executing VM operation: RevokeBias done
Event: 22790.399 Executing VM operation: RevokeBias
Event: 22790.399 Executing VM operation: RevokeBias done
Event: 22790.420 Executing VM operation: RevokeBias
Event: 22790.420 Executing VM operation: RevokeBias done
Event: 22790.420 Executing VM operation: RevokeBias
Event: 22790.421 Executing VM operation: RevokeBias done
Event: 22790.421 Executing VM operation: RevokeBias
Event: 22790.421 Executing VM operation: RevokeBias done
Event: 22790.421 Executing VM operation: RevokeBias
Event: 22790.422 Executing VM operation: RevokeBias done
Event: 22790.422 Executing VM operation: RevokeBias
Event: 22790.422 Executing VM operation: RevokeBias done
Event: 22790.532 Executing VM operation: RevokeBias
Event: 22790.533 Executing VM operation: RevokeBias done
Event: 22790.537 Executing VM operation: RevokeBias
Event: 22790.537 Executing VM operation: RevokeBias done
Event: 22790.609 Executing VM operation: RevokeBias


Dynamic libraries:
0x00007ff6aa950000 - 0x00007ff6aa95a000 	C:\Program Files\Android\Android Studio\jre\bin\java.exe
0x00007ffed8da0000 - 0x00007ffed8f80000 	C:\Windows\SYSTEM32\ntdll.dll
0x00007ffed8730000 - 0x00007ffed87de000 	C:\Windows\System32\KERNEL32.DLL
0x00007ffed5700000 - 0x00007ffed5966000 	C:\Windows\System32\KERNELBASE.dll
0x00007ffed51f0000 - 0x00007ffed52e4000 	C:\Windows\System32\ucrtbase.dll
0x00007ffecff80000 - 0x00007ffecff97000 	C:\Program Files\Android\Android Studio\jre\bin\VCRUNTIME140.dll
0x00007ffeb68b0000 - 0x00007ffeb68c9000 	C:\Program Files\Android\Android Studio\jre\bin\jli.dll
0x00007ffed68e0000 - 0x00007ffed6a6f000 	C:\Windows\System32\USER32.dll
0x00007ffed5540000 - 0x00007ffed5560000 	C:\Windows\System32\win32u.dll
0x00007ffec4cc0000 - 0x00007ffec4f29000 	C:\Windows\WinSxS\amd64_microsoft.windows.common-controls_6595b64144ccf1df_6.0.16299.1087_none_0f9074b65a6589b7\COMCTL32.dll
0x00007ffed6840000 - 0x00007ffed68dd000 	C:\Windows\System32\msvcrt.dll
0x00007ffed6810000 - 0x00007ffed6838000 	C:\Windows\System32\GDI32.dll
0x00007ffed6e30000 - 0x00007ffed7136000 	C:\Windows\System32\combase.dll
0x00007ffed5560000 - 0x00007ffed56f3000 	C:\Windows\System32\gdi32full.dll
0x00007ffed59d0000 - 0x00007ffed5a6b000 	C:\Windows\System32\msvcp_win.dll
0x00007ffed87e0000 - 0x00007ffed88ff000 	C:\Windows\System32\RPCRT4.dll
0x00007ffed54c0000 - 0x00007ffed5532000 	C:\Windows\System32\bcryptPrimitives.dll
0x00007ffed8900000 - 0x00007ffed892d000 	C:\Windows\System32\IMM32.DLL
0x00007ffec3320000 - 0x00007ffec33bd000 	C:\Program Files\Android\Android Studio\jre\bin\msvcp140.dll
0x00007ffeb52c0000 - 0x00007ffeb5dc2000 	C:\Program Files\Android\Android Studio\jre\bin\server\jvm.dll
0x00007ffed7140000 - 0x00007ffed71e1000 	C:\Windows\System32\ADVAPI32.dll
0x00007ffed6ce0000 - 0x00007ffed6d3b000 	C:\Windows\System32\sechost.dll
0x00007ffed8930000 - 0x00007ffed8938000 	C:\Windows\System32\PSAPI.DLL
0x00007ffed0ff0000 - 0x00007ffed0ff9000 	C:\Windows\SYSTEM32\WSOCK32.dll
0x00007ffed7200000 - 0x00007ffed726c000 	C:\Windows\System32\WS2_32.dll
0x00007ffed33a0000 - 0x00007ffed33c3000 	C:\Windows\SYSTEM32\WINMM.dll
0x00007ffecbb30000 - 0x00007ffecbb3a000 	C:\Windows\SYSTEM32\VERSION.dll
0x00007ffed3340000 - 0x00007ffed336a000 	C:\Windows\SYSTEM32\WINMMBASE.dll
0x00007ffed51a0000 - 0x00007ffed51ea000 	C:\Windows\System32\cfgmgr32.dll
0x00007ffed50f0000 - 0x00007ffed5101000 	C:\Windows\System32\kernel.appcore.dll
0x00007ffecff60000 - 0x00007ffecff71000 	C:\Program Files\Android\Android Studio\jre\bin\verify.dll
0x00007ffec9a30000 - 0x00007ffec9bf8000 	C:\Windows\SYSTEM32\DBGHELP.DLL
0x00007ffecb1f0000 - 0x00007ffecb219000 	C:\Windows\SYSTEM32\dbgcore.DLL
0x00007ffecff30000 - 0x00007ffecff59000 	C:\Program Files\Android\Android Studio\jre\bin\java.dll
0x00007ffed0fa0000 - 0x00007ffed0fab000 	C:\Program Files\Android\Android Studio\jre\bin\jimage.dll
0x00007ffecff10000 - 0x00007ffecff28000 	C:\Program Files\Android\Android Studio\jre\bin\zip.dll
0x00007ffed72f0000 - 0x00007ffed8728000 	C:\Windows\System32\SHELL32.dll
0x00007ffed8ac0000 - 0x00007ffed8b66000 	C:\Windows\System32\shcore.dll
0x00007ffed5a70000 - 0x00007ffed61b7000 	C:\Windows\System32\windows.storage.dll
0x00007ffed8d10000 - 0x00007ffed8d61000 	C:\Windows\System32\shlwapi.dll
0x00007ffed5150000 - 0x00007ffed519c000 	C:\Windows\System32\powrprof.dll
0x00007ffed5110000 - 0x00007ffed512b000 	C:\Windows\System32\profapi.dll
0x00007ffecfef0000 - 0x00007ffecff0a000 	C:\Program Files\Android\Android Studio\jre\bin\net.dll
0x00007ffece480000 - 0x00007ffece55e000 	C:\Windows\SYSTEM32\WINHTTP.dll
0x00007ffed4970000 - 0x00007ffed49d6000 	C:\Windows\system32\mswsock.dll
0x00007ffecfed0000 - 0x00007ffecfee4000 	C:\Program Files\Android\Android Studio\jre\bin\nio.dll
0x00007ffec2c20000 - 0x00007ffec2c47000 	C:\Users\Home\.gradle\native\e1d6ef7f7dcc3fd88c89a11ec53ec762bb8ba0a96d01ffa2cd45eb1d1d8dd5c5\windows-amd64\native-platform.dll
0x00007ffeb0640000 - 0x00007ffeb0784000 	C:\Users\Home\.gradle\native\5664cfc778a61ccfe75a443a1ab52a65af34e5dc3c78e0209fed803814484fcb\windows-amd64\native-platform-file-events.dll
0x00007ffecfec0000 - 0x00007ffecfeca000 	C:\Program Files\Android\Android Studio\jre\bin\management.dll
0x00007ffecf6d0000 - 0x00007ffecf6dd000 	C:\Program Files\Android\Android Studio\jre\bin\management_ext.dll
0x00007ffed4b40000 - 0x00007ffed4b57000 	C:\Windows\SYSTEM32\CRYPTSP.dll
0x00007ffed4520000 - 0x00007ffed4553000 	C:\Windows\system32\rsaenh.dll
0x00007ffed4c50000 - 0x00007ffed4c75000 	C:\Windows\SYSTEM32\bcrypt.dll
0x00007ffed5020000 - 0x00007ffed5049000 	C:\Windows\SYSTEM32\USERENV.dll
0x00007ffed4b60000 - 0x00007ffed4b6b000 	C:\Windows\SYSTEM32\CRYPTBASE.dll
0x00007ffed46b0000 - 0x00007ffed46e9000 	C:\Windows\SYSTEM32\IPHLPAPI.DLL
0x00007ffed8940000 - 0x00007ffed8948000 	C:\Windows\System32\NSI.dll
0x00007ffecdc80000 - 0x00007ffecdc96000 	C:\Windows\SYSTEM32\dhcpcsvc6.DLL
0x00007ffece080000 - 0x00007ffece09a000 	C:\Windows\SYSTEM32\dhcpcsvc.DLL
0x00007ffeb6660000 - 0x00007ffeb667e000 	C:\Users\Home\AppData\Local\Temp\native-platform10558812485174005659dir\native-platform.dll
0x00007ffec9450000 - 0x00007ffec9458000 	C:\Program Files\Android\Android Studio\jre\bin\rmi.dll
0x00007ffec4500000 - 0x00007ffec4527000 	C:\Program Files\Android\Android Studio\jre\bin\sunec.dll

dbghelp: loaded successfully - version: 4.0.5 - missing functions: none
symbol engine: initialized successfully - sym options: 0x614 - pdb path: .;C:\Program Files\Android\Android Studio\jre\bin;C:\Windows\SYSTEM32;C:\Windows\WinSxS\amd64_microsoft.windows.common-controls_6595b64144ccf1df_6.0.16299.1087_none_0f9074b65a6589b7;C:\Program Files\Android\Android Studio\jre\bin\server;C:\Users\Home\.gradle\native\e1d6ef7f7dcc3fd88c89a11ec53ec762bb8ba0a96d01ffa2cd45eb1d1d8dd5c5\windows-amd64;C:\Users\Home\.gradle\native\5664cfc778a61ccfe75a443a1ab52a65af34e5dc3c78e0209fed803814484fcb\windows-amd64;C:\Users\Home\AppData\Local\Temp\native-platform10558812485174005659dir

VM Arguments:
jvm_args: --add-opens=java.base/java.util=ALL-UNNAMED --add-opens=java.base/java.lang=ALL-UNNAMED --add-opens=java.base/java.lang.invoke=ALL-UNNAMED --add-opens=java.base/java.util=ALL-UNNAMED --add-opens=java.prefs/java.util.prefs=ALL-UNNAMED --add-opens=java.prefs/java.util.prefs=ALL-UNNAMED --add-opens=java.base/java.nio.charset=ALL-UNNAMED --add-opens=java.base/java.net=ALL-UNNAMED --add-opens=java.base/java.util.concurrent.atomic=ALL-UNNAMED -Xmx2048m -Dfile.encoding=UTF-8 -Duser.country=RU -Duser.language=ru -Duser.variant 
java_command: org.gradle.launcher.daemon.bootstrap.GradleDaemon 7.3.3
java_class_path (initial): C:\Users\Home\.gradle\wrapper\dists\gradle-7.3.3-bin\6a41zxkdtcxs8rphpq6y0069z\gradle-7.3.3\lib\gradle-launcher-7.3.3.jar
Launcher Type: SUN_STANDARD

[Global flags]
     intx CICompilerCount                          = 3                                         {product} {ergonomic}
     uint ConcGCThreads                            = 1                                         {product} {ergonomic}
     uint G1ConcRefinementThreads                  = 4                                         {product} {ergonomic}
   size_t G1HeapRegionSize                         = 1048576                                   {product} {ergonomic}
    uintx GCDrainStackTargetSize                   = 64                                        {product} {ergonomic}
   size_t InitialHeapSize                          = 100663296                                 {product} {ergonomic}
   size_t MarkStackSize                            = 4194304                                   {product} {ergonomic}
   size_t MaxHeapSize                              = 2147483648                                {product} {command line}
   size_t MaxNewSize                               = 1287651328                                {product} {ergonomic}
   size_t MinHeapDeltaBytes                        = 1048576                                   {product} {ergonomic}
    uintx NonNMethodCodeHeapSize                   = 5830732                                {pd product} {ergonomic}
    uintx NonProfiledCodeHeapSize                  = 122913754                              {pd product} {ergonomic}
    uintx ProfiledCodeHeapSize                     = 122913754                              {pd product} {ergonomic}
    uintx ReservedCodeCacheSize                    = 251658240                              {pd product} {ergonomic}
     bool SegmentedCodeCache                       = true                                      {product} {ergonomic}
     bool UseCompressedClassPointers               = true                                 {lp64_product} {ergonomic}
     bool UseCompressedOops                        = true                                 {lp64_product} {ergonomic}
     bool UseG1GC                                  = true                                      {product} {ergonomic}
     bool UseLargePagesIndividualAllocation        = false                                  {pd product} {ergonomic}

Logging:
Log output configuration:
 #0: stdout all=warning uptime,level,tags
 #1: stderr all=off uptime,level,tags

Environment Variables:
PATH=C:\Windows\system32;C:\Windows;C:\Windows\System32\Wbem;C:\Windows\System32\WindowsPowerShell\v1.0\;C:\Program Files\Git\cmd;C:\Users\Home\AppData\Local\Microsoft\WindowsApps;
USERNAME=Home
OS=Windows_NT
PROCESSOR_IDENTIFIER=Intel64 Family 6 Model 42 Stepping 7, GenuineIntel



---------------  S Y S T E M  ---------------

OS: Windows 10 , 64 bit Build 16299 (10.0.16299.1087)
OS uptime: 0 days 6:59 hours

CPU:total 4 (initial active 4) (2 cores per cpu, 2 threads per core) family 6 model 42 stepping 7 microcode 0x2e, cmov, cx8, fxsr, mmx, sse, sse2, sse3, ssse3, sse4.1, sse4.2, popcnt, avx, aes, clmul, ht, tsc, tscinvbit

Memory: 4k page, system-wide physical 6056M (1726M free)
TotalPageFile size 7016M (AvailPageFile size 2334M)
current process WorkingSet (physical memory assigned to process): 576M, peak: 654M
current process commit charge ("private bytes"): 724M, peak: 764M

vm_info: OpenJDK 64-Bit Server VM (11.0.13+0-b1751.21-8125866) for windows-amd64 JRE (11.0.13+0-b1751.21-8125866), built on Feb  2 2022 03:00:22 by "builder" with MS VC++ 14.0 (VS2015)

END.
