#
# A fatal error has been detected by the Java Runtime Environment:
#
#  EXCEPTION_ACCESS_VIOLATION (0xc0000005) at pc=0x00007ffeb5452346, pid=1988, tid=6420
#
# JRE version: OpenJDK Runtime Environment (11.0.13) (build 11.0.13+0-b1751.21-8125866)
# Java VM: OpenJDK 64-Bit Server VM (11.0.13+0-b1751.21-8125866, mixed mode, tiered, compressed oops, g1 gc, windows-amd64)
# Problematic frame:
# V  [jvm.dll+0x192346]
#
# No core dump will be written. Minidumps are not enabled by default on client versions of Windows
#
# If you would like to submit a bug report, please visit:
#   https://bugreport.java.com/bugreport/crash.jsp
#

---------------  S U M M A R Y ------------

Command Line: --add-opens=java.base/java.util=ALL-UNNAMED --add-opens=java.base/java.lang=ALL-UNNAMED --add-opens=java.base/java.lang.invoke=ALL-UNNAMED --add-opens=java.base/java.util=ALL-UNNAMED --add-opens=java.prefs/java.util.prefs=ALL-UNNAMED --add-opens=java.prefs/java.util.prefs=ALL-UNNAMED --add-opens=java.base/java.nio.charset=ALL-UNNAMED --add-opens=java.base/java.net=ALL-UNNAMED --add-opens=java.base/java.util.concurrent.atomic=ALL-UNNAMED -Xmx2048m -Dfile.encoding=UTF-8 -Duser.country=RU -Duser.language=ru -Duser.variant org.gradle.launcher.daemon.bootstrap.GradleDaemon 7.3.3

Host: Intel(R) Core(TM) i5-2430M CPU @ 2.40GHz, 4 cores, 5G,  Windows 10 , 64 bit Build 16299 (10.0.16299.1087)
Time: Fri Oct 14 17:52:46 2022 Iiaineae?neia noaiaa?oiia a?aiy elapsed time: 34.870972 seconds (0d 0h 0m 34s)

---------------  T H R E A D  ---------------

Current thread (0x000001e875856000):  ConcurrentGCThread "G1 Conc#0" [stack: 0x000000aa88300000,0x000000aa88400000] [id=6420]

Stack: [0x000000aa88300000,0x000000aa88400000],  sp=0x000000aa883ff308,  free space=1020k
Native frames: (J=compiled Java code, j=interpreted, Vv=VM code, C=native code)
V  [jvm.dll+0x192346]


siginfo: EXCEPTION_ACCESS_VIOLATION (0xc0000005), reading address 0x000000066800a008


Register to memory mapping:

RIP=0x00007ffeb5452346 jvm.dll
RAX=0x0000000000000001 is an unknown value
RBX=0x00000000811f75c0 points into unknown readable memory: 0xae01c7050000cc00 | 00 cc 00 00 05 c7 01 ae
RCX=0x00000000811f75c0 points into unknown readable memory: 0xae01c7050000cc00 | 00 cc 00 00 05 c7 01 ae
RDX=0x00000000811f75c0 points into unknown readable memory: 0xae01c7050000cc00 | 00 cc 00 00 05 c7 01 ae
RSP=0x000000aa883ff308 points into unknown readable memory: 0x00007ffeb55a50ba | ba 50 5a b5 fe 7f 00 00
RBP=0x000001e87584b260 points into unknown readable memory: 0x000001e875854000 | 00 40 85 75 e8 01 00 00
RSI=0x0000000000000001 is an unknown value
RDI=0x0 is NULL
R8 =0x0 is NULL
R9 =0x000000066800a000 is an unknown value
R10=0x000001e87584b260 points into unknown readable memory: 0x000001e875854000 | 00 40 85 75 e8 01 00 00
R11=0x346dc5d63886594b is an unknown value
R12=0x000000000000000c is an unknown value
R13=0xaaaaaaaaaaaaaaab is an unknown value
R14=0x0 is NULL
R15=0x0000000085378a78 is an oop: org.gradle.internal.hash.HashCode 
{0x0000000085378a78} - klass: 'org/gradle/internal/hash/HashCode'


Registers:
RAX=0x0000000000000001, RBX=0x00000000811f75c0, RCX=0x00000000811f75c0, RDX=0x00000000811f75c0
RSP=0x000000aa883ff308, RBP=0x000001e87584b260, RSI=0x0000000000000001, RDI=0x0000000000000000
R8 =0x0000000000000000, R9 =0x000000066800a000, R10=0x000001e87584b260, R11=0x346dc5d63886594b
R12=0x000000000000000c, R13=0xaaaaaaaaaaaaaaab, R14=0x0000000000000000, R15=0x0000000085378a78
RIP=0x00007ffeb5452346, EFLAGS=0x0000000000010206

Top of Stack: (sp=0x000000aa883ff308)
0x000000aa883ff308:   00007ffeb55a50ba 00000000811f75c0
0x000000aa883ff318:   0000000100287020 000001e87585ef20
0x000000aa883ff328:   0000000000000001 0000000100287028
0x000000aa883ff338:   00007ffeb55a4f66 0000000100287020
0x000000aa883ff348:   00000000811f75c0 000001e8758345b0
0x000000aa883ff358:   000000aa883ff548 0000000000000000
0x000000aa883ff368:   000000aa883ff548 0000000085378a88
0x000000aa883ff378:   00007ffeb559cdcd 0000000000000003
0x000000aa883ff388:   0000000085378a84 000001e8758345b0
0x000000aa883ff398:   00007ffeb58c9dcc 000000aa883ff520
0x000000aa883ff3a8:   000001e875856a01 0000000100286dc8
0x000000aa883ff3b8:   00007ffeb559c681 0000000000000003
0x000000aa883ff3c8:   000000aa883ff548 0000000085378a78
0x000000aa883ff3d8:   000001e875856a01 0000000085378a78
0x000000aa883ff3e8:   00007ffeb55aac0f 000001e8758345b0
0x000000aa883ff3f8:   0000000000b20000 0000000000000000 

Instructions: (pc=0x00007ffeb5452346)
0x00007ffeb5452246:   48 89 5c 24 20 e8 f0 00 00 00 80 7f 30 00 48 63
0x00007ffeb5452256:   c8 48 89 4c 24 28 0f 28 44 24 20 74 17 0f 11 86
0x00007ffeb5452266:   98 03 00 00 48 8b 5c 24 40 48 8b 74 24 48 48 83
0x00007ffeb5452276:   c4 30 5f c3 48 8b 07 48 8d 54 24 20 48 8b cf 66
0x00007ffeb5452286:   0f 7f 44 24 20 ff 50 38 48 8b 5c 24 40 48 8b 74
0x00007ffeb5452296:   24 48 48 83 c4 30 5f c3 cc cc 40 53 48 83 ec 30
0x00007ffeb54522a6:   0f 10 82 98 03 00 00 48 8b da 0f 10 c8 66 0f 73
0x00007ffeb54522b6:   d9 08 66 48 0f 7e c8 48 85 c0 74 28 48 8b 01 48
0x00007ffeb54522c6:   8d 54 24 20 0f 29 44 24 20 ff 50 40 33 c0 48 89
0x00007ffeb54522d6:   44 24 20 48 89 44 24 28 0f 10 44 24 20 0f 11 83
0x00007ffeb54522e6:   98 03 00 00 48 83 c4 30 5b c3 48 8b 49 38 48 8b
0x00007ffeb54522f6:   01 48 ff 60 28 cc cc cc cc cc 80 3d d2 5e 89 00
0x00007ffeb5452306:   00 48 8b c1 74 1b 8b 51 08 8b 0d 03 cb 84 00 48
0x00007ffeb5452316:   d3 e2 48 8b c8 48 03 15 ee ca 84 00 e9 19 00 00
0x00007ffeb5452326:   00 48 8b 51 08 48 8b c8 e9 0d 00 00 00 cc cc cc
0x00007ffeb5452336:   cc cc cc cc cc cc cc cc cc cc 4c 8b ca 48 8b d1
0x00007ffeb5452346:   45 8b 41 08 45 85 c0 7e 0e 41 f6 c0 01 75 59 41
0x00007ffeb5452356:   c1 f8 03 41 8b c0 c3 79 4f 80 3d 73 5e 89 00 00
0x00007ffeb5452366:   b8 0c 00 00 00 b9 10 00 00 00 0f 45 c8 8b 05 1b
0x00007ffeb5452376:   14 83 00 ff c8 4c 63 c8 48 63 c1 41 8b c8 83 e1
0x00007ffeb5452386:   3f 48 63 14 10 41 8b c0 48 c1 f8 10 0f b6 c0 48
0x00007ffeb5452396:   d3 e2 49 8d 0c 11 49 f7 d1 48 03 c1 49 c1 e9 03
0x00007ffeb54523a6:   48 c1 e8 03 41 23 c1 c3 49 8b 01 49 8b c9 48 ff
0x00007ffeb54523b6:   a0 10 01 00 00 cc cc cc cc cc 48 8b c2 c3 cc cc
0x00007ffeb54523c6:   cc cc cc cc cc cc cc cc cc cc 48 83 ec 38 48 8b
0x00007ffeb54523d6:   41 38 80 78 08 00 74 00 0f 10 02 48 8b 49 38 48
0x00007ffeb54523e6:   8d 54 24 20 0f 29 44 24 20 e8 3c f0 ff ff 48 83
0x00007ffeb54523f6:   c4 38 c3 cc cc cc cc cc cc cc 48 83 ec 38 0f 10
0x00007ffeb5452406:   02 48 8b 01 48 8d 54 24 20 0f 29 44 24 20 ff 50
0x00007ffeb5452416:   38 48 83 c4 38 c3 cc cc cc cc 48 89 5c 24 08 55
0x00007ffeb5452426:   56 57 41 54 41 55 41 56 41 57 48 8d 6c 24 e0 48
0x00007ffeb5452436:   81 ec 20 01 00 00 48 8b 05 4d 51 86 00 48 33 c4 


Stack slot to memory mapping:
stack at sp + 0 slots: 0x00007ffeb55a50ba jvm.dll
stack at sp + 1 slots: 0x00000000811f75c0 points into unknown readable memory: 0xae01c7050000cc00 | 00 cc 00 00 05 c7 01 ae
stack at sp + 2 slots: 0x0000000100287020 is pointing into metadata
stack at sp + 3 slots: 0x000001e87585ef20 points into unknown readable memory: 0x000001e8000000ad | ad 00 00 00 e8 01 00 00
stack at sp + 4 slots: 0x0000000000000001 is an unknown value
stack at sp + 5 slots: 0x0000000100287028 is a pointer to class: 
com.google.common.collect.Interners {0x0000000100287030}
stack at sp + 6 slots: 0x00007ffeb55a4f66 jvm.dll
stack at sp + 7 slots: 0x0000000100287020 is pointing into metadata


---------------  P R O C E S S  ---------------

Threads class SMR info:
_java_thread_list=0x000001e819e12040, length=91, elements={
0x000001e875809800, 0x000001e811410000, 0x000001e811411800, 0x000001e811c26800,
0x000001e811c28000, 0x000001e811c29000, 0x000001e811c2c000, 0x000001e811c30000,
0x000001e811ce5000, 0x000001e811e0f800, 0x000001e81383f000, 0x000001e814752000,
0x000001e814ee5800, 0x000001e812f75800, 0x000001e815043000, 0x000001e813e47800,
0x000001e8136e3000, 0x000001e813da8800, 0x000001e813da9800, 0x000001e813f44800,
0x000001e813f46000, 0x000001e813f47000, 0x000001e813f48800, 0x000001e813f49800,
0x000001e813f43800, 0x000001e813f48000, 0x000001e813f45800, 0x000001e813f4a000,
0x000001e812ef0800, 0x000001e812eee000, 0x000001e812eec800, 0x000001e812eef000,
0x000001e812eef800, 0x000001e812ef2000, 0x000001e812ef3000, 0x000001e812eed000,
0x000001e812ef9800, 0x000001e812ef5800, 0x000001e812ef7000, 0x000001e812ef6000,
0x000001e812ef7800, 0x000001e812ef8800, 0x000001e812ef3800, 0x000001e812efa000,
0x000001e812ef4800, 0x000001e817649000, 0x000001e817649800, 0x000001e81764a800,
0x000001e81764b800, 0x000001e81764e000, 0x000001e81764c000, 0x000001e817648000,
0x000001e817652000, 0x000001e81764e800, 0x000001e817651000, 0x000001e817652800,
0x000001e81764d000, 0x000001e817653800, 0x000001e817650000, 0x000001e817654800,
0x000001e81764f800, 0x000001e817655000, 0x000001e817656000, 0x000001e817657000,
0x000001e8124f7800, 0x000001e8124f5000, 0x000001e8124f3800, 0x000001e8124f4000,
0x000001e8124f2800, 0x000001e8124f6800, 0x000001e8124f6000, 0x000001e8124f2000,
0x000001e8124fb000, 0x000001e8124fd000, 0x000001e8124fa000, 0x000001e8124fe000,
0x000001e8124f8800, 0x000001e8124ff000, 0x000001e8124fb800, 0x000001e8124f9000,
0x000001e8124ff800, 0x000001e8124fc800, 0x000001e812500800, 0x000001e819dc8800,
0x000001e819dc9000, 0x000001e819dc6800, 0x000001e819dc7800, 0x000001e819dc4800,
0x000001e819dcb000, 0x000001e819dca000, 0x000001e8136b6000
}

Java Threads: ( => current thread )
  0x000001e875809800 JavaThread "main" [_thread_blocked, id=6476, stack(0x000000aa88000000,0x000000aa88100000)]
  0x000001e811410000 JavaThread "Reference Handler" daemon [_thread_blocked, id=1044, stack(0x000000aa88700000,0x000000aa88800000)]
  0x000001e811411800 JavaThread "Finalizer" daemon [_thread_blocked, id=5792, stack(0x000000aa88800000,0x000000aa88900000)]
  0x000001e811c26800 JavaThread "Signal Dispatcher" daemon [_thread_blocked, id=4904, stack(0x000000aa88900000,0x000000aa88a00000)]
  0x000001e811c28000 JavaThread "Attach Listener" daemon [_thread_blocked, id=2580, stack(0x000000aa88a00000,0x000000aa88b00000)]
  0x000001e811c29000 JavaThread "Service Thread" daemon [_thread_blocked, id=3372, stack(0x000000aa88b00000,0x000000aa88c00000)]
  0x000001e811c2c000 JavaThread "C2 CompilerThread0" daemon [_thread_in_native, id=1344, stack(0x000000aa88c00000,0x000000aa88d00000)]
  0x000001e811c30000 JavaThread "C1 CompilerThread0" daemon [_thread_blocked, id=944, stack(0x000000aa88d00000,0x000000aa88e00000)]
  0x000001e811ce5000 JavaThread "Sweeper thread" daemon [_thread_blocked, id=6416, stack(0x000000aa88e00000,0x000000aa88f00000)]
  0x000001e811e0f800 JavaThread "Common-Cleaner" daemon [_thread_blocked, id=7720, stack(0x000000aa88f00000,0x000000aa89000000)]
  0x000001e81383f000 JavaThread "Daemon health stats" [_thread_blocked, id=4876, stack(0x000000aa89400000,0x000000aa89500000)]
  0x000001e814752000 JavaThread "Incoming local TCP Connector on port 50496" [_thread_in_native, id=3864, stack(0x000000aa89600000,0x000000aa89700000)]
  0x000001e814ee5800 JavaThread "Daemon periodic checks" [_thread_blocked, id=3760, stack(0x000000aa89700000,0x000000aa89800000)]
  0x000001e812f75800 JavaThread "Daemon" [_thread_blocked, id=7176, stack(0x000000aa89800000,0x000000aa89900000)]
  0x000001e815043000 JavaThread "Handler for socket connection from /127.0.0.1:50496 to /127.0.0.1:50497" [_thread_in_native, id=1452, stack(0x000000aa89900000,0x000000aa89a00000)]
  0x000001e813e47800 JavaThread "Cancel handler" [_thread_blocked, id=5840, stack(0x000000aa89a00000,0x000000aa89b00000)]
  0x000001e8136e3000 JavaThread "Daemon worker" [_thread_in_native, id=6700, stack(0x000000aa89d00000,0x000000aa89e00000)]
  0x000001e813da8800 JavaThread "Asynchronous log dispatcher for DefaultDaemonConnection: socket connection from /127.0.0.1:50496 to /127.0.0.1:50497" [_thread_blocked, id=1236, stack(0x000000aa89e00000,0x000000aa89f00000)]
  0x000001e813da9800 JavaThread "Stdin handler" [_thread_blocked, id=7696, stack(0x000000aa89f00000,0x000000aa8a000000)]
  0x000001e813f44800 JavaThread "Daemon client event forwarder" [_thread_blocked, id=3720, stack(0x000000aa8a000000,0x000000aa8a100000)]
  0x000001e813f46000 JavaThread "Cache worker for journal cache (C:\Users\Home\.gradle\caches\journal-1)" [_thread_blocked, id=5916, stack(0x000000aa8a100000,0x000000aa8a200000)]
  0x000001e813f47000 JavaThread "File lock request listener" [_thread_in_native, id=6560, stack(0x000000aa8a200000,0x000000aa8a300000)]
  0x000001e813f48800 JavaThread "Cache worker for file hash cache (C:\Users\Home\.gradle\caches\7.3.3\fileHashes)" [_thread_blocked, id=7016, stack(0x000000aa8a300000,0x000000aa8a400000)]
  0x000001e813f49800 JavaThread "Cache worker for file hash cache (C:\projects\TradeStuff\.gradle\7.3.3\fileHashes)" [_thread_blocked, id=7324, stack(0x000000aa8a400000,0x000000aa8a500000)]
  0x000001e813f43800 JavaThread "File watcher server" daemon [_thread_in_native, id=1192, stack(0x000000aa8a500000,0x000000aa8a600000)]
  0x000001e813f48000 JavaThread "File watcher consumer" daemon [_thread_blocked, id=1668, stack(0x000000aa8a600000,0x000000aa8a700000)]
  0x000001e813f45800 JavaThread "Cache worker for checksums cache (C:\projects\TradeStuff\.gradle\7.3.3\checksums)" [_thread_blocked, id=5824, stack(0x000000aa8a700000,0x000000aa8a800000)]
  0x000001e813f4a000 JavaThread "Cache worker for cache directory md-supplier (C:\Users\Home\.gradle\caches\7.3.3\md-supplier)" [_thread_blocked, id=7304, stack(0x000000aa8a800000,0x000000aa8a900000)]
  0x000001e812ef0800 JavaThread "Cache worker for cache directory md-rule (C:\Users\Home\.gradle\caches\7.3.3\md-rule)" [_thread_blocked, id=5264, stack(0x000000aa8a900000,0x000000aa8aa00000)]
  0x000001e812eee000 JavaThread "Cache worker for execution history cache (C:\Users\Home\.gradle\caches\7.3.3\executionHistory)" [_thread_blocked, id=3772, stack(0x000000aa8aa00000,0x000000aa8ab00000)]
  0x000001e812eec800 JavaThread "jar transforms" [_thread_blocked, id=1948, stack(0x000000aa8ab00000,0x000000aa8ac00000)]
  0x000001e812eef000 JavaThread "jar transforms Thread 2" [_thread_blocked, id=3344, stack(0x000000aa8ac00000,0x000000aa8ad00000)]
  0x000001e812eef800 JavaThread "Cache worker for file content cache (C:\Users\Home\.gradle\caches\7.3.3\fileContent)" [_thread_blocked, id=7984, stack(0x000000aa8ad00000,0x000000aa8ae00000)]
  0x000001e812ef2000 JavaThread "Cache worker for dependencies-accessors (C:\projects\TradeStuff\.gradle\7.3.3\dependencies-accessors)" [_thread_blocked, id=5732, stack(0x000000aa8ae00000,0x000000aa8af00000)]
  0x000001e812ef3000 JavaThread "jar transforms Thread 3" [_thread_blocked, id=4284, stack(0x000000aa8af00000,0x000000aa8b000000)]
  0x000001e812eed000 JavaThread "Cache worker for Build Output Cleanup Cache (C:\projects\TradeStuff\.gradle\buildOutputCleanup)" [_thread_blocked, id=2816, stack(0x000000aa8b000000,0x000000aa8b100000)]
  0x000001e812ef9800 JavaThread "Unconstrained build operations" [_thread_blocked, id=4940, stack(0x000000aa8b100000,0x000000aa8b200000)]
  0x000001e812ef5800 JavaThread "Unconstrained build operations Thread 2" [_thread_blocked, id=5124, stack(0x000000aa8b200000,0x000000aa8b300000)]
  0x000001e812ef7000 JavaThread "Unconstrained build operations Thread 3" [_thread_blocked, id=7044, stack(0x000000aa8b300000,0x000000aa8b400000)]
  0x000001e812ef6000 JavaThread "Unconstrained build operations Thread 4" [_thread_blocked, id=7948, stack(0x000000aa8b400000,0x000000aa8b500000)]
  0x000001e812ef7800 JavaThread "Unconstrained build operations Thread 5" [_thread_blocked, id=5920, stack(0x000000aa8b500000,0x000000aa8b600000)]
  0x000001e812ef8800 JavaThread "Unconstrained build operations Thread 6" [_thread_blocked, id=1440, stack(0x000000aa8b600000,0x000000aa8b700000)]
  0x000001e812ef3800 JavaThread "Unconstrained build operations Thread 7" [_thread_blocked, id=192, stack(0x000000aa8b700000,0x000000aa8b800000)]
  0x000001e812efa000 JavaThread "Unconstrained build operations Thread 8" [_thread_blocked, id=2512, stack(0x000000aa8b800000,0x000000aa8b900000)]
  0x000001e812ef4800 JavaThread "Unconstrained build operations Thread 9" [_thread_blocked, id=2516, stack(0x000000aa8b900000,0x000000aa8ba00000)]
  0x000001e817649000 JavaThread "Unconstrained build operations Thread 10" [_thread_blocked, id=2384, stack(0x000000aa8ba00000,0x000000aa8bb00000)]
  0x000001e817649800 JavaThread "Unconstrained build operations Thread 11" [_thread_blocked, id=1572, stack(0x000000aa8bb00000,0x000000aa8bc00000)]
  0x000001e81764a800 JavaThread "Unconstrained build operations Thread 12" [_thread_blocked, id=7352, stack(0x000000aa8bc00000,0x000000aa8bd00000)]
  0x000001e81764b800 JavaThread "Unconstrained build operations Thread 13" [_thread_blocked, id=3176, stack(0x000000aa8bd00000,0x000000aa8be00000)]
  0x000001e81764e000 JavaThread "Unconstrained build operations Thread 14" [_thread_blocked, id=1940, stack(0x000000aa8be00000,0x000000aa8bf00000)]
  0x000001e81764c000 JavaThread "Unconstrained build operations Thread 15" [_thread_blocked, id=976, stack(0x000000aa8bf00000,0x000000aa8c000000)]
  0x000001e817648000 JavaThread "Unconstrained build operations Thread 16" [_thread_blocked, id=6920, stack(0x000000aa8c000000,0x000000aa8c100000)]
  0x000001e817652000 JavaThread "Unconstrained build operations Thread 17" [_thread_blocked, id=4516, stack(0x000000aa8c100000,0x000000aa8c200000)]
  0x000001e81764e800 JavaThread "Unconstrained build operations Thread 18" [_thread_blocked, id=5652, stack(0x000000aa8c200000,0x000000aa8c300000)]
  0x000001e817651000 JavaThread "Unconstrained build operations Thread 19" [_thread_blocked, id=3364, stack(0x000000aa8c300000,0x000000aa8c400000)]
  0x000001e817652800 JavaThread "Unconstrained build operations Thread 20" [_thread_blocked, id=3896, stack(0x000000aa8c400000,0x000000aa8c500000)]
  0x000001e81764d000 JavaThread "Unconstrained build operations Thread 21" [_thread_blocked, id=7296, stack(0x000000aa8c500000,0x000000aa8c600000)]
  0x000001e817653800 JavaThread "Unconstrained build operations Thread 22" [_thread_blocked, id=6692, stack(0x000000aa8c600000,0x000000aa8c700000)]
  0x000001e817650000 JavaThread "Unconstrained build operations Thread 23" [_thread_blocked, id=5852, stack(0x000000aa8c700000,0x000000aa8c800000)]
  0x000001e817654800 JavaThread "Unconstrained build operations Thread 24" [_thread_blocked, id=7000, stack(0x000000aa8c800000,0x000000aa8c900000)]
  0x000001e81764f800 JavaThread "Unconstrained build operations Thread 25" [_thread_blocked, id=7424, stack(0x000000aa8c900000,0x000000aa8ca00000)]
  0x000001e817655000 JavaThread "Unconstrained build operations Thread 26" [_thread_blocked, id=2640, stack(0x000000aa8ca00000,0x000000aa8cb00000)]
  0x000001e817656000 JavaThread "Unconstrained build operations Thread 27" [_thread_blocked, id=3744, stack(0x000000aa8cb00000,0x000000aa8cc00000)]
  0x000001e817657000 JavaThread "Unconstrained build operations Thread 28" [_thread_blocked, id=7040, stack(0x000000aa8cc00000,0x000000aa8cd00000)]
  0x000001e8124f7800 JavaThread "Unconstrained build operations Thread 29" [_thread_blocked, id=6648, stack(0x000000aa8cd00000,0x000000aa8ce00000)]
  0x000001e8124f5000 JavaThread "Unconstrained build operations Thread 30" [_thread_blocked, id=3380, stack(0x000000aa8ce00000,0x000000aa8cf00000)]
  0x000001e8124f3800 JavaThread "Unconstrained build operations Thread 31" [_thread_blocked, id=7216, stack(0x000000aa8cf00000,0x000000aa8d000000)]
  0x000001e8124f4000 JavaThread "Unconstrained build operations Thread 32" [_thread_blocked, id=7124, stack(0x000000aa8d000000,0x000000aa8d100000)]
  0x000001e8124f2800 JavaThread "Unconstrained build operations Thread 33" [_thread_blocked, id=4700, stack(0x000000aa8d100000,0x000000aa8d200000)]
  0x000001e8124f6800 JavaThread "Unconstrained build operations Thread 34" [_thread_blocked, id=1076, stack(0x000000aa8d200000,0x000000aa8d300000)]
  0x000001e8124f6000 JavaThread "Unconstrained build operations Thread 35" [_thread_blocked, id=5844, stack(0x000000aa8d300000,0x000000aa8d400000)]
  0x000001e8124f2000 JavaThread "Unconstrained build operations Thread 36" [_thread_blocked, id=6380, stack(0x000000aa8d400000,0x000000aa8d500000)]
  0x000001e8124fb000 JavaThread "Unconstrained build operations Thread 37" [_thread_blocked, id=3628, stack(0x000000aa8d500000,0x000000aa8d600000)]
  0x000001e8124fd000 JavaThread "Unconstrained build operations Thread 38" [_thread_blocked, id=1860, stack(0x000000aa8d600000,0x000000aa8d700000)]
  0x000001e8124fa000 JavaThread "Unconstrained build operations Thread 39" [_thread_blocked, id=5160, stack(0x000000aa8d700000,0x000000aa8d800000)]
  0x000001e8124fe000 JavaThread "Unconstrained build operations Thread 40" [_thread_blocked, id=1840, stack(0x000000aa8d800000,0x000000aa8d900000)]
  0x000001e8124f8800 JavaThread "jar transforms Thread 4" [_thread_blocked, id=8180, stack(0x000000aa8d900000,0x000000aa8da00000)]
  0x000001e8124ff000 JavaThread "Memory manager" [_thread_blocked, id=7220, stack(0x000000aa8da00000,0x000000aa8db00000)]
  0x000001e8124fb800 JavaThread "build event listener" [_thread_blocked, id=3752, stack(0x000000aa8db00000,0x000000aa8dc00000)]
  0x000001e8124f9000 JavaThread "Execution worker for ':'" [_thread_blocked, id=1900, stack(0x000000aa8dc00000,0x000000aa8dd00000)]
  0x000001e8124ff800 JavaThread "Execution worker for ':' Thread 2" [_thread_blocked, id=6624, stack(0x000000aa8dd00000,0x000000aa8de00000)]
  0x000001e8124fc800 JavaThread "Execution worker for ':' Thread 3" [_thread_blocked, id=3404, stack(0x000000aa8de00000,0x000000aa8df00000)]
  0x000001e812500800 JavaThread "Cache worker for execution history cache (C:\projects\TradeStuff\.gradle\7.3.3\executionHistory)" [_thread_blocked, id=6040, stack(0x000000aa8df00000,0x000000aa8e000000)]
  0x000001e819dc8800 JavaThread "WorkerExecutor Queue" [_thread_blocked, id=7572, stack(0x000000aa8e000000,0x000000aa8e100000)]
  0x000001e819dc9000 JavaThread "RMI Scheduler(0)" daemon [_thread_blocked, id=856, stack(0x000000aa8e100000,0x000000aa8e200000)]
  0x000001e819dc6800 JavaThread "RMI GC Daemon" daemon [_thread_blocked, id=6832, stack(0x000000aa8e300000,0x000000aa8e400000)]
  0x000001e819dc7800 JavaThread "RMI TCP Accept-0" daemon [_thread_in_native, id=3028, stack(0x000000aa8e400000,0x000000aa8e500000)]
  0x000001e819dc4800 JavaThread "RMI Reaper" [_thread_blocked, id=1800, stack(0x000000aa8e500000,0x000000aa8e600000)]
  0x000001e819dcb000 JavaThread "RMI TCP Connection(1)-127.0.0.1" daemon [_thread_in_native, id=6720, stack(0x000000aa8e600000,0x000000aa8e700000)]
  0x000001e819dca000 JavaThread "WorkerExecutor Queue Thread 2" [_thread_blocked, id=5736, stack(0x000000aa8e700000,0x000000aa8e800000)]
  0x000001e8136b6000 JavaThread "C2 CompilerThread1" daemon [_thread_in_native, id=6472, stack(0x000000aa8ea00000,0x000000aa8eb00000)]

Other Threads:
  0x000001e8113fc000 VMThread "VM Thread" [stack: 0x000000aa88600000,0x000000aa88700000] [id=8164]
  0x000001e811e10800 WatcherThread [stack: 0x000000aa89000000,0x000000aa89100000] [id=5096]
  0x000001e875821800 GCTaskThread "GC Thread#0" [stack: 0x000000aa88100000,0x000000aa88200000] [id=2604]
  0x000001e8121cc000 GCTaskThread "GC Thread#1" [stack: 0x000000aa89200000,0x000000aa89300000] [id=4568]
  0x000001e813ff6800 GCTaskThread "GC Thread#2" [stack: 0x000000aa89b00000,0x000000aa89c00000] [id=2760]
  0x000001e814a2d000 GCTaskThread "GC Thread#3" [stack: 0x000000aa89c00000,0x000000aa89d00000] [id=76]
  0x000001e875854000 ConcurrentGCThread "G1 Main Marker" [stack: 0x000000aa88200000,0x000000aa88300000] [id=7388]
=>0x000001e875856000 ConcurrentGCThread "G1 Conc#0" [stack: 0x000000aa88300000,0x000000aa88400000] [id=6420]
  0x000001e8758de800 ConcurrentGCThread "G1 Refine#0" [stack: 0x000000aa88400000,0x000000aa88500000] [id=5008]
  0x000001e811247800 ConcurrentGCThread "G1 Young RemSet Sampling" [stack: 0x000000aa88500000,0x000000aa88600000] [id=6448]

Threads with active compile tasks:
C2 CompilerThread0  35015 13388   !   4       java.net.URL::<init> (543 bytes)
C2 CompilerThread1  35015 13564   !   4       java.util.concurrent.ConcurrentHashMap::computeIfAbsent (576 bytes)

VM state:not at safepoint (normal execution)

VM Mutex/Monitor currently owned by a thread: None

Heap address: 0x0000000080000000, size: 2048 MB, Compressed Oops mode: 32-bit
Narrow klass base: 0x0000000000000000, Narrow klass shift: 3
Compressed class space size: 1073741824 Address: 0x0000000100000000

Heap:
 garbage-first heap   total 248832K, used 137216K [0x0000000080000000, 0x0000000100000000)
  region size 1024K, 14 young (14336K), 6 survivors (6144K)
 Metaspace       used 108633K, capacity 111529K, committed 111680K, reserved 1146880K
  class space    used 13626K, capacity 14681K, committed 14796K, reserved 1048576K
Heap Regions: E=young(eden), S=young(survivor), O=old, HS=humongous(starts), HC=humongous(continues), CS=collection set, F=free, A=archive, TAMS=top-at-mark-start (previous, next)
|   0|0x0000000080000000, 0x0000000080100000, 0x0000000080100000|100%| O|  |TAMS 0x0000000080100000, 0x0000000080100000| Untracked 
|   1|0x0000000080100000, 0x0000000080200000, 0x0000000080200000|100%| O|  |TAMS 0x0000000080200000, 0x0000000080200000| Untracked 
|   2|0x0000000080200000, 0x0000000080300000, 0x0000000080300000|100%| O|  |TAMS 0x0000000080300000, 0x0000000080300000| Untracked 
|   3|0x0000000080300000, 0x0000000080400000, 0x0000000080400000|100%|HS|  |TAMS 0x0000000080400000, 0x0000000080400000| Complete 
|   4|0x0000000080400000, 0x0000000080500000, 0x0000000080500000|100%|HC|  |TAMS 0x0000000080500000, 0x0000000080500000| Complete 
|   5|0x0000000080500000, 0x0000000080600000, 0x0000000080600000|100%|HC|  |TAMS 0x0000000080600000, 0x0000000080600000| Complete 
|   6|0x0000000080600000, 0x0000000080700000, 0x0000000080700000|100%| O|  |TAMS 0x0000000080700000, 0x0000000080700000| Untracked 
|   7|0x0000000080700000, 0x0000000080800000, 0x0000000080800000|100%| O|  |TAMS 0x0000000080800000, 0x0000000080800000| Untracked 
|   8|0x0000000080800000, 0x0000000080900000, 0x0000000080900000|100%| O|  |TAMS 0x0000000080900000, 0x0000000080900000| Untracked 
|   9|0x0000000080900000, 0x0000000080a00000, 0x0000000080a00000|100%| O|  |TAMS 0x0000000080a00000, 0x0000000080a00000| Untracked 
|  10|0x0000000080a00000, 0x0000000080b00000, 0x0000000080b00000|100%| O|  |TAMS 0x0000000080b00000, 0x0000000080b00000| Untracked 
|  11|0x0000000080b00000, 0x0000000080c00000, 0x0000000080c00000|100%| O|  |TAMS 0x0000000080c00000, 0x0000000080c00000| Untracked 
|  12|0x0000000080c00000, 0x0000000080d00000, 0x0000000080d00000|100%| O|  |TAMS 0x0000000080d00000, 0x0000000080d00000| Untracked 
|  13|0x0000000080d00000, 0x0000000080e00000, 0x0000000080e00000|100%| O|  |TAMS 0x0000000080e00000, 0x0000000080e00000| Untracked 
|  14|0x0000000080e00000, 0x0000000080f00000, 0x0000000080f00000|100%| O|  |TAMS 0x0000000080f00000, 0x0000000080f00000| Untracked 
|  15|0x0000000080f00000, 0x0000000081000000, 0x0000000081000000|100%| O|  |TAMS 0x0000000081000000, 0x0000000081000000| Untracked 
|  16|0x0000000081000000, 0x0000000081100000, 0x0000000081100000|100%| O|  |TAMS 0x0000000081100000, 0x0000000081100000| Untracked 
|  17|0x0000000081100000, 0x0000000081200000, 0x0000000081200000|100%|HS|  |TAMS 0x0000000081200000, 0x0000000081200000| Complete 
|  18|0x0000000081200000, 0x0000000081300000, 0x0000000081300000|100%| O|  |TAMS 0x0000000081300000, 0x0000000081300000| Untracked 
|  19|0x0000000081300000, 0x0000000081400000, 0x0000000081400000|100%| O|  |TAMS 0x0000000081400000, 0x0000000081400000| Untracked 
|  20|0x0000000081400000, 0x0000000081500000, 0x0000000081500000|100%| O|  |TAMS 0x0000000081500000, 0x0000000081500000| Untracked 
|  21|0x0000000081500000, 0x0000000081600000, 0x0000000081600000|100%| O|  |TAMS 0x0000000081600000, 0x0000000081600000| Untracked 
|  22|0x0000000081600000, 0x0000000081700000, 0x0000000081700000|100%| O|  |TAMS 0x0000000081700000, 0x0000000081700000| Untracked 
|  23|0x0000000081700000, 0x0000000081800000, 0x0000000081800000|100%| O|  |TAMS 0x0000000081800000, 0x0000000081800000| Untracked 
|  24|0x0000000081800000, 0x0000000081900000, 0x0000000081900000|100%|HS|  |TAMS 0x0000000081900000, 0x0000000081900000| Complete 
|  25|0x0000000081900000, 0x0000000081a00000, 0x0000000081a00000|100%|HS|  |TAMS 0x0000000081a00000, 0x0000000081a00000| Complete 
|  26|0x0000000081a00000, 0x0000000081b00000, 0x0000000081b00000|100%|HS|  |TAMS 0x0000000081b00000, 0x0000000081b00000| Complete 
|  27|0x0000000081b00000, 0x0000000081c00000, 0x0000000081c00000|100%|HC|  |TAMS 0x0000000081c00000, 0x0000000081c00000| Complete 
|  28|0x0000000081c00000, 0x0000000081d00000, 0x0000000081d00000|100%|HC|  |TAMS 0x0000000081d00000, 0x0000000081d00000| Complete 
|  29|0x0000000081d00000, 0x0000000081e00000, 0x0000000081e00000|100%|HS|  |TAMS 0x0000000081e00000, 0x0000000081e00000| Complete 
|  30|0x0000000081e00000, 0x0000000081f00000, 0x0000000081f00000|100%|HC|  |TAMS 0x0000000081f00000, 0x0000000081f00000| Complete 
|  31|0x0000000081f00000, 0x0000000082000000, 0x0000000082000000|100%| O|  |TAMS 0x0000000082000000, 0x0000000082000000| Untracked 
|  32|0x0000000082000000, 0x0000000082100000, 0x0000000082100000|100%| O|  |TAMS 0x0000000082100000, 0x0000000082100000| Untracked 
|  33|0x0000000082100000, 0x0000000082200000, 0x0000000082200000|100%| O|  |TAMS 0x0000000082200000, 0x0000000082200000| Untracked 
|  34|0x0000000082200000, 0x0000000082300000, 0x0000000082300000|100%| O|  |TAMS 0x0000000082300000, 0x0000000082300000| Untracked 
|  35|0x0000000082300000, 0x0000000082400000, 0x0000000082400000|100%| O|  |TAMS 0x0000000082400000, 0x0000000082400000| Untracked 
|  36|0x0000000082400000, 0x0000000082500000, 0x0000000082500000|100%| O|  |TAMS 0x0000000082500000, 0x0000000082500000| Untracked 
|  37|0x0000000082500000, 0x0000000082600000, 0x0000000082600000|100%| O|  |TAMS 0x0000000082600000, 0x0000000082600000| Untracked 
|  38|0x0000000082600000, 0x0000000082700000, 0x0000000082700000|100%| O|  |TAMS 0x0000000082700000, 0x0000000082700000| Untracked 
|  39|0x0000000082700000, 0x0000000082800000, 0x0000000082800000|100%| O|  |TAMS 0x0000000082800000, 0x0000000082800000| Untracked 
|  40|0x0000000082800000, 0x0000000082900000, 0x0000000082900000|100%| O|  |TAMS 0x0000000082900000, 0x0000000082900000| Untracked 
|  41|0x0000000082900000, 0x0000000082a00000, 0x0000000082a00000|100%| O|  |TAMS 0x0000000082a00000, 0x0000000082a00000| Untracked 
|  42|0x0000000082a00000, 0x0000000082b00000, 0x0000000082b00000|100%| O|  |TAMS 0x0000000082b00000, 0x0000000082b00000| Untracked 
|  43|0x0000000082b00000, 0x0000000082c00000, 0x0000000082c00000|100%| O|  |TAMS 0x0000000082c00000, 0x0000000082c00000| Untracked 
|  44|0x0000000082c00000, 0x0000000082d00000, 0x0000000082d00000|100%| O|  |TAMS 0x0000000082d00000, 0x0000000082d00000| Untracked 
|  45|0x0000000082d00000, 0x0000000082e00000, 0x0000000082e00000|100%| O|  |TAMS 0x0000000082d00000, 0x0000000082e00000| Untracked 
|  46|0x0000000082e00000, 0x0000000082f00000, 0x0000000082f00000|100%| O|  |TAMS 0x0000000082e00000, 0x0000000082f00000| Untracked 
|  47|0x0000000082f00000, 0x0000000083000000, 0x0000000083000000|100%| O|  |TAMS 0x0000000082f00000, 0x0000000083000000| Untracked 
|  48|0x0000000083000000, 0x0000000083100000, 0x0000000083100000|100%| O|  |TAMS 0x0000000083000000, 0x0000000083100000| Untracked 
|  49|0x0000000083100000, 0x0000000083200000, 0x0000000083200000|100%| O|  |TAMS 0x0000000083100000, 0x0000000083200000| Untracked 
|  50|0x0000000083200000, 0x0000000083300000, 0x0000000083300000|100%| O|  |TAMS 0x0000000083200000, 0x0000000083300000| Untracked 
|  51|0x0000000083300000, 0x0000000083400000, 0x0000000083400000|100%| O|  |TAMS 0x0000000083300000, 0x0000000083400000| Untracked 
|  52|0x0000000083400000, 0x0000000083500000, 0x0000000083500000|100%| O|  |TAMS 0x0000000083400000, 0x0000000083500000| Untracked 
|  53|0x0000000083500000, 0x0000000083600000, 0x0000000083600000|100%| O|  |TAMS 0x0000000083500000, 0x0000000083600000| Untracked 
|  54|0x0000000083600000, 0x0000000083700000, 0x0000000083700000|100%| O|  |TAMS 0x0000000083600000, 0x0000000083700000| Untracked 
|  55|0x0000000083700000, 0x0000000083800000, 0x0000000083800000|100%| O|  |TAMS 0x0000000083700000, 0x0000000083800000| Untracked 
|  56|0x0000000083800000, 0x0000000083900000, 0x0000000083900000|100%| O|  |TAMS 0x0000000083900000, 0x0000000083900000| Untracked 
|  57|0x0000000083900000, 0x0000000083a00000, 0x0000000083a00000|100%| O|  |TAMS 0x0000000083a00000, 0x0000000083a00000| Untracked 
|  58|0x0000000083a00000, 0x0000000083b00000, 0x0000000083b00000|100%| O|  |TAMS 0x0000000083b00000, 0x0000000083b00000| Untracked 
|  59|0x0000000083b00000, 0x0000000083c00000, 0x0000000083c00000|100%| O|  |TAMS 0x0000000083b7fc00, 0x0000000083c00000| Untracked 
|  60|0x0000000083c00000, 0x0000000083d00000, 0x0000000083d00000|100%| O|  |TAMS 0x0000000083c00000, 0x0000000083d00000| Untracked 
|  61|0x0000000083d00000, 0x0000000083e00000, 0x0000000083e00000|100%| O|  |TAMS 0x0000000083d00000, 0x0000000083e00000| Untracked 
|  62|0x0000000083e00000, 0x0000000083f00000, 0x0000000083f00000|100%| O|  |TAMS 0x0000000083e00000, 0x0000000083f00000| Untracked 
|  63|0x0000000083f00000, 0x0000000084000000, 0x0000000084000000|100%| O|  |TAMS 0x0000000083f00000, 0x0000000084000000| Untracked 
|  64|0x0000000084000000, 0x0000000084100000, 0x0000000084100000|100%| O|  |TAMS 0x0000000084000000, 0x0000000084100000| Untracked 
|  65|0x0000000084100000, 0x0000000084200000, 0x0000000084200000|100%| O|  |TAMS 0x0000000084100000, 0x0000000084200000| Untracked 
|  66|0x0000000084200000, 0x0000000084300000, 0x0000000084300000|100%| O|  |TAMS 0x0000000084200000, 0x0000000084300000| Untracked 
|  67|0x0000000084300000, 0x0000000084400000, 0x0000000084400000|100%| O|  |TAMS 0x0000000084300000, 0x0000000084400000| Untracked 
|  68|0x0000000084400000, 0x0000000084500000, 0x0000000084500000|100%| O|  |TAMS 0x0000000084400000, 0x0000000084500000| Untracked 
|  69|0x0000000084500000, 0x0000000084600000, 0x0000000084600000|100%| O|  |TAMS 0x0000000084500000, 0x0000000084600000| Untracked 
|  70|0x0000000084600000, 0x0000000084700000, 0x0000000084700000|100%| O|  |TAMS 0x0000000084600000, 0x0000000084700000| Untracked 
|  71|0x0000000084700000, 0x0000000084800000, 0x0000000084800000|100%| O|  |TAMS 0x0000000084700000, 0x0000000084800000| Untracked 
|  72|0x0000000084800000, 0x0000000084900000, 0x0000000084900000|100%| O|  |TAMS 0x0000000084800000, 0x0000000084900000| Untracked 
|  73|0x0000000084900000, 0x0000000084a00000, 0x0000000084a00000|100%| O|  |TAMS 0x0000000084900000, 0x0000000084a00000| Untracked 
|  74|0x0000000084a00000, 0x0000000084b00000, 0x0000000084b00000|100%| O|  |TAMS 0x0000000084a00000, 0x0000000084b00000| Untracked 
|  75|0x0000000084b00000, 0x0000000084c00000, 0x0000000084c00000|100%| O|  |TAMS 0x0000000084b00000, 0x0000000084c00000| Untracked 
|  76|0x0000000084c00000, 0x0000000084d00000, 0x0000000084d00000|100%| O|  |TAMS 0x0000000084c00000, 0x0000000084d00000| Untracked 
|  77|0x0000000084d00000, 0x0000000084e00000, 0x0000000084e00000|100%| O|  |TAMS 0x0000000084d00000, 0x0000000084e00000| Untracked 
|  78|0x0000000084e00000, 0x0000000084f00000, 0x0000000084f00000|100%| O|  |TAMS 0x0000000084e00000, 0x0000000084f00000| Untracked 
|  79|0x0000000084f00000, 0x0000000085000000, 0x0000000085000000|100%| O|  |TAMS 0x0000000084f00000, 0x0000000085000000| Untracked 
|  80|0x0000000085000000, 0x0000000085100000, 0x0000000085100000|100%| O|  |TAMS 0x0000000085000000, 0x0000000085100000| Untracked 
|  81|0x0000000085100000, 0x0000000085200000, 0x0000000085200000|100%| O|  |TAMS 0x0000000085100000, 0x0000000085200000| Untracked 
|  82|0x0000000085200000, 0x0000000085300000, 0x0000000085300000|100%| O|  |TAMS 0x0000000085200000, 0x0000000085300000| Untracked 
|  83|0x0000000085300000, 0x0000000085400000, 0x0000000085400000|100%| O|  |TAMS 0x0000000085300000, 0x0000000085400000| Untracked 
|  84|0x0000000085400000, 0x0000000085500000, 0x0000000085500000|100%| O|  |TAMS 0x0000000085400000, 0x0000000085500000| Untracked 
|  85|0x0000000085500000, 0x0000000085600000, 0x0000000085600000|100%| O|  |TAMS 0x0000000085500000, 0x0000000085600000| Untracked 
|  86|0x0000000085600000, 0x0000000085700000, 0x0000000085700000|100%| O|  |TAMS 0x0000000085600000, 0x0000000085700000| Untracked 
|  87|0x0000000085700000, 0x0000000085800000, 0x0000000085800000|100%| O|  |TAMS 0x0000000085700000, 0x0000000085800000| Untracked 
|  88|0x0000000085800000, 0x0000000085900000, 0x0000000085900000|100%| O|  |TAMS 0x0000000085800000, 0x0000000085900000| Untracked 
|  89|0x0000000085900000, 0x0000000085a00000, 0x0000000085a00000|100%| O|  |TAMS 0x0000000085900000, 0x0000000085a00000| Untracked 
|  90|0x0000000085a00000, 0x0000000085b00000, 0x0000000085b00000|100%| O|  |TAMS 0x0000000085a00000, 0x0000000085b00000| Untracked 
|  91|0x0000000085b00000, 0x0000000085c00000, 0x0000000085c00000|100%| O|  |TAMS 0x0000000085b00000, 0x0000000085c00000| Untracked 
|  92|0x0000000085c00000, 0x0000000085d00000, 0x0000000085d00000|100%| O|  |TAMS 0x0000000085c00000, 0x0000000085d00000| Untracked 
|  93|0x0000000085d00000, 0x0000000085e00000, 0x0000000085e00000|100%| O|  |TAMS 0x0000000085d00000, 0x0000000085e00000| Untracked 
|  94|0x0000000085e00000, 0x0000000085f00000, 0x0000000085f00000|100%|HS|  |TAMS 0x0000000085e00000, 0x0000000085f00000| Complete 
|  95|0x0000000085f00000, 0x0000000086000000, 0x0000000086000000|100%| O|  |TAMS 0x0000000085f00000, 0x0000000086000000| Untracked 
|  96|0x0000000086000000, 0x0000000086100000, 0x0000000086100000|100%| O|  |TAMS 0x0000000086000000, 0x0000000086100000| Untracked 
|  97|0x0000000086100000, 0x0000000086200000, 0x0000000086200000|100%| O|  |TAMS 0x0000000086100000, 0x0000000086200000| Untracked 
|  98|0x0000000086200000, 0x0000000086300000, 0x0000000086300000|100%| O|  |TAMS 0x0000000086200000, 0x0000000086300000| Untracked 
|  99|0x0000000086300000, 0x0000000086400000, 0x0000000086400000|100%| O|  |TAMS 0x0000000086300000, 0x0000000086400000| Untracked 
| 100|0x0000000086400000, 0x0000000086500000, 0x0000000086500000|100%|HS|  |TAMS 0x0000000086400000, 0x0000000086500000| Complete 
| 101|0x0000000086500000, 0x0000000086600000, 0x0000000086600000|100%|HC|  |TAMS 0x0000000086500000, 0x0000000086600000| Complete 
| 102|0x0000000086600000, 0x0000000086700000, 0x0000000086700000|100%|HC|  |TAMS 0x0000000086600000, 0x0000000086700000| Complete 
| 103|0x0000000086700000, 0x0000000086800000, 0x0000000086800000|100%|HS|  |TAMS 0x0000000086700000, 0x0000000086800000| Complete 
| 104|0x0000000086800000, 0x0000000086900000, 0x0000000086900000|100%|HC|  |TAMS 0x0000000086800000, 0x0000000086900000| Complete 
| 105|0x0000000086900000, 0x0000000086a00000, 0x0000000086a00000|100%| O|  |TAMS 0x0000000086900000, 0x0000000086a00000| Untracked 
| 106|0x0000000086a00000, 0x0000000086b00000, 0x0000000086b00000|100%| O|  |TAMS 0x0000000086a00000, 0x0000000086b00000| Untracked 
| 107|0x0000000086b00000, 0x0000000086c00000, 0x0000000086c00000|100%| O|  |TAMS 0x0000000086b00000, 0x0000000086c00000| Untracked 
| 108|0x0000000086c00000, 0x0000000086d00000, 0x0000000086d00000|100%| O|  |TAMS 0x0000000086c00000, 0x0000000086d00000| Untracked 
| 109|0x0000000086d00000, 0x0000000086e00000, 0x0000000086e00000|100%| O|  |TAMS 0x0000000086d00000, 0x0000000086e00000| Untracked 
| 110|0x0000000086e00000, 0x0000000086f00000, 0x0000000086f00000|100%| O|  |TAMS 0x0000000086e00000, 0x0000000086f00000| Untracked 
| 111|0x0000000086f00000, 0x0000000087000000, 0x0000000087000000|100%| O|  |TAMS 0x0000000086f00000, 0x0000000087000000| Untracked 
| 112|0x0000000087000000, 0x0000000087100000, 0x0000000087100000|100%| O|  |TAMS 0x0000000087000000, 0x0000000087100000| Untracked 
| 113|0x0000000087100000, 0x0000000087200000, 0x0000000087200000|100%| O|  |TAMS 0x0000000087100000, 0x0000000087200000| Untracked 
| 114|0x0000000087200000, 0x0000000087300000, 0x0000000087300000|100%| O|  |TAMS 0x0000000087200000, 0x0000000087300000| Untracked 
| 115|0x0000000087300000, 0x0000000087400000, 0x0000000087400000|100%| O|  |TAMS 0x0000000087300000, 0x0000000087400000| Untracked 
| 116|0x0000000087400000, 0x0000000087500000, 0x0000000087500000|100%| O|  |TAMS 0x0000000087400000, 0x0000000087500000| Untracked 
| 117|0x0000000087500000, 0x0000000087600000, 0x0000000087600000|100%| O|  |TAMS 0x0000000087500000, 0x0000000087600000| Untracked 
| 118|0x0000000087600000, 0x0000000087700000, 0x0000000087700000|100%| O|  |TAMS 0x0000000087600000, 0x0000000087700000| Untracked 
| 119|0x0000000087700000, 0x0000000087800000, 0x0000000087800000|100%| O|  |TAMS 0x0000000087700000, 0x0000000087800000| Untracked 
| 120|0x0000000087800000, 0x0000000087900000, 0x0000000087900000|100%| O|  |TAMS 0x0000000087800000, 0x0000000087900000| Untracked 
| 121|0x0000000087900000, 0x0000000087900000, 0x0000000087a00000|  0%| F|  |TAMS 0x0000000087900000, 0x0000000087900000| Untracked 
| 122|0x0000000087a00000, 0x0000000087a00000, 0x0000000087b00000|  0%| F|  |TAMS 0x0000000087a00000, 0x0000000087a00000| Untracked 
| 123|0x0000000087b00000, 0x0000000087b00000, 0x0000000087c00000|  0%| F|  |TAMS 0x0000000087b00000, 0x0000000087b00000| Untracked 
| 124|0x0000000087c00000, 0x0000000087c00000, 0x0000000087d00000|  0%| F|  |TAMS 0x0000000087c00000, 0x0000000087c00000| Untracked 
| 125|0x0000000087d00000, 0x0000000087d00000, 0x0000000087e00000|  0%| F|  |TAMS 0x0000000087d00000, 0x0000000087d00000| Untracked 
| 126|0x0000000087e00000, 0x0000000087e00000, 0x0000000087f00000|  0%| F|  |TAMS 0x0000000087e00000, 0x0000000087e00000| Untracked 
| 127|0x0000000087f00000, 0x0000000087f00000, 0x0000000088000000|  0%| F|  |TAMS 0x0000000087f00000, 0x0000000087f00000| Untracked 
| 128|0x0000000088000000, 0x0000000088000000, 0x0000000088100000|  0%| F|  |TAMS 0x0000000088000000, 0x0000000088000000| Untracked 
| 129|0x0000000088100000, 0x0000000088100000, 0x0000000088200000|  0%| F|  |TAMS 0x0000000088100000, 0x0000000088100000| Untracked 
| 130|0x0000000088200000, 0x0000000088200000, 0x0000000088300000|  0%| F|  |TAMS 0x0000000088200000, 0x0000000088200000| Untracked 
| 131|0x0000000088300000, 0x0000000088300000, 0x0000000088400000|  0%| F|  |TAMS 0x0000000088300000, 0x0000000088300000| Untracked 
| 132|0x0000000088400000, 0x0000000088400000, 0x0000000088500000|  0%| F|  |TAMS 0x0000000088400000, 0x0000000088400000| Untracked 
| 133|0x0000000088500000, 0x0000000088500000, 0x0000000088600000|  0%| F|  |TAMS 0x0000000088500000, 0x0000000088500000| Untracked 
| 134|0x0000000088600000, 0x0000000088600000, 0x0000000088700000|  0%| F|  |TAMS 0x0000000088600000, 0x0000000088600000| Untracked 
| 135|0x0000000088700000, 0x0000000088700000, 0x0000000088800000|  0%| F|  |TAMS 0x0000000088700000, 0x0000000088700000| Untracked 
| 136|0x0000000088800000, 0x0000000088800000, 0x0000000088900000|  0%| F|  |TAMS 0x0000000088800000, 0x0000000088800000| Untracked 
| 137|0x0000000088900000, 0x0000000088900000, 0x0000000088a00000|  0%| F|  |TAMS 0x0000000088900000, 0x0000000088900000| Untracked 
| 138|0x0000000088a00000, 0x0000000088a00000, 0x0000000088b00000|  0%| F|  |TAMS 0x0000000088a00000, 0x0000000088a00000| Untracked 
| 139|0x0000000088b00000, 0x0000000088b00000, 0x0000000088c00000|  0%| F|  |TAMS 0x0000000088b00000, 0x0000000088b00000| Untracked 
| 140|0x0000000088c00000, 0x0000000088c00000, 0x0000000088d00000|  0%| F|  |TAMS 0x0000000088c00000, 0x0000000088c00000| Untracked 
| 141|0x0000000088d00000, 0x0000000088d00000, 0x0000000088e00000|  0%| F|  |TAMS 0x0000000088d00000, 0x0000000088d00000| Untracked 
| 142|0x0000000088e00000, 0x0000000088e00000, 0x0000000088f00000|  0%| F|  |TAMS 0x0000000088e00000, 0x0000000088e00000| Untracked 
| 143|0x0000000088f00000, 0x0000000088f00000, 0x0000000089000000|  0%| F|  |TAMS 0x0000000088f00000, 0x0000000088f00000| Untracked 
| 144|0x0000000089000000, 0x0000000089000000, 0x0000000089100000|  0%| F|  |TAMS 0x0000000089000000, 0x0000000089000000| Untracked 
| 145|0x0000000089100000, 0x0000000089100000, 0x0000000089200000|  0%| F|  |TAMS 0x0000000089100000, 0x0000000089100000| Untracked 
| 146|0x0000000089200000, 0x0000000089200000, 0x0000000089300000|  0%| F|  |TAMS 0x0000000089200000, 0x0000000089200000| Untracked 
| 147|0x0000000089300000, 0x0000000089300000, 0x0000000089400000|  0%| F|  |TAMS 0x0000000089300000, 0x0000000089300000| Untracked 
| 148|0x0000000089400000, 0x0000000089400000, 0x0000000089500000|  0%| F|  |TAMS 0x0000000089400000, 0x0000000089400000| Untracked 
| 149|0x0000000089500000, 0x0000000089500000, 0x0000000089600000|  0%| F|  |TAMS 0x0000000089500000, 0x0000000089500000| Untracked 
| 150|0x0000000089600000, 0x0000000089600000, 0x0000000089700000|  0%| F|  |TAMS 0x0000000089600000, 0x0000000089600000| Untracked 
| 151|0x0000000089700000, 0x0000000089700000, 0x0000000089800000|  0%| F|  |TAMS 0x0000000089700000, 0x0000000089700000| Untracked 
| 152|0x0000000089800000, 0x0000000089800000, 0x0000000089900000|  0%| F|  |TAMS 0x0000000089800000, 0x0000000089800000| Untracked 
| 153|0x0000000089900000, 0x0000000089900000, 0x0000000089a00000|  0%| F|  |TAMS 0x0000000089900000, 0x0000000089900000| Untracked 
| 154|0x0000000089a00000, 0x0000000089a00000, 0x0000000089b00000|  0%| F|  |TAMS 0x0000000089a00000, 0x0000000089a00000| Untracked 
| 155|0x0000000089b00000, 0x0000000089b00000, 0x0000000089c00000|  0%| F|  |TAMS 0x0000000089b00000, 0x0000000089b00000| Untracked 
| 156|0x0000000089c00000, 0x0000000089c00000, 0x0000000089d00000|  0%| F|  |TAMS 0x0000000089c00000, 0x0000000089c00000| Untracked 
| 157|0x0000000089d00000, 0x0000000089d00000, 0x0000000089e00000|  0%| F|  |TAMS 0x0000000089d00000, 0x0000000089d00000| Untracked 
| 158|0x0000000089e00000, 0x0000000089e00000, 0x0000000089f00000|  0%| F|  |TAMS 0x0000000089e00000, 0x0000000089e00000| Untracked 
| 159|0x0000000089f00000, 0x0000000089f00000, 0x000000008a000000|  0%| F|  |TAMS 0x0000000089f00000, 0x0000000089f00000| Untracked 
| 160|0x000000008a000000, 0x000000008a000000, 0x000000008a100000|  0%| F|  |TAMS 0x000000008a000000, 0x000000008a000000| Untracked 
| 161|0x000000008a100000, 0x000000008a100000, 0x000000008a200000|  0%| F|  |TAMS 0x000000008a100000, 0x000000008a100000| Untracked 
| 162|0x000000008a200000, 0x000000008a200000, 0x000000008a300000|  0%| F|  |TAMS 0x000000008a200000, 0x000000008a200000| Untracked 
| 163|0x000000008a300000, 0x000000008a300000, 0x000000008a400000|  0%| F|  |TAMS 0x000000008a300000, 0x000000008a300000| Untracked 
| 164|0x000000008a400000, 0x000000008a400000, 0x000000008a500000|  0%| F|  |TAMS 0x000000008a400000, 0x000000008a400000| Untracked 
| 165|0x000000008a500000, 0x000000008a500000, 0x000000008a600000|  0%| F|  |TAMS 0x000000008a500000, 0x000000008a500000| Untracked 
| 166|0x000000008a600000, 0x000000008a600000, 0x000000008a700000|  0%| F|  |TAMS 0x000000008a600000, 0x000000008a600000| Untracked 
| 167|0x000000008a700000, 0x000000008a700000, 0x000000008a800000|  0%| F|  |TAMS 0x000000008a700000, 0x000000008a700000| Untracked 
| 168|0x000000008a800000, 0x000000008a800000, 0x000000008a900000|  0%| F|  |TAMS 0x000000008a800000, 0x000000008a800000| Untracked 
| 169|0x000000008a900000, 0x000000008a900000, 0x000000008aa00000|  0%| F|  |TAMS 0x000000008a900000, 0x000000008a900000| Untracked 
| 170|0x000000008aa00000, 0x000000008aa00000, 0x000000008ab00000|  0%| F|  |TAMS 0x000000008aa00000, 0x000000008aa00000| Untracked 
| 171|0x000000008ab00000, 0x000000008ab00000, 0x000000008ac00000|  0%| F|  |TAMS 0x000000008ab00000, 0x000000008ab00000| Untracked 
| 172|0x000000008ac00000, 0x000000008ac00000, 0x000000008ad00000|  0%| F|  |TAMS 0x000000008ac00000, 0x000000008ac00000| Untracked 
| 173|0x000000008ad00000, 0x000000008ad00000, 0x000000008ae00000|  0%| F|  |TAMS 0x000000008ad00000, 0x000000008ad00000| Untracked 
| 174|0x000000008ae00000, 0x000000008ae00000, 0x000000008af00000|  0%| F|  |TAMS 0x000000008ae00000, 0x000000008ae00000| Untracked 
| 175|0x000000008af00000, 0x000000008af00000, 0x000000008b000000|  0%| F|  |TAMS 0x000000008af00000, 0x000000008af00000| Untracked 
| 176|0x000000008b000000, 0x000000008b000000, 0x000000008b100000|  0%| F|  |TAMS 0x000000008b000000, 0x000000008b000000| Untracked 
| 177|0x000000008b100000, 0x000000008b100000, 0x000000008b200000|  0%| F|  |TAMS 0x000000008b100000, 0x000000008b100000| Untracked 
| 178|0x000000008b200000, 0x000000008b200000, 0x000000008b300000|  0%| F|  |TAMS 0x000000008b200000, 0x000000008b200000| Untracked 
| 179|0x000000008b300000, 0x000000008b300000, 0x000000008b400000|  0%| F|  |TAMS 0x000000008b300000, 0x000000008b300000| Untracked 
| 180|0x000000008b400000, 0x000000008b400000, 0x000000008b500000|  0%| F|  |TAMS 0x000000008b400000, 0x000000008b400000| Untracked 
| 181|0x000000008b500000, 0x000000008b500000, 0x000000008b600000|  0%| F|  |TAMS 0x000000008b500000, 0x000000008b500000| Untracked 
| 182|0x000000008b600000, 0x000000008b600000, 0x000000008b700000|  0%| F|  |TAMS 0x000000008b600000, 0x000000008b600000| Untracked 
| 183|0x000000008b700000, 0x000000008b700000, 0x000000008b800000|  0%| F|  |TAMS 0x000000008b700000, 0x000000008b700000| Untracked 
| 184|0x000000008b800000, 0x000000008b800000, 0x000000008b900000|  0%| F|  |TAMS 0x000000008b800000, 0x000000008b800000| Untracked 
| 185|0x000000008b900000, 0x000000008b900000, 0x000000008ba00000|  0%| F|  |TAMS 0x000000008b900000, 0x000000008b900000| Untracked 
| 186|0x000000008ba00000, 0x000000008ba00000, 0x000000008bb00000|  0%| F|  |TAMS 0x000000008ba00000, 0x000000008ba00000| Untracked 
| 187|0x000000008bb00000, 0x000000008bb00000, 0x000000008bc00000|  0%| F|  |TAMS 0x000000008bb00000, 0x000000008bb00000| Untracked 
| 188|0x000000008bc00000, 0x000000008bc00000, 0x000000008bd00000|  0%| F|  |TAMS 0x000000008bc00000, 0x000000008bc00000| Untracked 
| 189|0x000000008bd00000, 0x000000008bd00000, 0x000000008be00000|  0%| F|  |TAMS 0x000000008bd00000, 0x000000008bd00000| Untracked 
| 190|0x000000008be00000, 0x000000008be00000, 0x000000008bf00000|  0%| F|  |TAMS 0x000000008be00000, 0x000000008be00000| Untracked 
| 191|0x000000008bf00000, 0x000000008bf00000, 0x000000008c000000|  0%| F|  |TAMS 0x000000008bf00000, 0x000000008bf00000| Untracked 
| 192|0x000000008c000000, 0x000000008c000000, 0x000000008c100000|  0%| F|  |TAMS 0x000000008c000000, 0x000000008c000000| Untracked 
| 193|0x000000008c100000, 0x000000008c100000, 0x000000008c200000|  0%| F|  |TAMS 0x000000008c100000, 0x000000008c100000| Untracked 
| 194|0x000000008c200000, 0x000000008c200000, 0x000000008c300000|  0%| F|  |TAMS 0x000000008c200000, 0x000000008c200000| Untracked 
| 195|0x000000008c300000, 0x000000008c300000, 0x000000008c400000|  0%| F|  |TAMS 0x000000008c300000, 0x000000008c300000| Untracked 
| 196|0x000000008c400000, 0x000000008c400000, 0x000000008c500000|  0%| F|  |TAMS 0x000000008c400000, 0x000000008c400000| Untracked 
| 197|0x000000008c500000, 0x000000008c500000, 0x000000008c600000|  0%| F|  |TAMS 0x000000008c500000, 0x000000008c500000| Untracked 
| 198|0x000000008c600000, 0x000000008c600000, 0x000000008c700000|  0%| F|  |TAMS 0x000000008c600000, 0x000000008c600000| Untracked 
| 199|0x000000008c700000, 0x000000008c700000, 0x000000008c800000|  0%| F|  |TAMS 0x000000008c700000, 0x000000008c700000| Untracked 
| 200|0x000000008c800000, 0x000000008c800000, 0x000000008c900000|  0%| F|  |TAMS 0x000000008c800000, 0x000000008c800000| Untracked 
| 201|0x000000008c900000, 0x000000008c900000, 0x000000008ca00000|  0%| F|  |TAMS 0x000000008c900000, 0x000000008c900000| Untracked 
| 202|0x000000008ca00000, 0x000000008ca00000, 0x000000008cb00000|  0%| F|  |TAMS 0x000000008ca00000, 0x000000008ca00000| Untracked 
| 203|0x000000008cb00000, 0x000000008cb00000, 0x000000008cc00000|  0%| F|  |TAMS 0x000000008cb00000, 0x000000008cb00000| Untracked 
| 204|0x000000008cc00000, 0x000000008cc00000, 0x000000008cd00000|  0%| F|  |TAMS 0x000000008cc00000, 0x000000008cc00000| Untracked 
| 205|0x000000008cd00000, 0x000000008cd00000, 0x000000008ce00000|  0%| F|  |TAMS 0x000000008cd00000, 0x000000008cd00000| Untracked 
| 206|0x000000008ce00000, 0x000000008ce00000, 0x000000008cf00000|  0%| F|  |TAMS 0x000000008ce00000, 0x000000008ce00000| Untracked 
| 207|0x000000008cf00000, 0x000000008cf00000, 0x000000008d000000|  0%| F|  |TAMS 0x000000008cf00000, 0x000000008cf00000| Untracked 
| 208|0x000000008d000000, 0x000000008d100000, 0x000000008d100000|100%| S|CS|TAMS 0x000000008d000000, 0x000000008d000000| Complete 
| 209|0x000000008d100000, 0x000000008d200000, 0x000000008d200000|100%| S|CS|TAMS 0x000000008d100000, 0x000000008d100000| Complete 
| 210|0x000000008d200000, 0x000000008d300000, 0x000000008d300000|100%| S|CS|TAMS 0x000000008d200000, 0x000000008d200000| Complete 
| 211|0x000000008d300000, 0x000000008d400000, 0x000000008d400000|100%| S|CS|TAMS 0x000000008d300000, 0x000000008d300000| Complete 
| 212|0x000000008d400000, 0x000000008d500000, 0x000000008d500000|100%| S|CS|TAMS 0x000000008d400000, 0x000000008d400000| Complete 
| 213|0x000000008d500000, 0x000000008d600000, 0x000000008d600000|100%| S|CS|TAMS 0x000000008d500000, 0x000000008d500000| Complete 
| 214|0x000000008d600000, 0x000000008d600000, 0x000000008d700000|  0%| F|  |TAMS 0x000000008d600000, 0x000000008d600000| Untracked 
| 215|0x000000008d700000, 0x000000008d700000, 0x000000008d800000|  0%| F|  |TAMS 0x000000008d700000, 0x000000008d700000| Untracked 
| 216|0x000000008d800000, 0x000000008d800000, 0x000000008d900000|  0%| F|  |TAMS 0x000000008d800000, 0x000000008d800000| Untracked 
| 217|0x000000008d900000, 0x000000008d900000, 0x000000008da00000|  0%| F|  |TAMS 0x000000008d900000, 0x000000008d900000| Untracked 
| 218|0x000000008da00000, 0x000000008da00000, 0x000000008db00000|  0%| F|  |TAMS 0x000000008da00000, 0x000000008da00000| Untracked 
| 219|0x000000008db00000, 0x000000008db00000, 0x000000008dc00000|  0%| F|  |TAMS 0x000000008db00000, 0x000000008db00000| Untracked 
| 220|0x000000008dc00000, 0x000000008dc00000, 0x000000008dd00000|  0%| F|  |TAMS 0x000000008dc00000, 0x000000008dc00000| Untracked 
| 221|0x000000008dd00000, 0x000000008dd00000, 0x000000008de00000|  0%| F|  |TAMS 0x000000008dd00000, 0x000000008dd00000| Untracked 
| 222|0x000000008de00000, 0x000000008de00000, 0x000000008df00000|  0%| F|  |TAMS 0x000000008de00000, 0x000000008de00000| Untracked 
| 223|0x000000008df00000, 0x000000008df00000, 0x000000008e000000|  0%| F|  |TAMS 0x000000008df00000, 0x000000008df00000| Untracked 
| 224|0x000000008e000000, 0x000000008e000000, 0x000000008e100000|  0%| F|  |TAMS 0x000000008e000000, 0x000000008e000000| Untracked 
| 225|0x000000008e100000, 0x000000008e100000, 0x000000008e200000|  0%| F|  |TAMS 0x000000008e100000, 0x000000008e100000| Untracked 
| 226|0x000000008e200000, 0x000000008e200000, 0x000000008e300000|  0%| F|  |TAMS 0x000000008e200000, 0x000000008e200000| Untracked 
| 227|0x000000008e300000, 0x000000008e300000, 0x000000008e400000|  0%| F|  |TAMS 0x000000008e300000, 0x000000008e300000| Untracked 
| 228|0x000000008e400000, 0x000000008e400000, 0x000000008e500000|  0%| F|  |TAMS 0x000000008e400000, 0x000000008e400000| Untracked 
| 229|0x000000008e500000, 0x000000008e500000, 0x000000008e600000|  0%| F|  |TAMS 0x000000008e500000, 0x000000008e500000| Untracked 
| 230|0x000000008e600000, 0x000000008e600000, 0x000000008e700000|  0%| F|  |TAMS 0x000000008e600000, 0x000000008e600000| Untracked 
| 231|0x000000008e700000, 0x000000008e700000, 0x000000008e800000|  0%| F|  |TAMS 0x000000008e700000, 0x000000008e700000| Untracked 
| 232|0x000000008e800000, 0x000000008e800000, 0x000000008e900000|  0%| F|  |TAMS 0x000000008e800000, 0x000000008e800000| Untracked 
| 233|0x000000008e900000, 0x000000008e900000, 0x000000008ea00000|  0%| F|  |TAMS 0x000000008e900000, 0x000000008e900000| Untracked 
| 234|0x000000008ea00000, 0x000000008ea00000, 0x000000008eb00000|  0%| F|  |TAMS 0x000000008ea00000, 0x000000008ea00000| Untracked 
| 235|0x000000008eb00000, 0x000000008ebd1160, 0x000000008ec00000| 81%| E|  |TAMS 0x000000008eb00000, 0x000000008eb00000| Complete 
| 236|0x000000008ec00000, 0x000000008ed00000, 0x000000008ed00000|100%| E|CS|TAMS 0x000000008ec00000, 0x000000008ec00000| Complete 
| 237|0x000000008ed00000, 0x000000008ee00000, 0x000000008ee00000|100%| E|CS|TAMS 0x000000008ed00000, 0x000000008ed00000| Complete 
| 238|0x000000008ee00000, 0x000000008ef00000, 0x000000008ef00000|100%| E|CS|TAMS 0x000000008ee00000, 0x000000008ee00000| Complete 
| 239|0x000000008ef00000, 0x000000008f000000, 0x000000008f000000|100%| E|CS|TAMS 0x000000008ef00000, 0x000000008ef00000| Complete 
| 240|0x000000008f000000, 0x000000008f100000, 0x000000008f100000|100%| E|CS|TAMS 0x000000008f000000, 0x000000008f000000| Complete 
| 241|0x000000008f100000, 0x000000008f200000, 0x000000008f200000|100%| E|CS|TAMS 0x000000008f100000, 0x000000008f100000| Complete 
| 242|0x000000008f200000, 0x000000008f300000, 0x000000008f300000|100%| E|CS|TAMS 0x000000008f200000, 0x000000008f200000| Complete 

Card table byte_map: [0x000001e87b550000,0x000001e87b950000] _byte_map_base: 0x000001e87b150000

Marking Bits (Prev, Next): (CMBitMap*) 0x000001e87584b278, (CMBitMap*) 0x000001e87584b2b0
 Prev Bits: [0x000001e87bd50000, 0x000001e87dd50000)
 Next Bits: [0x000001e87dd50000, 0x000001e87fd50000)

Polling page: 0x000001e8758e0000

Metaspace:

Usage:
  Non-class:     94.58 MB capacity,    92.78 MB ( 98%) used,     1.48 MB (  2%) free+waste,   322.63 KB ( <1%) overhead. 
      Class:     14.34 MB capacity,    13.31 MB ( 93%) used,   911.24 KB (  6%) free+waste,   143.31 KB ( <1%) overhead. 
       Both:    108.92 MB capacity,   106.09 MB ( 97%) used,     2.37 MB (  2%) free+waste,   465.94 KB ( <1%) overhead. 

Virtual space:
  Non-class space:       96.00 MB reserved,      94.61 MB ( 99%) committed 
      Class space:        1.00 GB reserved,      14.45 MB (  1%) committed 
             Both:        1.09 GB reserved,     109.06 MB ( 10%) committed 

Chunk freelists:
   Non-Class:  0 bytes
       Class:  7.00 KB
        Both:  7.00 KB

MaxMetaspaceSize: 17179869184.00 GB
CompressedClassSpaceSize: 1.00 GB
Initial GC threshold: 20.80 MB
Current GC threshold: 109.14 MB
CDS: off

CodeHeap 'non-profiled nmethods': size=120064Kb used=8426Kb max_used=8426Kb free=111637Kb
 bounds [0x000001e807ac0000, 0x000001e808300000, 0x000001e80f000000]
CodeHeap 'profiled nmethods': size=120000Kb used=29273Kb max_used=29273Kb free=90726Kb
 bounds [0x000001e800590000, 0x000001e802230000, 0x000001e807ac0000]
CodeHeap 'non-nmethods': size=5696Kb used=2425Kb max_used=2476Kb free=3270Kb
 bounds [0x000001e800000000, 0x000001e800280000, 0x000001e800590000]
 total_blobs=14352 nmethods=13392 adapters=872
 compilation: enabled
              stopped_count=0, restarted_count=0
 full_count=0

Compilation events (20 events):
Event: 34.732 Thread 0x000001e811c30000 nmethod 13548 0x000001e802209f10 code [0x000001e80220a0c0, 0x000001e80220a288]
Event: 34.733 Thread 0x000001e811c30000 13549       3       com.sun.tools.javac.comp.Annotate$AnnotationTypeMetadata::getAnnotationElements (122 bytes)
Event: 34.733 Thread 0x000001e8136b6000 nmethod 13498 0x000001e8082ed490 code [0x000001e8082ed740, 0x000001e8082ee7a0]
Event: 34.733 Thread 0x000001e8136b6000 13537       4       com.sun.tools.javac.code.Kinds$KindSelector::contains (18 bytes)
Event: 34.734 Thread 0x000001e8136b6000 nmethod 13537 0x000001e8082ef010 code [0x000001e8082ef1a0, 0x000001e8082ef218]
Event: 34.734 Thread 0x000001e8136b6000 13499       4       com.sun.tools.javac.tree.JCTree$JCFieldAccess::getTag (4 bytes)
Event: 34.734 Thread 0x000001e811c30000 nmethod 13549 0x000001e80220a310 code [0x000001e80220a600, 0x000001e80220b588]
Event: 34.735 Thread 0x000001e8136b6000 nmethod 13499 0x000001e8082ef310 code [0x000001e8082ef4a0, 0x000001e8082ef518]
Event: 34.740 Thread 0x000001e811c30000 13550       3       java.io.ObjectOutputStream$BlockDataOutputStream::drain (45 bytes)
Event: 34.740 Thread 0x000001e811c30000 nmethod 13550 0x000001e80220bb10 code [0x000001e80220bce0, 0x000001e80220bf98]
Event: 34.741 Thread 0x000001e8136b6000 13551  s    4       java.io.BufferedOutputStream::write (67 bytes)
Event: 34.744 Thread 0x000001e811c30000 13554   !   3       java.io.ObjectOutputStream::writeObject (38 bytes)
Event: 34.744 Thread 0x000001e811c30000 nmethod 13554 0x000001e80220c090 code [0x000001e80220c260, 0x000001e80220c578]
Event: 34.745 Thread 0x000001e811c30000 13555       3       java.io.ObjectOutputStream$BlockDataOutputStream::writeShort (47 bytes)
Event: 34.745 Thread 0x000001e811c30000 nmethod 13555 0x000001e80220c690 code [0x000001e80220c880, 0x000001e80220cd58]
Event: 34.750 Thread 0x000001e8136b6000 nmethod 13551 0x000001e8082ef610 code [0x000001e8082ef7c0, 0x000001e8082efda8]
Event: 34.750 Thread 0x000001e8136b6000 13552       4       java.io.ObjectOutputStream$HandleTable::insert (39 bytes)
Event: 34.760 Thread 0x000001e8136b6000 nmethod 13552 0x000001e8082f0090 code [0x000001e8082f0240, 0x000001e8082f0528]
Event: 34.760 Thread 0x000001e8136b6000 13553       4       java.util.LinkedHashMap$LinkedKeySet::iterator (12 bytes)
Event: 34.765 Thread 0x000001e8136b6000 nmethod 13553 0x000001e8082f0710 code [0x000001e8082f08c0, 0x000001e8082f0a78]

GC Heap History (20 events):
Event: 18.840 GC heap before
{Heap before GC invocations=20 (full 0):
 garbage-first heap   total 172032K, used 136547K [0x0000000080000000, 0x0000000100000000)
  region size 1024K, 74 young (75776K), 10 survivors (10240K)
 Metaspace       used 83437K, capacity 85253K, committed 85328K, reserved 1124352K
  class space    used 10757K, capacity 11437K, committed 11468K, reserved 1048576K
}
Event: 18.869 GC heap after
{Heap after GC invocations=21 (full 0):
 garbage-first heap   total 206848K, used 75181K [0x0000000080000000, 0x0000000100000000)
  region size 1024K, 9 young (9216K), 9 survivors (9216K)
 Metaspace       used 83437K, capacity 85253K, committed 85328K, reserved 1124352K
  class space    used 10757K, capacity 11437K, committed 11468K, reserved 1048576K
}
Event: 21.398 GC heap before
{Heap before GC invocations=21 (full 0):
 garbage-first heap   total 206848K, used 155053K [0x0000000080000000, 0x0000000100000000)
  region size 1024K, 88 young (90112K), 9 survivors (9216K)
 Metaspace       used 86972K, capacity 89169K, committed 89296K, reserved 1126400K
  class space    used 11242K, capacity 12061K, committed 12108K, reserved 1048576K
}
Event: 21.429 GC heap after
{Heap after GC invocations=22 (full 0):
 garbage-first heap   total 206848K, used 82131K [0x0000000080000000, 0x0000000100000000)
  region size 1024K, 11 young (11264K), 11 survivors (11264K)
 Metaspace       used 86972K, capacity 89169K, committed 89296K, reserved 1126400K
  class space    used 11242K, capacity 12061K, committed 12108K, reserved 1048576K
}
Event: 22.682 GC heap before
{Heap before GC invocations=22 (full 0):
 garbage-first heap   total 206848K, used 158931K [0x0000000080000000, 0x0000000100000000)
  region size 1024K, 87 young (89088K), 11 survivors (11264K)
 Metaspace       used 87469K, capacity 89621K, committed 89936K, reserved 1126400K
  class space    used 11261K, capacity 12106K, committed 12236K, reserved 1048576K
}
Event: 22.710 GC heap after
{Heap after GC invocations=23 (full 0):
 garbage-first heap   total 206848K, used 88191K [0x0000000080000000, 0x0000000100000000)
  region size 1024K, 7 young (7168K), 7 survivors (7168K)
 Metaspace       used 87469K, capacity 89621K, committed 89936K, reserved 1126400K
  class space    used 11261K, capacity 12106K, committed 12236K, reserved 1048576K
}
Event: 23.758 GC heap before
{Heap before GC invocations=23 (full 0):
 garbage-first heap   total 206848K, used 162943K [0x0000000080000000, 0x0000000100000000)
  region size 1024K, 81 young (82944K), 7 survivors (7168K)
 Metaspace       used 87898K, capacity 90195K, committed 90448K, reserved 1128448K
  class space    used 11299K, capacity 12129K, committed 12236K, reserved 1048576K
}
Event: 23.779 GC heap after
{Heap after GC invocations=24 (full 0):
 garbage-first heap   total 206848K, used 92117K [0x0000000080000000, 0x0000000100000000)
  region size 1024K, 11 young (11264K), 11 survivors (11264K)
 Metaspace       used 87898K, capacity 90195K, committed 90448K, reserved 1128448K
  class space    used 11299K, capacity 12129K, committed 12236K, reserved 1048576K
}
Event: 24.721 GC heap before
{Heap before GC invocations=24 (full 0):
 garbage-first heap   total 206848K, used 164821K [0x0000000080000000, 0x0000000100000000)
  region size 1024K, 83 young (84992K), 11 survivors (11264K)
 Metaspace       used 89338K, capacity 91593K, committed 91728K, reserved 1128448K
  class space    used 11509K, capacity 12357K, committed 12492K, reserved 1048576K
}
Event: 24.753 GC heap after
{Heap after GC invocations=25 (full 0):
 garbage-first heap   total 206848K, used 96092K [0x0000000080000000, 0x0000000100000000)
  region size 1024K, 9 young (9216K), 9 survivors (9216K)
 Metaspace       used 89338K, capacity 91593K, committed 91728K, reserved 1128448K
  class space    used 11509K, capacity 12357K, committed 12492K, reserved 1048576K
}
Event: 25.920 GC heap before
{Heap before GC invocations=25 (full 0):
 garbage-first heap   total 206848K, used 168796K [0x0000000080000000, 0x0000000100000000)
  region size 1024K, 80 young (81920K), 9 survivors (9216K)
 Metaspace       used 94080K, capacity 96354K, committed 96592K, reserved 1132544K
  class space    used 12074K, capacity 12918K, committed 13004K, reserved 1048576K
}
Event: 25.945 GC heap after
{Heap after GC invocations=26 (full 0):
 garbage-first heap   total 248832K, used 100196K [0x0000000080000000, 0x0000000100000000)
  region size 1024K, 8 young (8192K), 8 survivors (8192K)
 Metaspace       used 94080K, capacity 96354K, committed 96592K, reserved 1132544K
  class space    used 12074K, capacity 12918K, committed 13004K, reserved 1048576K
}
Event: 27.627 GC heap before
{Heap before GC invocations=26 (full 0):
 garbage-first heap   total 248832K, used 191332K [0x0000000080000000, 0x0000000100000000)
  region size 1024K, 98 young (100352K), 8 survivors (8192K)
 Metaspace       used 96747K, capacity 99282K, committed 99408K, reserved 1134592K
  class space    used 12461K, capacity 13427K, committed 13516K, reserved 1048576K
}
Event: 27.651 GC heap after
{Heap after GC invocations=27 (full 0):
 garbage-first heap   total 248832K, used 104956K [0x0000000080000000, 0x0000000100000000)
  region size 1024K, 9 young (9216K), 9 survivors (9216K)
 Metaspace       used 96747K, capacity 99282K, committed 99408K, reserved 1134592K
  class space    used 12461K, capacity 13427K, committed 13516K, reserved 1048576K
}
Event: 30.461 GC heap before
{Heap before GC invocations=27 (full 0):
 garbage-first heap   total 248832K, used 200188K [0x0000000080000000, 0x0000000100000000)
  region size 1024K, 101 young (103424K), 9 survivors (9216K)
 Metaspace       used 97348K, capacity 99898K, committed 100176K, reserved 1136640K
  class space    used 12528K, capacity 13455K, committed 13516K, reserved 1048576K
}
Event: 30.490 GC heap after
{Heap after GC invocations=28 (full 0):
 garbage-first heap   total 248832K, used 108886K [0x0000000080000000, 0x0000000100000000)
  region size 1024K, 9 young (9216K), 9 survivors (9216K)
 Metaspace       used 97348K, capacity 99898K, committed 100176K, reserved 1136640K
  class space    used 12528K, capacity 13455K, committed 13516K, reserved 1048576K
}
Event: 33.600 GC heap before
{Heap before GC invocations=28 (full 0):
 garbage-first heap   total 248832K, used 210262K [0x0000000080000000, 0x0000000100000000)
  region size 1024K, 101 young (103424K), 9 survivors (9216K)
 Metaspace       used 105461K, capacity 108247K, committed 108368K, reserved 1142784K
  class space    used 13393K, capacity 14424K, committed 14540K, reserved 1048576K
}
Event: 33.627 GC heap after
{Heap after GC invocations=29 (full 0):
 garbage-first heap   total 248832K, used 120832K [0x0000000080000000, 0x0000000100000000)
  region size 1024K, 13 young (13312K), 13 survivors (13312K)
 Metaspace       used 105461K, capacity 108247K, committed 108368K, reserved 1142784K
  class space    used 13393K, capacity 14424K, committed 14540K, reserved 1048576K
}
Event: 34.396 GC heap before
{Heap before GC invocations=29 (full 0):
 garbage-first heap   total 248832K, used 151552K [0x0000000080000000, 0x0000000100000000)
  region size 1024K, 42 young (43008K), 13 survivors (13312K)
 Metaspace       used 107638K, capacity 110387K, committed 110428K, reserved 1144832K
  class space    used 13591K, capacity 14645K, committed 14668K, reserved 1048576K
}
Event: 34.450 GC heap after
{Heap after GC invocations=30 (full 0):
 garbage-first heap   total 248832K, used 130048K [0x0000000080000000, 0x0000000100000000)
  region size 1024K, 6 young (6144K), 6 survivors (6144K)
 Metaspace       used 107638K, capacity 110387K, committed 110428K, reserved 1144832K
  class space    used 13591K, capacity 14645K, committed 14668K, reserved 1048576K
}

Deoptimization events (20 events):
Event: 34.041 Thread 0x000001e819dc8800 DEOPT PACKING pc=0x000001e80209370f sp=0x000000aa8e0fb8c0
Event: 34.041 Thread 0x000001e819dc8800 DEOPT UNPACKING pc=0x000001e80004a95e sp=0x000000aa8e0fadc8 mode 0
Event: 34.041 Thread 0x000001e819dc8800 DEOPT PACKING pc=0x000001e80209370f sp=0x000000aa8e0fb8c0
Event: 34.041 Thread 0x000001e819dc8800 DEOPT UNPACKING pc=0x000001e80004a95e sp=0x000000aa8e0fadc8 mode 0
Event: 34.085 Thread 0x000001e819dc8800 Uncommon trap: trap_request=0xffffffde fr.pc=0x000001e807badc70 relative=0x0000000000001050
Event: 34.085 Thread 0x000001e819dc8800 Uncommon trap: reason=class_check action=maybe_recompile pc=0x000001e807badc70 method=java.util.zip.InflaterInputStream.read([BII)I @ 100 c2
Event: 34.085 Thread 0x000001e819dc8800 DEOPT PACKING pc=0x000001e807badc70 sp=0x000000aa8e0fc110
Event: 34.085 Thread 0x000001e819dc8800 DEOPT UNPACKING pc=0x000001e80004a1af sp=0x000000aa8e0fc150 mode 2
Event: 34.543 Thread 0x000001e819dc8800 Uncommon trap: trap_request=0xffffff4d fr.pc=0x000001e807f38574 relative=0x0000000000000354
Event: 34.543 Thread 0x000001e819dc8800 Uncommon trap: reason=unstable_if action=reinterpret pc=0x000001e807f38574 method=java.util.HashMap$HashIterator.<init>(Ljava/util/HashMap;)V @ 45 c2
Event: 34.543 Thread 0x000001e819dc8800 DEOPT PACKING pc=0x000001e807f38574 sp=0x000000aa8e0fc5b0
Event: 34.543 Thread 0x000001e819dc8800 DEOPT UNPACKING pc=0x000001e80004a1af sp=0x000000aa8e0fc568 mode 2
Event: 34.786 Thread 0x000001e81383f000 Uncommon trap: trap_request=0xffffffd6 fr.pc=0x000001e8082c2aac relative=0x0000000000001aec
Event: 34.786 Thread 0x000001e81383f000 Uncommon trap: reason=array_check action=maybe_recompile pc=0x000001e8082c2aac method=java.util.ComparableTimSort.reverseRange([Ljava/lang/Object;II)V @ 27 c2
Event: 34.786 Thread 0x000001e81383f000 DEOPT PACKING pc=0x000001e8082c2aac sp=0x000000aa894fe4b0
Event: 34.786 Thread 0x000001e81383f000 DEOPT UNPACKING pc=0x000001e80004a1af sp=0x000000aa894fe368 mode 2
Event: 34.786 Thread 0x000001e81383f000 Uncommon trap: trap_request=0xffffffd6 fr.pc=0x000001e8082c2aac relative=0x0000000000001aec
Event: 34.786 Thread 0x000001e81383f000 Uncommon trap: reason=array_check action=maybe_recompile pc=0x000001e8082c2aac method=java.util.ComparableTimSort.reverseRange([Ljava/lang/Object;II)V @ 27 c2
Event: 34.786 Thread 0x000001e81383f000 DEOPT PACKING pc=0x000001e8082c2aac sp=0x000000aa894fe4b0
Event: 34.786 Thread 0x000001e81383f000 DEOPT UNPACKING pc=0x000001e80004a1af sp=0x000000aa894fe368 mode 2

Classes redefined (0 events):
No events

Internal exceptions (20 events):
Event: 34.145 Thread 0x000001e819dc8800 Exception <a 'sun/nio/fs/WindowsException'{0x000000008de501a8}> (0x000000008de501a8) thrown at [./src/hotspot/share/prims/jni.cpp, line 616]
Event: 34.145 Thread 0x000001e819dc8800 Exception <a 'sun/nio/fs/WindowsException'{0x000000008de50228}> (0x000000008de50228) thrown at [./src/hotspot/share/prims/jni.cpp, line 616]
Event: 34.146 Thread 0x000001e819dc8800 Exception <a 'sun/nio/fs/WindowsException'{0x000000008de54330}> (0x000000008de54330) thrown at [./src/hotspot/share/prims/jni.cpp, line 616]
Event: 34.147 Thread 0x000001e819dc8800 Exception <a 'sun/nio/fs/WindowsException'{0x000000008de543b0}> (0x000000008de543b0) thrown at [./src/hotspot/share/prims/jni.cpp, line 616]
Event: 34.147 Thread 0x000001e819dc8800 Exception <a 'sun/nio/fs/WindowsException'{0x000000008de55818}> (0x000000008de55818) thrown at [./src/hotspot/share/prims/jni.cpp, line 616]
Event: 34.147 Thread 0x000001e819dc8800 Exception <a 'sun/nio/fs/WindowsException'{0x000000008de55898}> (0x000000008de55898) thrown at [./src/hotspot/share/prims/jni.cpp, line 616]
Event: 34.147 Thread 0x000001e819dc8800 Exception <a 'sun/nio/fs/WindowsException'{0x000000008de56cc8}> (0x000000008de56cc8) thrown at [./src/hotspot/share/prims/jni.cpp, line 616]
Event: 34.147 Thread 0x000001e819dc8800 Exception <a 'sun/nio/fs/WindowsException'{0x000000008de56d48}> (0x000000008de56d48) thrown at [./src/hotspot/share/prims/jni.cpp, line 616]
Event: 34.148 Thread 0x000001e819dc8800 Exception <a 'sun/nio/fs/WindowsException'{0x000000008de5c740}> (0x000000008de5c740) thrown at [./src/hotspot/share/prims/jni.cpp, line 616]
Event: 34.149 Thread 0x000001e819dc8800 Exception <a 'sun/nio/fs/WindowsException'{0x000000008de5c7c0}> (0x000000008de5c7c0) thrown at [./src/hotspot/share/prims/jni.cpp, line 616]
Event: 34.149 Thread 0x000001e819dc8800 Exception <a 'sun/nio/fs/WindowsException'{0x000000008de5dc90}> (0x000000008de5dc90) thrown at [./src/hotspot/share/prims/jni.cpp, line 616]
Event: 34.149 Thread 0x000001e819dc8800 Exception <a 'sun/nio/fs/WindowsException'{0x000000008de5dd10}> (0x000000008de5dd10) thrown at [./src/hotspot/share/prims/jni.cpp, line 616]
Event: 34.149 Thread 0x000001e819dc8800 Exception <a 'sun/nio/fs/WindowsException'{0x000000008de5f1a8}> (0x000000008de5f1a8) thrown at [./src/hotspot/share/prims/jni.cpp, line 616]
Event: 34.149 Thread 0x000001e819dc8800 Exception <a 'sun/nio/fs/WindowsException'{0x000000008de5f228}> (0x000000008de5f228) thrown at [./src/hotspot/share/prims/jni.cpp, line 616]
Event: 34.160 Thread 0x000001e819dc8800 Exception <a 'sun/nio/fs/WindowsException'{0x000000008de890f8}> (0x000000008de890f8) thrown at [./src/hotspot/share/prims/jni.cpp, line 616]
Event: 34.160 Thread 0x000001e819dc8800 Exception <a 'sun/nio/fs/WindowsException'{0x000000008de89178}> (0x000000008de89178) thrown at [./src/hotspot/share/prims/jni.cpp, line 616]
Event: 34.161 Thread 0x000001e819dc8800 Exception <a 'sun/nio/fs/WindowsException'{0x000000008de8a618}> (0x000000008de8a618) thrown at [./src/hotspot/share/prims/jni.cpp, line 616]
Event: 34.161 Thread 0x000001e819dc8800 Exception <a 'sun/nio/fs/WindowsException'{0x000000008de8a698}> (0x000000008de8a698) thrown at [./src/hotspot/share/prims/jni.cpp, line 616]
Event: 34.161 Thread 0x000001e819dc8800 Exception <a 'sun/nio/fs/WindowsException'{0x000000008de8baf8}> (0x000000008de8baf8) thrown at [./src/hotspot/share/prims/jni.cpp, line 616]
Event: 34.161 Thread 0x000001e819dc8800 Exception <a 'sun/nio/fs/WindowsException'{0x000000008de8bb78}> (0x000000008de8bb78) thrown at [./src/hotspot/share/prims/jni.cpp, line 616]

Events (20 events):
Event: 34.530 loading class kotlin/reflect/jvm/internal/impl/builtins/CompanionObjectMapping
Event: 34.530 loading class kotlin/reflect/jvm/internal/impl/builtins/CompanionObjectMapping done
Event: 34.531 loading class kotlin/reflect/jvm/internal/impl/name/SpecialNames
Event: 34.531 loading class kotlin/reflect/jvm/internal/impl/name/SpecialNames done
Event: 34.541 Executing VM operation: CollectForMetadataAllocation
Event: 34.541 Executing VM operation: CollectForMetadataAllocation done
Event: 34.541 loading class com/sun/tools/javac/code/Symtab
Event: 34.541 loading class com/sun/tools/javac/code/Symtab done
Event: 34.735 loading class org/jetbrains/kotlin/kapt3/base/incremental/IncrementalAptCache$WhenMappings
Event: 34.735 loading class org/jetbrains/kotlin/kapt3/base/incremental/IncrementalAptCache$WhenMappings done
Event: 34.755 loading class java/util/EnumMap$Values
Event: 34.755 loading class java/util/EnumMap$Values done
Event: 34.755 loading class java/util/EnumMap$ValueIterator
Event: 34.755 loading class java/util/EnumMap$ValueIterator done
Event: 34.755 loading class com/sun/tools/javac/util/ListBuffer
Event: 34.755 loading class com/sun/tools/javac/util/ListBuffer done
Event: 34.756 loading class com/sun/tools/javac/util/ListBuffer
Event: 34.756 loading class com/sun/tools/javac/util/ListBuffer done
Event: 34.756 Executing VM operation: RevokeBias
Event: 34.757 Executing VM operation: RevokeBias done


Dynamic libraries:
0x00007ff6aa950000 - 0x00007ff6aa95a000 	C:\Program Files\Android\Android Studio\jre\bin\java.exe
0x00007ffed8da0000 - 0x00007ffed8f80000 	C:\Windows\SYSTEM32\ntdll.dll
0x00007ffed8730000 - 0x00007ffed87de000 	C:\Windows\System32\KERNEL32.DLL
0x00007ffed5700000 - 0x00007ffed5966000 	C:\Windows\System32\KERNELBASE.dll
0x00007ffed51f0000 - 0x00007ffed52e4000 	C:\Windows\System32\ucrtbase.dll
0x00007ffecff80000 - 0x00007ffecff97000 	C:\Program Files\Android\Android Studio\jre\bin\VCRUNTIME140.dll
0x00007ffeb68b0000 - 0x00007ffeb68c9000 	C:\Program Files\Android\Android Studio\jre\bin\jli.dll
0x00007ffed68e0000 - 0x00007ffed6a6f000 	C:\Windows\System32\USER32.dll
0x00007ffec4cc0000 - 0x00007ffec4f29000 	C:\Windows\WinSxS\amd64_microsoft.windows.common-controls_6595b64144ccf1df_6.0.16299.1087_none_0f9074b65a6589b7\COMCTL32.dll
0x00007ffed5540000 - 0x00007ffed5560000 	C:\Windows\System32\win32u.dll
0x00007ffed6840000 - 0x00007ffed68dd000 	C:\Windows\System32\msvcrt.dll
0x00007ffed6810000 - 0x00007ffed6838000 	C:\Windows\System32\GDI32.dll
0x00007ffed5560000 - 0x00007ffed56f3000 	C:\Windows\System32\gdi32full.dll
0x00007ffed6e30000 - 0x00007ffed7136000 	C:\Windows\System32\combase.dll
0x00007ffed59d0000 - 0x00007ffed5a6b000 	C:\Windows\System32\msvcp_win.dll
0x00007ffed87e0000 - 0x00007ffed88ff000 	C:\Windows\System32\RPCRT4.dll
0x00007ffed54c0000 - 0x00007ffed5532000 	C:\Windows\System32\bcryptPrimitives.dll
0x00007ffed8900000 - 0x00007ffed892d000 	C:\Windows\System32\IMM32.DLL
0x00007ffec3320000 - 0x00007ffec33bd000 	C:\Program Files\Android\Android Studio\jre\bin\msvcp140.dll
0x00007ffeb52c0000 - 0x00007ffeb5dc2000 	C:\Program Files\Android\Android Studio\jre\bin\server\jvm.dll
0x00007ffed7140000 - 0x00007ffed71e1000 	C:\Windows\System32\ADVAPI32.dll
0x00007ffed6ce0000 - 0x00007ffed6d3b000 	C:\Windows\System32\sechost.dll
0x00007ffed8930000 - 0x00007ffed8938000 	C:\Windows\System32\PSAPI.DLL
0x00007ffed0ff0000 - 0x00007ffed0ff9000 	C:\Windows\SYSTEM32\WSOCK32.dll
0x00007ffed33a0000 - 0x00007ffed33c3000 	C:\Windows\SYSTEM32\WINMM.dll
0x00007ffed7200000 - 0x00007ffed726c000 	C:\Windows\System32\WS2_32.dll
0x00007ffecbb30000 - 0x00007ffecbb3a000 	C:\Windows\SYSTEM32\VERSION.dll
0x00007ffed3340000 - 0x00007ffed336a000 	C:\Windows\SYSTEM32\winmmbase.dll
0x00007ffed51a0000 - 0x00007ffed51ea000 	C:\Windows\System32\cfgmgr32.dll
0x00007ffed50f0000 - 0x00007ffed5101000 	C:\Windows\System32\kernel.appcore.dll
0x00007ffecff60000 - 0x00007ffecff71000 	C:\Program Files\Android\Android Studio\jre\bin\verify.dll
0x00007ffec9a30000 - 0x00007ffec9bf8000 	C:\Windows\SYSTEM32\DBGHELP.DLL
0x00007ffecb1f0000 - 0x00007ffecb219000 	C:\Windows\SYSTEM32\dbgcore.DLL
0x00007ffecff30000 - 0x00007ffecff59000 	C:\Program Files\Android\Android Studio\jre\bin\java.dll
0x00007ffed0fa0000 - 0x00007ffed0fab000 	C:\Program Files\Android\Android Studio\jre\bin\jimage.dll
0x00007ffecff10000 - 0x00007ffecff28000 	C:\Program Files\Android\Android Studio\jre\bin\zip.dll
0x00007ffed72f0000 - 0x00007ffed8728000 	C:\Windows\System32\SHELL32.dll
0x00007ffed8ac0000 - 0x00007ffed8b66000 	C:\Windows\System32\shcore.dll
0x00007ffed5a70000 - 0x00007ffed61b7000 	C:\Windows\System32\windows.storage.dll
0x00007ffed8d10000 - 0x00007ffed8d61000 	C:\Windows\System32\shlwapi.dll
0x00007ffed5150000 - 0x00007ffed519c000 	C:\Windows\System32\powrprof.dll
0x00007ffed5110000 - 0x00007ffed512b000 	C:\Windows\System32\profapi.dll
0x00007ffecfef0000 - 0x00007ffecff0a000 	C:\Program Files\Android\Android Studio\jre\bin\net.dll
0x00007ffece480000 - 0x00007ffece55e000 	C:\Windows\SYSTEM32\WINHTTP.dll
0x00007ffed4970000 - 0x00007ffed49d6000 	C:\Windows\system32\mswsock.dll
0x00007ffecfed0000 - 0x00007ffecfee4000 	C:\Program Files\Android\Android Studio\jre\bin\nio.dll
0x00007ffec2c20000 - 0x00007ffec2c47000 	C:\Users\Home\.gradle\native\e1d6ef7f7dcc3fd88c89a11ec53ec762bb8ba0a96d01ffa2cd45eb1d1d8dd5c5\windows-amd64\native-platform.dll
0x00007ffeb0640000 - 0x00007ffeb0784000 	C:\Users\Home\.gradle\native\5664cfc778a61ccfe75a443a1ab52a65af34e5dc3c78e0209fed803814484fcb\windows-amd64\native-platform-file-events.dll
0x00007ffecfec0000 - 0x00007ffecfeca000 	C:\Program Files\Android\Android Studio\jre\bin\management.dll
0x00007ffecf6d0000 - 0x00007ffecf6dd000 	C:\Program Files\Android\Android Studio\jre\bin\management_ext.dll
0x00007ffed4b40000 - 0x00007ffed4b57000 	C:\Windows\SYSTEM32\CRYPTSP.dll
0x00007ffed4520000 - 0x00007ffed4553000 	C:\Windows\system32\rsaenh.dll
0x00007ffed4c50000 - 0x00007ffed4c75000 	C:\Windows\SYSTEM32\bcrypt.dll
0x00007ffed5020000 - 0x00007ffed5049000 	C:\Windows\SYSTEM32\USERENV.dll
0x00007ffed4b60000 - 0x00007ffed4b6b000 	C:\Windows\SYSTEM32\CRYPTBASE.dll
0x00007ffed46b0000 - 0x00007ffed46e9000 	C:\Windows\SYSTEM32\IPHLPAPI.DLL
0x00007ffed8940000 - 0x00007ffed8948000 	C:\Windows\System32\NSI.dll
0x00007ffecdc80000 - 0x00007ffecdc96000 	C:\Windows\SYSTEM32\dhcpcsvc6.DLL
0x00007ffece080000 - 0x00007ffece09a000 	C:\Windows\SYSTEM32\dhcpcsvc.DLL
0x00007ffec9450000 - 0x00007ffec9458000 	C:\Program Files\Android\Android Studio\jre\bin\rmi.dll

dbghelp: loaded successfully - version: 4.0.5 - missing functions: none
symbol engine: initialized successfully - sym options: 0x614 - pdb path: .;C:\Program Files\Android\Android Studio\jre\bin;C:\Windows\SYSTEM32;C:\Windows\WinSxS\amd64_microsoft.windows.common-controls_6595b64144ccf1df_6.0.16299.1087_none_0f9074b65a6589b7;C:\Program Files\Android\Android Studio\jre\bin\server;C:\Users\Home\.gradle\native\e1d6ef7f7dcc3fd88c89a11ec53ec762bb8ba0a96d01ffa2cd45eb1d1d8dd5c5\windows-amd64;C:\Users\Home\.gradle\native\5664cfc778a61ccfe75a443a1ab52a65af34e5dc3c78e0209fed803814484fcb\windows-amd64

VM Arguments:
jvm_args: --add-opens=java.base/java.util=ALL-UNNAMED --add-opens=java.base/java.lang=ALL-UNNAMED --add-opens=java.base/java.lang.invoke=ALL-UNNAMED --add-opens=java.base/java.util=ALL-UNNAMED --add-opens=java.prefs/java.util.prefs=ALL-UNNAMED --add-opens=java.prefs/java.util.prefs=ALL-UNNAMED --add-opens=java.base/java.nio.charset=ALL-UNNAMED --add-opens=java.base/java.net=ALL-UNNAMED --add-opens=java.base/java.util.concurrent.atomic=ALL-UNNAMED -Xmx2048m -Dfile.encoding=UTF-8 -Duser.country=RU -Duser.language=ru -Duser.variant 
java_command: org.gradle.launcher.daemon.bootstrap.GradleDaemon 7.3.3
java_class_path (initial): C:\Users\Home\.gradle\wrapper\dists\gradle-7.3.3-bin\6a41zxkdtcxs8rphpq6y0069z\gradle-7.3.3\lib\gradle-launcher-7.3.3.jar
Launcher Type: SUN_STANDARD

[Global flags]
     intx CICompilerCount                          = 3                                         {product} {ergonomic}
     uint ConcGCThreads                            = 1                                         {product} {ergonomic}
     uint G1ConcRefinementThreads                  = 4                                         {product} {ergonomic}
   size_t G1HeapRegionSize                         = 1048576                                   {product} {ergonomic}
    uintx GCDrainStackTargetSize                   = 64                                        {product} {ergonomic}
   size_t InitialHeapSize                          = 100663296                                 {product} {ergonomic}
   size_t MarkStackSize                            = 4194304                                   {product} {ergonomic}
   size_t MaxHeapSize                              = 2147483648                                {product} {command line}
   size_t MaxNewSize                               = 1287651328                                {product} {ergonomic}
   size_t MinHeapDeltaBytes                        = 1048576                                   {product} {ergonomic}
    uintx NonNMethodCodeHeapSize                   = 5830732                                {pd product} {ergonomic}
    uintx NonProfiledCodeHeapSize                  = 122913754                              {pd product} {ergonomic}
    uintx ProfiledCodeHeapSize                     = 122913754                              {pd product} {ergonomic}
    uintx ReservedCodeCacheSize                    = 251658240                              {pd product} {ergonomic}
     bool SegmentedCodeCache                       = true                                      {product} {ergonomic}
     bool UseCompressedClassPointers               = true                                 {lp64_product} {ergonomic}
     bool UseCompressedOops                        = true                                 {lp64_product} {ergonomic}
     bool UseG1GC                                  = true                                      {product} {ergonomic}
     bool UseLargePagesIndividualAllocation        = false                                  {pd product} {ergonomic}

Logging:
Log output configuration:
 #0: stdout all=warning uptime,level,tags
 #1: stderr all=off uptime,level,tags

Environment Variables:
PATH=C:\Windows\system32;C:\Windows;C:\Windows\System32\Wbem;C:\Windows\System32\WindowsPowerShell\v1.0\;C:\Program Files\Git\cmd;C:\Users\Home\AppData\Local\Microsoft\WindowsApps;
USERNAME=Home
OS=Windows_NT
PROCESSOR_IDENTIFIER=Intel64 Family 6 Model 42 Stepping 7, GenuineIntel



---------------  S Y S T E M  ---------------

OS: Windows 10 , 64 bit Build 16299 (10.0.16299.1087)
OS uptime: 0 days 7:00 hours

CPU:total 4 (initial active 4) (2 cores per cpu, 2 threads per core) family 6 model 42 stepping 7 microcode 0x2e, cmov, cx8, fxsr, mmx, sse, sse2, sse3, ssse3, sse4.1, sse4.2, popcnt, avx, aes, clmul, ht, tsc, tscinvbit

Memory: 4k page, system-wide physical 6056M (1813M free)
TotalPageFile size 7016M (AvailPageFile size 2492M)
current process WorkingSet (physical memory assigned to process): 546M, peak: 548M
current process commit charge ("private bytes"): 571M, peak: 573M

vm_info: OpenJDK 64-Bit Server VM (11.0.13+0-b1751.21-8125866) for windows-amd64 JRE (11.0.13+0-b1751.21-8125866), built on Feb  2 2022 03:00:22 by "builder" with MS VC++ 14.0 (VS2015)

END.
